<?xml version="1.0" encoding="UTF-8"?>
<testsuite name="com.paascloud.provider.PaasCloudUacApplicationTests" time="0.011" tests="1" errors="1" skipped="0" failures="0">
  <properties>
    <property name="java.runtime.name" value="Java(TM) SE Runtime Environment"/>
    <property name="sun.boot.library.path" value="C:\workSoftware\Java\jdk1.8.0_73\jre\bin"/>
    <property name="java.vm.version" value="25.73-b02"/>
    <property name="java.vm.vendor" value="Oracle Corporation"/>
    <property name="maven.multiModuleProjectDirectory" value="C:/workproject/study/Immortalbird/paascloud-provider"/>
    <property name="java.vendor.url" value="http://java.oracle.com/"/>
    <property name="path.separator" value=";"/>
    <property name="guice.disable.misplaced.annotation.check" value="true"/>
    <property name="java.vm.name" value="Java HotSpot(TM) 64-Bit Server VM"/>
    <property name="file.encoding.pkg" value="sun.io"/>
    <property name="user.script" value=""/>
    <property name="user.country" value="CN"/>
    <property name="sun.java.launcher" value="SUN_STANDARD"/>
    <property name="sun.os.patch.level" value=""/>
    <property name="java.vm.specification.name" value="Java Virtual Machine Specification"/>
    <property name="user.dir" value="C:\workproject\study\Immortalbird\paascloud-provider"/>
    <property name="java.runtime.version" value="1.8.0_73-b02"/>
    <property name="java.awt.graphicsenv" value="sun.awt.Win32GraphicsEnvironment"/>
    <property name="java.endorsed.dirs" value="C:\workSoftware\Java\jdk1.8.0_73\jre\lib\endorsed"/>
    <property name="os.arch" value="amd64"/>
    <property name="java.io.tmpdir" value="C:\Users\18771\AppData\Local\Temp\"/>
    <property name="line.separator" value="&#10;"/>
    <property name="java.vm.specification.vendor" value="Oracle Corporation"/>
    <property name="user.variant" value=""/>
    <property name="os.name" value="Windows 10"/>
    <property name="classworlds.conf" value="C:/workSoftware/maven/apache-maven-3.2.5/bin/m2.conf"/>
    <property name="sun.jnu.encoding" value="GBK"/>
    <property name="java.library.path" value="C:\workSoftware\Java\jdk1.8.0_73\bin;C:\WINDOWS\Sun\Java\bin;C:\WINDOWS\system32;C:\WINDOWS;C:\Users\18771\bin;C:\Program Files\Git\mingw64\bin;C:\Program Files\Git\usr\local\bin;C:\Program Files\Git\usr\bin;C:\Program Files\Git\usr\bin;C:\Program Files\Git\mingw64\bin;C:\Program Files\Git\usr\bin;C:\Users\18771\bin;C:\workSoftware\Anaconda3-5;C:\workSoftware\Anaconda3-5\Library\mingw-w64\bin;C:\workSoftware\Anaconda3-5\Library\usr\bin;C:\workSoftware\Anaconda3-5\Library\bin;C:\workSoftware\Anaconda3-5\Scripts;%PYTHON_HOME%;C:\ProgramData\Oracle\Java\javapath;C:\workSoftware\gradle\gradle-4.4\bin;C:\workSoftware\mysql\mysql-5.7.17-winx64\bin;C:\workSoftware\maven\apache-maven-3.2.5\bin;%CATALINA_HOME%\bin;C:\workSoftware\Java\jdk1.8.0_73\bin;C:\workSoftware\Java\jdk1.8.0_73\jre\bin;C:\WINDOWS\system32;C:\WINDOWS;C:\WINDOWS\System32\Wbem;C:\WINDOWS\System32\WindowsPowerShell\v1.0;C:\Program Files\Git\cmd;C:\Program Files\Git\mingw64\bin;C:\Program Files\Git\usr\bin;%CATALINA_HOME%\lib;C:\workSoftware\ant\apache-ant-1.10.5\bin;C:\WINDOWS\System32\OpenSSH;C:\Program Files\Pandoc;C:\Program Files\MIT\Kerberos\bin;C:\workSoftware\apache-groovy\groovy-2.5.5\bin;C:\workSoftware\grails\grails-3.3.9\bin;C:\Ruby22-x64\bin;C:\Users\18771\AppData\Local\Microsoft\WindowsApps;C:\workSoftware\docker\Docker Toolbox;C:\Program Files\Git\usr\bin\vendor_perl;C:\Program Files\Git\usr\bin\core_perl;."/>
    <property name="maven.conf" value="C:/workSoftware/maven/apache-maven-3.2.5/conf"/>
    <property name="java.specification.name" value="Java Platform API Specification"/>
    <property name="java.class.version" value="52.0"/>
    <property name="sun.management.compiler" value="HotSpot 64-Bit Tiered Compilers"/>
    <property name="os.version" value="10.0"/>
    <property name="library.jansi.path" value="C:/workSoftware/maven/apache-maven-3.2.5/lib/jansi-native"/>
    <property name="user.home" value="C:\Users\18771"/>
    <property name="user.timezone" value="Asia/Shanghai"/>
    <property name="java.awt.printerjob" value="sun.awt.windows.WPrinterJob"/>
    <property name="java.specification.version" value="1.8"/>
    <property name="file.encoding" value="GBK"/>
    <property name="user.name" value="18771"/>
    <property name="java.class.path" value="C:/workSoftware/maven/apache-maven-3.2.5/boot/plexus-classworlds-2.5.2.jar"/>
    <property name="java.vm.specification.version" value="1.8"/>
    <property name="sun.arch.data.model" value="64"/>
    <property name="java.home" value="C:\workSoftware\Java\jdk1.8.0_73\jre"/>
    <property name="sun.java.command" value="org.codehaus.plexus.classworlds.launcher.Launcher clean install -Daven.test.skip=true"/>
    <property name="java.specification.vendor" value="Oracle Corporation"/>
    <property name="user.language" value="zh"/>
    <property name="aven.test.skip" value="true"/>
    <property name="awt.toolkit" value="sun.awt.windows.WToolkit"/>
    <property name="java.vm.info" value="mixed mode"/>
    <property name="java.version" value="1.8.0_73"/>
    <property name="java.ext.dirs" value="C:\workSoftware\Java\jdk1.8.0_73\jre\lib\ext;C:\WINDOWS\Sun\Java\lib\ext"/>
    <property name="sun.boot.class.path" value="C:\workSoftware\Java\jdk1.8.0_73\jre\lib\resources.jar;C:\workSoftware\Java\jdk1.8.0_73\jre\lib\rt.jar;C:\workSoftware\Java\jdk1.8.0_73\jre\lib\sunrsasign.jar;C:\workSoftware\Java\jdk1.8.0_73\jre\lib\jsse.jar;C:\workSoftware\Java\jdk1.8.0_73\jre\lib\jce.jar;C:\workSoftware\Java\jdk1.8.0_73\jre\lib\charsets.jar;C:\workSoftware\Java\jdk1.8.0_73\jre\lib\jfr.jar;C:\workSoftware\Java\jdk1.8.0_73\jre\classes"/>
    <property name="sun.stderr.encoding" value="ms936"/>
    <property name="java.vendor" value="Oracle Corporation"/>
    <property name="maven.home" value="C:\workSoftware\maven\apache-maven-3.2.5"/>
    <property name="file.separator" value="\"/>
    <property name="java.vendor.url.bug" value="http://bugreport.sun.com/bugreport/"/>
    <property name="sun.cpu.endian" value="little"/>
    <property name="sun.io.unicode.encoding" value="UnicodeLittle"/>
    <property name="sun.stdout.encoding" value="ms936"/>
    <property name="sun.desktop" value="windows"/>
    <property name="sun.cpu.isalist" value="amd64"/>
  </properties>
  <testcase name="contextLoads" classname="com.paascloud.provider.PaasCloudUacApplicationTests" time="0.011">
    <error message="Failed to load ApplicationContext" type="java.lang.IllegalStateException"><![CDATA[java.lang.IllegalStateException: Failed to load ApplicationContext
	at org.springframework.test.context.cache.DefaultCacheAwareContextLoaderDelegate.loadContext(DefaultCacheAwareContextLoaderDelegate.java:124)
	at org.springframework.test.context.support.DefaultTestContext.getApplicationContext(DefaultTestContext.java:83)
	at org.springframework.test.context.web.ServletTestExecutionListener.setUpRequestContextIfNecessary(ServletTestExecutionListener.java:189)
	at org.springframework.test.context.web.ServletTestExecutionListener.prepareTestInstance(ServletTestExecutionListener.java:131)
	at org.springframework.test.context.TestContextManager.prepareTestInstance(TestContextManager.java:230)
	at org.springframework.test.context.junit4.SpringJUnit4ClassRunner.createTest(SpringJUnit4ClassRunner.java:228)
	at org.springframework.test.context.junit4.SpringJUnit4ClassRunner$1.runReflectiveCall(SpringJUnit4ClassRunner.java:287)
	at org.junit.internal.runners.model.ReflectiveCallable.run(ReflectiveCallable.java:12)
	at org.springframework.test.context.junit4.SpringJUnit4ClassRunner.methodBlock(SpringJUnit4ClassRunner.java:289)
	at org.springframework.test.context.junit4.SpringJUnit4ClassRunner.runChild(SpringJUnit4ClassRunner.java:247)
	at org.springframework.test.context.junit4.SpringJUnit4ClassRunner.runChild(SpringJUnit4ClassRunner.java:94)
	at org.junit.runners.ParentRunner$3.run(ParentRunner.java:290)
	at org.junit.runners.ParentRunner$1.schedule(ParentRunner.java:71)
	at org.junit.runners.ParentRunner.runChildren(ParentRunner.java:288)
	at org.junit.runners.ParentRunner.access$000(ParentRunner.java:58)
	at org.junit.runners.ParentRunner$2.evaluate(ParentRunner.java:268)
	at org.springframework.test.context.junit4.statements.RunBeforeTestClassCallbacks.evaluate(RunBeforeTestClassCallbacks.java:61)
	at org.springframework.test.context.junit4.statements.RunAfterTestClassCallbacks.evaluate(RunAfterTestClassCallbacks.java:70)
	at org.junit.runners.ParentRunner.run(ParentRunner.java:363)
	at org.springframework.test.context.junit4.SpringJUnit4ClassRunner.run(SpringJUnit4ClassRunner.java:191)
	at org.apache.maven.surefire.junit4.JUnit4Provider.execute(JUnit4Provider.java:283)
	at org.apache.maven.surefire.junit4.JUnit4Provider.executeWithRerun(JUnit4Provider.java:173)
	at org.apache.maven.surefire.junit4.JUnit4Provider.executeTestSet(JUnit4Provider.java:153)
	at org.apache.maven.surefire.junit4.JUnit4Provider.invoke(JUnit4Provider.java:128)
	at org.apache.maven.surefire.booter.ForkedBooter.invokeProviderInSameClassLoader(ForkedBooter.java:203)
	at org.apache.maven.surefire.booter.ForkedBooter.runSuitesInProcess(ForkedBooter.java:155)
	at org.apache.maven.surefire.booter.ForkedBooter.main(ForkedBooter.java:103)
Caused by: org.springframework.beans.factory.UnsatisfiedDependencyException: Error creating bean with name 'documentationPluginsBootstrapper' defined in URL [jar:file:/D:/maven/mavenWareHouseNew/io/springfox/springfox-spring-web/2.6.1/springfox-spring-web-2.6.1.jar!/springfox/documentation/spring/web/plugins/DocumentationPluginsBootstrapper.class]: Unsatisfied dependency expressed through constructor parameter 1; nested exception is org.springframework.beans.factory.UnsatisfiedDependencyException: Error creating bean with name 'webMvcRequestHandlerProvider' defined in URL [jar:file:/D:/maven/mavenWareHouseNew/io/springfox/springfox-spring-web/2.6.1/springfox-spring-web-2.6.1.jar!/springfox/documentation/spring/web/plugins/WebMvcRequestHandlerProvider.class]: Unsatisfied dependency expressed through constructor parameter 0; nested exception is org.springframework.beans.factory.BeanCreationException: Error creating bean with name 'endpointHandlerMapping' defined in class path resource [org/springframework/boot/actuate/autoconfigure/EndpointWebMvcManagementContextConfiguration.class]: Bean instantiation via factory method failed; nested exception is org.springframework.beans.BeanInstantiationException: Failed to instantiate [org.springframework.boot.actuate.endpoint.mvc.EndpointHandlerMapping]: Factory method 'endpointHandlerMapping' threw exception; nested exception is org.springframework.beans.factory.BeanCreationException: Error creating bean with name 'mvcEndpoints' defined in class path resource [org/springframework/boot/actuate/autoconfigure/EndpointWebMvcManagementContextConfiguration.class]: Invocation of init method failed; nested exception is org.springframework.beans.factory.UnsatisfiedDependencyException: Error creating bean with name 'liquibaseEndpoint' defined in class path resource [org/springframework/boot/actuate/autoconfigure/EndpointAutoConfiguration$LiquibaseEndpointConfiguration.class]: Unsatisfied dependency expressed through method 'liquibaseEndpoint' parameter 0; nested exception is org.springframework.beans.factory.BeanCreationException: Error creating bean with name 'springLiquibase' defined in com.paascloud.PaasCloudUacApplication: Invocation of init method failed; nested exception is liquibase.exception.DatabaseException: com.mysql.jdbc.exceptions.jdbc4.CommunicationsException: Communications link failure

The last packet sent successfully to the server was 0 milliseconds ago. The driver has not received any packets from the server.
	at org.springframework.beans.factory.support.ConstructorResolver.createArgumentArray(ConstructorResolver.java:749)
	at org.springframework.beans.factory.support.ConstructorResolver.autowireConstructor(ConstructorResolver.java:189)
	at org.springframework.beans.factory.support.AbstractAutowireCapableBeanFactory.autowireConstructor(AbstractAutowireCapableBeanFactory.java:1201)
	at org.springframework.beans.factory.support.AbstractAutowireCapableBeanFactory.createBeanInstance(AbstractAutowireCapableBeanFactory.java:1103)
	at org.springframework.beans.factory.support.AbstractAutowireCapableBeanFactory.doCreateBean(AbstractAutowireCapableBeanFactory.java:513)
	at org.springframework.beans.factory.support.AbstractAutowireCapableBeanFactory.createBean(AbstractAutowireCapableBeanFactory.java:483)
	at org.springframework.beans.factory.support.AbstractBeanFactory$1.getObject(AbstractBeanFactory.java:312)
	at org.springframework.beans.factory.support.DefaultSingletonBeanRegistry.getSingleton(DefaultSingletonBeanRegistry.java:230)
	at org.springframework.beans.factory.support.AbstractBeanFactory.doGetBean(AbstractBeanFactory.java:308)
	at org.springframework.beans.factory.support.AbstractBeanFactory.getBean(AbstractBeanFactory.java:197)
	at org.springframework.beans.factory.support.DefaultListableBeanFactory.preInstantiateSingletons(DefaultListableBeanFactory.java:761)
	at org.springframework.context.support.AbstractApplicationContext.finishBeanFactoryInitialization(AbstractApplicationContext.java:866)
	at org.springframework.context.support.AbstractApplicationContext.refresh(AbstractApplicationContext.java:542)
	at org.springframework.boot.SpringApplication.refresh(SpringApplication.java:693)
	at org.springframework.boot.SpringApplication.refreshContext(SpringApplication.java:360)
	at org.springframework.boot.SpringApplication.run(SpringApplication.java:303)
	at org.springframework.boot.test.context.SpringBootContextLoader.loadContext(SpringBootContextLoader.java:121)
	at org.springframework.test.context.cache.DefaultCacheAwareContextLoaderDelegate.loadContextInternal(DefaultCacheAwareContextLoaderDelegate.java:98)
	at org.springframework.test.context.cache.DefaultCacheAwareContextLoaderDelegate.loadContext(DefaultCacheAwareContextLoaderDelegate.java:116)
	at org.springframework.test.context.support.DefaultTestContext.getApplicationContext(DefaultTestContext.java:83)
	at org.springframework.test.context.web.ServletTestExecutionListener.setUpRequestContextIfNecessary(ServletTestExecutionListener.java:189)
	at org.springframework.test.context.web.ServletTestExecutionListener.prepareTestInstance(ServletTestExecutionListener.java:131)
	at org.springframework.test.context.TestContextManager.prepareTestInstance(TestContextManager.java:230)
	at org.springframework.test.context.junit4.SpringJUnit4ClassRunner.createTest(SpringJUnit4ClassRunner.java:228)
	at org.springframework.test.context.junit4.SpringJUnit4ClassRunner$1.runReflectiveCall(SpringJUnit4ClassRunner.java:287)
	at org.junit.internal.runners.model.ReflectiveCallable.run(ReflectiveCallable.java:12)
	at org.springframework.test.context.junit4.SpringJUnit4ClassRunner.methodBlock(SpringJUnit4ClassRunner.java:289)
	at org.springframework.test.context.junit4.SpringJUnit4ClassRunner.runChild(SpringJUnit4ClassRunner.java:247)
	at org.springframework.test.context.junit4.SpringJUnit4ClassRunner.runChild(SpringJUnit4ClassRunner.java:94)
	at org.junit.runners.ParentRunner$3.run(ParentRunner.java:290)
	at org.junit.runners.ParentRunner$1.schedule(ParentRunner.java:71)
	at org.junit.runners.ParentRunner.runChildren(ParentRunner.java:288)
	at org.junit.runners.ParentRunner.access$000(ParentRunner.java:58)
	at org.junit.runners.ParentRunner$2.evaluate(ParentRunner.java:268)
	at org.springframework.test.context.junit4.statements.RunBeforeTestClassCallbacks.evaluate(RunBeforeTestClassCallbacks.java:61)
	at org.springframework.test.context.junit4.statements.RunAfterTestClassCallbacks.evaluate(RunAfterTestClassCallbacks.java:70)
	at org.junit.runners.ParentRunner.run(ParentRunner.java:363)
	at org.springframework.test.context.junit4.SpringJUnit4ClassRunner.run(SpringJUnit4ClassRunner.java:191)
	at org.apache.maven.surefire.junit4.JUnit4Provider.execute(JUnit4Provider.java:283)
	at org.apache.maven.surefire.junit4.JUnit4Provider.executeWithRerun(JUnit4Provider.java:173)
	at org.apache.maven.surefire.junit4.JUnit4Provider.executeTestSet(JUnit4Provider.java:153)
	at org.apache.maven.surefire.junit4.JUnit4Provider.invoke(JUnit4Provider.java:128)
	at org.apache.maven.surefire.booter.ForkedBooter.invokeProviderInSameClassLoader(ForkedBooter.java:203)
	at org.apache.maven.surefire.booter.ForkedBooter.runSuitesInProcess(ForkedBooter.java:155)
	at org.apache.maven.surefire.booter.ForkedBooter.main(ForkedBooter.java:103)
Caused by: org.springframework.beans.factory.UnsatisfiedDependencyException: Error creating bean with name 'webMvcRequestHandlerProvider' defined in URL [jar:file:/D:/maven/mavenWareHouseNew/io/springfox/springfox-spring-web/2.6.1/springfox-spring-web-2.6.1.jar!/springfox/documentation/spring/web/plugins/WebMvcRequestHandlerProvider.class]: Unsatisfied dependency expressed through constructor parameter 0; nested exception is org.springframework.beans.factory.BeanCreationException: Error creating bean with name 'endpointHandlerMapping' defined in class path resource [org/springframework/boot/actuate/autoconfigure/EndpointWebMvcManagementContextConfiguration.class]: Bean instantiation via factory method failed; nested exception is org.springframework.beans.BeanInstantiationException: Failed to instantiate [org.springframework.boot.actuate.endpoint.mvc.EndpointHandlerMapping]: Factory method 'endpointHandlerMapping' threw exception; nested exception is org.springframework.beans.factory.BeanCreationException: Error creating bean with name 'mvcEndpoints' defined in class path resource [org/springframework/boot/actuate/autoconfigure/EndpointWebMvcManagementContextConfiguration.class]: Invocation of init method failed; nested exception is org.springframework.beans.factory.UnsatisfiedDependencyException: Error creating bean with name 'liquibaseEndpoint' defined in class path resource [org/springframework/boot/actuate/autoconfigure/EndpointAutoConfiguration$LiquibaseEndpointConfiguration.class]: Unsatisfied dependency expressed through method 'liquibaseEndpoint' parameter 0; nested exception is org.springframework.beans.factory.BeanCreationException: Error creating bean with name 'springLiquibase' defined in com.paascloud.PaasCloudUacApplication: Invocation of init method failed; nested exception is liquibase.exception.DatabaseException: com.mysql.jdbc.exceptions.jdbc4.CommunicationsException: Communications link failure

The last packet sent successfully to the server was 0 milliseconds ago. The driver has not received any packets from the server.
	at org.springframework.beans.factory.support.ConstructorResolver.createArgumentArray(ConstructorResolver.java:749)
	at org.springframework.beans.factory.support.ConstructorResolver.autowireConstructor(ConstructorResolver.java:189)
	at org.springframework.beans.factory.support.AbstractAutowireCapableBeanFactory.autowireConstructor(AbstractAutowireCapableBeanFactory.java:1201)
	at org.springframework.beans.factory.support.AbstractAutowireCapableBeanFactory.createBeanInstance(AbstractAutowireCapableBeanFactory.java:1103)
	at org.springframework.beans.factory.support.AbstractAutowireCapableBeanFactory.doCreateBean(AbstractAutowireCapableBeanFactory.java:513)
	at org.springframework.beans.factory.support.AbstractAutowireCapableBeanFactory.createBean(AbstractAutowireCapableBeanFactory.java:483)
	at org.springframework.beans.factory.support.AbstractBeanFactory$1.getObject(AbstractBeanFactory.java:312)
	at org.springframework.beans.factory.support.DefaultSingletonBeanRegistry.getSingleton(DefaultSingletonBeanRegistry.java:230)
	at org.springframework.beans.factory.support.AbstractBeanFactory.doGetBean(AbstractBeanFactory.java:308)
	at org.springframework.beans.factory.support.AbstractBeanFactory.getBean(AbstractBeanFactory.java:202)
	at org.springframework.beans.factory.config.DependencyDescriptor.resolveCandidate(DependencyDescriptor.java:208)
	at org.springframework.beans.factory.support.DefaultListableBeanFactory.addCandidateEntry(DefaultListableBeanFactory.java:1316)
	at org.springframework.beans.factory.support.DefaultListableBeanFactory.findAutowireCandidates(DefaultListableBeanFactory.java:1282)
	at org.springframework.beans.factory.support.DefaultListableBeanFactory.resolveMultipleBeans(DefaultListableBeanFactory.java:1180)
	at org.springframework.beans.factory.support.DefaultListableBeanFactory.doResolveDependency(DefaultListableBeanFactory.java:1096)
	at org.springframework.beans.factory.support.DefaultListableBeanFactory.resolveDependency(DefaultListableBeanFactory.java:1066)
	at org.springframework.beans.factory.support.ConstructorResolver.resolveAutowiredArgument(ConstructorResolver.java:835)
	at org.springframework.beans.factory.support.ConstructorResolver.createArgumentArray(ConstructorResolver.java:741)
	at org.springframework.beans.factory.support.ConstructorResolver.autowireConstructor(ConstructorResolver.java:189)
	at org.springframework.beans.factory.support.AbstractAutowireCapableBeanFactory.autowireConstructor(AbstractAutowireCapableBeanFactory.java:1201)
	at org.springframework.beans.factory.support.AbstractAutowireCapableBeanFactory.createBeanInstance(AbstractAutowireCapableBeanFactory.java:1103)
	at org.springframework.beans.factory.support.AbstractAutowireCapableBeanFactory.doCreateBean(AbstractAutowireCapableBeanFactory.java:513)
	at org.springframework.beans.factory.support.AbstractAutowireCapableBeanFactory.createBean(AbstractAutowireCapableBeanFactory.java:483)
	at org.springframework.beans.factory.support.AbstractBeanFactory$1.getObject(AbstractBeanFactory.java:312)
	at org.springframework.beans.factory.support.DefaultSingletonBeanRegistry.getSingleton(DefaultSingletonBeanRegistry.java:230)
	at org.springframework.beans.factory.support.AbstractBeanFactory.doGetBean(AbstractBeanFactory.java:308)
	at org.springframework.beans.factory.support.AbstractBeanFactory.getBean(AbstractBeanFactory.java:197)
	at org.springframework.beans.factory.support.DefaultListableBeanFactory.preInstantiateSingletons(DefaultListableBeanFactory.java:761)
	at org.springframework.context.support.AbstractApplicationContext.finishBeanFactoryInitialization(AbstractApplicationContext.java:866)
	at org.springframework.context.support.AbstractApplicationContext.refresh(AbstractApplicationContext.java:542)
	at org.springframework.boot.SpringApplication.refresh(SpringApplication.java:693)
	at org.springframework.boot.SpringApplication.refreshContext(SpringApplication.java:360)
	at org.springframework.boot.SpringApplication.run(SpringApplication.java:303)
	at org.springframework.boot.test.context.SpringBootContextLoader.loadContext(SpringBootContextLoader.java:121)
	at org.springframework.test.context.cache.DefaultCacheAwareContextLoaderDelegate.loadContextInternal(DefaultCacheAwareContextLoaderDelegate.java:98)
	at org.springframework.test.context.cache.DefaultCacheAwareContextLoaderDelegate.loadContext(DefaultCacheAwareContextLoaderDelegate.java:116)
	at org.springframework.test.context.support.DefaultTestContext.getApplicationContext(DefaultTestContext.java:83)
	at org.springframework.test.context.web.ServletTestExecutionListener.setUpRequestContextIfNecessary(ServletTestExecutionListener.java:189)
	at org.springframework.test.context.web.ServletTestExecutionListener.prepareTestInstance(ServletTestExecutionListener.java:131)
	at org.springframework.test.context.TestContextManager.prepareTestInstance(TestContextManager.java:230)
	at org.springframework.test.context.junit4.SpringJUnit4ClassRunner.createTest(SpringJUnit4ClassRunner.java:228)
	at org.springframework.test.context.junit4.SpringJUnit4ClassRunner$1.runReflectiveCall(SpringJUnit4ClassRunner.java:287)
	at org.junit.internal.runners.model.ReflectiveCallable.run(ReflectiveCallable.java:12)
	at org.springframework.test.context.junit4.SpringJUnit4ClassRunner.methodBlock(SpringJUnit4ClassRunner.java:289)
	at org.springframework.test.context.junit4.SpringJUnit4ClassRunner.runChild(SpringJUnit4ClassRunner.java:247)
	at org.springframework.test.context.junit4.SpringJUnit4ClassRunner.runChild(SpringJUnit4ClassRunner.java:94)
	at org.junit.runners.ParentRunner$3.run(ParentRunner.java:290)
	at org.junit.runners.ParentRunner$1.schedule(ParentRunner.java:71)
	at org.junit.runners.ParentRunner.runChildren(ParentRunner.java:288)
	at org.junit.runners.ParentRunner.access$000(ParentRunner.java:58)
	at org.junit.runners.ParentRunner$2.evaluate(ParentRunner.java:268)
	at org.springframework.test.context.junit4.statements.RunBeforeTestClassCallbacks.evaluate(RunBeforeTestClassCallbacks.java:61)
	at org.springframework.test.context.junit4.statements.RunAfterTestClassCallbacks.evaluate(RunAfterTestClassCallbacks.java:70)
	at org.junit.runners.ParentRunner.run(ParentRunner.java:363)
	at org.springframework.test.context.junit4.SpringJUnit4ClassRunner.run(SpringJUnit4ClassRunner.java:191)
	at org.apache.maven.surefire.junit4.JUnit4Provider.execute(JUnit4Provider.java:283)
	at org.apache.maven.surefire.junit4.JUnit4Provider.executeWithRerun(JUnit4Provider.java:173)
	at org.apache.maven.surefire.junit4.JUnit4Provider.executeTestSet(JUnit4Provider.java:153)
	at org.apache.maven.surefire.junit4.JUnit4Provider.invoke(JUnit4Provider.java:128)
	at org.apache.maven.surefire.booter.ForkedBooter.invokeProviderInSameClassLoader(ForkedBooter.java:203)
	at org.apache.maven.surefire.booter.ForkedBooter.runSuitesInProcess(ForkedBooter.java:155)
	at org.apache.maven.surefire.booter.ForkedBooter.main(ForkedBooter.java:103)
Caused by: org.springframework.beans.factory.BeanCreationException: Error creating bean with name 'endpointHandlerMapping' defined in class path resource [org/springframework/boot/actuate/autoconfigure/EndpointWebMvcManagementContextConfiguration.class]: Bean instantiation via factory method failed; nested exception is org.springframework.beans.BeanInstantiationException: Failed to instantiate [org.springframework.boot.actuate.endpoint.mvc.EndpointHandlerMapping]: Factory method 'endpointHandlerMapping' threw exception; nested exception is org.springframework.beans.factory.BeanCreationException: Error creating bean with name 'mvcEndpoints' defined in class path resource [org/springframework/boot/actuate/autoconfigure/EndpointWebMvcManagementContextConfiguration.class]: Invocation of init method failed; nested exception is org.springframework.beans.factory.UnsatisfiedDependencyException: Error creating bean with name 'liquibaseEndpoint' defined in class path resource [org/springframework/boot/actuate/autoconfigure/EndpointAutoConfiguration$LiquibaseEndpointConfiguration.class]: Unsatisfied dependency expressed through method 'liquibaseEndpoint' parameter 0; nested exception is org.springframework.beans.factory.BeanCreationException: Error creating bean with name 'springLiquibase' defined in com.paascloud.PaasCloudUacApplication: Invocation of init method failed; nested exception is liquibase.exception.DatabaseException: com.mysql.jdbc.exceptions.jdbc4.CommunicationsException: Communications link failure

The last packet sent successfully to the server was 0 milliseconds ago. The driver has not received any packets from the server.
	at org.springframework.beans.factory.support.ConstructorResolver.instantiateUsingFactoryMethod(ConstructorResolver.java:599)
	at org.springframework.beans.factory.support.AbstractAutowireCapableBeanFactory.instantiateUsingFactoryMethod(AbstractAutowireCapableBeanFactory.java:1181)
	at org.springframework.beans.factory.support.AbstractAutowireCapableBeanFactory.createBeanInstance(AbstractAutowireCapableBeanFactory.java:1075)
	at org.springframework.beans.factory.support.AbstractAutowireCapableBeanFactory.doCreateBean(AbstractAutowireCapableBeanFactory.java:513)
	at org.springframework.beans.factory.support.AbstractAutowireCapableBeanFactory.createBean(AbstractAutowireCapableBeanFactory.java:483)
	at org.springframework.beans.factory.support.AbstractBeanFactory$1.getObject(AbstractBeanFactory.java:312)
	at org.springframework.beans.factory.support.DefaultSingletonBeanRegistry.getSingleton(DefaultSingletonBeanRegistry.java:230)
	at org.springframework.beans.factory.support.AbstractBeanFactory.doGetBean(AbstractBeanFactory.java:308)
	at org.springframework.beans.factory.support.AbstractBeanFactory.getBean(AbstractBeanFactory.java:202)
	at org.springframework.beans.factory.config.DependencyDescriptor.resolveCandidate(DependencyDescriptor.java:208)
	at org.springframework.beans.factory.support.DefaultListableBeanFactory.addCandidateEntry(DefaultListableBeanFactory.java:1316)
	at org.springframework.beans.factory.support.DefaultListableBeanFactory.findAutowireCandidates(DefaultListableBeanFactory.java:1282)
	at org.springframework.beans.factory.support.DefaultListableBeanFactory.resolveMultipleBeans(DefaultListableBeanFactory.java:1180)
	at org.springframework.beans.factory.support.DefaultListableBeanFactory.doResolveDependency(DefaultListableBeanFactory.java:1096)
	at org.springframework.beans.factory.support.DefaultListableBeanFactory.resolveDependency(DefaultListableBeanFactory.java:1066)
	at org.springframework.beans.factory.support.ConstructorResolver.resolveAutowiredArgument(ConstructorResolver.java:835)
	at org.springframework.beans.factory.support.ConstructorResolver.createArgumentArray(ConstructorResolver.java:741)
	at org.springframework.beans.factory.support.ConstructorResolver.autowireConstructor(ConstructorResolver.java:189)
	at org.springframework.beans.factory.support.AbstractAutowireCapableBeanFactory.autowireConstructor(AbstractAutowireCapableBeanFactory.java:1201)
	at org.springframework.beans.factory.support.AbstractAutowireCapableBeanFactory.createBeanInstance(AbstractAutowireCapableBeanFactory.java:1103)
	at org.springframework.beans.factory.support.AbstractAutowireCapableBeanFactory.doCreateBean(AbstractAutowireCapableBeanFactory.java:513)
	at org.springframework.beans.factory.support.AbstractAutowireCapableBeanFactory.createBean(AbstractAutowireCapableBeanFactory.java:483)
	at org.springframework.beans.factory.support.AbstractBeanFactory$1.getObject(AbstractBeanFactory.java:312)
	at org.springframework.beans.factory.support.DefaultSingletonBeanRegistry.getSingleton(DefaultSingletonBeanRegistry.java:230)
	at org.springframework.beans.factory.support.AbstractBeanFactory.doGetBean(AbstractBeanFactory.java:308)
	at org.springframework.beans.factory.support.AbstractBeanFactory.getBean(AbstractBeanFactory.java:202)
	at org.springframework.beans.factory.config.DependencyDescriptor.resolveCandidate(DependencyDescriptor.java:208)
	at org.springframework.beans.factory.support.DefaultListableBeanFactory.addCandidateEntry(DefaultListableBeanFactory.java:1316)
	at org.springframework.beans.factory.support.DefaultListableBeanFactory.findAutowireCandidates(DefaultListableBeanFactory.java:1282)
	at org.springframework.beans.factory.support.DefaultListableBeanFactory.resolveMultipleBeans(DefaultListableBeanFactory.java:1180)
	at org.springframework.beans.factory.support.DefaultListableBeanFactory.doResolveDependency(DefaultListableBeanFactory.java:1096)
	at org.springframework.beans.factory.support.DefaultListableBeanFactory.resolveDependency(DefaultListableBeanFactory.java:1066)
	at org.springframework.beans.factory.support.ConstructorResolver.resolveAutowiredArgument(ConstructorResolver.java:835)
	at org.springframework.beans.factory.support.ConstructorResolver.createArgumentArray(ConstructorResolver.java:741)
	at org.springframework.beans.factory.support.ConstructorResolver.autowireConstructor(ConstructorResolver.java:189)
	at org.springframework.beans.factory.support.AbstractAutowireCapableBeanFactory.autowireConstructor(AbstractAutowireCapableBeanFactory.java:1201)
	at org.springframework.beans.factory.support.AbstractAutowireCapableBeanFactory.createBeanInstance(AbstractAutowireCapableBeanFactory.java:1103)
	at org.springframework.beans.factory.support.AbstractAutowireCapableBeanFactory.doCreateBean(AbstractAutowireCapableBeanFactory.java:513)
	at org.springframework.beans.factory.support.AbstractAutowireCapableBeanFactory.createBean(AbstractAutowireCapableBeanFactory.java:483)
	at org.springframework.beans.factory.support.AbstractBeanFactory$1.getObject(AbstractBeanFactory.java:312)
	at org.springframework.beans.factory.support.DefaultSingletonBeanRegistry.getSingleton(DefaultSingletonBeanRegistry.java:230)
	at org.springframework.beans.factory.support.AbstractBeanFactory.doGetBean(AbstractBeanFactory.java:308)
	at org.springframework.beans.factory.support.AbstractBeanFactory.getBean(AbstractBeanFactory.java:197)
	at org.springframework.beans.factory.support.DefaultListableBeanFactory.preInstantiateSingletons(DefaultListableBeanFactory.java:761)
	at org.springframework.context.support.AbstractApplicationContext.finishBeanFactoryInitialization(AbstractApplicationContext.java:866)
	at org.springframework.context.support.AbstractApplicationContext.refresh(AbstractApplicationContext.java:542)
	at org.springframework.boot.SpringApplication.refresh(SpringApplication.java:693)
	at org.springframework.boot.SpringApplication.refreshContext(SpringApplication.java:360)
	at org.springframework.boot.SpringApplication.run(SpringApplication.java:303)
	at org.springframework.boot.test.context.SpringBootContextLoader.loadContext(SpringBootContextLoader.java:121)
	at org.springframework.test.context.cache.DefaultCacheAwareContextLoaderDelegate.loadContextInternal(DefaultCacheAwareContextLoaderDelegate.java:98)
	at org.springframework.test.context.cache.DefaultCacheAwareContextLoaderDelegate.loadContext(DefaultCacheAwareContextLoaderDelegate.java:116)
	at org.springframework.test.context.support.DefaultTestContext.getApplicationContext(DefaultTestContext.java:83)
	at org.springframework.test.context.web.ServletTestExecutionListener.setUpRequestContextIfNecessary(ServletTestExecutionListener.java:189)
	at org.springframework.test.context.web.ServletTestExecutionListener.prepareTestInstance(ServletTestExecutionListener.java:131)
	at org.springframework.test.context.TestContextManager.prepareTestInstance(TestContextManager.java:230)
	at org.springframework.test.context.junit4.SpringJUnit4ClassRunner.createTest(SpringJUnit4ClassRunner.java:228)
	at org.springframework.test.context.junit4.SpringJUnit4ClassRunner$1.runReflectiveCall(SpringJUnit4ClassRunner.java:287)
	at org.junit.internal.runners.model.ReflectiveCallable.run(ReflectiveCallable.java:12)
	at org.springframework.test.context.junit4.SpringJUnit4ClassRunner.methodBlock(SpringJUnit4ClassRunner.java:289)
	at org.springframework.test.context.junit4.SpringJUnit4ClassRunner.runChild(SpringJUnit4ClassRunner.java:247)
	at org.springframework.test.context.junit4.SpringJUnit4ClassRunner.runChild(SpringJUnit4ClassRunner.java:94)
	at org.junit.runners.ParentRunner$3.run(ParentRunner.java:290)
	at org.junit.runners.ParentRunner$1.schedule(ParentRunner.java:71)
	at org.junit.runners.ParentRunner.runChildren(ParentRunner.java:288)
	at org.junit.runners.ParentRunner.access$000(ParentRunner.java:58)
	at org.junit.runners.ParentRunner$2.evaluate(ParentRunner.java:268)
	at org.springframework.test.context.junit4.statements.RunBeforeTestClassCallbacks.evaluate(RunBeforeTestClassCallbacks.java:61)
	at org.springframework.test.context.junit4.statements.RunAfterTestClassCallbacks.evaluate(RunAfterTestClassCallbacks.java:70)
	at org.junit.runners.ParentRunner.run(ParentRunner.java:363)
	at org.springframework.test.context.junit4.SpringJUnit4ClassRunner.run(SpringJUnit4ClassRunner.java:191)
	at org.apache.maven.surefire.junit4.JUnit4Provider.execute(JUnit4Provider.java:283)
	at org.apache.maven.surefire.junit4.JUnit4Provider.executeWithRerun(JUnit4Provider.java:173)
	at org.apache.maven.surefire.junit4.JUnit4Provider.executeTestSet(JUnit4Provider.java:153)
	at org.apache.maven.surefire.junit4.JUnit4Provider.invoke(JUnit4Provider.java:128)
	at org.apache.maven.surefire.booter.ForkedBooter.invokeProviderInSameClassLoader(ForkedBooter.java:203)
	at org.apache.maven.surefire.booter.ForkedBooter.runSuitesInProcess(ForkedBooter.java:155)
	at org.apache.maven.surefire.booter.ForkedBooter.main(ForkedBooter.java:103)
Caused by: org.springframework.beans.BeanInstantiationException: Failed to instantiate [org.springframework.boot.actuate.endpoint.mvc.EndpointHandlerMapping]: Factory method 'endpointHandlerMapping' threw exception; nested exception is org.springframework.beans.factory.BeanCreationException: Error creating bean with name 'mvcEndpoints' defined in class path resource [org/springframework/boot/actuate/autoconfigure/EndpointWebMvcManagementContextConfiguration.class]: Invocation of init method failed; nested exception is org.springframework.beans.factory.UnsatisfiedDependencyException: Error creating bean with name 'liquibaseEndpoint' defined in class path resource [org/springframework/boot/actuate/autoconfigure/EndpointAutoConfiguration$LiquibaseEndpointConfiguration.class]: Unsatisfied dependency expressed through method 'liquibaseEndpoint' parameter 0; nested exception is org.springframework.beans.factory.BeanCreationException: Error creating bean with name 'springLiquibase' defined in com.paascloud.PaasCloudUacApplication: Invocation of init method failed; nested exception is liquibase.exception.DatabaseException: com.mysql.jdbc.exceptions.jdbc4.CommunicationsException: Communications link failure

The last packet sent successfully to the server was 0 milliseconds ago. The driver has not received any packets from the server.
	at org.springframework.beans.factory.support.SimpleInstantiationStrategy.instantiate(SimpleInstantiationStrategy.java:189)
	at org.springframework.beans.factory.support.ConstructorResolver.instantiateUsingFactoryMethod(ConstructorResolver.java:588)
	at org.springframework.beans.factory.support.AbstractAutowireCapableBeanFactory.instantiateUsingFactoryMethod(AbstractAutowireCapableBeanFactory.java:1181)
	at org.springframework.beans.factory.support.AbstractAutowireCapableBeanFactory.createBeanInstance(AbstractAutowireCapableBeanFactory.java:1075)
	at org.springframework.beans.factory.support.AbstractAutowireCapableBeanFactory.doCreateBean(AbstractAutowireCapableBeanFactory.java:513)
	at org.springframework.beans.factory.support.AbstractAutowireCapableBeanFactory.createBean(AbstractAutowireCapableBeanFactory.java:483)
	at org.springframework.beans.factory.support.AbstractBeanFactory$1.getObject(AbstractBeanFactory.java:312)
	at org.springframework.beans.factory.support.DefaultSingletonBeanRegistry.getSingleton(DefaultSingletonBeanRegistry.java:230)
	at org.springframework.beans.factory.support.AbstractBeanFactory.doGetBean(AbstractBeanFactory.java:308)
	at org.springframework.beans.factory.support.AbstractBeanFactory.getBean(AbstractBeanFactory.java:202)
	at org.springframework.beans.factory.config.DependencyDescriptor.resolveCandidate(DependencyDescriptor.java:208)
	at org.springframework.beans.factory.support.DefaultListableBeanFactory.addCandidateEntry(DefaultListableBeanFactory.java:1316)
	at org.springframework.beans.factory.support.DefaultListableBeanFactory.findAutowireCandidates(DefaultListableBeanFactory.java:1282)
	at org.springframework.beans.factory.support.DefaultListableBeanFactory.resolveMultipleBeans(DefaultListableBeanFactory.java:1180)
	at org.springframework.beans.factory.support.DefaultListableBeanFactory.doResolveDependency(DefaultListableBeanFactory.java:1096)
	at org.springframework.beans.factory.support.DefaultListableBeanFactory.resolveDependency(DefaultListableBeanFactory.java:1066)
	at org.springframework.beans.factory.support.ConstructorResolver.resolveAutowiredArgument(ConstructorResolver.java:835)
	at org.springframework.beans.factory.support.ConstructorResolver.createArgumentArray(ConstructorResolver.java:741)
	at org.springframework.beans.factory.support.ConstructorResolver.autowireConstructor(ConstructorResolver.java:189)
	at org.springframework.beans.factory.support.AbstractAutowireCapableBeanFactory.autowireConstructor(AbstractAutowireCapableBeanFactory.java:1201)
	at org.springframework.beans.factory.support.AbstractAutowireCapableBeanFactory.createBeanInstance(AbstractAutowireCapableBeanFactory.java:1103)
	at org.springframework.beans.factory.support.AbstractAutowireCapableBeanFactory.doCreateBean(AbstractAutowireCapableBeanFactory.java:513)
	at org.springframework.beans.factory.support.AbstractAutowireCapableBeanFactory.createBean(AbstractAutowireCapableBeanFactory.java:483)
	at org.springframework.beans.factory.support.AbstractBeanFactory$1.getObject(AbstractBeanFactory.java:312)
	at org.springframework.beans.factory.support.DefaultSingletonBeanRegistry.getSingleton(DefaultSingletonBeanRegistry.java:230)
	at org.springframework.beans.factory.support.AbstractBeanFactory.doGetBean(AbstractBeanFactory.java:308)
	at org.springframework.beans.factory.support.AbstractBeanFactory.getBean(AbstractBeanFactory.java:202)
	at org.springframework.beans.factory.config.DependencyDescriptor.resolveCandidate(DependencyDescriptor.java:208)
	at org.springframework.beans.factory.support.DefaultListableBeanFactory.addCandidateEntry(DefaultListableBeanFactory.java:1316)
	at org.springframework.beans.factory.support.DefaultListableBeanFactory.findAutowireCandidates(DefaultListableBeanFactory.java:1282)
	at org.springframework.beans.factory.support.DefaultListableBeanFactory.resolveMultipleBeans(DefaultListableBeanFactory.java:1180)
	at org.springframework.beans.factory.support.DefaultListableBeanFactory.doResolveDependency(DefaultListableBeanFactory.java:1096)
	at org.springframework.beans.factory.support.DefaultListableBeanFactory.resolveDependency(DefaultListableBeanFactory.java:1066)
	at org.springframework.beans.factory.support.ConstructorResolver.resolveAutowiredArgument(ConstructorResolver.java:835)
	at org.springframework.beans.factory.support.ConstructorResolver.createArgumentArray(ConstructorResolver.java:741)
	at org.springframework.beans.factory.support.ConstructorResolver.autowireConstructor(ConstructorResolver.java:189)
	at org.springframework.beans.factory.support.AbstractAutowireCapableBeanFactory.autowireConstructor(AbstractAutowireCapableBeanFactory.java:1201)
	at org.springframework.beans.factory.support.AbstractAutowireCapableBeanFactory.createBeanInstance(AbstractAutowireCapableBeanFactory.java:1103)
	at org.springframework.beans.factory.support.AbstractAutowireCapableBeanFactory.doCreateBean(AbstractAutowireCapableBeanFactory.java:513)
	at org.springframework.beans.factory.support.AbstractAutowireCapableBeanFactory.createBean(AbstractAutowireCapableBeanFactory.java:483)
	at org.springframework.beans.factory.support.AbstractBeanFactory$1.getObject(AbstractBeanFactory.java:312)
	at org.springframework.beans.factory.support.DefaultSingletonBeanRegistry.getSingleton(DefaultSingletonBeanRegistry.java:230)
	at org.springframework.beans.factory.support.AbstractBeanFactory.doGetBean(AbstractBeanFactory.java:308)
	at org.springframework.beans.factory.support.AbstractBeanFactory.getBean(AbstractBeanFactory.java:197)
	at org.springframework.beans.factory.support.DefaultListableBeanFactory.preInstantiateSingletons(DefaultListableBeanFactory.java:761)
	at org.springframework.context.support.AbstractApplicationContext.finishBeanFactoryInitialization(AbstractApplicationContext.java:866)
	at org.springframework.context.support.AbstractApplicationContext.refresh(AbstractApplicationContext.java:542)
	at org.springframework.boot.SpringApplication.refresh(SpringApplication.java:693)
	at org.springframework.boot.SpringApplication.refreshContext(SpringApplication.java:360)
	at org.springframework.boot.SpringApplication.run(SpringApplication.java:303)
	at org.springframework.boot.test.context.SpringBootContextLoader.loadContext(SpringBootContextLoader.java:121)
	at org.springframework.test.context.cache.DefaultCacheAwareContextLoaderDelegate.loadContextInternal(DefaultCacheAwareContextLoaderDelegate.java:98)
	at org.springframework.test.context.cache.DefaultCacheAwareContextLoaderDelegate.loadContext(DefaultCacheAwareContextLoaderDelegate.java:116)
	at org.springframework.test.context.support.DefaultTestContext.getApplicationContext(DefaultTestContext.java:83)
	at org.springframework.test.context.web.ServletTestExecutionListener.setUpRequestContextIfNecessary(ServletTestExecutionListener.java:189)
	at org.springframework.test.context.web.ServletTestExecutionListener.prepareTestInstance(ServletTestExecutionListener.java:131)
	at org.springframework.test.context.TestContextManager.prepareTestInstance(TestContextManager.java:230)
	at org.springframework.test.context.junit4.SpringJUnit4ClassRunner.createTest(SpringJUnit4ClassRunner.java:228)
	at org.springframework.test.context.junit4.SpringJUnit4ClassRunner$1.runReflectiveCall(SpringJUnit4ClassRunner.java:287)
	at org.junit.internal.runners.model.ReflectiveCallable.run(ReflectiveCallable.java:12)
	at org.springframework.test.context.junit4.SpringJUnit4ClassRunner.methodBlock(SpringJUnit4ClassRunner.java:289)
	at org.springframework.test.context.junit4.SpringJUnit4ClassRunner.runChild(SpringJUnit4ClassRunner.java:247)
	at org.springframework.test.context.junit4.SpringJUnit4ClassRunner.runChild(SpringJUnit4ClassRunner.java:94)
	at org.junit.runners.ParentRunner$3.run(ParentRunner.java:290)
	at org.junit.runners.ParentRunner$1.schedule(ParentRunner.java:71)
	at org.junit.runners.ParentRunner.runChildren(ParentRunner.java:288)
	at org.junit.runners.ParentRunner.access$000(ParentRunner.java:58)
	at org.junit.runners.ParentRunner$2.evaluate(ParentRunner.java:268)
	at org.springframework.test.context.junit4.statements.RunBeforeTestClassCallbacks.evaluate(RunBeforeTestClassCallbacks.java:61)
	at org.springframework.test.context.junit4.statements.RunAfterTestClassCallbacks.evaluate(RunAfterTestClassCallbacks.java:70)
	at org.junit.runners.ParentRunner.run(ParentRunner.java:363)
	at org.springframework.test.context.junit4.SpringJUnit4ClassRunner.run(SpringJUnit4ClassRunner.java:191)
	at org.apache.maven.surefire.junit4.JUnit4Provider.execute(JUnit4Provider.java:283)
	at org.apache.maven.surefire.junit4.JUnit4Provider.executeWithRerun(JUnit4Provider.java:173)
	at org.apache.maven.surefire.junit4.JUnit4Provider.executeTestSet(JUnit4Provider.java:153)
	at org.apache.maven.surefire.junit4.JUnit4Provider.invoke(JUnit4Provider.java:128)
	at org.apache.maven.surefire.booter.ForkedBooter.invokeProviderInSameClassLoader(ForkedBooter.java:203)
	at org.apache.maven.surefire.booter.ForkedBooter.runSuitesInProcess(ForkedBooter.java:155)
	at org.apache.maven.surefire.booter.ForkedBooter.main(ForkedBooter.java:103)
Caused by: org.springframework.beans.factory.BeanCreationException: Error creating bean with name 'mvcEndpoints' defined in class path resource [org/springframework/boot/actuate/autoconfigure/EndpointWebMvcManagementContextConfiguration.class]: Invocation of init method failed; nested exception is org.springframework.beans.factory.UnsatisfiedDependencyException: Error creating bean with name 'liquibaseEndpoint' defined in class path resource [org/springframework/boot/actuate/autoconfigure/EndpointAutoConfiguration$LiquibaseEndpointConfiguration.class]: Unsatisfied dependency expressed through method 'liquibaseEndpoint' parameter 0; nested exception is org.springframework.beans.factory.BeanCreationException: Error creating bean with name 'springLiquibase' defined in com.paascloud.PaasCloudUacApplication: Invocation of init method failed; nested exception is liquibase.exception.DatabaseException: com.mysql.jdbc.exceptions.jdbc4.CommunicationsException: Communications link failure

The last packet sent successfully to the server was 0 milliseconds ago. The driver has not received any packets from the server.
	at org.springframework.beans.factory.support.AbstractAutowireCapableBeanFactory.initializeBean(AbstractAutowireCapableBeanFactory.java:1634)
	at org.springframework.beans.factory.support.AbstractAutowireCapableBeanFactory.doCreateBean(AbstractAutowireCapableBeanFactory.java:555)
	at org.springframework.beans.factory.support.AbstractAutowireCapableBeanFactory.createBean(AbstractAutowireCapableBeanFactory.java:483)
	at org.springframework.beans.factory.support.AbstractBeanFactory$1.getObject(AbstractBeanFactory.java:312)
	at org.springframework.beans.factory.support.DefaultSingletonBeanRegistry.getSingleton(DefaultSingletonBeanRegistry.java:230)
	at org.springframework.beans.factory.support.AbstractBeanFactory.doGetBean(AbstractBeanFactory.java:308)
	at org.springframework.beans.factory.support.AbstractBeanFactory.getBean(AbstractBeanFactory.java:197)
	at org.springframework.context.annotation.ConfigurationClassEnhancer$BeanMethodInterceptor.obtainBeanInstanceFromFactory(ConfigurationClassEnhancer.java:389)
	at org.springframework.context.annotation.ConfigurationClassEnhancer$BeanMethodInterceptor.intercept(ConfigurationClassEnhancer.java:361)
	at org.springframework.boot.actuate.autoconfigure.EndpointWebMvcManagementContextConfiguration$$EnhancerBySpringCGLIB$$296c71c0.mvcEndpoints(<generated>)
	at org.springframework.boot.actuate.autoconfigure.EndpointWebMvcManagementContextConfiguration.endpointHandlerMapping(EndpointWebMvcManagementContextConfiguration.java:99)
	at org.springframework.boot.actuate.autoconfigure.EndpointWebMvcManagementContextConfiguration$$EnhancerBySpringCGLIB$$296c71c0.CGLIB$endpointHandlerMapping$2(<generated>)
	at org.springframework.boot.actuate.autoconfigure.EndpointWebMvcManagementContextConfiguration$$EnhancerBySpringCGLIB$$296c71c0$$FastClassBySpringCGLIB$$79d323a4.invoke(<generated>)
	at org.springframework.cglib.proxy.MethodProxy.invokeSuper(MethodProxy.java:228)
	at org.springframework.context.annotation.ConfigurationClassEnhancer$BeanMethodInterceptor.intercept(ConfigurationClassEnhancer.java:358)
	at org.springframework.boot.actuate.autoconfigure.EndpointWebMvcManagementContextConfiguration$$EnhancerBySpringCGLIB$$296c71c0.endpointHandlerMapping(<generated>)
	at sun.reflect.NativeMethodAccessorImpl.invoke0(Native Method)
	at sun.reflect.NativeMethodAccessorImpl.invoke(NativeMethodAccessorImpl.java:62)
	at sun.reflect.DelegatingMethodAccessorImpl.invoke(DelegatingMethodAccessorImpl.java:43)
	at java.lang.reflect.Method.invoke(Method.java:497)
	at org.springframework.beans.factory.support.SimpleInstantiationStrategy.instantiate(SimpleInstantiationStrategy.java:162)
	at org.springframework.beans.factory.support.ConstructorResolver.instantiateUsingFactoryMethod(ConstructorResolver.java:588)
	at org.springframework.beans.factory.support.AbstractAutowireCapableBeanFactory.instantiateUsingFactoryMethod(AbstractAutowireCapableBeanFactory.java:1181)
	at org.springframework.beans.factory.support.AbstractAutowireCapableBeanFactory.createBeanInstance(AbstractAutowireCapableBeanFactory.java:1075)
	at org.springframework.beans.factory.support.AbstractAutowireCapableBeanFactory.doCreateBean(AbstractAutowireCapableBeanFactory.java:513)
	at org.springframework.beans.factory.support.AbstractAutowireCapableBeanFactory.createBean(AbstractAutowireCapableBeanFactory.java:483)
	at org.springframework.beans.factory.support.AbstractBeanFactory$1.getObject(AbstractBeanFactory.java:312)
	at org.springframework.beans.factory.support.DefaultSingletonBeanRegistry.getSingleton(DefaultSingletonBeanRegistry.java:230)
	at org.springframework.beans.factory.support.AbstractBeanFactory.doGetBean(AbstractBeanFactory.java:308)
	at org.springframework.beans.factory.support.AbstractBeanFactory.getBean(AbstractBeanFactory.java:202)
	at org.springframework.beans.factory.config.DependencyDescriptor.resolveCandidate(DependencyDescriptor.java:208)
	at org.springframework.beans.factory.support.DefaultListableBeanFactory.addCandidateEntry(DefaultListableBeanFactory.java:1316)
	at org.springframework.beans.factory.support.DefaultListableBeanFactory.findAutowireCandidates(DefaultListableBeanFactory.java:1282)
	at org.springframework.beans.factory.support.DefaultListableBeanFactory.resolveMultipleBeans(DefaultListableBeanFactory.java:1180)
	at org.springframework.beans.factory.support.DefaultListableBeanFactory.doResolveDependency(DefaultListableBeanFactory.java:1096)
	at org.springframework.beans.factory.support.DefaultListableBeanFactory.resolveDependency(DefaultListableBeanFactory.java:1066)
	at org.springframework.beans.factory.support.ConstructorResolver.resolveAutowiredArgument(ConstructorResolver.java:835)
	at org.springframework.beans.factory.support.ConstructorResolver.createArgumentArray(ConstructorResolver.java:741)
	at org.springframework.beans.factory.support.ConstructorResolver.autowireConstructor(ConstructorResolver.java:189)
	at org.springframework.beans.factory.support.AbstractAutowireCapableBeanFactory.autowireConstructor(AbstractAutowireCapableBeanFactory.java:1201)
	at org.springframework.beans.factory.support.AbstractAutowireCapableBeanFactory.createBeanInstance(AbstractAutowireCapableBeanFactory.java:1103)
	at org.springframework.beans.factory.support.AbstractAutowireCapableBeanFactory.doCreateBean(AbstractAutowireCapableBeanFactory.java:513)
	at org.springframework.beans.factory.support.AbstractAutowireCapableBeanFactory.createBean(AbstractAutowireCapableBeanFactory.java:483)
	at org.springframework.beans.factory.support.AbstractBeanFactory$1.getObject(AbstractBeanFactory.java:312)
	at org.springframework.beans.factory.support.DefaultSingletonBeanRegistry.getSingleton(DefaultSingletonBeanRegistry.java:230)
	at org.springframework.beans.factory.support.AbstractBeanFactory.doGetBean(AbstractBeanFactory.java:308)
	at org.springframework.beans.factory.support.AbstractBeanFactory.getBean(AbstractBeanFactory.java:202)
	at org.springframework.beans.factory.config.DependencyDescriptor.resolveCandidate(DependencyDescriptor.java:208)
	at org.springframework.beans.factory.support.DefaultListableBeanFactory.addCandidateEntry(DefaultListableBeanFactory.java:1316)
	at org.springframework.beans.factory.support.DefaultListableBeanFactory.findAutowireCandidates(DefaultListableBeanFactory.java:1282)
	at org.springframework.beans.factory.support.DefaultListableBeanFactory.resolveMultipleBeans(DefaultListableBeanFactory.java:1180)
	at org.springframework.beans.factory.support.DefaultListableBeanFactory.doResolveDependency(DefaultListableBeanFactory.java:1096)
	at org.springframework.beans.factory.support.DefaultListableBeanFactory.resolveDependency(DefaultListableBeanFactory.java:1066)
	at org.springframework.beans.factory.support.ConstructorResolver.resolveAutowiredArgument(ConstructorResolver.java:835)
	at org.springframework.beans.factory.support.ConstructorResolver.createArgumentArray(ConstructorResolver.java:741)
	at org.springframework.beans.factory.support.ConstructorResolver.autowireConstructor(ConstructorResolver.java:189)
	at org.springframework.beans.factory.support.AbstractAutowireCapableBeanFactory.autowireConstructor(AbstractAutowireCapableBeanFactory.java:1201)
	at org.springframework.beans.factory.support.AbstractAutowireCapableBeanFactory.createBeanInstance(AbstractAutowireCapableBeanFactory.java:1103)
	at org.springframework.beans.factory.support.AbstractAutowireCapableBeanFactory.doCreateBean(AbstractAutowireCapableBeanFactory.java:513)
	at org.springframework.beans.factory.support.AbstractAutowireCapableBeanFactory.createBean(AbstractAutowireCapableBeanFactory.java:483)
	at org.springframework.beans.factory.support.AbstractBeanFactory$1.getObject(AbstractBeanFactory.java:312)
	at org.springframework.beans.factory.support.DefaultSingletonBeanRegistry.getSingleton(DefaultSingletonBeanRegistry.java:230)
	at org.springframework.beans.factory.support.AbstractBeanFactory.doGetBean(AbstractBeanFactory.java:308)
	at org.springframework.beans.factory.support.AbstractBeanFactory.getBean(AbstractBeanFactory.java:197)
	at org.springframework.beans.factory.support.DefaultListableBeanFactory.preInstantiateSingletons(DefaultListableBeanFactory.java:761)
	at org.springframework.context.support.AbstractApplicationContext.finishBeanFactoryInitialization(AbstractApplicationContext.java:866)
	at org.springframework.context.support.AbstractApplicationContext.refresh(AbstractApplicationContext.java:542)
	at org.springframework.boot.SpringApplication.refresh(SpringApplication.java:693)
	at org.springframework.boot.SpringApplication.refreshContext(SpringApplication.java:360)
	at org.springframework.boot.SpringApplication.run(SpringApplication.java:303)
	at org.springframework.boot.test.context.SpringBootContextLoader.loadContext(SpringBootContextLoader.java:121)
	at org.springframework.test.context.cache.DefaultCacheAwareContextLoaderDelegate.loadContextInternal(DefaultCacheAwareContextLoaderDelegate.java:98)
	at org.springframework.test.context.cache.DefaultCacheAwareContextLoaderDelegate.loadContext(DefaultCacheAwareContextLoaderDelegate.java:116)
	at org.springframework.test.context.support.DefaultTestContext.getApplicationContext(DefaultTestContext.java:83)
	at org.springframework.test.context.web.ServletTestExecutionListener.setUpRequestContextIfNecessary(ServletTestExecutionListener.java:189)
	at org.springframework.test.context.web.ServletTestExecutionListener.prepareTestInstance(ServletTestExecutionListener.java:131)
	at org.springframework.test.context.TestContextManager.prepareTestInstance(TestContextManager.java:230)
	at org.springframework.test.context.junit4.SpringJUnit4ClassRunner.createTest(SpringJUnit4ClassRunner.java:228)
	at org.springframework.test.context.junit4.SpringJUnit4ClassRunner$1.runReflectiveCall(SpringJUnit4ClassRunner.java:287)
	at org.junit.internal.runners.model.ReflectiveCallable.run(ReflectiveCallable.java:12)
	at org.springframework.test.context.junit4.SpringJUnit4ClassRunner.methodBlock(SpringJUnit4ClassRunner.java:289)
	at org.springframework.test.context.junit4.SpringJUnit4ClassRunner.runChild(SpringJUnit4ClassRunner.java:247)
	at org.springframework.test.context.junit4.SpringJUnit4ClassRunner.runChild(SpringJUnit4ClassRunner.java:94)
	at org.junit.runners.ParentRunner$3.run(ParentRunner.java:290)
	at org.junit.runners.ParentRunner$1.schedule(ParentRunner.java:71)
	at org.junit.runners.ParentRunner.runChildren(ParentRunner.java:288)
	at org.junit.runners.ParentRunner.access$000(ParentRunner.java:58)
	at org.junit.runners.ParentRunner$2.evaluate(ParentRunner.java:268)
	at org.springframework.test.context.junit4.statements.RunBeforeTestClassCallbacks.evaluate(RunBeforeTestClassCallbacks.java:61)
	at org.springframework.test.context.junit4.statements.RunAfterTestClassCallbacks.evaluate(RunAfterTestClassCallbacks.java:70)
	at org.junit.runners.ParentRunner.run(ParentRunner.java:363)
	at org.springframework.test.context.junit4.SpringJUnit4ClassRunner.run(SpringJUnit4ClassRunner.java:191)
	at org.apache.maven.surefire.junit4.JUnit4Provider.execute(JUnit4Provider.java:283)
	at org.apache.maven.surefire.junit4.JUnit4Provider.executeWithRerun(JUnit4Provider.java:173)
	at org.apache.maven.surefire.junit4.JUnit4Provider.executeTestSet(JUnit4Provider.java:153)
	at org.apache.maven.surefire.junit4.JUnit4Provider.invoke(JUnit4Provider.java:128)
	at org.apache.maven.surefire.booter.ForkedBooter.invokeProviderInSameClassLoader(ForkedBooter.java:203)
	at org.apache.maven.surefire.booter.ForkedBooter.runSuitesInProcess(ForkedBooter.java:155)
	at org.apache.maven.surefire.booter.ForkedBooter.main(ForkedBooter.java:103)
Caused by: org.springframework.beans.factory.UnsatisfiedDependencyException: Error creating bean with name 'liquibaseEndpoint' defined in class path resource [org/springframework/boot/actuate/autoconfigure/EndpointAutoConfiguration$LiquibaseEndpointConfiguration.class]: Unsatisfied dependency expressed through method 'liquibaseEndpoint' parameter 0; nested exception is org.springframework.beans.factory.BeanCreationException: Error creating bean with name 'springLiquibase' defined in com.paascloud.PaasCloudUacApplication: Invocation of init method failed; nested exception is liquibase.exception.DatabaseException: com.mysql.jdbc.exceptions.jdbc4.CommunicationsException: Communications link failure

The last packet sent successfully to the server was 0 milliseconds ago. The driver has not received any packets from the server.
	at org.springframework.beans.factory.support.ConstructorResolver.createArgumentArray(ConstructorResolver.java:749)
	at org.springframework.beans.factory.support.ConstructorResolver.instantiateUsingFactoryMethod(ConstructorResolver.java:467)
	at org.springframework.beans.factory.support.AbstractAutowireCapableBeanFactory.instantiateUsingFactoryMethod(AbstractAutowireCapableBeanFactory.java:1181)
	at org.springframework.beans.factory.support.AbstractAutowireCapableBeanFactory.createBeanInstance(AbstractAutowireCapableBeanFactory.java:1075)
	at org.springframework.beans.factory.support.AbstractAutowireCapableBeanFactory.doCreateBean(AbstractAutowireCapableBeanFactory.java:513)
	at org.springframework.beans.factory.support.AbstractAutowireCapableBeanFactory.createBean(AbstractAutowireCapableBeanFactory.java:483)
	at org.springframework.beans.factory.support.AbstractBeanFactory$1.getObject(AbstractBeanFactory.java:312)
	at org.springframework.beans.factory.support.DefaultSingletonBeanRegistry.getSingleton(DefaultSingletonBeanRegistry.java:230)
	at org.springframework.beans.factory.support.AbstractBeanFactory.doGetBean(AbstractBeanFactory.java:308)
	at org.springframework.beans.factory.support.AbstractBeanFactory.getBean(AbstractBeanFactory.java:202)
	at org.springframework.beans.factory.support.DefaultListableBeanFactory.getBeansOfType(DefaultListableBeanFactory.java:519)
	at org.springframework.beans.factory.support.DefaultListableBeanFactory.getBeansOfType(DefaultListableBeanFactory.java:508)
	at org.springframework.context.support.AbstractApplicationContext.getBeansOfType(AbstractApplicationContext.java:1189)
	at org.springframework.beans.factory.BeanFactoryUtils.beansOfTypeIncludingAncestors(BeanFactoryUtils.java:240)
	at org.springframework.boot.actuate.endpoint.mvc.MvcEndpoints.afterPropertiesSet(MvcEndpoints.java:64)
	at org.springframework.beans.factory.support.AbstractAutowireCapableBeanFactory.invokeInitMethods(AbstractAutowireCapableBeanFactory.java:1692)
	at org.springframework.beans.factory.support.AbstractAutowireCapableBeanFactory.initializeBean(AbstractAutowireCapableBeanFactory.java:1630)
	at org.springframework.beans.factory.support.AbstractAutowireCapableBeanFactory.doCreateBean(AbstractAutowireCapableBeanFactory.java:555)
	at org.springframework.beans.factory.support.AbstractAutowireCapableBeanFactory.createBean(AbstractAutowireCapableBeanFactory.java:483)
	at org.springframework.beans.factory.support.AbstractBeanFactory$1.getObject(AbstractBeanFactory.java:312)
	at org.springframework.beans.factory.support.DefaultSingletonBeanRegistry.getSingleton(DefaultSingletonBeanRegistry.java:230)
	at org.springframework.beans.factory.support.AbstractBeanFactory.doGetBean(AbstractBeanFactory.java:308)
	at org.springframework.beans.factory.support.AbstractBeanFactory.getBean(AbstractBeanFactory.java:197)
	at org.springframework.context.annotation.ConfigurationClassEnhancer$BeanMethodInterceptor.obtainBeanInstanceFromFactory(ConfigurationClassEnhancer.java:389)
	at org.springframework.context.annotation.ConfigurationClassEnhancer$BeanMethodInterceptor.intercept(ConfigurationClassEnhancer.java:361)
	at org.springframework.boot.actuate.autoconfigure.EndpointWebMvcManagementContextConfiguration$$EnhancerBySpringCGLIB$$296c71c0.mvcEndpoints(<generated>)
	at org.springframework.boot.actuate.autoconfigure.EndpointWebMvcManagementContextConfiguration.endpointHandlerMapping(EndpointWebMvcManagementContextConfiguration.java:99)
	at org.springframework.boot.actuate.autoconfigure.EndpointWebMvcManagementContextConfiguration$$EnhancerBySpringCGLIB$$296c71c0.CGLIB$endpointHandlerMapping$2(<generated>)
	at org.springframework.boot.actuate.autoconfigure.EndpointWebMvcManagementContextConfiguration$$EnhancerBySpringCGLIB$$296c71c0$$FastClassBySpringCGLIB$$79d323a4.invoke(<generated>)
	at org.springframework.cglib.proxy.MethodProxy.invokeSuper(MethodProxy.java:228)
	at org.springframework.context.annotation.ConfigurationClassEnhancer$BeanMethodInterceptor.intercept(ConfigurationClassEnhancer.java:358)
	at org.springframework.boot.actuate.autoconfigure.EndpointWebMvcManagementContextConfiguration$$EnhancerBySpringCGLIB$$296c71c0.endpointHandlerMapping(<generated>)
	at sun.reflect.NativeMethodAccessorImpl.invoke0(Native Method)
	at sun.reflect.NativeMethodAccessorImpl.invoke(NativeMethodAccessorImpl.java:62)
	at sun.reflect.DelegatingMethodAccessorImpl.invoke(DelegatingMethodAccessorImpl.java:43)
	at java.lang.reflect.Method.invoke(Method.java:497)
	at org.springframework.beans.factory.support.SimpleInstantiationStrategy.instantiate(SimpleInstantiationStrategy.java:162)
	at org.springframework.beans.factory.support.ConstructorResolver.instantiateUsingFactoryMethod(ConstructorResolver.java:588)
	at org.springframework.beans.factory.support.AbstractAutowireCapableBeanFactory.instantiateUsingFactoryMethod(AbstractAutowireCapableBeanFactory.java:1181)
	at org.springframework.beans.factory.support.AbstractAutowireCapableBeanFactory.createBeanInstance(AbstractAutowireCapableBeanFactory.java:1075)
	at org.springframework.beans.factory.support.AbstractAutowireCapableBeanFactory.doCreateBean(AbstractAutowireCapableBeanFactory.java:513)
	at org.springframework.beans.factory.support.AbstractAutowireCapableBeanFactory.createBean(AbstractAutowireCapableBeanFactory.java:483)
	at org.springframework.beans.factory.support.AbstractBeanFactory$1.getObject(AbstractBeanFactory.java:312)
	at org.springframework.beans.factory.support.DefaultSingletonBeanRegistry.getSingleton(DefaultSingletonBeanRegistry.java:230)
	at org.springframework.beans.factory.support.AbstractBeanFactory.doGetBean(AbstractBeanFactory.java:308)
	at org.springframework.beans.factory.support.AbstractBeanFactory.getBean(AbstractBeanFactory.java:202)
	at org.springframework.beans.factory.config.DependencyDescriptor.resolveCandidate(DependencyDescriptor.java:208)
	at org.springframework.beans.factory.support.DefaultListableBeanFactory.addCandidateEntry(DefaultListableBeanFactory.java:1316)
	at org.springframework.beans.factory.support.DefaultListableBeanFactory.findAutowireCandidates(DefaultListableBeanFactory.java:1282)
	at org.springframework.beans.factory.support.DefaultListableBeanFactory.resolveMultipleBeans(DefaultListableBeanFactory.java:1180)
	at org.springframework.beans.factory.support.DefaultListableBeanFactory.doResolveDependency(DefaultListableBeanFactory.java:1096)
	at org.springframework.beans.factory.support.DefaultListableBeanFactory.resolveDependency(DefaultListableBeanFactory.java:1066)
	at org.springframework.beans.factory.support.ConstructorResolver.resolveAutowiredArgument(ConstructorResolver.java:835)
	at org.springframework.beans.factory.support.ConstructorResolver.createArgumentArray(ConstructorResolver.java:741)
	at org.springframework.beans.factory.support.ConstructorResolver.autowireConstructor(ConstructorResolver.java:189)
	at org.springframework.beans.factory.support.AbstractAutowireCapableBeanFactory.autowireConstructor(AbstractAutowireCapableBeanFactory.java:1201)
	at org.springframework.beans.factory.support.AbstractAutowireCapableBeanFactory.createBeanInstance(AbstractAutowireCapableBeanFactory.java:1103)
	at org.springframework.beans.factory.support.AbstractAutowireCapableBeanFactory.doCreateBean(AbstractAutowireCapableBeanFactory.java:513)
	at org.springframework.beans.factory.support.AbstractAutowireCapableBeanFactory.createBean(AbstractAutowireCapableBeanFactory.java:483)
	at org.springframework.beans.factory.support.AbstractBeanFactory$1.getObject(AbstractBeanFactory.java:312)
	at org.springframework.beans.factory.support.DefaultSingletonBeanRegistry.getSingleton(DefaultSingletonBeanRegistry.java:230)
	at org.springframework.beans.factory.support.AbstractBeanFactory.doGetBean(AbstractBeanFactory.java:308)
	at org.springframework.beans.factory.support.AbstractBeanFactory.getBean(AbstractBeanFactory.java:202)
	at org.springframework.beans.factory.config.DependencyDescriptor.resolveCandidate(DependencyDescriptor.java:208)
	at org.springframework.beans.factory.support.DefaultListableBeanFactory.addCandidateEntry(DefaultListableBeanFactory.java:1316)
	at org.springframework.beans.factory.support.DefaultListableBeanFactory.findAutowireCandidates(DefaultListableBeanFactory.java:1282)
	at org.springframework.beans.factory.support.DefaultListableBeanFactory.resolveMultipleBeans(DefaultListableBeanFactory.java:1180)
	at org.springframework.beans.factory.support.DefaultListableBeanFactory.doResolveDependency(DefaultListableBeanFactory.java:1096)
	at org.springframework.beans.factory.support.DefaultListableBeanFactory.resolveDependency(DefaultListableBeanFactory.java:1066)
	at org.springframework.beans.factory.support.ConstructorResolver.resolveAutowiredArgument(ConstructorResolver.java:835)
	at org.springframework.beans.factory.support.ConstructorResolver.createArgumentArray(ConstructorResolver.java:741)
	at org.springframework.beans.factory.support.ConstructorResolver.autowireConstructor(ConstructorResolver.java:189)
	at org.springframework.beans.factory.support.AbstractAutowireCapableBeanFactory.autowireConstructor(AbstractAutowireCapableBeanFactory.java:1201)
	at org.springframework.beans.factory.support.AbstractAutowireCapableBeanFactory.createBeanInstance(AbstractAutowireCapableBeanFactory.java:1103)
	at org.springframework.beans.factory.support.AbstractAutowireCapableBeanFactory.doCreateBean(AbstractAutowireCapableBeanFactory.java:513)
	at org.springframework.beans.factory.support.AbstractAutowireCapableBeanFactory.createBean(AbstractAutowireCapableBeanFactory.java:483)
	at org.springframework.beans.factory.support.AbstractBeanFactory$1.getObject(AbstractBeanFactory.java:312)
	at org.springframework.beans.factory.support.DefaultSingletonBeanRegistry.getSingleton(DefaultSingletonBeanRegistry.java:230)
	at org.springframework.beans.factory.support.AbstractBeanFactory.doGetBean(AbstractBeanFactory.java:308)
	at org.springframework.beans.factory.support.AbstractBeanFactory.getBean(AbstractBeanFactory.java:197)
	at org.springframework.beans.factory.support.DefaultListableBeanFactory.preInstantiateSingletons(DefaultListableBeanFactory.java:761)
	at org.springframework.context.support.AbstractApplicationContext.finishBeanFactoryInitialization(AbstractApplicationContext.java:866)
	at org.springframework.context.support.AbstractApplicationContext.refresh(AbstractApplicationContext.java:542)
	at org.springframework.boot.SpringApplication.refresh(SpringApplication.java:693)
	at org.springframework.boot.SpringApplication.refreshContext(SpringApplication.java:360)
	at org.springframework.boot.SpringApplication.run(SpringApplication.java:303)
	at org.springframework.boot.test.context.SpringBootContextLoader.loadContext(SpringBootContextLoader.java:121)
	at org.springframework.test.context.cache.DefaultCacheAwareContextLoaderDelegate.loadContextInternal(DefaultCacheAwareContextLoaderDelegate.java:98)
	at org.springframework.test.context.cache.DefaultCacheAwareContextLoaderDelegate.loadContext(DefaultCacheAwareContextLoaderDelegate.java:116)
	at org.springframework.test.context.support.DefaultTestContext.getApplicationContext(DefaultTestContext.java:83)
	at org.springframework.test.context.web.ServletTestExecutionListener.setUpRequestContextIfNecessary(ServletTestExecutionListener.java:189)
	at org.springframework.test.context.web.ServletTestExecutionListener.prepareTestInstance(ServletTestExecutionListener.java:131)
	at org.springframework.test.context.TestContextManager.prepareTestInstance(TestContextManager.java:230)
	at org.springframework.test.context.junit4.SpringJUnit4ClassRunner.createTest(SpringJUnit4ClassRunner.java:228)
	at org.springframework.test.context.junit4.SpringJUnit4ClassRunner$1.runReflectiveCall(SpringJUnit4ClassRunner.java:287)
	at org.junit.internal.runners.model.ReflectiveCallable.run(ReflectiveCallable.java:12)
	at org.springframework.test.context.junit4.SpringJUnit4ClassRunner.methodBlock(SpringJUnit4ClassRunner.java:289)
	at org.springframework.test.context.junit4.SpringJUnit4ClassRunner.runChild(SpringJUnit4ClassRunner.java:247)
	at org.springframework.test.context.junit4.SpringJUnit4ClassRunner.runChild(SpringJUnit4ClassRunner.java:94)
	at org.junit.runners.ParentRunner$3.run(ParentRunner.java:290)
	at org.junit.runners.ParentRunner$1.schedule(ParentRunner.java:71)
	at org.junit.runners.ParentRunner.runChildren(ParentRunner.java:288)
	at org.junit.runners.ParentRunner.access$000(ParentRunner.java:58)
	at org.junit.runners.ParentRunner$2.evaluate(ParentRunner.java:268)
	at org.springframework.test.context.junit4.statements.RunBeforeTestClassCallbacks.evaluate(RunBeforeTestClassCallbacks.java:61)
	at org.springframework.test.context.junit4.statements.RunAfterTestClassCallbacks.evaluate(RunAfterTestClassCallbacks.java:70)
	at org.junit.runners.ParentRunner.run(ParentRunner.java:363)
	at org.springframework.test.context.junit4.SpringJUnit4ClassRunner.run(SpringJUnit4ClassRunner.java:191)
	at org.apache.maven.surefire.junit4.JUnit4Provider.execute(JUnit4Provider.java:283)
	at org.apache.maven.surefire.junit4.JUnit4Provider.executeWithRerun(JUnit4Provider.java:173)
	at org.apache.maven.surefire.junit4.JUnit4Provider.executeTestSet(JUnit4Provider.java:153)
	at org.apache.maven.surefire.junit4.JUnit4Provider.invoke(JUnit4Provider.java:128)
	at org.apache.maven.surefire.booter.ForkedBooter.invokeProviderInSameClassLoader(ForkedBooter.java:203)
	at org.apache.maven.surefire.booter.ForkedBooter.runSuitesInProcess(ForkedBooter.java:155)
	at org.apache.maven.surefire.booter.ForkedBooter.main(ForkedBooter.java:103)
Caused by: org.springframework.beans.factory.BeanCreationException: Error creating bean with name 'springLiquibase' defined in com.paascloud.PaasCloudUacApplication: Invocation of init method failed; nested exception is liquibase.exception.DatabaseException: com.mysql.jdbc.exceptions.jdbc4.CommunicationsException: Communications link failure

The last packet sent successfully to the server was 0 milliseconds ago. The driver has not received any packets from the server.
	at org.springframework.beans.factory.support.AbstractAutowireCapableBeanFactory.initializeBean(AbstractAutowireCapableBeanFactory.java:1634)
	at org.springframework.beans.factory.support.AbstractAutowireCapableBeanFactory.doCreateBean(AbstractAutowireCapableBeanFactory.java:555)
	at org.springframework.beans.factory.support.AbstractAutowireCapableBeanFactory.createBean(AbstractAutowireCapableBeanFactory.java:483)
	at org.springframework.beans.factory.support.AbstractBeanFactory$1.getObject(AbstractBeanFactory.java:312)
	at org.springframework.beans.factory.support.DefaultSingletonBeanRegistry.getSingleton(DefaultSingletonBeanRegistry.java:230)
	at org.springframework.beans.factory.support.AbstractBeanFactory.doGetBean(AbstractBeanFactory.java:308)
	at org.springframework.beans.factory.support.AbstractBeanFactory.getBean(AbstractBeanFactory.java:202)
	at org.springframework.beans.factory.config.DependencyDescriptor.resolveCandidate(DependencyDescriptor.java:208)
	at org.springframework.beans.factory.support.DefaultListableBeanFactory.addCandidateEntry(DefaultListableBeanFactory.java:1316)
	at org.springframework.beans.factory.support.DefaultListableBeanFactory.findAutowireCandidates(DefaultListableBeanFactory.java:1282)
	at org.springframework.beans.factory.support.DefaultListableBeanFactory.resolveMultipleBeans(DefaultListableBeanFactory.java:1205)
	at org.springframework.beans.factory.support.DefaultListableBeanFactory.doResolveDependency(DefaultListableBeanFactory.java:1096)
	at org.springframework.beans.factory.support.DefaultListableBeanFactory.resolveDependency(DefaultListableBeanFactory.java:1066)
	at org.springframework.beans.factory.support.ConstructorResolver.resolveAutowiredArgument(ConstructorResolver.java:835)
	at org.springframework.beans.factory.support.ConstructorResolver.createArgumentArray(ConstructorResolver.java:741)
	at org.springframework.beans.factory.support.ConstructorResolver.instantiateUsingFactoryMethod(ConstructorResolver.java:467)
	at org.springframework.beans.factory.support.AbstractAutowireCapableBeanFactory.instantiateUsingFactoryMethod(AbstractAutowireCapableBeanFactory.java:1181)
	at org.springframework.beans.factory.support.AbstractAutowireCapableBeanFactory.createBeanInstance(AbstractAutowireCapableBeanFactory.java:1075)
	at org.springframework.beans.factory.support.AbstractAutowireCapableBeanFactory.doCreateBean(AbstractAutowireCapableBeanFactory.java:513)
	at org.springframework.beans.factory.support.AbstractAutowireCapableBeanFactory.createBean(AbstractAutowireCapableBeanFactory.java:483)
	at org.springframework.beans.factory.support.AbstractBeanFactory$1.getObject(AbstractBeanFactory.java:312)
	at org.springframework.beans.factory.support.DefaultSingletonBeanRegistry.getSingleton(DefaultSingletonBeanRegistry.java:230)
	at org.springframework.beans.factory.support.AbstractBeanFactory.doGetBean(AbstractBeanFactory.java:308)
	at org.springframework.beans.factory.support.AbstractBeanFactory.getBean(AbstractBeanFactory.java:202)
	at org.springframework.beans.factory.support.DefaultListableBeanFactory.getBeansOfType(DefaultListableBeanFactory.java:519)
	at org.springframework.beans.factory.support.DefaultListableBeanFactory.getBeansOfType(DefaultListableBeanFactory.java:508)
	at org.springframework.context.support.AbstractApplicationContext.getBeansOfType(AbstractApplicationContext.java:1189)
	at org.springframework.beans.factory.BeanFactoryUtils.beansOfTypeIncludingAncestors(BeanFactoryUtils.java:240)
	at org.springframework.boot.actuate.endpoint.mvc.MvcEndpoints.afterPropertiesSet(MvcEndpoints.java:64)
	at org.springframework.beans.factory.support.AbstractAutowireCapableBeanFactory.invokeInitMethods(AbstractAutowireCapableBeanFactory.java:1692)
	at org.springframework.beans.factory.support.AbstractAutowireCapableBeanFactory.initializeBean(AbstractAutowireCapableBeanFactory.java:1630)
	at org.springframework.beans.factory.support.AbstractAutowireCapableBeanFactory.doCreateBean(AbstractAutowireCapableBeanFactory.java:555)
	at org.springframework.beans.factory.support.AbstractAutowireCapableBeanFactory.createBean(AbstractAutowireCapableBeanFactory.java:483)
	at org.springframework.beans.factory.support.AbstractBeanFactory$1.getObject(AbstractBeanFactory.java:312)
	at org.springframework.beans.factory.support.DefaultSingletonBeanRegistry.getSingleton(DefaultSingletonBeanRegistry.java:230)
	at org.springframework.beans.factory.support.AbstractBeanFactory.doGetBean(AbstractBeanFactory.java:308)
	at org.springframework.beans.factory.support.AbstractBeanFactory.getBean(AbstractBeanFactory.java:197)
	at org.springframework.context.annotation.ConfigurationClassEnhancer$BeanMethodInterceptor.obtainBeanInstanceFromFactory(ConfigurationClassEnhancer.java:389)
	at org.springframework.context.annotation.ConfigurationClassEnhancer$BeanMethodInterceptor.intercept(ConfigurationClassEnhancer.java:361)
	at org.springframework.boot.actuate.autoconfigure.EndpointWebMvcManagementContextConfiguration$$EnhancerBySpringCGLIB$$296c71c0.mvcEndpoints(<generated>)
	at org.springframework.boot.actuate.autoconfigure.EndpointWebMvcManagementContextConfiguration.endpointHandlerMapping(EndpointWebMvcManagementContextConfiguration.java:99)
	at org.springframework.boot.actuate.autoconfigure.EndpointWebMvcManagementContextConfiguration$$EnhancerBySpringCGLIB$$296c71c0.CGLIB$endpointHandlerMapping$2(<generated>)
	at org.springframework.boot.actuate.autoconfigure.EndpointWebMvcManagementContextConfiguration$$EnhancerBySpringCGLIB$$296c71c0$$FastClassBySpringCGLIB$$79d323a4.invoke(<generated>)
	at org.springframework.cglib.proxy.MethodProxy.invokeSuper(MethodProxy.java:228)
	at org.springframework.context.annotation.ConfigurationClassEnhancer$BeanMethodInterceptor.intercept(ConfigurationClassEnhancer.java:358)
	at org.springframework.boot.actuate.autoconfigure.EndpointWebMvcManagementContextConfiguration$$EnhancerBySpringCGLIB$$296c71c0.endpointHandlerMapping(<generated>)
	at sun.reflect.NativeMethodAccessorImpl.invoke0(Native Method)
	at sun.reflect.NativeMethodAccessorImpl.invoke(NativeMethodAccessorImpl.java:62)
	at sun.reflect.DelegatingMethodAccessorImpl.invoke(DelegatingMethodAccessorImpl.java:43)
	at java.lang.reflect.Method.invoke(Method.java:497)
	at org.springframework.beans.factory.support.SimpleInstantiationStrategy.instantiate(SimpleInstantiationStrategy.java:162)
	at org.springframework.beans.factory.support.ConstructorResolver.instantiateUsingFactoryMethod(ConstructorResolver.java:588)
	at org.springframework.beans.factory.support.AbstractAutowireCapableBeanFactory.instantiateUsingFactoryMethod(AbstractAutowireCapableBeanFactory.java:1181)
	at org.springframework.beans.factory.support.AbstractAutowireCapableBeanFactory.createBeanInstance(AbstractAutowireCapableBeanFactory.java:1075)
	at org.springframework.beans.factory.support.AbstractAutowireCapableBeanFactory.doCreateBean(AbstractAutowireCapableBeanFactory.java:513)
	at org.springframework.beans.factory.support.AbstractAutowireCapableBeanFactory.createBean(AbstractAutowireCapableBeanFactory.java:483)
	at org.springframework.beans.factory.support.AbstractBeanFactory$1.getObject(AbstractBeanFactory.java:312)
	at org.springframework.beans.factory.support.DefaultSingletonBeanRegistry.getSingleton(DefaultSingletonBeanRegistry.java:230)
	at org.springframework.beans.factory.support.AbstractBeanFactory.doGetBean(AbstractBeanFactory.java:308)
	at org.springframework.beans.factory.support.AbstractBeanFactory.getBean(AbstractBeanFactory.java:202)
	at org.springframework.beans.factory.config.DependencyDescriptor.resolveCandidate(DependencyDescriptor.java:208)
	at org.springframework.beans.factory.support.DefaultListableBeanFactory.addCandidateEntry(DefaultListableBeanFactory.java:1316)
	at org.springframework.beans.factory.support.DefaultListableBeanFactory.findAutowireCandidates(DefaultListableBeanFactory.java:1282)
	at org.springframework.beans.factory.support.DefaultListableBeanFactory.resolveMultipleBeans(DefaultListableBeanFactory.java:1180)
	at org.springframework.beans.factory.support.DefaultListableBeanFactory.doResolveDependency(DefaultListableBeanFactory.java:1096)
	at org.springframework.beans.factory.support.DefaultListableBeanFactory.resolveDependency(DefaultListableBeanFactory.java:1066)
	at org.springframework.beans.factory.support.ConstructorResolver.resolveAutowiredArgument(ConstructorResolver.java:835)
	at org.springframework.beans.factory.support.ConstructorResolver.createArgumentArray(ConstructorResolver.java:741)
	at org.springframework.beans.factory.support.ConstructorResolver.autowireConstructor(ConstructorResolver.java:189)
	at org.springframework.beans.factory.support.AbstractAutowireCapableBeanFactory.autowireConstructor(AbstractAutowireCapableBeanFactory.java:1201)
	at org.springframework.beans.factory.support.AbstractAutowireCapableBeanFactory.createBeanInstance(AbstractAutowireCapableBeanFactory.java:1103)
	at org.springframework.beans.factory.support.AbstractAutowireCapableBeanFactory.doCreateBean(AbstractAutowireCapableBeanFactory.java:513)
	at org.springframework.beans.factory.support.AbstractAutowireCapableBeanFactory.createBean(AbstractAutowireCapableBeanFactory.java:483)
	at org.springframework.beans.factory.support.AbstractBeanFactory$1.getObject(AbstractBeanFactory.java:312)
	at org.springframework.beans.factory.support.DefaultSingletonBeanRegistry.getSingleton(DefaultSingletonBeanRegistry.java:230)
	at org.springframework.beans.factory.support.AbstractBeanFactory.doGetBean(AbstractBeanFactory.java:308)
	at org.springframework.beans.factory.support.AbstractBeanFactory.getBean(AbstractBeanFactory.java:202)
	at org.springframework.beans.factory.config.DependencyDescriptor.resolveCandidate(DependencyDescriptor.java:208)
	at org.springframework.beans.factory.support.DefaultListableBeanFactory.addCandidateEntry(DefaultListableBeanFactory.java:1316)
	at org.springframework.beans.factory.support.DefaultListableBeanFactory.findAutowireCandidates(DefaultListableBeanFactory.java:1282)
	at org.springframework.beans.factory.support.DefaultListableBeanFactory.resolveMultipleBeans(DefaultListableBeanFactory.java:1180)
	at org.springframework.beans.factory.support.DefaultListableBeanFactory.doResolveDependency(DefaultListableBeanFactory.java:1096)
	at org.springframework.beans.factory.support.DefaultListableBeanFactory.resolveDependency(DefaultListableBeanFactory.java:1066)
	at org.springframework.beans.factory.support.ConstructorResolver.resolveAutowiredArgument(ConstructorResolver.java:835)
	at org.springframework.beans.factory.support.ConstructorResolver.createArgumentArray(ConstructorResolver.java:741)
	at org.springframework.beans.factory.support.ConstructorResolver.autowireConstructor(ConstructorResolver.java:189)
	at org.springframework.beans.factory.support.AbstractAutowireCapableBeanFactory.autowireConstructor(AbstractAutowireCapableBeanFactory.java:1201)
	at org.springframework.beans.factory.support.AbstractAutowireCapableBeanFactory.createBeanInstance(AbstractAutowireCapableBeanFactory.java:1103)
	at org.springframework.beans.factory.support.AbstractAutowireCapableBeanFactory.doCreateBean(AbstractAutowireCapableBeanFactory.java:513)
	at org.springframework.beans.factory.support.AbstractAutowireCapableBeanFactory.createBean(AbstractAutowireCapableBeanFactory.java:483)
	at org.springframework.beans.factory.support.AbstractBeanFactory$1.getObject(AbstractBeanFactory.java:312)
	at org.springframework.beans.factory.support.DefaultSingletonBeanRegistry.getSingleton(DefaultSingletonBeanRegistry.java:230)
	at org.springframework.beans.factory.support.AbstractBeanFactory.doGetBean(AbstractBeanFactory.java:308)
	at org.springframework.beans.factory.support.AbstractBeanFactory.getBean(AbstractBeanFactory.java:197)
	at org.springframework.beans.factory.support.DefaultListableBeanFactory.preInstantiateSingletons(DefaultListableBeanFactory.java:761)
	at org.springframework.context.support.AbstractApplicationContext.finishBeanFactoryInitialization(AbstractApplicationContext.java:866)
	at org.springframework.context.support.AbstractApplicationContext.refresh(AbstractApplicationContext.java:542)
	at org.springframework.boot.SpringApplication.refresh(SpringApplication.java:693)
	at org.springframework.boot.SpringApplication.refreshContext(SpringApplication.java:360)
	at org.springframework.boot.SpringApplication.run(SpringApplication.java:303)
	at org.springframework.boot.test.context.SpringBootContextLoader.loadContext(SpringBootContextLoader.java:121)
	at org.springframework.test.context.cache.DefaultCacheAwareContextLoaderDelegate.loadContextInternal(DefaultCacheAwareContextLoaderDelegate.java:98)
	at org.springframework.test.context.cache.DefaultCacheAwareContextLoaderDelegate.loadContext(DefaultCacheAwareContextLoaderDelegate.java:116)
	at org.springframework.test.context.support.DefaultTestContext.getApplicationContext(DefaultTestContext.java:83)
	at org.springframework.test.context.web.ServletTestExecutionListener.setUpRequestContextIfNecessary(ServletTestExecutionListener.java:189)
	at org.springframework.test.context.web.ServletTestExecutionListener.prepareTestInstance(ServletTestExecutionListener.java:131)
	at org.springframework.test.context.TestContextManager.prepareTestInstance(TestContextManager.java:230)
	at org.springframework.test.context.junit4.SpringJUnit4ClassRunner.createTest(SpringJUnit4ClassRunner.java:228)
	at org.springframework.test.context.junit4.SpringJUnit4ClassRunner$1.runReflectiveCall(SpringJUnit4ClassRunner.java:287)
	at org.junit.internal.runners.model.ReflectiveCallable.run(ReflectiveCallable.java:12)
	at org.springframework.test.context.junit4.SpringJUnit4ClassRunner.methodBlock(SpringJUnit4ClassRunner.java:289)
	at org.springframework.test.context.junit4.SpringJUnit4ClassRunner.runChild(SpringJUnit4ClassRunner.java:247)
	at org.springframework.test.context.junit4.SpringJUnit4ClassRunner.runChild(SpringJUnit4ClassRunner.java:94)
	at org.junit.runners.ParentRunner$3.run(ParentRunner.java:290)
	at org.junit.runners.ParentRunner$1.schedule(ParentRunner.java:71)
	at org.junit.runners.ParentRunner.runChildren(ParentRunner.java:288)
	at org.junit.runners.ParentRunner.access$000(ParentRunner.java:58)
	at org.junit.runners.ParentRunner$2.evaluate(ParentRunner.java:268)
	at org.springframework.test.context.junit4.statements.RunBeforeTestClassCallbacks.evaluate(RunBeforeTestClassCallbacks.java:61)
	at org.springframework.test.context.junit4.statements.RunAfterTestClassCallbacks.evaluate(RunAfterTestClassCallbacks.java:70)
	at org.junit.runners.ParentRunner.run(ParentRunner.java:363)
	at org.springframework.test.context.junit4.SpringJUnit4ClassRunner.run(SpringJUnit4ClassRunner.java:191)
	at org.apache.maven.surefire.junit4.JUnit4Provider.execute(JUnit4Provider.java:283)
	at org.apache.maven.surefire.junit4.JUnit4Provider.executeWithRerun(JUnit4Provider.java:173)
	at org.apache.maven.surefire.junit4.JUnit4Provider.executeTestSet(JUnit4Provider.java:153)
	at org.apache.maven.surefire.junit4.JUnit4Provider.invoke(JUnit4Provider.java:128)
	at org.apache.maven.surefire.booter.ForkedBooter.invokeProviderInSameClassLoader(ForkedBooter.java:203)
	at org.apache.maven.surefire.booter.ForkedBooter.runSuitesInProcess(ForkedBooter.java:155)
	at org.apache.maven.surefire.booter.ForkedBooter.main(ForkedBooter.java:103)
Caused by: liquibase.exception.DatabaseException: com.mysql.jdbc.exceptions.jdbc4.CommunicationsException: Communications link failure

The last packet sent successfully to the server was 0 milliseconds ago. The driver has not received any packets from the server.
	at liquibase.integration.spring.SpringLiquibase.afterPropertiesSet(SpringLiquibase.java:390)
	at org.springframework.beans.factory.support.AbstractAutowireCapableBeanFactory.invokeInitMethods(AbstractAutowireCapableBeanFactory.java:1692)
	at org.springframework.beans.factory.support.AbstractAutowireCapableBeanFactory.initializeBean(AbstractAutowireCapableBeanFactory.java:1630)
	at org.springframework.beans.factory.support.AbstractAutowireCapableBeanFactory.doCreateBean(AbstractAutowireCapableBeanFactory.java:555)
	at org.springframework.beans.factory.support.AbstractAutowireCapableBeanFactory.createBean(AbstractAutowireCapableBeanFactory.java:483)
	at org.springframework.beans.factory.support.AbstractBeanFactory$1.getObject(AbstractBeanFactory.java:312)
	at org.springframework.beans.factory.support.DefaultSingletonBeanRegistry.getSingleton(DefaultSingletonBeanRegistry.java:230)
	at org.springframework.beans.factory.support.AbstractBeanFactory.doGetBean(AbstractBeanFactory.java:308)
	at org.springframework.beans.factory.support.AbstractBeanFactory.getBean(AbstractBeanFactory.java:202)
	at org.springframework.beans.factory.config.DependencyDescriptor.resolveCandidate(DependencyDescriptor.java:208)
	at org.springframework.beans.factory.support.DefaultListableBeanFactory.addCandidateEntry(DefaultListableBeanFactory.java:1316)
	at org.springframework.beans.factory.support.DefaultListableBeanFactory.findAutowireCandidates(DefaultListableBeanFactory.java:1282)
	at org.springframework.beans.factory.support.DefaultListableBeanFactory.resolveMultipleBeans(DefaultListableBeanFactory.java:1205)
	at org.springframework.beans.factory.support.DefaultListableBeanFactory.doResolveDependency(DefaultListableBeanFactory.java:1096)
	at org.springframework.beans.factory.support.DefaultListableBeanFactory.resolveDependency(DefaultListableBeanFactory.java:1066)
	at org.springframework.beans.factory.support.ConstructorResolver.resolveAutowiredArgument(ConstructorResolver.java:835)
	at org.springframework.beans.factory.support.ConstructorResolver.createArgumentArray(ConstructorResolver.java:741)
	at org.springframework.beans.factory.support.ConstructorResolver.instantiateUsingFactoryMethod(ConstructorResolver.java:467)
	at org.springframework.beans.factory.support.AbstractAutowireCapableBeanFactory.instantiateUsingFactoryMethod(AbstractAutowireCapableBeanFactory.java:1181)
	at org.springframework.beans.factory.support.AbstractAutowireCapableBeanFactory.createBeanInstance(AbstractAutowireCapableBeanFactory.java:1075)
	at org.springframework.beans.factory.support.AbstractAutowireCapableBeanFactory.doCreateBean(AbstractAutowireCapableBeanFactory.java:513)
	at org.springframework.beans.factory.support.AbstractAutowireCapableBeanFactory.createBean(AbstractAutowireCapableBeanFactory.java:483)
	at org.springframework.beans.factory.support.AbstractBeanFactory$1.getObject(AbstractBeanFactory.java:312)
	at org.springframework.beans.factory.support.DefaultSingletonBeanRegistry.getSingleton(DefaultSingletonBeanRegistry.java:230)
	at org.springframework.beans.factory.support.AbstractBeanFactory.doGetBean(AbstractBeanFactory.java:308)
	at org.springframework.beans.factory.support.AbstractBeanFactory.getBean(AbstractBeanFactory.java:202)
	at org.springframework.beans.factory.support.DefaultListableBeanFactory.getBeansOfType(DefaultListableBeanFactory.java:519)
	at org.springframework.beans.factory.support.DefaultListableBeanFactory.getBeansOfType(DefaultListableBeanFactory.java:508)
	at org.springframework.context.support.AbstractApplicationContext.getBeansOfType(AbstractApplicationContext.java:1189)
	at org.springframework.beans.factory.BeanFactoryUtils.beansOfTypeIncludingAncestors(BeanFactoryUtils.java:240)
	at org.springframework.boot.actuate.endpoint.mvc.MvcEndpoints.afterPropertiesSet(MvcEndpoints.java:64)
	at org.springframework.beans.factory.support.AbstractAutowireCapableBeanFactory.invokeInitMethods(AbstractAutowireCapableBeanFactory.java:1692)
	at org.springframework.beans.factory.support.AbstractAutowireCapableBeanFactory.initializeBean(AbstractAutowireCapableBeanFactory.java:1630)
	at org.springframework.beans.factory.support.AbstractAutowireCapableBeanFactory.doCreateBean(AbstractAutowireCapableBeanFactory.java:555)
	at org.springframework.beans.factory.support.AbstractAutowireCapableBeanFactory.createBean(AbstractAutowireCapableBeanFactory.java:483)
	at org.springframework.beans.factory.support.AbstractBeanFactory$1.getObject(AbstractBeanFactory.java:312)
	at org.springframework.beans.factory.support.DefaultSingletonBeanRegistry.getSingleton(DefaultSingletonBeanRegistry.java:230)
	at org.springframework.beans.factory.support.AbstractBeanFactory.doGetBean(AbstractBeanFactory.java:308)
	at org.springframework.beans.factory.support.AbstractBeanFactory.getBean(AbstractBeanFactory.java:197)
	at org.springframework.context.annotation.ConfigurationClassEnhancer$BeanMethodInterceptor.obtainBeanInstanceFromFactory(ConfigurationClassEnhancer.java:389)
	at org.springframework.context.annotation.ConfigurationClassEnhancer$BeanMethodInterceptor.intercept(ConfigurationClassEnhancer.java:361)
	at org.springframework.boot.actuate.autoconfigure.EndpointWebMvcManagementContextConfiguration$$EnhancerBySpringCGLIB$$296c71c0.mvcEndpoints(<generated>)
	at org.springframework.boot.actuate.autoconfigure.EndpointWebMvcManagementContextConfiguration.endpointHandlerMapping(EndpointWebMvcManagementContextConfiguration.java:99)
	at org.springframework.boot.actuate.autoconfigure.EndpointWebMvcManagementContextConfiguration$$EnhancerBySpringCGLIB$$296c71c0.CGLIB$endpointHandlerMapping$2(<generated>)
	at org.springframework.boot.actuate.autoconfigure.EndpointWebMvcManagementContextConfiguration$$EnhancerBySpringCGLIB$$296c71c0$$FastClassBySpringCGLIB$$79d323a4.invoke(<generated>)
	at org.springframework.cglib.proxy.MethodProxy.invokeSuper(MethodProxy.java:228)
	at org.springframework.context.annotation.ConfigurationClassEnhancer$BeanMethodInterceptor.intercept(ConfigurationClassEnhancer.java:358)
	at org.springframework.boot.actuate.autoconfigure.EndpointWebMvcManagementContextConfiguration$$EnhancerBySpringCGLIB$$296c71c0.endpointHandlerMapping(<generated>)
	at sun.reflect.NativeMethodAccessorImpl.invoke0(Native Method)
	at sun.reflect.NativeMethodAccessorImpl.invoke(NativeMethodAccessorImpl.java:62)
	at sun.reflect.DelegatingMethodAccessorImpl.invoke(DelegatingMethodAccessorImpl.java:43)
	at java.lang.reflect.Method.invoke(Method.java:497)
	at org.springframework.beans.factory.support.SimpleInstantiationStrategy.instantiate(SimpleInstantiationStrategy.java:162)
	at org.springframework.beans.factory.support.ConstructorResolver.instantiateUsingFactoryMethod(ConstructorResolver.java:588)
	at org.springframework.beans.factory.support.AbstractAutowireCapableBeanFactory.instantiateUsingFactoryMethod(AbstractAutowireCapableBeanFactory.java:1181)
	at org.springframework.beans.factory.support.AbstractAutowireCapableBeanFactory.createBeanInstance(AbstractAutowireCapableBeanFactory.java:1075)
	at org.springframework.beans.factory.support.AbstractAutowireCapableBeanFactory.doCreateBean(AbstractAutowireCapableBeanFactory.java:513)
	at org.springframework.beans.factory.support.AbstractAutowireCapableBeanFactory.createBean(AbstractAutowireCapableBeanFactory.java:483)
	at org.springframework.beans.factory.support.AbstractBeanFactory$1.getObject(AbstractBeanFactory.java:312)
	at org.springframework.beans.factory.support.DefaultSingletonBeanRegistry.getSingleton(DefaultSingletonBeanRegistry.java:230)
	at org.springframework.beans.factory.support.AbstractBeanFactory.doGetBean(AbstractBeanFactory.java:308)
	at org.springframework.beans.factory.support.AbstractBeanFactory.getBean(AbstractBeanFactory.java:202)
	at org.springframework.beans.factory.config.DependencyDescriptor.resolveCandidate(DependencyDescriptor.java:208)
	at org.springframework.beans.factory.support.DefaultListableBeanFactory.addCandidateEntry(DefaultListableBeanFactory.java:1316)
	at org.springframework.beans.factory.support.DefaultListableBeanFactory.findAutowireCandidates(DefaultListableBeanFactory.java:1282)
	at org.springframework.beans.factory.support.DefaultListableBeanFactory.resolveMultipleBeans(DefaultListableBeanFactory.java:1180)
	at org.springframework.beans.factory.support.DefaultListableBeanFactory.doResolveDependency(DefaultListableBeanFactory.java:1096)
	at org.springframework.beans.factory.support.DefaultListableBeanFactory.resolveDependency(DefaultListableBeanFactory.java:1066)
	at org.springframework.beans.factory.support.ConstructorResolver.resolveAutowiredArgument(ConstructorResolver.java:835)
	at org.springframework.beans.factory.support.ConstructorResolver.createArgumentArray(ConstructorResolver.java:741)
	at org.springframework.beans.factory.support.ConstructorResolver.autowireConstructor(ConstructorResolver.java:189)
	at org.springframework.beans.factory.support.AbstractAutowireCapableBeanFactory.autowireConstructor(AbstractAutowireCapableBeanFactory.java:1201)
	at org.springframework.beans.factory.support.AbstractAutowireCapableBeanFactory.createBeanInstance(AbstractAutowireCapableBeanFactory.java:1103)
	at org.springframework.beans.factory.support.AbstractAutowireCapableBeanFactory.doCreateBean(AbstractAutowireCapableBeanFactory.java:513)
	at org.springframework.beans.factory.support.AbstractAutowireCapableBeanFactory.createBean(AbstractAutowireCapableBeanFactory.java:483)
	at org.springframework.beans.factory.support.AbstractBeanFactory$1.getObject(AbstractBeanFactory.java:312)
	at org.springframework.beans.factory.support.DefaultSingletonBeanRegistry.getSingleton(DefaultSingletonBeanRegistry.java:230)
	at org.springframework.beans.factory.support.AbstractBeanFactory.doGetBean(AbstractBeanFactory.java:308)
	at org.springframework.beans.factory.support.AbstractBeanFactory.getBean(AbstractBeanFactory.java:202)
	at org.springframework.beans.factory.config.DependencyDescriptor.resolveCandidate(DependencyDescriptor.java:208)
	at org.springframework.beans.factory.support.DefaultListableBeanFactory.addCandidateEntry(DefaultListableBeanFactory.java:1316)
	at org.springframework.beans.factory.support.DefaultListableBeanFactory.findAutowireCandidates(DefaultListableBeanFactory.java:1282)
	at org.springframework.beans.factory.support.DefaultListableBeanFactory.resolveMultipleBeans(DefaultListableBeanFactory.java:1180)
	at org.springframework.beans.factory.support.DefaultListableBeanFactory.doResolveDependency(DefaultListableBeanFactory.java:1096)
	at org.springframework.beans.factory.support.DefaultListableBeanFactory.resolveDependency(DefaultListableBeanFactory.java:1066)
	at org.springframework.beans.factory.support.ConstructorResolver.resolveAutowiredArgument(ConstructorResolver.java:835)
	at org.springframework.beans.factory.support.ConstructorResolver.createArgumentArray(ConstructorResolver.java:741)
	at org.springframework.beans.factory.support.ConstructorResolver.autowireConstructor(ConstructorResolver.java:189)
	at org.springframework.beans.factory.support.AbstractAutowireCapableBeanFactory.autowireConstructor(AbstractAutowireCapableBeanFactory.java:1201)
	at org.springframework.beans.factory.support.AbstractAutowireCapableBeanFactory.createBeanInstance(AbstractAutowireCapableBeanFactory.java:1103)
	at org.springframework.beans.factory.support.AbstractAutowireCapableBeanFactory.doCreateBean(AbstractAutowireCapableBeanFactory.java:513)
	at org.springframework.beans.factory.support.AbstractAutowireCapableBeanFactory.createBean(AbstractAutowireCapableBeanFactory.java:483)
	at org.springframework.beans.factory.support.AbstractBeanFactory$1.getObject(AbstractBeanFactory.java:312)
	at org.springframework.beans.factory.support.DefaultSingletonBeanRegistry.getSingleton(DefaultSingletonBeanRegistry.java:230)
	at org.springframework.beans.factory.support.AbstractBeanFactory.doGetBean(AbstractBeanFactory.java:308)
	at org.springframework.beans.factory.support.AbstractBeanFactory.getBean(AbstractBeanFactory.java:197)
	at org.springframework.beans.factory.support.DefaultListableBeanFactory.preInstantiateSingletons(DefaultListableBeanFactory.java:761)
	at org.springframework.context.support.AbstractApplicationContext.finishBeanFactoryInitialization(AbstractApplicationContext.java:866)
	at org.springframework.context.support.AbstractApplicationContext.refresh(AbstractApplicationContext.java:542)
	at org.springframework.boot.SpringApplication.refresh(SpringApplication.java:693)
	at org.springframework.boot.SpringApplication.refreshContext(SpringApplication.java:360)
	at org.springframework.boot.SpringApplication.run(SpringApplication.java:303)
	at org.springframework.boot.test.context.SpringBootContextLoader.loadContext(SpringBootContextLoader.java:121)
	at org.springframework.test.context.cache.DefaultCacheAwareContextLoaderDelegate.loadContextInternal(DefaultCacheAwareContextLoaderDelegate.java:98)
	at org.springframework.test.context.cache.DefaultCacheAwareContextLoaderDelegate.loadContext(DefaultCacheAwareContextLoaderDelegate.java:116)
	at org.springframework.test.context.support.DefaultTestContext.getApplicationContext(DefaultTestContext.java:83)
	at org.springframework.test.context.web.ServletTestExecutionListener.setUpRequestContextIfNecessary(ServletTestExecutionListener.java:189)
	at org.springframework.test.context.web.ServletTestExecutionListener.prepareTestInstance(ServletTestExecutionListener.java:131)
	at org.springframework.test.context.TestContextManager.prepareTestInstance(TestContextManager.java:230)
	at org.springframework.test.context.junit4.SpringJUnit4ClassRunner.createTest(SpringJUnit4ClassRunner.java:228)
	at org.springframework.test.context.junit4.SpringJUnit4ClassRunner$1.runReflectiveCall(SpringJUnit4ClassRunner.java:287)
	at org.junit.internal.runners.model.ReflectiveCallable.run(ReflectiveCallable.java:12)
	at org.springframework.test.context.junit4.SpringJUnit4ClassRunner.methodBlock(SpringJUnit4ClassRunner.java:289)
	at org.springframework.test.context.junit4.SpringJUnit4ClassRunner.runChild(SpringJUnit4ClassRunner.java:247)
	at org.springframework.test.context.junit4.SpringJUnit4ClassRunner.runChild(SpringJUnit4ClassRunner.java:94)
	at org.junit.runners.ParentRunner$3.run(ParentRunner.java:290)
	at org.junit.runners.ParentRunner$1.schedule(ParentRunner.java:71)
	at org.junit.runners.ParentRunner.runChildren(ParentRunner.java:288)
	at org.junit.runners.ParentRunner.access$000(ParentRunner.java:58)
	at org.junit.runners.ParentRunner$2.evaluate(ParentRunner.java:268)
	at org.springframework.test.context.junit4.statements.RunBeforeTestClassCallbacks.evaluate(RunBeforeTestClassCallbacks.java:61)
	at org.springframework.test.context.junit4.statements.RunAfterTestClassCallbacks.evaluate(RunAfterTestClassCallbacks.java:70)
	at org.junit.runners.ParentRunner.run(ParentRunner.java:363)
	at org.springframework.test.context.junit4.SpringJUnit4ClassRunner.run(SpringJUnit4ClassRunner.java:191)
	at org.apache.maven.surefire.junit4.JUnit4Provider.execute(JUnit4Provider.java:283)
	at org.apache.maven.surefire.junit4.JUnit4Provider.executeWithRerun(JUnit4Provider.java:173)
	at org.apache.maven.surefire.junit4.JUnit4Provider.executeTestSet(JUnit4Provider.java:153)
	at org.apache.maven.surefire.junit4.JUnit4Provider.invoke(JUnit4Provider.java:128)
	at org.apache.maven.surefire.booter.ForkedBooter.invokeProviderInSameClassLoader(ForkedBooter.java:203)
	at org.apache.maven.surefire.booter.ForkedBooter.runSuitesInProcess(ForkedBooter.java:155)
	at org.apache.maven.surefire.booter.ForkedBooter.main(ForkedBooter.java:103)
Caused by: com.mysql.jdbc.exceptions.jdbc4.CommunicationsException: Communications link failure

The last packet sent successfully to the server was 0 milliseconds ago. The driver has not received any packets from the server.
	at sun.reflect.NativeConstructorAccessorImpl.newInstance0(Native Method)
	at sun.reflect.NativeConstructorAccessorImpl.newInstance(NativeConstructorAccessorImpl.java:62)
	at sun.reflect.DelegatingConstructorAccessorImpl.newInstance(DelegatingConstructorAccessorImpl.java:45)
	at java.lang.reflect.Constructor.newInstance(Constructor.java:422)
	at com.mysql.jdbc.Util.handleNewInstance(Util.java:404)
	at com.mysql.jdbc.SQLError.createCommunicationsException(SQLError.java:988)
	at com.mysql.jdbc.MysqlIO.<init>(MysqlIO.java:341)
	at com.mysql.jdbc.ConnectionImpl.coreConnect(ConnectionImpl.java:2251)
	at com.mysql.jdbc.ConnectionImpl.connectOneTryOnly(ConnectionImpl.java:2284)
	at com.mysql.jdbc.ConnectionImpl.createNewIO(ConnectionImpl.java:2083)
	at com.mysql.jdbc.ConnectionImpl.<init>(ConnectionImpl.java:806)
	at com.mysql.jdbc.JDBC4Connection.<init>(JDBC4Connection.java:47)
	at sun.reflect.NativeConstructorAccessorImpl.newInstance0(Native Method)
	at sun.reflect.NativeConstructorAccessorImpl.newInstance(NativeConstructorAccessorImpl.java:62)
	at sun.reflect.DelegatingConstructorAccessorImpl.newInstance(DelegatingConstructorAccessorImpl.java:45)
	at java.lang.reflect.Constructor.newInstance(Constructor.java:422)
	at com.mysql.jdbc.Util.handleNewInstance(Util.java:404)
	at com.mysql.jdbc.ConnectionImpl.getInstance(ConnectionImpl.java:410)
	at com.mysql.jdbc.NonRegisteringDriver.connect(NonRegisteringDriver.java:328)
	at com.alibaba.druid.filter.FilterChainImpl.connection_connect(FilterChainImpl.java:148)
	at com.alibaba.druid.filter.stat.StatFilter.connection_connect(StatFilter.java:220)
	at com.alibaba.druid.filter.FilterChainImpl.connection_connect(FilterChainImpl.java:142)
	at com.alibaba.druid.pool.DruidAbstractDataSource.createPhysicalConnection(DruidAbstractDataSource.java:1463)
	at com.alibaba.druid.pool.DruidAbstractDataSource.createPhysicalConnection(DruidAbstractDataSource.java:1525)
	at com.alibaba.druid.pool.DruidDataSource.init(DruidDataSource.java:734)
	at com.alibaba.druid.pool.DruidDataSource.getConnection(DruidDataSource.java:1060)
	at com.alibaba.druid.pool.DruidDataSource.getConnection(DruidDataSource.java:1056)
	at com.alibaba.druid.pool.DruidDataSource.getConnection(DruidDataSource.java:104)
	at liquibase.integration.spring.SpringLiquibase.afterPropertiesSet(SpringLiquibase.java:385)
	at org.springframework.beans.factory.support.AbstractAutowireCapableBeanFactory.invokeInitMethods(AbstractAutowireCapableBeanFactory.java:1692)
	at org.springframework.beans.factory.support.AbstractAutowireCapableBeanFactory.initializeBean(AbstractAutowireCapableBeanFactory.java:1630)
	at org.springframework.beans.factory.support.AbstractAutowireCapableBeanFactory.doCreateBean(AbstractAutowireCapableBeanFactory.java:555)
	at org.springframework.beans.factory.support.AbstractAutowireCapableBeanFactory.createBean(AbstractAutowireCapableBeanFactory.java:483)
	at org.springframework.beans.factory.support.AbstractBeanFactory$1.getObject(AbstractBeanFactory.java:312)
	at org.springframework.beans.factory.support.DefaultSingletonBeanRegistry.getSingleton(DefaultSingletonBeanRegistry.java:230)
	at org.springframework.beans.factory.support.AbstractBeanFactory.doGetBean(AbstractBeanFactory.java:308)
	at org.springframework.beans.factory.support.AbstractBeanFactory.getBean(AbstractBeanFactory.java:202)
	at org.springframework.beans.factory.config.DependencyDescriptor.resolveCandidate(DependencyDescriptor.java:208)
	at org.springframework.beans.factory.support.DefaultListableBeanFactory.addCandidateEntry(DefaultListableBeanFactory.java:1316)
	at org.springframework.beans.factory.support.DefaultListableBeanFactory.findAutowireCandidates(DefaultListableBeanFactory.java:1282)
	at org.springframework.beans.factory.support.DefaultListableBeanFactory.resolveMultipleBeans(DefaultListableBeanFactory.java:1205)
	at org.springframework.beans.factory.support.DefaultListableBeanFactory.doResolveDependency(DefaultListableBeanFactory.java:1096)
	at org.springframework.beans.factory.support.DefaultListableBeanFactory.resolveDependency(DefaultListableBeanFactory.java:1066)
	at org.springframework.beans.factory.support.ConstructorResolver.resolveAutowiredArgument(ConstructorResolver.java:835)
	at org.springframework.beans.factory.support.ConstructorResolver.createArgumentArray(ConstructorResolver.java:741)
	at org.springframework.beans.factory.support.ConstructorResolver.instantiateUsingFactoryMethod(ConstructorResolver.java:467)
	at org.springframework.beans.factory.support.AbstractAutowireCapableBeanFactory.instantiateUsingFactoryMethod(AbstractAutowireCapableBeanFactory.java:1181)
	at org.springframework.beans.factory.support.AbstractAutowireCapableBeanFactory.createBeanInstance(AbstractAutowireCapableBeanFactory.java:1075)
	at org.springframework.beans.factory.support.AbstractAutowireCapableBeanFactory.doCreateBean(AbstractAutowireCapableBeanFactory.java:513)
	at org.springframework.beans.factory.support.AbstractAutowireCapableBeanFactory.createBean(AbstractAutowireCapableBeanFactory.java:483)
	at org.springframework.beans.factory.support.AbstractBeanFactory$1.getObject(AbstractBeanFactory.java:312)
	at org.springframework.beans.factory.support.DefaultSingletonBeanRegistry.getSingleton(DefaultSingletonBeanRegistry.java:230)
	at org.springframework.beans.factory.support.AbstractBeanFactory.doGetBean(AbstractBeanFactory.java:308)
	at org.springframework.beans.factory.support.AbstractBeanFactory.getBean(AbstractBeanFactory.java:202)
	at org.springframework.beans.factory.support.DefaultListableBeanFactory.getBeansOfType(DefaultListableBeanFactory.java:519)
	at org.springframework.beans.factory.support.DefaultListableBeanFactory.getBeansOfType(DefaultListableBeanFactory.java:508)
	at org.springframework.context.support.AbstractApplicationContext.getBeansOfType(AbstractApplicationContext.java:1189)
	at org.springframework.beans.factory.BeanFactoryUtils.beansOfTypeIncludingAncestors(BeanFactoryUtils.java:240)
	at org.springframework.boot.actuate.endpoint.mvc.MvcEndpoints.afterPropertiesSet(MvcEndpoints.java:64)
	at org.springframework.beans.factory.support.AbstractAutowireCapableBeanFactory.invokeInitMethods(AbstractAutowireCapableBeanFactory.java:1692)
	at org.springframework.beans.factory.support.AbstractAutowireCapableBeanFactory.initializeBean(AbstractAutowireCapableBeanFactory.java:1630)
	at org.springframework.beans.factory.support.AbstractAutowireCapableBeanFactory.doCreateBean(AbstractAutowireCapableBeanFactory.java:555)
	at org.springframework.beans.factory.support.AbstractAutowireCapableBeanFactory.createBean(AbstractAutowireCapableBeanFactory.java:483)
	at org.springframework.beans.factory.support.AbstractBeanFactory$1.getObject(AbstractBeanFactory.java:312)
	at org.springframework.beans.factory.support.DefaultSingletonBeanRegistry.getSingleton(DefaultSingletonBeanRegistry.java:230)
	at org.springframework.beans.factory.support.AbstractBeanFactory.doGetBean(AbstractBeanFactory.java:308)
	at org.springframework.beans.factory.support.AbstractBeanFactory.getBean(AbstractBeanFactory.java:197)
	at org.springframework.context.annotation.ConfigurationClassEnhancer$BeanMethodInterceptor.obtainBeanInstanceFromFactory(ConfigurationClassEnhancer.java:389)
	at org.springframework.context.annotation.ConfigurationClassEnhancer$BeanMethodInterceptor.intercept(ConfigurationClassEnhancer.java:361)
	at org.springframework.boot.actuate.autoconfigure.EndpointWebMvcManagementContextConfiguration$$EnhancerBySpringCGLIB$$296c71c0.mvcEndpoints(<generated>)
	at org.springframework.boot.actuate.autoconfigure.EndpointWebMvcManagementContextConfiguration.endpointHandlerMapping(EndpointWebMvcManagementContextConfiguration.java:99)
	at org.springframework.boot.actuate.autoconfigure.EndpointWebMvcManagementContextConfiguration$$EnhancerBySpringCGLIB$$296c71c0.CGLIB$endpointHandlerMapping$2(<generated>)
	at org.springframework.boot.actuate.autoconfigure.EndpointWebMvcManagementContextConfiguration$$EnhancerBySpringCGLIB$$296c71c0$$FastClassBySpringCGLIB$$79d323a4.invoke(<generated>)
	at org.springframework.cglib.proxy.MethodProxy.invokeSuper(MethodProxy.java:228)
	at org.springframework.context.annotation.ConfigurationClassEnhancer$BeanMethodInterceptor.intercept(ConfigurationClassEnhancer.java:358)
	at org.springframework.boot.actuate.autoconfigure.EndpointWebMvcManagementContextConfiguration$$EnhancerBySpringCGLIB$$296c71c0.endpointHandlerMapping(<generated>)
	at sun.reflect.NativeMethodAccessorImpl.invoke0(Native Method)
	at sun.reflect.NativeMethodAccessorImpl.invoke(NativeMethodAccessorImpl.java:62)
	at sun.reflect.DelegatingMethodAccessorImpl.invoke(DelegatingMethodAccessorImpl.java:43)
	at java.lang.reflect.Method.invoke(Method.java:497)
	at org.springframework.beans.factory.support.SimpleInstantiationStrategy.instantiate(SimpleInstantiationStrategy.java:162)
	at org.springframework.beans.factory.support.ConstructorResolver.instantiateUsingFactoryMethod(ConstructorResolver.java:588)
	at org.springframework.beans.factory.support.AbstractAutowireCapableBeanFactory.instantiateUsingFactoryMethod(AbstractAutowireCapableBeanFactory.java:1181)
	at org.springframework.beans.factory.support.AbstractAutowireCapableBeanFactory.createBeanInstance(AbstractAutowireCapableBeanFactory.java:1075)
	at org.springframework.beans.factory.support.AbstractAutowireCapableBeanFactory.doCreateBean(AbstractAutowireCapableBeanFactory.java:513)
	at org.springframework.beans.factory.support.AbstractAutowireCapableBeanFactory.createBean(AbstractAutowireCapableBeanFactory.java:483)
	at org.springframework.beans.factory.support.AbstractBeanFactory$1.getObject(AbstractBeanFactory.java:312)
	at org.springframework.beans.factory.support.DefaultSingletonBeanRegistry.getSingleton(DefaultSingletonBeanRegistry.java:230)
	at org.springframework.beans.factory.support.AbstractBeanFactory.doGetBean(AbstractBeanFactory.java:308)
	at org.springframework.beans.factory.support.AbstractBeanFactory.getBean(AbstractBeanFactory.java:202)
	at org.springframework.beans.factory.config.DependencyDescriptor.resolveCandidate(DependencyDescriptor.java:208)
	at org.springframework.beans.factory.support.DefaultListableBeanFactory.addCandidateEntry(DefaultListableBeanFactory.java:1316)
	at org.springframework.beans.factory.support.DefaultListableBeanFactory.findAutowireCandidates(DefaultListableBeanFactory.java:1282)
	at org.springframework.beans.factory.support.DefaultListableBeanFactory.resolveMultipleBeans(DefaultListableBeanFactory.java:1180)
	at org.springframework.beans.factory.support.DefaultListableBeanFactory.doResolveDependency(DefaultListableBeanFactory.java:1096)
	at org.springframework.beans.factory.support.DefaultListableBeanFactory.resolveDependency(DefaultListableBeanFactory.java:1066)
	at org.springframework.beans.factory.support.ConstructorResolver.resolveAutowiredArgument(ConstructorResolver.java:835)
	at org.springframework.beans.factory.support.ConstructorResolver.createArgumentArray(ConstructorResolver.java:741)
	at org.springframework.beans.factory.support.ConstructorResolver.autowireConstructor(ConstructorResolver.java:189)
	at org.springframework.beans.factory.support.AbstractAutowireCapableBeanFactory.autowireConstructor(AbstractAutowireCapableBeanFactory.java:1201)
	at org.springframework.beans.factory.support.AbstractAutowireCapableBeanFactory.createBeanInstance(AbstractAutowireCapableBeanFactory.java:1103)
	at org.springframework.beans.factory.support.AbstractAutowireCapableBeanFactory.doCreateBean(AbstractAutowireCapableBeanFactory.java:513)
	at org.springframework.beans.factory.support.AbstractAutowireCapableBeanFactory.createBean(AbstractAutowireCapableBeanFactory.java:483)
	at org.springframework.beans.factory.support.AbstractBeanFactory$1.getObject(AbstractBeanFactory.java:312)
	at org.springframework.beans.factory.support.DefaultSingletonBeanRegistry.getSingleton(DefaultSingletonBeanRegistry.java:230)
	at org.springframework.beans.factory.support.AbstractBeanFactory.doGetBean(AbstractBeanFactory.java:308)
	at org.springframework.beans.factory.support.AbstractBeanFactory.getBean(AbstractBeanFactory.java:202)
	at org.springframework.beans.factory.config.DependencyDescriptor.resolveCandidate(DependencyDescriptor.java:208)
	at org.springframework.beans.factory.support.DefaultListableBeanFactory.addCandidateEntry(DefaultListableBeanFactory.java:1316)
	at org.springframework.beans.factory.support.DefaultListableBeanFactory.findAutowireCandidates(DefaultListableBeanFactory.java:1282)
	at org.springframework.beans.factory.support.DefaultListableBeanFactory.resolveMultipleBeans(DefaultListableBeanFactory.java:1180)
	at org.springframework.beans.factory.support.DefaultListableBeanFactory.doResolveDependency(DefaultListableBeanFactory.java:1096)
	at org.springframework.beans.factory.support.DefaultListableBeanFactory.resolveDependency(DefaultListableBeanFactory.java:1066)
	at org.springframework.beans.factory.support.ConstructorResolver.resolveAutowiredArgument(ConstructorResolver.java:835)
	at org.springframework.beans.factory.support.ConstructorResolver.createArgumentArray(ConstructorResolver.java:741)
	at org.springframework.beans.factory.support.ConstructorResolver.autowireConstructor(ConstructorResolver.java:189)
	at org.springframework.beans.factory.support.AbstractAutowireCapableBeanFactory.autowireConstructor(AbstractAutowireCapableBeanFactory.java:1201)
	at org.springframework.beans.factory.support.AbstractAutowireCapableBeanFactory.createBeanInstance(AbstractAutowireCapableBeanFactory.java:1103)
	at org.springframework.beans.factory.support.AbstractAutowireCapableBeanFactory.doCreateBean(AbstractAutowireCapableBeanFactory.java:513)
	at org.springframework.beans.factory.support.AbstractAutowireCapableBeanFactory.createBean(AbstractAutowireCapableBeanFactory.java:483)
	at org.springframework.beans.factory.support.AbstractBeanFactory$1.getObject(AbstractBeanFactory.java:312)
	at org.springframework.beans.factory.support.DefaultSingletonBeanRegistry.getSingleton(DefaultSingletonBeanRegistry.java:230)
	at org.springframework.beans.factory.support.AbstractBeanFactory.doGetBean(AbstractBeanFactory.java:308)
	at org.springframework.beans.factory.support.AbstractBeanFactory.getBean(AbstractBeanFactory.java:197)
	at org.springframework.beans.factory.support.DefaultListableBeanFactory.preInstantiateSingletons(DefaultListableBeanFactory.java:761)
	at org.springframework.context.support.AbstractApplicationContext.finishBeanFactoryInitialization(AbstractApplicationContext.java:866)
	at org.springframework.context.support.AbstractApplicationContext.refresh(AbstractApplicationContext.java:542)
	at org.springframework.boot.SpringApplication.refresh(SpringApplication.java:693)
	at org.springframework.boot.SpringApplication.refreshContext(SpringApplication.java:360)
	at org.springframework.boot.SpringApplication.run(SpringApplication.java:303)
	at org.springframework.boot.test.context.SpringBootContextLoader.loadContext(SpringBootContextLoader.java:121)
	at org.springframework.test.context.cache.DefaultCacheAwareContextLoaderDelegate.loadContextInternal(DefaultCacheAwareContextLoaderDelegate.java:98)
	at org.springframework.test.context.cache.DefaultCacheAwareContextLoaderDelegate.loadContext(DefaultCacheAwareContextLoaderDelegate.java:116)
	at org.springframework.test.context.support.DefaultTestContext.getApplicationContext(DefaultTestContext.java:83)
	at org.springframework.test.context.web.ServletTestExecutionListener.setUpRequestContextIfNecessary(ServletTestExecutionListener.java:189)
	at org.springframework.test.context.web.ServletTestExecutionListener.prepareTestInstance(ServletTestExecutionListener.java:131)
	at org.springframework.test.context.TestContextManager.prepareTestInstance(TestContextManager.java:230)
	at org.springframework.test.context.junit4.SpringJUnit4ClassRunner.createTest(SpringJUnit4ClassRunner.java:228)
	at org.springframework.test.context.junit4.SpringJUnit4ClassRunner$1.runReflectiveCall(SpringJUnit4ClassRunner.java:287)
	at org.junit.internal.runners.model.ReflectiveCallable.run(ReflectiveCallable.java:12)
	at org.springframework.test.context.junit4.SpringJUnit4ClassRunner.methodBlock(SpringJUnit4ClassRunner.java:289)
	at org.springframework.test.context.junit4.SpringJUnit4ClassRunner.runChild(SpringJUnit4ClassRunner.java:247)
	at org.springframework.test.context.junit4.SpringJUnit4ClassRunner.runChild(SpringJUnit4ClassRunner.java:94)
	at org.junit.runners.ParentRunner$3.run(ParentRunner.java:290)
	at org.junit.runners.ParentRunner$1.schedule(ParentRunner.java:71)
	at org.junit.runners.ParentRunner.runChildren(ParentRunner.java:288)
	at org.junit.runners.ParentRunner.access$000(ParentRunner.java:58)
	at org.junit.runners.ParentRunner$2.evaluate(ParentRunner.java:268)
	at org.springframework.test.context.junit4.statements.RunBeforeTestClassCallbacks.evaluate(RunBeforeTestClassCallbacks.java:61)
	at org.springframework.test.context.junit4.statements.RunAfterTestClassCallbacks.evaluate(RunAfterTestClassCallbacks.java:70)
	at org.junit.runners.ParentRunner.run(ParentRunner.java:363)
	at org.springframework.test.context.junit4.SpringJUnit4ClassRunner.run(SpringJUnit4ClassRunner.java:191)
	at org.apache.maven.surefire.junit4.JUnit4Provider.execute(JUnit4Provider.java:283)
	at org.apache.maven.surefire.junit4.JUnit4Provider.executeWithRerun(JUnit4Provider.java:173)
	at org.apache.maven.surefire.junit4.JUnit4Provider.executeTestSet(JUnit4Provider.java:153)
	at org.apache.maven.surefire.junit4.JUnit4Provider.invoke(JUnit4Provider.java:128)
	at org.apache.maven.surefire.booter.ForkedBooter.invokeProviderInSameClassLoader(ForkedBooter.java:203)
	at org.apache.maven.surefire.booter.ForkedBooter.runSuitesInProcess(ForkedBooter.java:155)
	at org.apache.maven.surefire.booter.ForkedBooter.main(ForkedBooter.java:103)
Caused by: java.net.UnknownHostException: paascloud-db-mysql
	at java.net.Inet6AddressImpl.lookupAllHostAddr(Native Method)
	at java.net.InetAddress$2.lookupAllHostAddr(InetAddress.java:928)
	at java.net.InetAddress.getAddressesFromNameService(InetAddress.java:1323)
	at java.net.InetAddress.getAllByName0(InetAddress.java:1276)
	at java.net.InetAddress.getAllByName(InetAddress.java:1192)
	at java.net.InetAddress.getAllByName(InetAddress.java:1126)
	at com.mysql.jdbc.StandardSocketFactory.connect(StandardSocketFactory.java:188)
	at com.mysql.jdbc.MysqlIO.<init>(MysqlIO.java:300)
	at com.mysql.jdbc.ConnectionImpl.coreConnect(ConnectionImpl.java:2251)
	at com.mysql.jdbc.ConnectionImpl.connectOneTryOnly(ConnectionImpl.java:2284)
	at com.mysql.jdbc.ConnectionImpl.createNewIO(ConnectionImpl.java:2083)
	at com.mysql.jdbc.ConnectionImpl.<init>(ConnectionImpl.java:806)
	at com.mysql.jdbc.JDBC4Connection.<init>(JDBC4Connection.java:47)
	at sun.reflect.NativeConstructorAccessorImpl.newInstance0(Native Method)
	at sun.reflect.NativeConstructorAccessorImpl.newInstance(NativeConstructorAccessorImpl.java:62)
	at sun.reflect.DelegatingConstructorAccessorImpl.newInstance(DelegatingConstructorAccessorImpl.java:45)
	at java.lang.reflect.Constructor.newInstance(Constructor.java:422)
	at com.mysql.jdbc.Util.handleNewInstance(Util.java:404)
	at com.mysql.jdbc.ConnectionImpl.getInstance(ConnectionImpl.java:410)
	at com.mysql.jdbc.NonRegisteringDriver.connect(NonRegisteringDriver.java:328)
	at com.alibaba.druid.filter.FilterChainImpl.connection_connect(FilterChainImpl.java:148)
	at com.alibaba.druid.filter.stat.StatFilter.connection_connect(StatFilter.java:220)
	at com.alibaba.druid.filter.FilterChainImpl.connection_connect(FilterChainImpl.java:142)
	at com.alibaba.druid.pool.DruidAbstractDataSource.createPhysicalConnection(DruidAbstractDataSource.java:1463)
	at com.alibaba.druid.pool.DruidAbstractDataSource.createPhysicalConnection(DruidAbstractDataSource.java:1525)
	at com.alibaba.druid.pool.DruidDataSource.init(DruidDataSource.java:734)
	at com.alibaba.druid.pool.DruidDataSource.getConnection(DruidDataSource.java:1060)
	at com.alibaba.druid.pool.DruidDataSource.getConnection(DruidDataSource.java:1056)
	at com.alibaba.druid.pool.DruidDataSource.getConnection(DruidDataSource.java:104)
	at liquibase.integration.spring.SpringLiquibase.afterPropertiesSet(SpringLiquibase.java:385)
	at org.springframework.beans.factory.support.AbstractAutowireCapableBeanFactory.invokeInitMethods(AbstractAutowireCapableBeanFactory.java:1692)
	at org.springframework.beans.factory.support.AbstractAutowireCapableBeanFactory.initializeBean(AbstractAutowireCapableBeanFactory.java:1630)
	at org.springframework.beans.factory.support.AbstractAutowireCapableBeanFactory.doCreateBean(AbstractAutowireCapableBeanFactory.java:555)
	at org.springframework.beans.factory.support.AbstractAutowireCapableBeanFactory.createBean(AbstractAutowireCapableBeanFactory.java:483)
	at org.springframework.beans.factory.support.AbstractBeanFactory$1.getObject(AbstractBeanFactory.java:312)
	at org.springframework.beans.factory.support.DefaultSingletonBeanRegistry.getSingleton(DefaultSingletonBeanRegistry.java:230)
	at org.springframework.beans.factory.support.AbstractBeanFactory.doGetBean(AbstractBeanFactory.java:308)
	at org.springframework.beans.factory.support.AbstractBeanFactory.getBean(AbstractBeanFactory.java:202)
	at org.springframework.beans.factory.config.DependencyDescriptor.resolveCandidate(DependencyDescriptor.java:208)
	at org.springframework.beans.factory.support.DefaultListableBeanFactory.addCandidateEntry(DefaultListableBeanFactory.java:1316)
	at org.springframework.beans.factory.support.DefaultListableBeanFactory.findAutowireCandidates(DefaultListableBeanFactory.java:1282)
	at org.springframework.beans.factory.support.DefaultListableBeanFactory.resolveMultipleBeans(DefaultListableBeanFactory.java:1205)
	at org.springframework.beans.factory.support.DefaultListableBeanFactory.doResolveDependency(DefaultListableBeanFactory.java:1096)
	at org.springframework.beans.factory.support.DefaultListableBeanFactory.resolveDependency(DefaultListableBeanFactory.java:1066)
	at org.springframework.beans.factory.support.ConstructorResolver.resolveAutowiredArgument(ConstructorResolver.java:835)
	at org.springframework.beans.factory.support.ConstructorResolver.createArgumentArray(ConstructorResolver.java:741)
	at org.springframework.beans.factory.support.ConstructorResolver.instantiateUsingFactoryMethod(ConstructorResolver.java:467)
	at org.springframework.beans.factory.support.AbstractAutowireCapableBeanFactory.instantiateUsingFactoryMethod(AbstractAutowireCapableBeanFactory.java:1181)
	at org.springframework.beans.factory.support.AbstractAutowireCapableBeanFactory.createBeanInstance(AbstractAutowireCapableBeanFactory.java:1075)
	at org.springframework.beans.factory.support.AbstractAutowireCapableBeanFactory.doCreateBean(AbstractAutowireCapableBeanFactory.java:513)
	at org.springframework.beans.factory.support.AbstractAutowireCapableBeanFactory.createBean(AbstractAutowireCapableBeanFactory.java:483)
	at org.springframework.beans.factory.support.AbstractBeanFactory$1.getObject(AbstractBeanFactory.java:312)
	at org.springframework.beans.factory.support.DefaultSingletonBeanRegistry.getSingleton(DefaultSingletonBeanRegistry.java:230)
	at org.springframework.beans.factory.support.AbstractBeanFactory.doGetBean(AbstractBeanFactory.java:308)
	at org.springframework.beans.factory.support.AbstractBeanFactory.getBean(AbstractBeanFactory.java:202)
	at org.springframework.beans.factory.support.DefaultListableBeanFactory.getBeansOfType(DefaultListableBeanFactory.java:519)
	at org.springframework.beans.factory.support.DefaultListableBeanFactory.getBeansOfType(DefaultListableBeanFactory.java:508)
	at org.springframework.context.support.AbstractApplicationContext.getBeansOfType(AbstractApplicationContext.java:1189)
	at org.springframework.beans.factory.BeanFactoryUtils.beansOfTypeIncludingAncestors(BeanFactoryUtils.java:240)
	at org.springframework.boot.actuate.endpoint.mvc.MvcEndpoints.afterPropertiesSet(MvcEndpoints.java:64)
	at org.springframework.beans.factory.support.AbstractAutowireCapableBeanFactory.invokeInitMethods(AbstractAutowireCapableBeanFactory.java:1692)
	at org.springframework.beans.factory.support.AbstractAutowireCapableBeanFactory.initializeBean(AbstractAutowireCapableBeanFactory.java:1630)
	at org.springframework.beans.factory.support.AbstractAutowireCapableBeanFactory.doCreateBean(AbstractAutowireCapableBeanFactory.java:555)
	at org.springframework.beans.factory.support.AbstractAutowireCapableBeanFactory.createBean(AbstractAutowireCapableBeanFactory.java:483)
	at org.springframework.beans.factory.support.AbstractBeanFactory$1.getObject(AbstractBeanFactory.java:312)
	at org.springframework.beans.factory.support.DefaultSingletonBeanRegistry.getSingleton(DefaultSingletonBeanRegistry.java:230)
	at org.springframework.beans.factory.support.AbstractBeanFactory.doGetBean(AbstractBeanFactory.java:308)
	at org.springframework.beans.factory.support.AbstractBeanFactory.getBean(AbstractBeanFactory.java:197)
	at org.springframework.context.annotation.ConfigurationClassEnhancer$BeanMethodInterceptor.obtainBeanInstanceFromFactory(ConfigurationClassEnhancer.java:389)
	at org.springframework.context.annotation.ConfigurationClassEnhancer$BeanMethodInterceptor.intercept(ConfigurationClassEnhancer.java:361)
	at org.springframework.boot.actuate.autoconfigure.EndpointWebMvcManagementContextConfiguration$$EnhancerBySpringCGLIB$$296c71c0.mvcEndpoints(<generated>)
	at org.springframework.boot.actuate.autoconfigure.EndpointWebMvcManagementContextConfiguration.endpointHandlerMapping(EndpointWebMvcManagementContextConfiguration.java:99)
	at org.springframework.boot.actuate.autoconfigure.EndpointWebMvcManagementContextConfiguration$$EnhancerBySpringCGLIB$$296c71c0.CGLIB$endpointHandlerMapping$2(<generated>)
	at org.springframework.boot.actuate.autoconfigure.EndpointWebMvcManagementContextConfiguration$$EnhancerBySpringCGLIB$$296c71c0$$FastClassBySpringCGLIB$$79d323a4.invoke(<generated>)
	at org.springframework.cglib.proxy.MethodProxy.invokeSuper(MethodProxy.java:228)
	at org.springframework.context.annotation.ConfigurationClassEnhancer$BeanMethodInterceptor.intercept(ConfigurationClassEnhancer.java:358)
	at org.springframework.boot.actuate.autoconfigure.EndpointWebMvcManagementContextConfiguration$$EnhancerBySpringCGLIB$$296c71c0.endpointHandlerMapping(<generated>)
	at sun.reflect.NativeMethodAccessorImpl.invoke0(Native Method)
	at sun.reflect.NativeMethodAccessorImpl.invoke(NativeMethodAccessorImpl.java:62)
	at sun.reflect.DelegatingMethodAccessorImpl.invoke(DelegatingMethodAccessorImpl.java:43)
	at java.lang.reflect.Method.invoke(Method.java:497)
	at org.springframework.beans.factory.support.SimpleInstantiationStrategy.instantiate(SimpleInstantiationStrategy.java:162)
	at org.springframework.beans.factory.support.ConstructorResolver.instantiateUsingFactoryMethod(ConstructorResolver.java:588)
	at org.springframework.beans.factory.support.AbstractAutowireCapableBeanFactory.instantiateUsingFactoryMethod(AbstractAutowireCapableBeanFactory.java:1181)
	at org.springframework.beans.factory.support.AbstractAutowireCapableBeanFactory.createBeanInstance(AbstractAutowireCapableBeanFactory.java:1075)
	at org.springframework.beans.factory.support.AbstractAutowireCapableBeanFactory.doCreateBean(AbstractAutowireCapableBeanFactory.java:513)
	at org.springframework.beans.factory.support.AbstractAutowireCapableBeanFactory.createBean(AbstractAutowireCapableBeanFactory.java:483)
	at org.springframework.beans.factory.support.AbstractBeanFactory$1.getObject(AbstractBeanFactory.java:312)
	at org.springframework.beans.factory.support.DefaultSingletonBeanRegistry.getSingleton(DefaultSingletonBeanRegistry.java:230)
	at org.springframework.beans.factory.support.AbstractBeanFactory.doGetBean(AbstractBeanFactory.java:308)
	at org.springframework.beans.factory.support.AbstractBeanFactory.getBean(AbstractBeanFactory.java:202)
	at org.springframework.beans.factory.config.DependencyDescriptor.resolveCandidate(DependencyDescriptor.java:208)
	at org.springframework.beans.factory.support.DefaultListableBeanFactory.addCandidateEntry(DefaultListableBeanFactory.java:1316)
	at org.springframework.beans.factory.support.DefaultListableBeanFactory.findAutowireCandidates(DefaultListableBeanFactory.java:1282)
	at org.springframework.beans.factory.support.DefaultListableBeanFactory.resolveMultipleBeans(DefaultListableBeanFactory.java:1180)
	at org.springframework.beans.factory.support.DefaultListableBeanFactory.doResolveDependency(DefaultListableBeanFactory.java:1096)
	at org.springframework.beans.factory.support.DefaultListableBeanFactory.resolveDependency(DefaultListableBeanFactory.java:1066)
	at org.springframework.beans.factory.support.ConstructorResolver.resolveAutowiredArgument(ConstructorResolver.java:835)
	at org.springframework.beans.factory.support.ConstructorResolver.createArgumentArray(ConstructorResolver.java:741)
	at org.springframework.beans.factory.support.ConstructorResolver.autowireConstructor(ConstructorResolver.java:189)
	at org.springframework.beans.factory.support.AbstractAutowireCapableBeanFactory.autowireConstructor(AbstractAutowireCapableBeanFactory.java:1201)
	at org.springframework.beans.factory.support.AbstractAutowireCapableBeanFactory.createBeanInstance(AbstractAutowireCapableBeanFactory.java:1103)
	at org.springframework.beans.factory.support.AbstractAutowireCapableBeanFactory.doCreateBean(AbstractAutowireCapableBeanFactory.java:513)
	at org.springframework.beans.factory.support.AbstractAutowireCapableBeanFactory.createBean(AbstractAutowireCapableBeanFactory.java:483)
	at org.springframework.beans.factory.support.AbstractBeanFactory$1.getObject(AbstractBeanFactory.java:312)
	at org.springframework.beans.factory.support.DefaultSingletonBeanRegistry.getSingleton(DefaultSingletonBeanRegistry.java:230)
	at org.springframework.beans.factory.support.AbstractBeanFactory.doGetBean(AbstractBeanFactory.java:308)
	at org.springframework.beans.factory.support.AbstractBeanFactory.getBean(AbstractBeanFactory.java:202)
	at org.springframework.beans.factory.config.DependencyDescriptor.resolveCandidate(DependencyDescriptor.java:208)
	at org.springframework.beans.factory.support.DefaultListableBeanFactory.addCandidateEntry(DefaultListableBeanFactory.java:1316)
	at org.springframework.beans.factory.support.DefaultListableBeanFactory.findAutowireCandidates(DefaultListableBeanFactory.java:1282)
	at org.springframework.beans.factory.support.DefaultListableBeanFactory.resolveMultipleBeans(DefaultListableBeanFactory.java:1180)
	at org.springframework.beans.factory.support.DefaultListableBeanFactory.doResolveDependency(DefaultListableBeanFactory.java:1096)
	at org.springframework.beans.factory.support.DefaultListableBeanFactory.resolveDependency(DefaultListableBeanFactory.java:1066)
	at org.springframework.beans.factory.support.ConstructorResolver.resolveAutowiredArgument(ConstructorResolver.java:835)
	at org.springframework.beans.factory.support.ConstructorResolver.createArgumentArray(ConstructorResolver.java:741)
	at org.springframework.beans.factory.support.ConstructorResolver.autowireConstructor(ConstructorResolver.java:189)
	at org.springframework.beans.factory.support.AbstractAutowireCapableBeanFactory.autowireConstructor(AbstractAutowireCapableBeanFactory.java:1201)
	at org.springframework.beans.factory.support.AbstractAutowireCapableBeanFactory.createBeanInstance(AbstractAutowireCapableBeanFactory.java:1103)
	at org.springframework.beans.factory.support.AbstractAutowireCapableBeanFactory.doCreateBean(AbstractAutowireCapableBeanFactory.java:513)
	at org.springframework.beans.factory.support.AbstractAutowireCapableBeanFactory.createBean(AbstractAutowireCapableBeanFactory.java:483)
	at org.springframework.beans.factory.support.AbstractBeanFactory$1.getObject(AbstractBeanFactory.java:312)
	at org.springframework.beans.factory.support.DefaultSingletonBeanRegistry.getSingleton(DefaultSingletonBeanRegistry.java:230)
	at org.springframework.beans.factory.support.AbstractBeanFactory.doGetBean(AbstractBeanFactory.java:308)
	at org.springframework.beans.factory.support.AbstractBeanFactory.getBean(AbstractBeanFactory.java:197)
	at org.springframework.beans.factory.support.DefaultListableBeanFactory.preInstantiateSingletons(DefaultListableBeanFactory.java:761)
	at org.springframework.context.support.AbstractApplicationContext.finishBeanFactoryInitialization(AbstractApplicationContext.java:866)
	at org.springframework.context.support.AbstractApplicationContext.refresh(AbstractApplicationContext.java:542)
	at org.springframework.boot.SpringApplication.refresh(SpringApplication.java:693)
	at org.springframework.boot.SpringApplication.refreshContext(SpringApplication.java:360)
	at org.springframework.boot.SpringApplication.run(SpringApplication.java:303)
	at org.springframework.boot.test.context.SpringBootContextLoader.loadContext(SpringBootContextLoader.java:121)
	at org.springframework.test.context.cache.DefaultCacheAwareContextLoaderDelegate.loadContextInternal(DefaultCacheAwareContextLoaderDelegate.java:98)
	at org.springframework.test.context.cache.DefaultCacheAwareContextLoaderDelegate.loadContext(DefaultCacheAwareContextLoaderDelegate.java:116)
	at org.springframework.test.context.support.DefaultTestContext.getApplicationContext(DefaultTestContext.java:83)
	at org.springframework.test.context.web.ServletTestExecutionListener.setUpRequestContextIfNecessary(ServletTestExecutionListener.java:189)
	at org.springframework.test.context.web.ServletTestExecutionListener.prepareTestInstance(ServletTestExecutionListener.java:131)
	at org.springframework.test.context.TestContextManager.prepareTestInstance(TestContextManager.java:230)
	at org.springframework.test.context.junit4.SpringJUnit4ClassRunner.createTest(SpringJUnit4ClassRunner.java:228)
	at org.springframework.test.context.junit4.SpringJUnit4ClassRunner$1.runReflectiveCall(SpringJUnit4ClassRunner.java:287)
	at org.junit.internal.runners.model.ReflectiveCallable.run(ReflectiveCallable.java:12)
	at org.springframework.test.context.junit4.SpringJUnit4ClassRunner.methodBlock(SpringJUnit4ClassRunner.java:289)
	at org.springframework.test.context.junit4.SpringJUnit4ClassRunner.runChild(SpringJUnit4ClassRunner.java:247)
	at org.springframework.test.context.junit4.SpringJUnit4ClassRunner.runChild(SpringJUnit4ClassRunner.java:94)
	at org.junit.runners.ParentRunner$3.run(ParentRunner.java:290)
	at org.junit.runners.ParentRunner$1.schedule(ParentRunner.java:71)
	at org.junit.runners.ParentRunner.runChildren(ParentRunner.java:288)
	at org.junit.runners.ParentRunner.access$000(ParentRunner.java:58)
	at org.junit.runners.ParentRunner$2.evaluate(ParentRunner.java:268)
	at org.springframework.test.context.junit4.statements.RunBeforeTestClassCallbacks.evaluate(RunBeforeTestClassCallbacks.java:61)
	at org.springframework.test.context.junit4.statements.RunAfterTestClassCallbacks.evaluate(RunAfterTestClassCallbacks.java:70)
	at org.junit.runners.ParentRunner.run(ParentRunner.java:363)
	at org.springframework.test.context.junit4.SpringJUnit4ClassRunner.run(SpringJUnit4ClassRunner.java:191)
	at org.apache.maven.surefire.junit4.JUnit4Provider.execute(JUnit4Provider.java:283)
	at org.apache.maven.surefire.junit4.JUnit4Provider.executeWithRerun(JUnit4Provider.java:173)
	at org.apache.maven.surefire.junit4.JUnit4Provider.executeTestSet(JUnit4Provider.java:153)
	at org.apache.maven.surefire.junit4.JUnit4Provider.invoke(JUnit4Provider.java:128)
	at org.apache.maven.surefire.booter.ForkedBooter.invokeProviderInSameClassLoader(ForkedBooter.java:203)
	at org.apache.maven.surefire.booter.ForkedBooter.runSuitesInProcess(ForkedBooter.java:155)
	at org.apache.maven.surefire.booter.ForkedBooter.main(ForkedBooter.java:103)
]]></error>
    <system-out><![CDATA[16:15:08.194 [main] DEBUG org.springframework.test.context.junit4.SpringJUnit4ClassRunner - SpringJUnit4ClassRunner constructor called with [class com.paascloud.provider.PaasCloudUacApplicationTests]
16:15:08.211 [main] DEBUG org.springframework.test.context.BootstrapUtils - Instantiating CacheAwareContextLoaderDelegate from class [org.springframework.test.context.cache.DefaultCacheAwareContextLoaderDelegate]
16:15:08.242 [main] DEBUG org.springframework.test.context.BootstrapUtils - Instantiating BootstrapContext using constructor [public org.springframework.test.context.support.DefaultBootstrapContext(java.lang.Class,org.springframework.test.context.CacheAwareContextLoaderDelegate)]
16:15:08.292 [main] DEBUG org.springframework.test.context.BootstrapUtils - Instantiating TestContextBootstrapper for test class [com.paascloud.provider.PaasCloudUacApplicationTests] from class [org.springframework.boot.test.context.SpringBootTestContextBootstrapper]
16:15:08.332 [main] INFO org.springframework.boot.test.context.SpringBootTestContextBootstrapper - Neither @ContextConfiguration nor @ContextHierarchy found for test class [com.paascloud.provider.PaasCloudUacApplicationTests], using SpringBootContextLoader
16:15:08.343 [main] DEBUG org.springframework.test.context.support.AbstractContextLoader - Did not detect default resource location for test class [com.paascloud.provider.PaasCloudUacApplicationTests]: class path resource [com/paascloud/provider/PaasCloudUacApplicationTests-context.xml] does not exist
16:15:08.346 [main] DEBUG org.springframework.test.context.support.AbstractContextLoader - Did not detect default resource location for test class [com.paascloud.provider.PaasCloudUacApplicationTests]: class path resource [com/paascloud/provider/PaasCloudUacApplicationTestsContext.groovy] does not exist
16:15:08.346 [main] INFO org.springframework.test.context.support.AbstractContextLoader - Could not detect default resource locations for test class [com.paascloud.provider.PaasCloudUacApplicationTests]: no resource found for suffixes {-context.xml, Context.groovy}.
16:15:08.349 [main] INFO org.springframework.test.context.support.AnnotationConfigContextLoaderUtils - Could not detect default configuration classes for test class [com.paascloud.provider.PaasCloudUacApplicationTests]: PaasCloudUacApplicationTests does not declare any static, non-private, non-final, nested classes annotated with @Configuration.
16:15:08.553 [main] DEBUG org.springframework.test.context.support.ActiveProfilesUtils - Could not find an 'annotation declaring class' for annotation type [org.springframework.test.context.ActiveProfiles] and class [com.paascloud.provider.PaasCloudUacApplicationTests]
16:15:08.587 [main] DEBUG org.springframework.core.env.StandardEnvironment - Adding PropertySource 'systemProperties' with lowest search precedence
16:15:08.587 [main] DEBUG org.springframework.core.env.StandardEnvironment - Adding PropertySource 'systemEnvironment' with lowest search precedence
16:15:08.588 [main] DEBUG org.springframework.core.env.StandardEnvironment - Initialized StandardEnvironment with PropertySources [MapPropertySource@103536485 {name='systemProperties', properties={java.runtime.name=Java(TM) SE Runtime Environment, sun.boot.library.path=C:\workSoftware\Java\jdk1.8.0_73\jre\bin, java.vm.version=25.73-b02, java.vm.vendor=Oracle Corporation, java.vendor.url=http://java.oracle.com/, path.separator=;, java.vm.name=Java HotSpot(TM) 64-Bit Server VM, file.encoding.pkg=sun.io, user.country=CN, user.script=, sun.java.launcher=SUN_STANDARD, sun.os.patch.level=, java.vm.specification.name=Java Virtual Machine Specification, user.dir=C:\workproject\study\Immortalbird\paascloud-provider\paascloud-provider-uac, java.runtime.version=1.8.0_73-b02, basedir=C:\workproject\study\Immortalbird\paascloud-provider\paascloud-provider-uac, java.awt.graphicsenv=sun.awt.Win32GraphicsEnvironment, java.endorsed.dirs=C:\workSoftware\Java\jdk1.8.0_73\jre\lib\endorsed, os.arch=amd64, surefire.real.class.path=C:\workproject\study\Immortalbird\paascloud-provider\paascloud-provider-uac\target\surefire\surefirebooter3960685941693253513.jar, java.io.tmpdir=C:\Users\18771\AppData\Local\Temp\, line.separator=
, java.vm.specification.vendor=Oracle Corporation, user.variant=, os.name=Windows 10, sun.jnu.encoding=GBK, java.library.path=C:\workSoftware\Java\jdk1.8.0_73\jre\bin;C:\WINDOWS\Sun\Java\bin;C:\WINDOWS\system32;C:\WINDOWS;C:\Users\18771\bin;C:\Program Files\Git\mingw64\bin;C:\Program Files\Git\usr\local\bin;C:\Program Files\Git\usr\bin;C:\Program Files\Git\usr\bin;C:\Program Files\Git\mingw64\bin;C:\Program Files\Git\usr\bin;C:\Users\18771\bin;C:\workSoftware\Anaconda3-5;C:\workSoftware\Anaconda3-5\Library\mingw-w64\bin;C:\workSoftware\Anaconda3-5\Library\usr\bin;C:\workSoftware\Anaconda3-5\Library\bin;C:\workSoftware\Anaconda3-5\Scripts;%PYTHON_HOME%;C:\ProgramData\Oracle\Java\javapath;C:\workSoftware\gradle\gradle-4.4\bin;C:\workSoftware\mysql\mysql-5.7.17-winx64\bin;C:\workSoftware\maven\apache-maven-3.2.5\bin;%CATALINA_HOME%\bin;C:\workSoftware\Java\jdk1.8.0_73\bin;C:\workSoftware\Java\jdk1.8.0_73\jre\bin;C:\WINDOWS\system32;C:\WINDOWS;C:\WINDOWS\System32\Wbem;C:\WINDOWS\System32\WindowsPowerShell\v1.0;C:\Program Files\Git\cmd;C:\Program Files\Git\mingw64\bin;C:\Program Files\Git\usr\bin;%CATALINA_HOME%\lib;C:\workSoftware\ant\apache-ant-1.10.5\bin;C:\WINDOWS\System32\OpenSSH;C:\Program Files\Pandoc;C:\Program Files\MIT\Kerberos\bin;C:\workSoftware\apache-groovy\groovy-2.5.5\bin;C:\workSoftware\grails\grails-3.3.9\bin;C:\Ruby22-x64\bin;C:\Users\18771\AppData\Local\Microsoft\WindowsApps;C:\workSoftware\docker\Docker Toolbox;C:\Program Files\Git\usr\bin\vendor_perl;C:\Program Files\Git\usr\bin\core_perl;., surefire.test.class.path=C:\workproject\study\Immortalbird\paascloud-provider\paascloud-provider-uac\target\test-classes;C:\workproject\study\Immortalbird\paascloud-provider\paascloud-provider-uac\target\classes;D:\maven\mavenWareHouseNew\mysql\mysql-connector-java\5.1.39\mysql-connector-java-5.1.39.jar;D:\maven\mavenWareHouseNew\io\jsonwebtoken\jjwt\0.7.0\jjwt-0.7.0.jar;D:\maven\mavenWareHouseNew\joda-time\joda-time\2.9.6\joda-time-2.9.6.jar;D:\maven\mavenWareHouseNew\org\mybatis\spring\boot\mybatis-spring-boot-starter\1.2.0\mybatis-spring-boot-starter-1.2.0.jar;D:\maven\mavenWareHouseNew\org\springframework\boot\spring-boot-starter\1.5.13.RELEASE\spring-boot-starter-1.5.13.RELEASE.jar;D:\maven\mavenWareHouseNew\org\springframework\boot\spring-boot-starter-logging\1.5.13.RELEASE\spring-boot-starter-logging-1.5.13.RELEASE.jar;D:\maven\mavenWareHouseNew\org\slf4j\jcl-over-slf4j\1.7.25\jcl-over-slf4j-1.7.25.jar;D:\maven\mavenWareHouseNew\org\slf4j\jul-to-slf4j\1.7.25\jul-to-slf4j-1.7.25.jar;D:\maven\mavenWareHouseNew\org\slf4j\log4j-over-slf4j\1.7.25\log4j-over-slf4j-1.7.25.jar;D:\maven\mavenWareHouseNew\org\springframework\boot\spring-boot-starter-jdbc\1.5.13.RELEASE\spring-boot-starter-jdbc-1.5.13.RELEASE.jar;D:\maven\mavenWareHouseNew\org\apache\tomcat\tomcat-jdbc\8.5.31\tomcat-jdbc-8.5.31.jar;D:\maven\mavenWareHouseNew\org\apache\tomcat\tomcat-juli\8.5.31\tomcat-juli-8.5.31.jar;D:\maven\mavenWareHouseNew\org\springframework\spring-jdbc\4.3.17.RELEASE\spring-jdbc-4.3.17.RELEASE.jar;D:\maven\mavenWareHouseNew\org\mybatis\spring\boot\mybatis-spring-boot-autoconfigure\1.2.0\mybatis-spring-boot-autoconfigure-1.2.0.jar;D:\maven\mavenWareHouseNew\org\mybatis\mybatis\3.4.2\mybatis-3.4.2.jar;D:\maven\mavenWareHouseNew\org\mybatis\mybatis-spring\1.3.1\mybatis-spring-1.3.1.jar;D:\maven\mavenWareHouseNew\tk\mybatis\mapper-spring-boot-starter\1.1.1\mapper-spring-boot-starter-1.1.1.jar;D:\maven\mavenWareHouseNew\tk\mybatis\mapper-spring-boot-autoconfigure\1.1.1\mapper-spring-boot-autoconfigure-1.1.1.jar;D:\maven\mavenWareHouseNew\tk\mybatis\mapper\3.4.0\mapper-3.4.0.jar;D:\maven\mavenWareHouseNew\javax\persistence\persistence-api\1.0\persistence-api-1.0.jar;D:\maven\mavenWareHouseNew\com\github\pagehelper\pagehelper-spring-boot-starter\1.1.2\pagehelper-spring-boot-starter-1.1.2.jar;D:\maven\mavenWareHouseNew\com\github\pagehelper\pagehelper-spring-boot-autoconfigure\1.1.2\pagehelper-spring-boot-autoconfigure-1.1.2.jar;D:\maven\mavenWareHouseNew\com\github\pagehelper\pagehelper\5.0.3\pagehelper-5.0.3.jar;D:\maven\mavenWareHouseNew\com\github\jsqlparser\jsqlparser\1.0\jsqlparser-1.0.jar;D:\maven\mavenWareHouseNew\com\alibaba\druid-spring-boot-starter\1.1.0\druid-spring-boot-starter-1.1.0.jar;D:\maven\mavenWareHouseNew\org\springframework\boot\spring-boot-autoconfigure\1.5.13.RELEASE\spring-boot-autoconfigure-1.5.13.RELEASE.jar;D:\maven\mavenWareHouseNew\com\fasterxml\jackson\core\jackson-databind\2.8.4\jackson-databind-2.8.4.jar;D:\maven\mavenWareHouseNew\com\fasterxml\jackson\core\jackson-annotations\2.8.0\jackson-annotations-2.8.0.jar;D:\maven\mavenWareHouseNew\com\fasterxml\jackson\core\jackson-core\2.8.11\jackson-core-2.8.11.jar;D:\maven\mavenWareHouseNew\com\liuzm\paascloud\provider\api\paascloud-provider-uac-api\1.0\paascloud-provider-uac-api-1.0.jar;D:\maven\mavenWareHouseNew\com\liuzm\paascloud\common\paascloud-security-feign\1.0\paascloud-security-feign-1.0.jar;D:\maven\mavenWareHouseNew\com\liuzm\paascloud\provider\api\paascloud-provider-mdc-api\1.0\paascloud-provider-mdc-api-1.0.jar;D:\maven\mavenWareHouseNew\com\liuzm\paascloud\provider\api\paascloud-provider-omc-api\1.0\paascloud-provider-omc-api-1.0.jar;D:\maven\mavenWareHouseNew\com\liuzm\paascloud\provider\api\paascloud-provider-opc-api\1.0\paascloud-provider-opc-api-1.0.jar;D:\maven\mavenWareHouseNew\io\github\openfeign\form\feign-form\3.0.3\feign-form-3.0.3.jar;D:\maven\mavenWareHouseNew\io\github\openfeign\form\feign-form-spring\3.0.3\feign-form-spring-3.0.3.jar;D:\maven\mavenWareHouseNew\com\liuzm\paascloud\provider\api\paascloud-provider-sdk-api\1.0\paascloud-provider-sdk-api-1.0.jar;D:\maven\mavenWareHouseNew\org\projectlombok\lombok\1.16.14\lombok-1.16.14.jar;D:\maven\mavenWareHouseNew\com\liuzm\paascloud\provider\api\paascloud-provider-tpc-api\1.0\paascloud-provider-tpc-api-1.0.jar;D:\maven\mavenWareHouseNew\com\liuzm\paascloud\common\paascloud-common-zk\1.0\paascloud-common-zk-1.0.jar;D:\maven\mavenWareHouseNew\org\apache\curator\curator-framework\2.10.0\curator-framework-2.10.0.jar;D:\maven\mavenWareHouseNew\org\apache\curator\curator-client\2.10.0\curator-client-2.10.0.jar;D:\maven\mavenWareHouseNew\org\apache\zookeeper\zookeeper\3.4.6\zookeeper-3.4.6.jar;D:\maven\mavenWareHouseNew\jline\jline\2.14.6\jline-2.14.6.jar;D:\maven\mavenWareHouseNew\io\netty\netty\3.7.0.Final\netty-3.7.0.Final.jar;D:\maven\mavenWareHouseNew\org\apache\curator\curator-recipes\2.10.0\curator-recipes-2.10.0.jar;D:\maven\mavenWareHouseNew\com\alibaba\fastjson\1.2.29\fastjson-1.2.29.jar;D:\maven\mavenWareHouseNew\org\aspectj\aspectjweaver\1.8.13\aspectjweaver-1.8.13.jar;D:\maven\mavenWareHouseNew\org\springframework\spring-tx\4.3.11.RELEASE\spring-tx-4.3.11.RELEASE.jar;D:\maven\mavenWareHouseNew\org\springframework\spring-beans\4.3.17.RELEASE\spring-beans-4.3.17.RELEASE.jar;D:\maven\mavenWareHouseNew\org\apache\rocketmq\rocketmq-client\4.1.0-incubating\rocketmq-client-4.1.0-incubating.jar;D:\maven\mavenWareHouseNew\org\apache\rocketmq\rocketmq-common\4.1.0-incubating\rocketmq-common-4.1.0-incubating.jar;D:\maven\mavenWareHouseNew\org\apache\rocketmq\rocketmq-remoting\4.1.0-incubating\rocketmq-remoting-4.1.0-incubating.jar;D:\maven\mavenWareHouseNew\io\netty\netty-all\4.0.56.Final\netty-all-4.0.56.Final.jar;D:\maven\mavenWareHouseNew\org\slf4j\slf4j-api\1.7.25\slf4j-api-1.7.25.jar;D:\maven\mavenWareHouseNew\org\apache\commons\commons-lang3\3.5\commons-lang3-3.5.jar;D:\maven\mavenWareHouseNew\de\codecentric\spring-boot-admin-starter-client\1.5.7\spring-boot-admin-starter-client-1.5.7.jar;D:\maven\mavenWareHouseNew\de\codecentric\spring-boot-admin-client\1.5.7\spring-boot-admin-client-1.5.7.jar;D:\maven\mavenWareHouseNew\org\springframework\boot\spring-boot-starter-freemarker\1.5.13.RELEASE\spring-boot-starter-freemarker-1.5.13.RELEASE.jar;D:\maven\mavenWareHouseNew\org\freemarker\freemarker\2.3.28\freemarker-2.3.28.jar;D:\maven\mavenWareHouseNew\org\springframework\spring-context-support\4.3.17.RELEASE\spring-context-support-4.3.17.RELEASE.jar;D:\maven\mavenWareHouseNew\org\springframework\cloud\spring-cloud-starter-feign\1.4.4.RELEASE\spring-cloud-starter-feign-1.4.4.RELEASE.jar;D:\maven\mavenWareHouseNew\org\springframework\cloud\spring-cloud-starter-openfeign\1.4.4.RELEASE\spring-cloud-starter-openfeign-1.4.4.RELEASE.jar;D:\maven\mavenWareHouseNew\io\github\openfeign\feign-core\9.5.0\feign-core-9.5.0.jar;D:\maven\mavenWareHouseNew\org\jvnet\animal-sniffer-annotation\1.0\animal-sniffer-annotation-1.0.jar;D:\maven\mavenWareHouseNew\io\github\openfeign\feign-slf4j\9.5.0\feign-slf4j-9.5.0.jar;D:\maven\mavenWareHouseNew\io\github\openfeign\feign-hystrix\9.5.0\feign-hystrix-9.5.0.jar;D:\maven\mavenWareHouseNew\com\github\penggle\kaptcha\2.3.2\kaptcha-2.3.2.jar;D:\maven\mavenWareHouseNew\com\jhlabs\filters\2.0.235-1\filters-2.0.235-1.jar;D:\maven\mavenWareHouseNew\org\springframework\cloud\spring-cloud-starter-oauth2\1.2.2.RELEASE\spring-cloud-starter-oauth2-1.2.2.RELEASE.jar;D:\maven\mavenWareHouseNew\org\springframework\cloud\spring-cloud-starter-security\1.2.2.RELEASE\spring-cloud-starter-security-1.2.2.RELEASE.jar;D:\maven\mavenWareHouseNew\org\springframework\cloud\spring-cloud-security\1.2.2.RELEASE\spring-cloud-security-1.2.2.RELEASE.jar;D:\maven\mavenWareHouseNew\org\springframework\boot\spring-boot-starter-security\1.5.13.RELEASE\spring-boot-starter-security-1.5.13.RELEASE.jar;D:\maven\mavenWareHouseNew\org\springframework\security\oauth\spring-security-oauth2\2.0.15.RELEASE\spring-security-oauth2-2.0.15.RELEASE.jar;D:\maven\mavenWareHouseNew\org\springframework\security\spring-security-core\4.2.6.RELEASE\spring-security-core-4.2.6.RELEASE.jar;D:\maven\mavenWareHouseNew\org\springframework\security\spring-security-config\4.2.6.RELEASE\spring-security-config-4.2.6.RELEASE.jar;D:\maven\mavenWareHouseNew\org\springframework\social\spring-social-config\1.1.6.RELEASE\spring-social-config-1.1.6.RELEASE.jar;D:\maven\mavenWareHouseNew\org\springframework\social\spring-social-core\1.1.6.RELEASE\spring-social-core-1.1.6.RELEASE.jar;D:\maven\mavenWareHouseNew\org\springframework\spring-web\4.3.8.RELEASE\spring-web-4.3.8.RELEASE.jar;D:\maven\mavenWareHouseNew\org\springframework\social\spring-social-security\1.1.6.RELEASE\spring-social-security-1.1.6.RELEASE.jar;D:\maven\mavenWareHouseNew\org\springframework\spring-webmvc\4.3.17.RELEASE\spring-webmvc-4.3.17.RELEASE.jar;D:\maven\mavenWareHouseNew\org\springframework\spring-expression\4.3.17.RELEASE\spring-expression-4.3.17.RELEASE.jar;D:\maven\mavenWareHouseNew\org\springframework\security\spring-security-web\4.2.6.RELEASE\spring-security-web-4.2.6.RELEASE.jar;D:\maven\mavenWareHouseNew\aopalliance\aopalliance\1.0\aopalliance-1.0.jar;D:\maven\mavenWareHouseNew\org\springframework\social\spring-social-web\1.1.6.RELEASE\spring-social-web-1.1.6.RELEASE.jar;D:\maven\mavenWareHouseNew\javax\inject\javax.inject\1\javax.inject-1.jar;D:\maven\mavenWareHouseNew\com\liuzm\paascloud\common\paascloud-common-base\1.0\paascloud-common-base-1.0.jar;D:\maven\mavenWareHouseNew\com\liuzm\paascloud\common\paascloud-security-app\1.0\paascloud-security-app-1.0.jar;D:\maven\mavenWareHouseNew\com\liuzm\paascloud\common\paascloud-security-core\1.0\paascloud-security-core-1.0.jar;D:\maven\mavenWareHouseNew\commons-lang\commons-lang\2.6\commons-lang-2.6.jar;D:\maven\mavenWareHouseNew\commons-collections\commons-collections\3.2.2\commons-collections-3.2.2.jar;D:\maven\mavenWareHouseNew\org\springframework\cloud\spring-cloud-starter-config\1.4.3.RELEASE\spring-cloud-starter-config-1.4.3.RELEASE.jar;D:\maven\mavenWareHouseNew\org\springframework\cloud\spring-cloud-starter\1.3.3.RELEASE\spring-cloud-starter-1.3.3.RELEASE.jar;D:\maven\mavenWareHouseNew\org\springframework\cloud\spring-cloud-context\1.3.3.RELEASE\spring-cloud-context-1.3.3.RELEASE.jar;D:\maven\mavenWareHouseNew\org\springframework\security\spring-security-rsa\1.0.3.RELEASE\spring-security-rsa-1.0.3.RELEASE.jar;D:\maven\mavenWareHouseNew\org\springframework\cloud\spring-cloud-config-client\1.4.3.RELEASE\spring-cloud-config-client-1.4.3.RELEASE.jar;D:\maven\mavenWareHouseNew\org\springframework\cloud\spring-cloud-starter-sleuth\1.3.3.RELEASE\spring-cloud-starter-sleuth-1.3.3.RELEASE.jar;D:\maven\mavenWareHouseNew\org\springframework\cloud\spring-cloud-sleuth-core\1.3.3.RELEASE\spring-cloud-sleuth-core-1.3.3.RELEASE.jar;D:\maven\mavenWareHouseNew\org\aspectj\aspectjrt\1.8.13\aspectjrt-1.8.13.jar;D:\maven\mavenWareHouseNew\org\springframework\cloud\spring-cloud-sleuth-zipkin\1.3.3.RELEASE\spring-cloud-sleuth-zipkin-1.3.3.RELEASE.jar;D:\maven\mavenWareHouseNew\org\springframework\cloud\spring-cloud-commons\1.3.3.RELEASE\spring-cloud-commons-1.3.3.RELEASE.jar;D:\maven\mavenWareHouseNew\org\springframework\security\spring-security-crypto\4.2.6.RELEASE\spring-security-crypto-4.2.6.RELEASE.jar;D:\maven\mavenWareHouseNew\org\apache\httpcomponents\httpclient\4.5.5\httpclient-4.5.5.jar;D:\maven\mavenWareHouseNew\org\apache\httpcomponents\httpcore\4.4.9\httpcore-4.4.9.jar;D:\maven\mavenWareHouseNew\io\zipkin\zipkin2\zipkin\2.6.1\zipkin-2.6.1.jar;D:\maven\mavenWareHouseNew\io\zipkin\reporter2\zipkin-reporter\2.5.0\zipkin-reporter-2.5.0.jar;D:\maven\mavenWareHouseNew\io\zipkin\reporter2\zipkin-sender-kafka11\2.5.0\zipkin-sender-kafka11-2.5.0.jar;D:\maven\mavenWareHouseNew\io\zipkin\reporter2\zipkin-sender-amqp-client\2.5.0\zipkin-sender-amqp-client-2.5.0.jar;D:\maven\mavenWareHouseNew\com\liuzm\paascloud\common\paascloud-common-util\1.0\paascloud-common-util-1.0.jar;D:\maven\mavenWareHouseNew\ch\qos\logback\logback-classic\1.1.11\logback-classic-1.1.11.jar;D:\maven\mavenWareHouseNew\org\codehaus\jackson\jackson-smile\1.9.13\jackson-smile-1.9.13.jar;D:\maven\mavenWareHouseNew\org\codehaus\jackson\jackson-core-asl\1.9.13\jackson-core-asl-1.9.13.jar;D:\maven\mavenWareHouseNew\org\codehaus\jackson\jackson-mapper-asl\1.9.13\jackson-mapper-asl-1.9.13.jar;D:\maven\mavenWareHouseNew\com\xiaoleilu\hutool-all\3.0.7\hutool-all-3.0.7.jar;D:\maven\mavenWareHouseNew\commons-beanutils\commons-beanutils\1.9.3\commons-beanutils-1.9.3.jar;D:\maven\mavenWareHouseNew\com\liuzm\paascloud\common\paascloud-common-core\1.0\paascloud-common-core-1.0.jar;D:\maven\mavenWareHouseNew\eu\bitwalker\UserAgentUtils\1.20\UserAgentUtils-1.20.jar;D:\maven\mavenWareHouseNew\org\springframework\boot\spring-boot-starter-data-redis\1.5.13.RELEASE\spring-boot-starter-data-redis-1.5.13.RELEASE.jar;D:\maven\mavenWareHouseNew\org\springframework\data\spring-data-redis\1.8.12.RELEASE\spring-data-redis-1.8.12.RELEASE.jar;D:\maven\mavenWareHouseNew\org\springframework\data\spring-data-keyvalue\1.2.12.RELEASE\spring-data-keyvalue-1.2.12.RELEASE.jar;D:\maven\mavenWareHouseNew\org\springframework\data\spring-data-commons\1.13.12.RELEASE\spring-data-commons-1.13.12.RELEASE.jar;D:\maven\mavenWareHouseNew\org\springframework\spring-oxm\4.3.17.RELEASE\spring-oxm-4.3.17.RELEASE.jar;D:\maven\mavenWareHouseNew\redis\clients\jedis\2.9.0\jedis-2.9.0.jar;D:\maven\mavenWareHouseNew\org\apache\commons\commons-pool2\2.4.3\commons-pool2-2.4.3.jar;D:\maven\mavenWareHouseNew\com\fasterxml\jackson\module\jackson-module-parameter-names\2.8.11\jackson-module-parameter-names-2.8.11.jar;D:\maven\mavenWareHouseNew\com\fasterxml\jackson\datatype\jackson-datatype-jdk8\2.8.11\jackson-datatype-jdk8-2.8.11.jar;D:\maven\mavenWareHouseNew\com\fasterxml\jackson\datatype\jackson-datatype-jsr310\2.8.11\jackson-datatype-jsr310-2.8.11.jar;D:\maven\mavenWareHouseNew\com\liuzm\paascloud\common\paascloud-common-config\1.0\paascloud-common-config-1.0.jar;D:\maven\mavenWareHouseNew\com\arronlong\httpclientutil\httpclientutil\1.0\httpclientutil-1.0.jar;D:\maven\mavenWareHouseNew\org\apache\httpcomponents\httpmime\4.5.5\httpmime-4.5.5.jar;D:\maven\mavenWareHouseNew\org\apache\httpcomponents\httpasyncclient\4.1.3\httpasyncclient-4.1.3.jar;D:\maven\mavenWareHouseNew\org\apache\httpcomponents\httpcore-nio\4.4.6\httpcore-nio-4.4.6.jar;D:\maven\mavenWareHouseNew\log4j\log4j\1.2.17\log4j-1.2.17.jar;D:\maven\mavenWareHouseNew\com\netflix\hystrix\hystrix-core\1.5.12\hystrix-core-1.5.12.jar;D:\maven\mavenWareHouseNew\com\netflix\archaius\archaius-core\0.7.4\archaius-core-0.7.4.jar;D:\maven\mavenWareHouseNew\com\google\code\findbugs\jsr305\3.0.2\jsr305-3.0.2.jar;D:\maven\mavenWareHouseNew\io\reactivex\rxjava\1.2.0\rxjava-1.2.0.jar;D:\maven\mavenWareHouseNew\org\hdrhistogram\HdrHistogram\2.1.9\HdrHistogram-2.1.9.jar;D:\maven\mavenWareHouseNew\org\springframework\boot\spring-boot-starter-actuator\1.5.13.RELEASE\spring-boot-starter-actuator-1.5.13.RELEASE.jar;D:\maven\mavenWareHouseNew\org\springframework\boot\spring-boot-actuator\1.5.13.RELEASE\spring-boot-actuator-1.5.13.RELEASE.jar;D:\maven\mavenWareHouseNew\org\springframework\cloud\spring-cloud-starter-hystrix\1.4.4.RELEASE\spring-cloud-starter-hystrix-1.4.4.RELEASE.jar;D:\maven\mavenWareHouseNew\org\springframework\cloud\spring-cloud-starter-netflix-hystrix\1.4.4.RELEASE\spring-cloud-starter-netflix-hystrix-1.4.4.RELEASE.jar;D:\maven\mavenWareHouseNew\com\netflix\hystrix\hystrix-metrics-event-stream\1.5.12\hystrix-metrics-event-stream-1.5.12.jar;D:\maven\mavenWareHouseNew\com\netflix\hystrix\hystrix-serialization\1.5.12\hystrix-serialization-1.5.12.jar;D:\maven\mavenWareHouseNew\com\fasterxml\jackson\module\jackson-module-afterburner\2.8.11\jackson-module-afterburner-2.8.11.jar;D:\maven\mavenWareHouseNew\com\netflix\hystrix\hystrix-javanica\1.5.12\hystrix-javanica-1.5.12.jar;D:\maven\mavenWareHouseNew\org\ow2\asm\asm\5.0.4\asm-5.0.4.jar;D:\maven\mavenWareHouseNew\org\springframework\boot\spring-boot-starter-web\1.5.13.RELEASE\spring-boot-starter-web-1.5.13.RELEASE.jar;D:\maven\mavenWareHouseNew\org\springframework\boot\spring-boot-starter-tomcat\1.5.13.RELEASE\spring-boot-starter-tomcat-1.5.13.RELEASE.jar;D:\maven\mavenWareHouseNew\org\apache\tomcat\embed\tomcat-embed-core\8.5.31\tomcat-embed-core-8.5.31.jar;D:\maven\mavenWareHouseNew\org\apache\tomcat\tomcat-annotations-api\8.5.31\tomcat-annotations-api-8.5.31.jar;D:\maven\mavenWareHouseNew\org\apache\tomcat\embed\tomcat-embed-websocket\8.5.31\tomcat-embed-websocket-8.5.31.jar;D:\maven\mavenWareHouseNew\org\hibernate\hibernate-validator\5.3.6.Final\hibernate-validator-5.3.6.Final.jar;D:\maven\mavenWareHouseNew\javax\validation\validation-api\1.1.0.Final\validation-api-1.1.0.Final.jar;D:\maven\mavenWareHouseNew\org\jboss\logging\jboss-logging\3.3.2.Final\jboss-logging-3.3.2.Final.jar;D:\maven\mavenWareHouseNew\net\logstash\logback\logstash-logback-encoder\4.6\logstash-logback-encoder-4.6.jar;D:\maven\mavenWareHouseNew\ch\qos\logback\logback-core\1.1.11\logback-core-1.1.11.jar;D:\maven\mavenWareHouseNew\com\google\guava\guava\17.0\guava-17.0.jar;D:\maven\mavenWareHouseNew\org\springframework\boot\spring-boot-starter-validation\1.5.13.RELEASE\spring-boot-starter-validation-1.5.13.RELEASE.jar;D:\maven\mavenWareHouseNew\org\apache\tomcat\embed\tomcat-embed-el\8.5.31\tomcat-embed-el-8.5.31.jar;D:\maven\mavenWareHouseNew\io\springfox\springfox-swagger-ui\2.6.1\springfox-swagger-ui-2.6.1.jar;D:\maven\mavenWareHouseNew\io\springfox\springfox-spring-web\2.6.1\springfox-spring-web-2.6.1.jar;D:\maven\mavenWareHouseNew\io\springfox\springfox-swagger2\2.6.1\springfox-swagger2-2.6.1.jar;D:\maven\mavenWareHouseNew\io\swagger\swagger-annotations\1.5.10\swagger-annotations-1.5.10.jar;D:\maven\mavenWareHouseNew\io\swagger\swagger-models\1.5.10\swagger-models-1.5.10.jar;D:\maven\mavenWareHouseNew\io\springfox\springfox-spi\2.6.1\springfox-spi-2.6.1.jar;D:\maven\mavenWareHouseNew\io\springfox\springfox-core\2.6.1\springfox-core-2.6.1.jar;D:\maven\mavenWareHouseNew\io\springfox\springfox-schema\2.6.1\springfox-schema-2.6.1.jar;D:\maven\mavenWareHouseNew\io\springfox\springfox-swagger-common\2.6.1\springfox-swagger-common-2.6.1.jar;D:\maven\mavenWareHouseNew\com\fasterxml\classmate\1.3.4\classmate-1.3.4.jar;D:\maven\mavenWareHouseNew\org\springframework\plugin\spring-plugin-core\1.2.0.RELEASE\spring-plugin-core-1.2.0.RELEASE.jar;D:\maven\mavenWareHouseNew\org\springframework\plugin\spring-plugin-metadata\1.2.0.RELEASE\spring-plugin-metadata-1.2.0.RELEASE.jar;D:\maven\mavenWareHouseNew\org\mapstruct\mapstruct\1.0.0.Final\mapstruct-1.0.0.Final.jar;D:\maven\mavenWareHouseNew\commons-codec\commons-codec\1.10\commons-codec-1.10.jar;D:\maven\mavenWareHouseNew\org\springframework\boot\spring-boot-starter-test\1.5.13.RELEASE\spring-boot-starter-test-1.5.13.RELEASE.jar;D:\maven\mavenWareHouseNew\org\springframework\boot\spring-boot-test\1.5.13.RELEASE\spring-boot-test-1.5.13.RELEASE.jar;D:\maven\mavenWareHouseNew\org\springframework\boot\spring-boot-test-autoconfigure\1.5.13.RELEASE\spring-boot-test-autoconfigure-1.5.13.RELEASE.jar;D:\maven\mavenWareHouseNew\com\jayway\jsonpath\json-path\2.2.0\json-path-2.2.0.jar;D:\maven\mavenWareHouseNew\net\minidev\json-smart\2.2.1\json-smart-2.2.1.jar;D:\maven\mavenWareHouseNew\net\minidev\accessors-smart\1.1\accessors-smart-1.1.jar;D:\maven\mavenWareHouseNew\junit\junit\4.12\junit-4.12.jar;D:\maven\mavenWareHouseNew\org\assertj\assertj-core\2.6.0\assertj-core-2.6.0.jar;D:\maven\mavenWareHouseNew\org\mockito\mockito-core\1.10.19\mockito-core-1.10.19.jar;D:\maven\mavenWareHouseNew\org\objenesis\objenesis\2.5.1\objenesis-2.5.1.jar;D:\maven\mavenWareHouseNew\org\hamcrest\hamcrest-core\1.3\hamcrest-core-1.3.jar;D:\maven\mavenWareHouseNew\org\hamcrest\hamcrest-library\1.3\hamcrest-library-1.3.jar;D:\maven\mavenWareHouseNew\org\skyscreamer\jsonassert\1.4.0\jsonassert-1.4.0.jar;D:\maven\mavenWareHouseNew\com\vaadin\external\google\android-json\0.0.20131108.vaadin1\android-json-0.0.20131108.vaadin1.jar;D:\maven\mavenWareHouseNew\org\springframework\spring-core\4.3.11.RELEASE\spring-core-4.3.11.RELEASE.jar;D:\maven\mavenWareHouseNew\org\springframework\spring-test\4.3.17.RELEASE\spring-test-4.3.17.RELEASE.jar;D:\maven\mavenWareHouseNew\com\alibaba\druid\1.0.29\druid-1.0.29.jar;C:\workSoftware\Java\jdk1.8.0_73\jre\..\lib\jconsole.jar;C:\workSoftware\Java\jdk1.8.0_73\jre\..\lib\tools.jar;D:\maven\mavenWareHouseNew\org\mybatis\generator\mybatis-generator-core\1.3.5\mybatis-generator-core-1.3.5.jar;D:\maven\mavenWareHouseNew\org\springframework\boot\spring-boot-configuration-processor\1.5.13.RELEASE\spring-boot-configuration-processor-1.5.13.RELEASE.jar;D:\maven\mavenWareHouseNew\org\springframework\boot\spring-boot-devtools\1.5.13.RELEASE\spring-boot-devtools-1.5.13.RELEASE.jar;D:\maven\mavenWareHouseNew\org\springframework\boot\spring-boot\1.5.13.RELEASE\spring-boot-1.5.13.RELEASE.jar;D:\maven\mavenWareHouseNew\org\springframework\boot\spring-boot-starter-aop\1.5.13.RELEASE\spring-boot-starter-aop-1.5.13.RELEASE.jar;D:\maven\mavenWareHouseNew\org\springframework\spring-aop\4.3.17.RELEASE\spring-aop-4.3.17.RELEASE.jar;D:\maven\mavenWareHouseNew\org\modelmapper\modelmapper\1.1.2\modelmapper-1.1.2.jar;D:\maven\mavenWareHouseNew\org\jolokia\jolokia-core\1.3.7\jolokia-core-1.3.7.jar;D:\maven\mavenWareHouseNew\com\googlecode\json-simple\json-simple\1.1.1\json-simple-1.1.1.jar;D:\maven\mavenWareHouseNew\org\springframework\security\spring-security-jwt\1.0.9.RELEASE\spring-security-jwt-1.0.9.RELEASE.jar;D:\maven\mavenWareHouseNew\org\bouncycastle\bcpkix-jdk15on\1.56\bcpkix-jdk15on-1.56.jar;D:\maven\mavenWareHouseNew\org\bouncycastle\bcprov-jdk15on\1.56\bcprov-jdk15on-1.56.jar;D:\maven\mavenWareHouseNew\org\liquibase\liquibase-core\3.5.3\liquibase-core-3.5.3.jar;D:\maven\mavenWareHouseNew\org\yaml\snakeyaml\1.17\snakeyaml-1.17.jar;D:\maven\mavenWareHouseNew\org\springframework\cloud\spring-cloud-starter-zipkin\1.3.3.RELEASE\spring-cloud-starter-zipkin-1.3.3.RELEASE.jar;D:\maven\mavenWareHouseNew\org\springframework\amqp\spring-rabbit\1.7.7.RELEASE\spring-rabbit-1.7.7.RELEASE.jar;D:\maven\mavenWareHouseNew\org\springframework\retry\spring-retry\1.2.2.RELEASE\spring-retry-1.2.2.RELEASE.jar;D:\maven\mavenWareHouseNew\com\rabbitmq\http-client\1.1.1.RELEASE\http-client-1.1.1.RELEASE.jar;D:\maven\mavenWareHouseNew\com\rabbitmq\amqp-client\4.0.3\amqp-client-4.0.3.jar;D:\maven\mavenWareHouseNew\org\springframework\spring-messaging\4.3.17.RELEASE\spring-messaging-4.3.17.RELEASE.jar;D:\maven\mavenWareHouseNew\org\springframework\spring-context\4.3.8.RELEASE\spring-context-4.3.8.RELEASE.jar;D:\maven\mavenWareHouseNew\org\springframework\amqp\spring-amqp\1.7.7.RELEASE\spring-amqp-1.7.7.RELEASE.jar;D:\maven\mavenWareHouseNew\org\springframework\cloud\spring-cloud-starter-netflix-eureka-client\1.4.4.RELEASE\spring-cloud-starter-netflix-eureka-client-1.4.4.RELEASE.jar;D:\maven\mavenWareHouseNew\org\springframework\cloud\spring-cloud-netflix-core\1.4.4.RELEASE\spring-cloud-netflix-core-1.4.4.RELEASE.jar;D:\maven\mavenWareHouseNew\org\springframework\cloud\spring-cloud-netflix-eureka-client\1.4.4.RELEASE\spring-cloud-netflix-eureka-client-1.4.4.RELEASE.jar;D:\maven\mavenWareHouseNew\com\netflix\eureka\eureka-client\1.7.2\eureka-client-1.7.2.jar;D:\maven\mavenWareHouseNew\org\codehaus\jettison\jettison\1.2\jettison-1.2.jar;D:\maven\mavenWareHouseNew\stax\stax-api\1.0.1\stax-api-1.0.1.jar;D:\maven\mavenWareHouseNew\com\netflix\netflix-commons\netflix-eventbus\0.3.0\netflix-eventbus-0.3.0.jar;D:\maven\mavenWareHouseNew\com\netflix\netflix-commons\netflix-infix\0.3.0\netflix-infix-0.3.0.jar;D:\maven\mavenWareHouseNew\commons-jxpath\commons-jxpath\1.3\commons-jxpath-1.3.jar;D:\maven\mavenWareHouseNew\org\antlr\antlr-runtime\3.4\antlr-runtime-3.4.jar;D:\maven\mavenWareHouseNew\org\antlr\stringtemplate\3.2.1\stringtemplate-3.2.1.jar;D:\maven\mavenWareHouseNew\antlr\antlr\2.7.7\antlr-2.7.7.jar;D:\maven\mavenWareHouseNew\com\google\code\gson\gson\2.8.4\gson-2.8.4.jar;D:\maven\mavenWareHouseNew\org\apache\commons\commons-math\2.2\commons-math-2.2.jar;D:\maven\mavenWareHouseNew\javax\ws\rs\jsr311-api\1.1.1\jsr311-api-1.1.1.jar;D:\maven\mavenWareHouseNew\com\netflix\servo\servo-core\0.10.1\servo-core-0.10.1.jar;D:\maven\mavenWareHouseNew\com\netflix\servo\servo-internal\0.10.1\servo-internal-0.10.1.jar;D:\maven\mavenWareHouseNew\com\sun\jersey\jersey-core\1.19.1\jersey-core-1.19.1.jar;D:\maven\mavenWareHouseNew\com\sun\jersey\jersey-client\1.19.1\jersey-client-1.19.1.jar;D:\maven\mavenWareHouseNew\com\sun\jersey\contribs\jersey-apache-client4\1.19.1\jersey-apache-client4-1.19.1.jar;D:\maven\mavenWareHouseNew\com\google\inject\guice\3.0\guice-3.0.jar;D:\maven\mavenWareHouseNew\com\netflix\eureka\eureka-core\1.7.2\eureka-core-1.7.2.jar;D:\maven\mavenWareHouseNew\org\codehaus\woodstox\woodstox-core-asl\4.4.1\woodstox-core-asl-4.4.1.jar;D:\maven\mavenWareHouseNew\javax\xml\stream\stax-api\1.0-2\stax-api-1.0-2.jar;D:\maven\mavenWareHouseNew\org\codehaus\woodstox\stax2-api\3.1.4\stax2-api-3.1.4.jar;D:\maven\mavenWareHouseNew\org\springframework\cloud\spring-cloud-starter-netflix-archaius\1.4.4.RELEASE\spring-cloud-starter-netflix-archaius-1.4.4.RELEASE.jar;D:\maven\mavenWareHouseNew\commons-configuration\commons-configuration\1.8\commons-configuration-1.8.jar;D:\maven\mavenWareHouseNew\org\springframework\cloud\spring-cloud-starter-netflix-ribbon\1.4.4.RELEASE\spring-cloud-starter-netflix-ribbon-1.4.4.RELEASE.jar;D:\maven\mavenWareHouseNew\com\netflix\ribbon\ribbon\2.2.5\ribbon-2.2.5.jar;D:\maven\mavenWareHouseNew\com\netflix\ribbon\ribbon-transport\2.2.5\ribbon-transport-2.2.5.jar;D:\maven\mavenWareHouseNew\io\reactivex\rxnetty-contexts\0.4.9\rxnetty-contexts-0.4.9.jar;D:\maven\mavenWareHouseNew\io\reactivex\rxnetty-servo\0.4.9\rxnetty-servo-0.4.9.jar;D:\maven\mavenWareHouseNew\io\reactivex\rxnetty\0.4.9\rxnetty-0.4.9.jar;D:\maven\mavenWareHouseNew\io\netty\netty-codec-http\4.0.27.Final\netty-codec-http-4.0.27.Final.jar;D:\maven\mavenWareHouseNew\io\netty\netty-codec\4.0.27.Final\netty-codec-4.0.27.Final.jar;D:\maven\mavenWareHouseNew\io\netty\netty-handler\4.0.27.Final\netty-handler-4.0.27.Final.jar;D:\maven\mavenWareHouseNew\io\netty\netty-transport-native-epoll\4.0.27.Final\netty-transport-native-epoll-4.0.27.Final.jar;D:\maven\mavenWareHouseNew\io\netty\netty-common\4.0.27.Final\netty-common-4.0.27.Final.jar;D:\maven\mavenWareHouseNew\io\netty\netty-buffer\4.0.27.Final\netty-buffer-4.0.27.Final.jar;D:\maven\mavenWareHouseNew\io\netty\netty-transport\4.0.27.Final\netty-transport-4.0.27.Final.jar;D:\maven\mavenWareHouseNew\com\netflix\ribbon\ribbon-core\2.2.5\ribbon-core-2.2.5.jar;D:\maven\mavenWareHouseNew\com\netflix\ribbon\ribbon-httpclient\2.2.5\ribbon-httpclient-2.2.5.jar;D:\maven\mavenWareHouseNew\com\netflix\netflix-commons\netflix-commons-util\0.1.1\netflix-commons-util-0.1.1.jar;D:\maven\mavenWareHouseNew\com\netflix\ribbon\ribbon-loadbalancer\2.2.5\ribbon-loadbalancer-2.2.5.jar;D:\maven\mavenWareHouseNew\com\netflix\netflix-commons\netflix-statistics\0.1.1\netflix-statistics-0.1.1.jar;D:\maven\mavenWareHouseNew\com\netflix\ribbon\ribbon-eureka\2.2.5\ribbon-eureka-2.2.5.jar;D:\maven\mavenWareHouseNew\com\thoughtworks\xstream\xstream\1.4.10\xstream-1.4.10.jar;D:\maven\mavenWareHouseNew\xmlpull\xmlpull\1.1.3.1\xmlpull-1.1.3.1.jar;D:\maven\mavenWareHouseNew\xpp3\xpp3_min\1.1.4c\xpp3_min-1.1.4c.jar;, java.specification.name=Java Platform API Specification, java.class.version=52.0, sun.management.compiler=HotSpot 64-Bit Tiered Compilers, os.version=10.0, user.home=C:\Users\18771, user.timezone=Asia/Shanghai, java.awt.printerjob=sun.awt.windows.WPrinterJob, file.encoding=GBK, java.specification.version=1.8, java.class.path=C:\workproject\study\Immortalbird\paascloud-provider\paascloud-provider-uac\target\test-classes;C:\workproject\study\Immortalbird\paascloud-provider\paascloud-provider-uac\target\classes;D:\maven\mavenWareHouseNew\mysql\mysql-connector-java\5.1.39\mysql-connector-java-5.1.39.jar;D:\maven\mavenWareHouseNew\io\jsonwebtoken\jjwt\0.7.0\jjwt-0.7.0.jar;D:\maven\mavenWareHouseNew\joda-time\joda-time\2.9.6\joda-time-2.9.6.jar;D:\maven\mavenWareHouseNew\org\mybatis\spring\boot\mybatis-spring-boot-starter\1.2.0\mybatis-spring-boot-starter-1.2.0.jar;D:\maven\mavenWareHouseNew\org\springframework\boot\spring-boot-starter\1.5.13.RELEASE\spring-boot-starter-1.5.13.RELEASE.jar;D:\maven\mavenWareHouseNew\org\springframework\boot\spring-boot-starter-logging\1.5.13.RELEASE\spring-boot-starter-logging-1.5.13.RELEASE.jar;D:\maven\mavenWareHouseNew\org\slf4j\jcl-over-slf4j\1.7.25\jcl-over-slf4j-1.7.25.jar;D:\maven\mavenWareHouseNew\org\slf4j\jul-to-slf4j\1.7.25\jul-to-slf4j-1.7.25.jar;D:\maven\mavenWareHouseNew\org\slf4j\log4j-over-slf4j\1.7.25\log4j-over-slf4j-1.7.25.jar;D:\maven\mavenWareHouseNew\org\springframework\boot\spring-boot-starter-jdbc\1.5.13.RELEASE\spring-boot-starter-jdbc-1.5.13.RELEASE.jar;D:\maven\mavenWareHouseNew\org\apache\tomcat\tomcat-jdbc\8.5.31\tomcat-jdbc-8.5.31.jar;D:\maven\mavenWareHouseNew\org\apache\tomcat\tomcat-juli\8.5.31\tomcat-juli-8.5.31.jar;D:\maven\mavenWareHouseNew\org\springframework\spring-jdbc\4.3.17.RELEASE\spring-jdbc-4.3.17.RELEASE.jar;D:\maven\mavenWareHouseNew\org\mybatis\spring\boot\mybatis-spring-boot-autoconfigure\1.2.0\mybatis-spring-boot-autoconfigure-1.2.0.jar;D:\maven\mavenWareHouseNew\org\mybatis\mybatis\3.4.2\mybatis-3.4.2.jar;D:\maven\mavenWareHouseNew\org\mybatis\mybatis-spring\1.3.1\mybatis-spring-1.3.1.jar;D:\maven\mavenWareHouseNew\tk\mybatis\mapper-spring-boot-starter\1.1.1\mapper-spring-boot-starter-1.1.1.jar;D:\maven\mavenWareHouseNew\tk\mybatis\mapper-spring-boot-autoconfigure\1.1.1\mapper-spring-boot-autoconfigure-1.1.1.jar;D:\maven\mavenWareHouseNew\tk\mybatis\mapper\3.4.0\mapper-3.4.0.jar;D:\maven\mavenWareHouseNew\javax\persistence\persistence-api\1.0\persistence-api-1.0.jar;D:\maven\mavenWareHouseNew\com\github\pagehelper\pagehelper-spring-boot-starter\1.1.2\pagehelper-spring-boot-starter-1.1.2.jar;D:\maven\mavenWareHouseNew\com\github\pagehelper\pagehelper-spring-boot-autoconfigure\1.1.2\pagehelper-spring-boot-autoconfigure-1.1.2.jar;D:\maven\mavenWareHouseNew\com\github\pagehelper\pagehelper\5.0.3\pagehelper-5.0.3.jar;D:\maven\mavenWareHouseNew\com\github\jsqlparser\jsqlparser\1.0\jsqlparser-1.0.jar;D:\maven\mavenWareHouseNew\com\alibaba\druid-spring-boot-starter\1.1.0\druid-spring-boot-starter-1.1.0.jar;D:\maven\mavenWareHouseNew\org\springframework\boot\spring-boot-autoconfigure\1.5.13.RELEASE\spring-boot-autoconfigure-1.5.13.RELEASE.jar;D:\maven\mavenWareHouseNew\com\fasterxml\jackson\core\jackson-databind\2.8.4\jackson-databind-2.8.4.jar;D:\maven\mavenWareHouseNew\com\fasterxml\jackson\core\jackson-annotations\2.8.0\jackson-annotations-2.8.0.jar;D:\maven\mavenWareHouseNew\com\fasterxml\jackson\core\jackson-core\2.8.11\jackson-core-2.8.11.jar;D:\maven\mavenWareHouseNew\com\liuzm\paascloud\provider\api\paascloud-provider-uac-api\1.0\paascloud-provider-uac-api-1.0.jar;D:\maven\mavenWareHouseNew\com\liuzm\paascloud\common\paascloud-security-feign\1.0\paascloud-security-feign-1.0.jar;D:\maven\mavenWareHouseNew\com\liuzm\paascloud\provider\api\paascloud-provider-mdc-api\1.0\paascloud-provider-mdc-api-1.0.jar;D:\maven\mavenWareHouseNew\com\liuzm\paascloud\provider\api\paascloud-provider-omc-api\1.0\paascloud-provider-omc-api-1.0.jar;D:\maven\mavenWareHouseNew\com\liuzm\paascloud\provider\api\paascloud-provider-opc-api\1.0\paascloud-provider-opc-api-1.0.jar;D:\maven\mavenWareHouseNew\io\github\openfeign\form\feign-form\3.0.3\feign-form-3.0.3.jar;D:\maven\mavenWareHouseNew\io\github\openfeign\form\feign-form-spring\3.0.3\feign-form-spring-3.0.3.jar;D:\maven\mavenWareHouseNew\com\liuzm\paascloud\provider\api\paascloud-provider-sdk-api\1.0\paascloud-provider-sdk-api-1.0.jar;D:\maven\mavenWareHouseNew\org\projectlombok\lombok\1.16.14\lombok-1.16.14.jar;D:\maven\mavenWareHouseNew\com\liuzm\paascloud\provider\api\paascloud-provider-tpc-api\1.0\paascloud-provider-tpc-api-1.0.jar;D:\maven\mavenWareHouseNew\com\liuzm\paascloud\common\paascloud-common-zk\1.0\paascloud-common-zk-1.0.jar;D:\maven\mavenWareHouseNew\org\apache\curator\curator-framework\2.10.0\curator-framework-2.10.0.jar;D:\maven\mavenWareHouseNew\org\apache\curator\curator-client\2.10.0\curator-client-2.10.0.jar;D:\maven\mavenWareHouseNew\org\apache\zookeeper\zookeeper\3.4.6\zookeeper-3.4.6.jar;D:\maven\mavenWareHouseNew\jline\jline\2.14.6\jline-2.14.6.jar;D:\maven\mavenWareHouseNew\io\netty\netty\3.7.0.Final\netty-3.7.0.Final.jar;D:\maven\mavenWareHouseNew\org\apache\curator\curator-recipes\2.10.0\curator-recipes-2.10.0.jar;D:\maven\mavenWareHouseNew\com\alibaba\fastjson\1.2.29\fastjson-1.2.29.jar;D:\maven\mavenWareHouseNew\org\aspectj\aspectjweaver\1.8.13\aspectjweaver-1.8.13.jar;D:\maven\mavenWareHouseNew\org\springframework\spring-tx\4.3.11.RELEASE\spring-tx-4.3.11.RELEASE.jar;D:\maven\mavenWareHouseNew\org\springframework\spring-beans\4.3.17.RELEASE\spring-beans-4.3.17.RELEASE.jar;D:\maven\mavenWareHouseNew\org\apache\rocketmq\rocketmq-client\4.1.0-incubating\rocketmq-client-4.1.0-incubating.jar;D:\maven\mavenWareHouseNew\org\apache\rocketmq\rocketmq-common\4.1.0-incubating\rocketmq-common-4.1.0-incubating.jar;D:\maven\mavenWareHouseNew\org\apache\rocketmq\rocketmq-remoting\4.1.0-incubating\rocketmq-remoting-4.1.0-incubating.jar;D:\maven\mavenWareHouseNew\io\netty\netty-all\4.0.56.Final\netty-all-4.0.56.Final.jar;D:\maven\mavenWareHouseNew\org\slf4j\slf4j-api\1.7.25\slf4j-api-1.7.25.jar;D:\maven\mavenWareHouseNew\org\apache\commons\commons-lang3\3.5\commons-lang3-3.5.jar;D:\maven\mavenWareHouseNew\de\codecentric\spring-boot-admin-starter-client\1.5.7\spring-boot-admin-starter-client-1.5.7.jar;D:\maven\mavenWareHouseNew\de\codecentric\spring-boot-admin-client\1.5.7\spring-boot-admin-client-1.5.7.jar;D:\maven\mavenWareHouseNew\org\springframework\boot\spring-boot-starter-freemarker\1.5.13.RELEASE\spring-boot-starter-freemarker-1.5.13.RELEASE.jar;D:\maven\mavenWareHouseNew\org\freemarker\freemarker\2.3.28\freemarker-2.3.28.jar;D:\maven\mavenWareHouseNew\org\springframework\spring-context-support\4.3.17.RELEASE\spring-context-support-4.3.17.RELEASE.jar;D:\maven\mavenWareHouseNew\org\springframework\cloud\spring-cloud-starter-feign\1.4.4.RELEASE\spring-cloud-starter-feign-1.4.4.RELEASE.jar;D:\maven\mavenWareHouseNew\org\springframework\cloud\spring-cloud-starter-openfeign\1.4.4.RELEASE\spring-cloud-starter-openfeign-1.4.4.RELEASE.jar;D:\maven\mavenWareHouseNew\io\github\openfeign\feign-core\9.5.0\feign-core-9.5.0.jar;D:\maven\mavenWareHouseNew\org\jvnet\animal-sniffer-annotation\1.0\animal-sniffer-annotation-1.0.jar;D:\maven\mavenWareHouseNew\io\github\openfeign\feign-slf4j\9.5.0\feign-slf4j-9.5.0.jar;D:\maven\mavenWareHouseNew\io\github\openfeign\feign-hystrix\9.5.0\feign-hystrix-9.5.0.jar;D:\maven\mavenWareHouseNew\com\github\penggle\kaptcha\2.3.2\kaptcha-2.3.2.jar;D:\maven\mavenWareHouseNew\com\jhlabs\filters\2.0.235-1\filters-2.0.235-1.jar;D:\maven\mavenWareHouseNew\org\springframework\cloud\spring-cloud-starter-oauth2\1.2.2.RELEASE\spring-cloud-starter-oauth2-1.2.2.RELEASE.jar;D:\maven\mavenWareHouseNew\org\springframework\cloud\spring-cloud-starter-security\1.2.2.RELEASE\spring-cloud-starter-security-1.2.2.RELEASE.jar;D:\maven\mavenWareHouseNew\org\springframework\cloud\spring-cloud-security\1.2.2.RELEASE\spring-cloud-security-1.2.2.RELEASE.jar;D:\maven\mavenWareHouseNew\org\springframework\boot\spring-boot-starter-security\1.5.13.RELEASE\spring-boot-starter-security-1.5.13.RELEASE.jar;D:\maven\mavenWareHouseNew\org\springframework\security\oauth\spring-security-oauth2\2.0.15.RELEASE\spring-security-oauth2-2.0.15.RELEASE.jar;D:\maven\mavenWareHouseNew\org\springframework\security\spring-security-core\4.2.6.RELEASE\spring-security-core-4.2.6.RELEASE.jar;D:\maven\mavenWareHouseNew\org\springframework\security\spring-security-config\4.2.6.RELEASE\spring-security-config-4.2.6.RELEASE.jar;D:\maven\mavenWareHouseNew\org\springframework\social\spring-social-config\1.1.6.RELEASE\spring-social-config-1.1.6.RELEASE.jar;D:\maven\mavenWareHouseNew\org\springframework\social\spring-social-core\1.1.6.RELEASE\spring-social-core-1.1.6.RELEASE.jar;D:\maven\mavenWareHouseNew\org\springframework\spring-web\4.3.8.RELEASE\spring-web-4.3.8.RELEASE.jar;D:\maven\mavenWareHouseNew\org\springframework\social\spring-social-security\1.1.6.RELEASE\spring-social-security-1.1.6.RELEASE.jar;D:\maven\mavenWareHouseNew\org\springframework\spring-webmvc\4.3.17.RELEASE\spring-webmvc-4.3.17.RELEASE.jar;D:\maven\mavenWareHouseNew\org\springframework\spring-expression\4.3.17.RELEASE\spring-expression-4.3.17.RELEASE.jar;D:\maven\mavenWareHouseNew\org\springframework\security\spring-security-web\4.2.6.RELEASE\spring-security-web-4.2.6.RELEASE.jar;D:\maven\mavenWareHouseNew\aopalliance\aopalliance\1.0\aopalliance-1.0.jar;D:\maven\mavenWareHouseNew\org\springframework\social\spring-social-web\1.1.6.RELEASE\spring-social-web-1.1.6.RELEASE.jar;D:\maven\mavenWareHouseNew\javax\inject\javax.inject\1\javax.inject-1.jar;D:\maven\mavenWareHouseNew\com\liuzm\paascloud\common\paascloud-common-base\1.0\paascloud-common-base-1.0.jar;D:\maven\mavenWareHouseNew\com\liuzm\paascloud\common\paascloud-security-app\1.0\paascloud-security-app-1.0.jar;D:\maven\mavenWareHouseNew\com\liuzm\paascloud\common\paascloud-security-core\1.0\paascloud-security-core-1.0.jar;D:\maven\mavenWareHouseNew\commons-lang\commons-lang\2.6\commons-lang-2.6.jar;D:\maven\mavenWareHouseNew\commons-collections\commons-collections\3.2.2\commons-collections-3.2.2.jar;D:\maven\mavenWareHouseNew\org\springframework\cloud\spring-cloud-starter-config\1.4.3.RELEASE\spring-cloud-starter-config-1.4.3.RELEASE.jar;D:\maven\mavenWareHouseNew\org\springframework\cloud\spring-cloud-starter\1.3.3.RELEASE\spring-cloud-starter-1.3.3.RELEASE.jar;D:\maven\mavenWareHouseNew\org\springframework\cloud\spring-cloud-context\1.3.3.RELEASE\spring-cloud-context-1.3.3.RELEASE.jar;D:\maven\mavenWareHouseNew\org\springframework\security\spring-security-rsa\1.0.3.RELEASE\spring-security-rsa-1.0.3.RELEASE.jar;D:\maven\mavenWareHouseNew\org\springframework\cloud\spring-cloud-config-client\1.4.3.RELEASE\spring-cloud-config-client-1.4.3.RELEASE.jar;D:\maven\mavenWareHouseNew\org\springframework\cloud\spring-cloud-starter-sleuth\1.3.3.RELEASE\spring-cloud-starter-sleuth-1.3.3.RELEASE.jar;D:\maven\mavenWareHouseNew\org\springframework\cloud\spring-cloud-sleuth-core\1.3.3.RELEASE\spring-cloud-sleuth-core-1.3.3.RELEASE.jar;D:\maven\mavenWareHouseNew\org\aspectj\aspectjrt\1.8.13\aspectjrt-1.8.13.jar;D:\maven\mavenWareHouseNew\org\springframework\cloud\spring-cloud-sleuth-zipkin\1.3.3.RELEASE\spring-cloud-sleuth-zipkin-1.3.3.RELEASE.jar;D:\maven\mavenWareHouseNew\org\springframework\cloud\spring-cloud-commons\1.3.3.RELEASE\spring-cloud-commons-1.3.3.RELEASE.jar;D:\maven\mavenWareHouseNew\org\springframework\security\spring-security-crypto\4.2.6.RELEASE\spring-security-crypto-4.2.6.RELEASE.jar;D:\maven\mavenWareHouseNew\org\apache\httpcomponents\httpclient\4.5.5\httpclient-4.5.5.jar;D:\maven\mavenWareHouseNew\org\apache\httpcomponents\httpcore\4.4.9\httpcore-4.4.9.jar;D:\maven\mavenWareHouseNew\io\zipkin\zipkin2\zipkin\2.6.1\zipkin-2.6.1.jar;D:\maven\mavenWareHouseNew\io\zipkin\reporter2\zipkin-reporter\2.5.0\zipkin-reporter-2.5.0.jar;D:\maven\mavenWareHouseNew\io\zipkin\reporter2\zipkin-sender-kafka11\2.5.0\zipkin-sender-kafka11-2.5.0.jar;D:\maven\mavenWareHouseNew\io\zipkin\reporter2\zipkin-sender-amqp-client\2.5.0\zipkin-sender-amqp-client-2.5.0.jar;D:\maven\mavenWareHouseNew\com\liuzm\paascloud\common\paascloud-common-util\1.0\paascloud-common-util-1.0.jar;D:\maven\mavenWareHouseNew\ch\qos\logback\logback-classic\1.1.11\logback-classic-1.1.11.jar;D:\maven\mavenWareHouseNew\org\codehaus\jackson\jackson-smile\1.9.13\jackson-smile-1.9.13.jar;D:\maven\mavenWareHouseNew\org\codehaus\jackson\jackson-core-asl\1.9.13\jackson-core-asl-1.9.13.jar;D:\maven\mavenWareHouseNew\org\codehaus\jackson\jackson-mapper-asl\1.9.13\jackson-mapper-asl-1.9.13.jar;D:\maven\mavenWareHouseNew\com\xiaoleilu\hutool-all\3.0.7\hutool-all-3.0.7.jar;D:\maven\mavenWareHouseNew\commons-beanutils\commons-beanutils\1.9.3\commons-beanutils-1.9.3.jar;D:\maven\mavenWareHouseNew\com\liuzm\paascloud\common\paascloud-common-core\1.0\paascloud-common-core-1.0.jar;D:\maven\mavenWareHouseNew\eu\bitwalker\UserAgentUtils\1.20\UserAgentUtils-1.20.jar;D:\maven\mavenWareHouseNew\org\springframework\boot\spring-boot-starter-data-redis\1.5.13.RELEASE\spring-boot-starter-data-redis-1.5.13.RELEASE.jar;D:\maven\mavenWareHouseNew\org\springframework\data\spring-data-redis\1.8.12.RELEASE\spring-data-redis-1.8.12.RELEASE.jar;D:\maven\mavenWareHouseNew\org\springframework\data\spring-data-keyvalue\1.2.12.RELEASE\spring-data-keyvalue-1.2.12.RELEASE.jar;D:\maven\mavenWareHouseNew\org\springframework\data\spring-data-commons\1.13.12.RELEASE\spring-data-commons-1.13.12.RELEASE.jar;D:\maven\mavenWareHouseNew\org\springframework\spring-oxm\4.3.17.RELEASE\spring-oxm-4.3.17.RELEASE.jar;D:\maven\mavenWareHouseNew\redis\clients\jedis\2.9.0\jedis-2.9.0.jar;D:\maven\mavenWareHouseNew\org\apache\commons\commons-pool2\2.4.3\commons-pool2-2.4.3.jar;D:\maven\mavenWareHouseNew\com\fasterxml\jackson\module\jackson-module-parameter-names\2.8.11\jackson-module-parameter-names-2.8.11.jar;D:\maven\mavenWareHouseNew\com\fasterxml\jackson\datatype\jackson-datatype-jdk8\2.8.11\jackson-datatype-jdk8-2.8.11.jar;D:\maven\mavenWareHouseNew\com\fasterxml\jackson\datatype\jackson-datatype-jsr310\2.8.11\jackson-datatype-jsr310-2.8.11.jar;D:\maven\mavenWareHouseNew\com\liuzm\paascloud\common\paascloud-common-config\1.0\paascloud-common-config-1.0.jar;D:\maven\mavenWareHouseNew\com\arronlong\httpclientutil\httpclientutil\1.0\httpclientutil-1.0.jar;D:\maven\mavenWareHouseNew\org\apache\httpcomponents\httpmime\4.5.5\httpmime-4.5.5.jar;D:\maven\mavenWareHouseNew\org\apache\httpcomponents\httpasyncclient\4.1.3\httpasyncclient-4.1.3.jar;D:\maven\mavenWareHouseNew\org\apache\httpcomponents\httpcore-nio\4.4.6\httpcore-nio-4.4.6.jar;D:\maven\mavenWareHouseNew\log4j\log4j\1.2.17\log4j-1.2.17.jar;D:\maven\mavenWareHouseNew\com\netflix\hystrix\hystrix-core\1.5.12\hystrix-core-1.5.12.jar;D:\maven\mavenWareHouseNew\com\netflix\archaius\archaius-core\0.7.4\archaius-core-0.7.4.jar;D:\maven\mavenWareHouseNew\com\google\code\findbugs\jsr305\3.0.2\jsr305-3.0.2.jar;D:\maven\mavenWareHouseNew\io\reactivex\rxjava\1.2.0\rxjava-1.2.0.jar;D:\maven\mavenWareHouseNew\org\hdrhistogram\HdrHistogram\2.1.9\HdrHistogram-2.1.9.jar;D:\maven\mavenWareHouseNew\org\springframework\boot\spring-boot-starter-actuator\1.5.13.RELEASE\spring-boot-starter-actuator-1.5.13.RELEASE.jar;D:\maven\mavenWareHouseNew\org\springframework\boot\spring-boot-actuator\1.5.13.RELEASE\spring-boot-actuator-1.5.13.RELEASE.jar;D:\maven\mavenWareHouseNew\org\springframework\cloud\spring-cloud-starter-hystrix\1.4.4.RELEASE\spring-cloud-starter-hystrix-1.4.4.RELEASE.jar;D:\maven\mavenWareHouseNew\org\springframework\cloud\spring-cloud-starter-netflix-hystrix\1.4.4.RELEASE\spring-cloud-starter-netflix-hystrix-1.4.4.RELEASE.jar;D:\maven\mavenWareHouseNew\com\netflix\hystrix\hystrix-metrics-event-stream\1.5.12\hystrix-metrics-event-stream-1.5.12.jar;D:\maven\mavenWareHouseNew\com\netflix\hystrix\hystrix-serialization\1.5.12\hystrix-serialization-1.5.12.jar;D:\maven\mavenWareHouseNew\com\fasterxml\jackson\module\jackson-module-afterburner\2.8.11\jackson-module-afterburner-2.8.11.jar;D:\maven\mavenWareHouseNew\com\netflix\hystrix\hystrix-javanica\1.5.12\hystrix-javanica-1.5.12.jar;D:\maven\mavenWareHouseNew\org\ow2\asm\asm\5.0.4\asm-5.0.4.jar;D:\maven\mavenWareHouseNew\org\springframework\boot\spring-boot-starter-web\1.5.13.RELEASE\spring-boot-starter-web-1.5.13.RELEASE.jar;D:\maven\mavenWareHouseNew\org\springframework\boot\spring-boot-starter-tomcat\1.5.13.RELEASE\spring-boot-starter-tomcat-1.5.13.RELEASE.jar;D:\maven\mavenWareHouseNew\org\apache\tomcat\embed\tomcat-embed-core\8.5.31\tomcat-embed-core-8.5.31.jar;D:\maven\mavenWareHouseNew\org\apache\tomcat\tomcat-annotations-api\8.5.31\tomcat-annotations-api-8.5.31.jar;D:\maven\mavenWareHouseNew\org\apache\tomcat\embed\tomcat-embed-websocket\8.5.31\tomcat-embed-websocket-8.5.31.jar;D:\maven\mavenWareHouseNew\org\hibernate\hibernate-validator\5.3.6.Final\hibernate-validator-5.3.6.Final.jar;D:\maven\mavenWareHouseNew\javax\validation\validation-api\1.1.0.Final\validation-api-1.1.0.Final.jar;D:\maven\mavenWareHouseNew\org\jboss\logging\jboss-logging\3.3.2.Final\jboss-logging-3.3.2.Final.jar;D:\maven\mavenWareHouseNew\net\logstash\logback\logstash-logback-encoder\4.6\logstash-logback-encoder-4.6.jar;D:\maven\mavenWareHouseNew\ch\qos\logback\logback-core\1.1.11\logback-core-1.1.11.jar;D:\maven\mavenWareHouseNew\com\google\guava\guava\17.0\guava-17.0.jar;D:\maven\mavenWareHouseNew\org\springframework\boot\spring-boot-starter-validation\1.5.13.RELEASE\spring-boot-starter-validation-1.5.13.RELEASE.jar;D:\maven\mavenWareHouseNew\org\apache\tomcat\embed\tomcat-embed-el\8.5.31\tomcat-embed-el-8.5.31.jar;D:\maven\mavenWareHouseNew\io\springfox\springfox-swagger-ui\2.6.1\springfox-swagger-ui-2.6.1.jar;D:\maven\mavenWareHouseNew\io\springfox\springfox-spring-web\2.6.1\springfox-spring-web-2.6.1.jar;D:\maven\mavenWareHouseNew\io\springfox\springfox-swagger2\2.6.1\springfox-swagger2-2.6.1.jar;D:\maven\mavenWareHouseNew\io\swagger\swagger-annotations\1.5.10\swagger-annotations-1.5.10.jar;D:\maven\mavenWareHouseNew\io\swagger\swagger-models\1.5.10\swagger-models-1.5.10.jar;D:\maven\mavenWareHouseNew\io\springfox\springfox-spi\2.6.1\springfox-spi-2.6.1.jar;D:\maven\mavenWareHouseNew\io\springfox\springfox-core\2.6.1\springfox-core-2.6.1.jar;D:\maven\mavenWareHouseNew\io\springfox\springfox-schema\2.6.1\springfox-schema-2.6.1.jar;D:\maven\mavenWareHouseNew\io\springfox\springfox-swagger-common\2.6.1\springfox-swagger-common-2.6.1.jar;D:\maven\mavenWareHouseNew\com\fasterxml\classmate\1.3.4\classmate-1.3.4.jar;D:\maven\mavenWareHouseNew\org\springframework\plugin\spring-plugin-core\1.2.0.RELEASE\spring-plugin-core-1.2.0.RELEASE.jar;D:\maven\mavenWareHouseNew\org\springframework\plugin\spring-plugin-metadata\1.2.0.RELEASE\spring-plugin-metadata-1.2.0.RELEASE.jar;D:\maven\mavenWareHouseNew\org\mapstruct\mapstruct\1.0.0.Final\mapstruct-1.0.0.Final.jar;D:\maven\mavenWareHouseNew\commons-codec\commons-codec\1.10\commons-codec-1.10.jar;D:\maven\mavenWareHouseNew\org\springframework\boot\spring-boot-starter-test\1.5.13.RELEASE\spring-boot-starter-test-1.5.13.RELEASE.jar;D:\maven\mavenWareHouseNew\org\springframework\boot\spring-boot-test\1.5.13.RELEASE\spring-boot-test-1.5.13.RELEASE.jar;D:\maven\mavenWareHouseNew\org\springframework\boot\spring-boot-test-autoconfigure\1.5.13.RELEASE\spring-boot-test-autoconfigure-1.5.13.RELEASE.jar;D:\maven\mavenWareHouseNew\com\jayway\jsonpath\json-path\2.2.0\json-path-2.2.0.jar;D:\maven\mavenWareHouseNew\net\minidev\json-smart\2.2.1\json-smart-2.2.1.jar;D:\maven\mavenWareHouseNew\net\minidev\accessors-smart\1.1\accessors-smart-1.1.jar;D:\maven\mavenWareHouseNew\junit\junit\4.12\junit-4.12.jar;D:\maven\mavenWareHouseNew\org\assertj\assertj-core\2.6.0\assertj-core-2.6.0.jar;D:\maven\mavenWareHouseNew\org\mockito\mockito-core\1.10.19\mockito-core-1.10.19.jar;D:\maven\mavenWareHouseNew\org\objenesis\objenesis\2.5.1\objenesis-2.5.1.jar;D:\maven\mavenWareHouseNew\org\hamcrest\hamcrest-core\1.3\hamcrest-core-1.3.jar;D:\maven\mavenWareHouseNew\org\hamcrest\hamcrest-library\1.3\hamcrest-library-1.3.jar;D:\maven\mavenWareHouseNew\org\skyscreamer\jsonassert\1.4.0\jsonassert-1.4.0.jar;D:\maven\mavenWareHouseNew\com\vaadin\external\google\android-json\0.0.20131108.vaadin1\android-json-0.0.20131108.vaadin1.jar;D:\maven\mavenWareHouseNew\org\springframework\spring-core\4.3.11.RELEASE\spring-core-4.3.11.RELEASE.jar;D:\maven\mavenWareHouseNew\org\springframework\spring-test\4.3.17.RELEASE\spring-test-4.3.17.RELEASE.jar;D:\maven\mavenWareHouseNew\com\alibaba\druid\1.0.29\druid-1.0.29.jar;C:\workSoftware\Java\jdk1.8.0_73\jre\..\lib\jconsole.jar;C:\workSoftware\Java\jdk1.8.0_73\jre\..\lib\tools.jar;D:\maven\mavenWareHouseNew\org\mybatis\generator\mybatis-generator-core\1.3.5\mybatis-generator-core-1.3.5.jar;D:\maven\mavenWareHouseNew\org\springframework\boot\spring-boot-configuration-processor\1.5.13.RELEASE\spring-boot-configuration-processor-1.5.13.RELEASE.jar;D:\maven\mavenWareHouseNew\org\springframework\boot\spring-boot-devtools\1.5.13.RELEASE\spring-boot-devtools-1.5.13.RELEASE.jar;D:\maven\mavenWareHouseNew\org\springframework\boot\spring-boot\1.5.13.RELEASE\spring-boot-1.5.13.RELEASE.jar;D:\maven\mavenWareHouseNew\org\springframework\boot\spring-boot-starter-aop\1.5.13.RELEASE\spring-boot-starter-aop-1.5.13.RELEASE.jar;D:\maven\mavenWareHouseNew\org\springframework\spring-aop\4.3.17.RELEASE\spring-aop-4.3.17.RELEASE.jar;D:\maven\mavenWareHouseNew\org\modelmapper\modelmapper\1.1.2\modelmapper-1.1.2.jar;D:\maven\mavenWareHouseNew\org\jolokia\jolokia-core\1.3.7\jolokia-core-1.3.7.jar;D:\maven\mavenWareHouseNew\com\googlecode\json-simple\json-simple\1.1.1\json-simple-1.1.1.jar;D:\maven\mavenWareHouseNew\org\springframework\security\spring-security-jwt\1.0.9.RELEASE\spring-security-jwt-1.0.9.RELEASE.jar;D:\maven\mavenWareHouseNew\org\bouncycastle\bcpkix-jdk15on\1.56\bcpkix-jdk15on-1.56.jar;D:\maven\mavenWareHouseNew\org\bouncycastle\bcprov-jdk15on\1.56\bcprov-jdk15on-1.56.jar;D:\maven\mavenWareHouseNew\org\liquibase\liquibase-core\3.5.3\liquibase-core-3.5.3.jar;D:\maven\mavenWareHouseNew\org\yaml\snakeyaml\1.17\snakeyaml-1.17.jar;D:\maven\mavenWareHouseNew\org\springframework\cloud\spring-cloud-starter-zipkin\1.3.3.RELEASE\spring-cloud-starter-zipkin-1.3.3.RELEASE.jar;D:\maven\mavenWareHouseNew\org\springframework\amqp\spring-rabbit\1.7.7.RELEASE\spring-rabbit-1.7.7.RELEASE.jar;D:\maven\mavenWareHouseNew\org\springframework\retry\spring-retry\1.2.2.RELEASE\spring-retry-1.2.2.RELEASE.jar;D:\maven\mavenWareHouseNew\com\rabbitmq\http-client\1.1.1.RELEASE\http-client-1.1.1.RELEASE.jar;D:\maven\mavenWareHouseNew\com\rabbitmq\amqp-client\4.0.3\amqp-client-4.0.3.jar;D:\maven\mavenWareHouseNew\org\springframework\spring-messaging\4.3.17.RELEASE\spring-messaging-4.3.17.RELEASE.jar;D:\maven\mavenWareHouseNew\org\springframework\spring-context\4.3.8.RELEASE\spring-context-4.3.8.RELEASE.jar;D:\maven\mavenWareHouseNew\org\springframework\amqp\spring-amqp\1.7.7.RELEASE\spring-amqp-1.7.7.RELEASE.jar;D:\maven\mavenWareHouseNew\org\springframework\cloud\spring-cloud-starter-netflix-eureka-client\1.4.4.RELEASE\spring-cloud-starter-netflix-eureka-client-1.4.4.RELEASE.jar;D:\maven\mavenWareHouseNew\org\springframework\cloud\spring-cloud-netflix-core\1.4.4.RELEASE\spring-cloud-netflix-core-1.4.4.RELEASE.jar;D:\maven\mavenWareHouseNew\org\springframework\cloud\spring-cloud-netflix-eureka-client\1.4.4.RELEASE\spring-cloud-netflix-eureka-client-1.4.4.RELEASE.jar;D:\maven\mavenWareHouseNew\com\netflix\eureka\eureka-client\1.7.2\eureka-client-1.7.2.jar;D:\maven\mavenWareHouseNew\org\codehaus\jettison\jettison\1.2\jettison-1.2.jar;D:\maven\mavenWareHouseNew\stax\stax-api\1.0.1\stax-api-1.0.1.jar;D:\maven\mavenWareHouseNew\com\netflix\netflix-commons\netflix-eventbus\0.3.0\netflix-eventbus-0.3.0.jar;D:\maven\mavenWareHouseNew\com\netflix\netflix-commons\netflix-infix\0.3.0\netflix-infix-0.3.0.jar;D:\maven\mavenWareHouseNew\commons-jxpath\commons-jxpath\1.3\commons-jxpath-1.3.jar;D:\maven\mavenWareHouseNew\org\antlr\antlr-runtime\3.4\antlr-runtime-3.4.jar;D:\maven\mavenWareHouseNew\org\antlr\stringtemplate\3.2.1\stringtemplate-3.2.1.jar;D:\maven\mavenWareHouseNew\antlr\antlr\2.7.7\antlr-2.7.7.jar;D:\maven\mavenWareHouseNew\com\google\code\gson\gson\2.8.4\gson-2.8.4.jar;D:\maven\mavenWareHouseNew\org\apache\commons\commons-math\2.2\commons-math-2.2.jar;D:\maven\mavenWareHouseNew\javax\ws\rs\jsr311-api\1.1.1\jsr311-api-1.1.1.jar;D:\maven\mavenWareHouseNew\com\netflix\servo\servo-core\0.10.1\servo-core-0.10.1.jar;D:\maven\mavenWareHouseNew\com\netflix\servo\servo-internal\0.10.1\servo-internal-0.10.1.jar;D:\maven\mavenWareHouseNew\com\sun\jersey\jersey-core\1.19.1\jersey-core-1.19.1.jar;D:\maven\mavenWareHouseNew\com\sun\jersey\jersey-client\1.19.1\jersey-client-1.19.1.jar;D:\maven\mavenWareHouseNew\com\sun\jersey\contribs\jersey-apache-client4\1.19.1\jersey-apache-client4-1.19.1.jar;D:\maven\mavenWareHouseNew\com\google\inject\guice\3.0\guice-3.0.jar;D:\maven\mavenWareHouseNew\com\netflix\eureka\eureka-core\1.7.2\eureka-core-1.7.2.jar;D:\maven\mavenWareHouseNew\org\codehaus\woodstox\woodstox-core-asl\4.4.1\woodstox-core-asl-4.4.1.jar;D:\maven\mavenWareHouseNew\javax\xml\stream\stax-api\1.0-2\stax-api-1.0-2.jar;D:\maven\mavenWareHouseNew\org\codehaus\woodstox\stax2-api\3.1.4\stax2-api-3.1.4.jar;D:\maven\mavenWareHouseNew\org\springframework\cloud\spring-cloud-starter-netflix-archaius\1.4.4.RELEASE\spring-cloud-starter-netflix-archaius-1.4.4.RELEASE.jar;D:\maven\mavenWareHouseNew\commons-configuration\commons-configuration\1.8\commons-configuration-1.8.jar;D:\maven\mavenWareHouseNew\org\springframework\cloud\spring-cloud-starter-netflix-ribbon\1.4.4.RELEASE\spring-cloud-starter-netflix-ribbon-1.4.4.RELEASE.jar;D:\maven\mavenWareHouseNew\com\netflix\ribbon\ribbon\2.2.5\ribbon-2.2.5.jar;D:\maven\mavenWareHouseNew\com\netflix\ribbon\ribbon-transport\2.2.5\ribbon-transport-2.2.5.jar;D:\maven\mavenWareHouseNew\io\reactivex\rxnetty-contexts\0.4.9\rxnetty-contexts-0.4.9.jar;D:\maven\mavenWareHouseNew\io\reactivex\rxnetty-servo\0.4.9\rxnetty-servo-0.4.9.jar;D:\maven\mavenWareHouseNew\io\reactivex\rxnetty\0.4.9\rxnetty-0.4.9.jar;D:\maven\mavenWareHouseNew\io\netty\netty-codec-http\4.0.27.Final\netty-codec-http-4.0.27.Final.jar;D:\maven\mavenWareHouseNew\io\netty\netty-codec\4.0.27.Final\netty-codec-4.0.27.Final.jar;D:\maven\mavenWareHouseNew\io\netty\netty-handler\4.0.27.Final\netty-handler-4.0.27.Final.jar;D:\maven\mavenWareHouseNew\io\netty\netty-transport-native-epoll\4.0.27.Final\netty-transport-native-epoll-4.0.27.Final.jar;D:\maven\mavenWareHouseNew\io\netty\netty-common\4.0.27.Final\netty-common-4.0.27.Final.jar;D:\maven\mavenWareHouseNew\io\netty\netty-buffer\4.0.27.Final\netty-buffer-4.0.27.Final.jar;D:\maven\mavenWareHouseNew\io\netty\netty-transport\4.0.27.Final\netty-transport-4.0.27.Final.jar;D:\maven\mavenWareHouseNew\com\netflix\ribbon\ribbon-core\2.2.5\ribbon-core-2.2.5.jar;D:\maven\mavenWareHouseNew\com\netflix\ribbon\ribbon-httpclient\2.2.5\ribbon-httpclient-2.2.5.jar;D:\maven\mavenWareHouseNew\com\netflix\netflix-commons\netflix-commons-util\0.1.1\netflix-commons-util-0.1.1.jar;D:\maven\mavenWareHouseNew\com\netflix\ribbon\ribbon-loadbalancer\2.2.5\ribbon-loadbalancer-2.2.5.jar;D:\maven\mavenWareHouseNew\com\netflix\netflix-commons\netflix-statistics\0.1.1\netflix-statistics-0.1.1.jar;D:\maven\mavenWareHouseNew\com\netflix\ribbon\ribbon-eureka\2.2.5\ribbon-eureka-2.2.5.jar;D:\maven\mavenWareHouseNew\com\thoughtworks\xstream\xstream\1.4.10\xstream-1.4.10.jar;D:\maven\mavenWareHouseNew\xmlpull\xmlpull\1.1.3.1\xmlpull-1.1.3.1.jar;D:\maven\mavenWareHouseNew\xpp3\xpp3_min\1.1.4c\xpp3_min-1.1.4c.jar;, user.name=18771, java.vm.specification.version=1.8, sun.java.command=C:\workproject\study\Immortalbird\paascloud-provider\paascloud-provider-uac\target\surefire\surefirebooter3960685941693253513.jar C:\workproject\study\Immortalbird\paascloud-provider\paascloud-provider-uac\target\surefire\surefire8331501010975414119tmp C:\workproject\study\Immortalbird\paascloud-provider\paascloud-provider-uac\target\surefire\surefire_03200265229749405644tmp, java.home=C:\workSoftware\Java\jdk1.8.0_73\jre, sun.arch.data.model=64, aven.test.skip=true, user.language=zh, java.specification.vendor=Oracle Corporation, awt.toolkit=sun.awt.windows.WToolkit, java.vm.info=mixed mode, java.version=1.8.0_73, java.ext.dirs=C:\workSoftware\Java\jdk1.8.0_73\jre\lib\ext;C:\WINDOWS\Sun\Java\lib\ext, sun.boot.class.path=C:\workSoftware\Java\jdk1.8.0_73\jre\lib\resources.jar;C:\workSoftware\Java\jdk1.8.0_73\jre\lib\rt.jar;C:\workSoftware\Java\jdk1.8.0_73\jre\lib\sunrsasign.jar;C:\workSoftware\Java\jdk1.8.0_73\jre\lib\jsse.jar;C:\workSoftware\Java\jdk1.8.0_73\jre\lib\jce.jar;C:\workSoftware\Java\jdk1.8.0_73\jre\lib\charsets.jar;C:\workSoftware\Java\jdk1.8.0_73\jre\lib\jfr.jar;C:\workSoftware\Java\jdk1.8.0_73\jre\classes, java.vendor=Oracle Corporation, localRepository=D:\maven\mavenWareHouseNew, file.separator=\, java.vendor.url.bug=http://bugreport.sun.com/bugreport/, sun.io.unicode.encoding=UnicodeLittle, sun.cpu.endian=little, sun.desktop=windows, sun.cpu.isalist=amd64}}, SystemEnvironmentPropertySource@37380050 {name='systemEnvironment', properties={PATH=C:\Users\18771\bin;C:\Program Files\Git\mingw64\bin;C:\Program Files\Git\usr\local\bin;C:\Program Files\Git\usr\bin;C:\Program Files\Git\usr\bin;C:\Program Files\Git\mingw64\bin;C:\Program Files\Git\usr\bin;C:\Users\18771\bin;C:\workSoftware\Anaconda3-5;C:\workSoftware\Anaconda3-5\Library\mingw-w64\bin;C:\workSoftware\Anaconda3-5\Library\usr\bin;C:\workSoftware\Anaconda3-5\Library\bin;C:\workSoftware\Anaconda3-5\Scripts;%PYTHON_HOME%;C:\ProgramData\Oracle\Java\javapath;C:\workSoftware\gradle\gradle-4.4\bin;C:\workSoftware\mysql\mysql-5.7.17-winx64\bin;C:\workSoftware\maven\apache-maven-3.2.5\bin;%CATALINA_HOME%\bin;C:\workSoftware\Java\jdk1.8.0_73\bin;C:\workSoftware\Java\jdk1.8.0_73\jre\bin;C:\WINDOWS\system32;C:\WINDOWS;C:\WINDOWS\System32\Wbem;C:\WINDOWS\System32\WindowsPowerShell\v1.0;C:\Program Files\Git\cmd;C:\Program Files\Git\mingw64\bin;C:\Program Files\Git\usr\bin;%CATALINA_HOME%\lib;C:\workSoftware\ant\apache-ant-1.10.5\bin;C:\WINDOWS\System32\OpenSSH;C:\Program Files\Pandoc;C:\Program Files\MIT\Kerberos\bin;C:\workSoftware\apache-groovy\groovy-2.5.5\bin;C:\workSoftware\grails\grails-3.3.9\bin;C:\Ruby22-x64\bin;C:\Users\18771\AppData\Local\Microsoft\WindowsApps;C:\workSoftware\docker\Docker Toolbox;C:\Program Files\Git\usr\bin\vendor_perl;C:\Program Files\Git\usr\bin\core_perl, USERDOMAIN_ROAMINGPROFILE=DESKTOP-5SL4MN7, PKG_CONFIG_PATH=C:\Program Files\Git\mingw64\lib\pkgconfig;C:\Program Files\Git\mingw64\share\pkgconfig, NO_PROXY=192.168.99.100, PROCESSOR_LEVEL=6, SYSTEMDRIVE=C:, M2=C:\workSoftware\maven\apache-maven-3.2.5\bin, GRAILS_HOME=C:\workSoftware\grails\grails-3.3.9, ALLUSERSPROFILE=C:\ProgramData, PROCESSOR_ARCHITECTURE=AMD64, TNS_ADMIN=C:\workSoftware\instantclient-basic-nt-11.2.0.3.0\instantclient_11_2\network\admin, DRIVERDATA=C:\Windows\System32\Drivers\DriverData, PROGRAMFILES=C:\Program Files, PSMODULEPATH=%ProgramFiles%\WindowsPowerShell\Modules;C:\WINDOWS\system32\WindowsPowerShell\v1.0\Modules, PROGRAMDATA=C:\ProgramData, USERNAME=18771, PWD=C:/workproject/study/Immortalbird/paascloud-provider, CATALINA_HOME1111=C:\workSoftware\tomcat\apache-tomcat-9.0.5, INFOPATH=C:\Program Files\Git\usr\local\info;C:\Program Files\Git\usr\share\info;C:\Program Files\Git\usr\info;C:\Program Files\Git\share\info, ONEDRIVE=C:\Users\18771\OneDrive, PATHEXT=.COM;.EXE;.BAT;.CMD;.VBS;.VBE;.JS;.JSE;.WSF;.WSH;.MSC;.RB;.RBW, SHELL=C:\Program Files\Git\usr\bin\bash, COMPOSE_CONVERT_WINDOWS_PATHS=true, OLDPWD=C:/workproject/study/Immortalbird/paascloud-provider, TMPDIR=C:\Users\18771\AppData\Local\Temp, WINDIR=C:\WINDOWS, SSH_ASKPASS=C:/Program Files/Git/mingw64/libexec/git-core/git-gui--askpass, HOMEPATH=\Users\18771, MYSQL_HOME=C:\workSoftware\mysql\mysql-5.7.17-winx64, PROCESSOR_IDENTIFIER=Intel64 Family 6 Model 78 Stepping 3, GenuineIntel, M2_HOME=C:\workSoftware\maven\apache-maven-3.2.5, PUBLIC=C:\Users\Public, =::=::\, EXEPATH=C:\Program Files\Git, SHLVL=1, LOCALAPPDATA=C:\Users\18771\AppData\Local, MANPATH=C:\Program Files\Git\mingw64\share\man;C:\Program Files\Git\usr\local\man;C:\Program Files\Git\usr\share\man;C:\Program Files\Git\usr\man;C:\Program Files\Git\share\man, COMMONPROGRAMFILES(X86)=C:\Program Files (x86)\Common Files, DOCKER_HOST=tcp://192.168.99.100:2376, USERDOMAIN=DESKTOP-5SL4MN7, LOGONSERVER=\\DESKTOP-5SL4MN7, JAVA_HOME=C:/workSoftware/Java/jdk1.8.0_73, PLINK_PROTOCOL=ssh, PROMPT=$P$G, PROGRAMFILES(X86)=C:\Program Files (x86), TERM=cygwin, LANG=zh_CN.UTF-8, GRADLE_HOME=C:\workSoftware\gradle\gradle-4.4, MAVEN_OPTS= -Xms512m -Xmx1024m, ANT_HOME=C:\workSoftware\ant\apache-ant-1.10.5, DISPLAY=needs-to-be-defined, GROOVY_HOME=C:\workSoftware\apache-groovy\groovy-2.5.5, MSYSTEM=MINGW64, =C:=C:\workproject\study\Immortalbird\paascloud-provider\paascloud-provider-uac, APPDATA=C:\Users\18771\AppData\Roaming, DOCKER_MACHINE_NAME=default, DOCKER_CERT_PATH=C:\Users\18771\.docker\machine\machines\default, PROGRAMW6432=C:\Program Files, SYSTEMROOT=C:\WINDOWS, MAVEN_CMD_LINE_ARGS= clean install -Daven.test.skip=true, VBOX_MSI_INSTALL_PATH=C:\Program Files\Oracle\VirtualBox\, OS=Windows_NT, COMMONPROGRAMW6432=C:\Program Files\Common Files, COMPUTERNAME=DESKTOP-5SL4MN7, JBOSS_HOME=F:\工作目录\新华三\瞿媛媛\接收\jboss-eap-7.1, COMMONPROGRAMFILES=C:\Program Files\Common Files, COMSPEC=C:\WINDOWS\system32\cmd.exe, MAVEN_PROJECTBASEDIR=C:/workproject/study/Immortalbird/paascloud-provider, PROCESSOR_REVISION=4e03, CLASSPATH=.;C:\workSoftware\Java\jdk1.8.0_73\lib\dt.jar;C:\workSoftware\Java\jdk1.8.0_73\lib\tools.jar, NLS_LANG=SIMPLIFIED CHINESE_CHINA.ZHS16GBK, ACLOCAL_PATH=C:\Program Files\Git\mingw64\share\aclocal;C:\Program Files\Git\usr\share\aclocal, DOCKER_TLS_VERIFY=1, PRINTER=NPIBF6305 (HP LaserJet 400 M401dn), TEMP=C:\Users\18771\AppData\Local\Temp, HOSTNAME=DESKTOP-5SL4MN7, HOMEDRIVE=C:, USERPROFILE=C:\Users\18771, TMP=C:\Users\18771\AppData\Local\Temp, NUMBER_OF_PROCESSORS=4, DOCKER_TOOLBOX_INSTALL_PATH=C:\workSoftware\docker\Docker Toolbox, HOME=C:\Users\18771}}]
16:15:08.753 [main] DEBUG org.springframework.core.io.support.PathMatchingResourcePatternResolver - Resolved classpath location [com/paascloud/provider/] to resources [URL [file:/C:/workproject/study/Immortalbird/paascloud-provider/paascloud-provider-uac/target/test-classes/com/paascloud/provider/], URL [file:/C:/workproject/study/Immortalbird/paascloud-provider/paascloud-provider-uac/target/classes/com/paascloud/provider/], URL [jar:file:/D:/maven/mavenWareHouseNew/com/liuzm/paascloud/provider/api/paascloud-provider-uac-api/1.0/paascloud-provider-uac-api-1.0.jar!/com/paascloud/provider/], URL [jar:file:/D:/maven/mavenWareHouseNew/com/liuzm/paascloud/provider/api/paascloud-provider-mdc-api/1.0/paascloud-provider-mdc-api-1.0.jar!/com/paascloud/provider/], URL [jar:file:/D:/maven/mavenWareHouseNew/com/liuzm/paascloud/provider/api/paascloud-provider-omc-api/1.0/paascloud-provider-omc-api-1.0.jar!/com/paascloud/provider/], URL [jar:file:/D:/maven/mavenWareHouseNew/com/liuzm/paascloud/provider/api/paascloud-provider-opc-api/1.0/paascloud-provider-opc-api-1.0.jar!/com/paascloud/provider/], URL [jar:file:/D:/maven/mavenWareHouseNew/com/liuzm/paascloud/provider/api/paascloud-provider-sdk-api/1.0/paascloud-provider-sdk-api-1.0.jar!/com/paascloud/provider/], URL [jar:file:/D:/maven/mavenWareHouseNew/com/liuzm/paascloud/provider/api/paascloud-provider-tpc-api/1.0/paascloud-provider-tpc-api-1.0.jar!/com/paascloud/provider/]]
16:15:08.759 [main] DEBUG org.springframework.core.io.support.PathMatchingResourcePatternResolver - Looking for matching resources in directory tree [C:\workproject\study\Immortalbird\paascloud-provider\paascloud-provider-uac\target\test-classes\com\paascloud\provider]
16:15:08.763 [main] DEBUG org.springframework.core.io.support.PathMatchingResourcePatternResolver - Searching directory [C:\workproject\study\Immortalbird\paascloud-provider\paascloud-provider-uac\target\test-classes\com\paascloud\provider] for files matching pattern [C:/workproject/study/Immortalbird/paascloud-provider/paascloud-provider-uac/target/test-classes/com/paascloud/provider/*.class]
16:15:08.794 [main] DEBUG org.springframework.core.io.support.PathMatchingResourcePatternResolver - Looking for matching resources in directory tree [C:\workproject\study\Immortalbird\paascloud-provider\paascloud-provider-uac\target\classes\com\paascloud\provider]
16:15:08.802 [main] DEBUG org.springframework.core.io.support.PathMatchingResourcePatternResolver - Searching directory [C:\workproject\study\Immortalbird\paascloud-provider\paascloud-provider-uac\target\classes\com\paascloud\provider] for files matching pattern [C:/workproject/study/Immortalbird/paascloud-provider/paascloud-provider-uac/target/classes/com/paascloud/provider/*.class]
16:15:08.832 [main] DEBUG org.springframework.core.io.support.PathMatchingResourcePatternResolver - Looking for matching resources in jar file [file:/D:/maven/mavenWareHouseNew/com/liuzm/paascloud/provider/api/paascloud-provider-uac-api/1.0/paascloud-provider-uac-api-1.0.jar]
16:15:08.836 [main] DEBUG org.springframework.core.io.support.PathMatchingResourcePatternResolver - Looking for matching resources in jar file [file:/D:/maven/mavenWareHouseNew/com/liuzm/paascloud/provider/api/paascloud-provider-mdc-api/1.0/paascloud-provider-mdc-api-1.0.jar]
16:15:08.838 [main] DEBUG org.springframework.core.io.support.PathMatchingResourcePatternResolver - Looking for matching resources in jar file [file:/D:/maven/mavenWareHouseNew/com/liuzm/paascloud/provider/api/paascloud-provider-omc-api/1.0/paascloud-provider-omc-api-1.0.jar]
16:15:08.840 [main] DEBUG org.springframework.core.io.support.PathMatchingResourcePatternResolver - Looking for matching resources in jar file [file:/D:/maven/mavenWareHouseNew/com/liuzm/paascloud/provider/api/paascloud-provider-opc-api/1.0/paascloud-provider-opc-api-1.0.jar]
16:15:08.848 [main] DEBUG org.springframework.core.io.support.PathMatchingResourcePatternResolver - Looking for matching resources in jar file [file:/D:/maven/mavenWareHouseNew/com/liuzm/paascloud/provider/api/paascloud-provider-sdk-api/1.0/paascloud-provider-sdk-api-1.0.jar]
16:15:08.853 [main] DEBUG org.springframework.core.io.support.PathMatchingResourcePatternResolver - Looking for matching resources in jar file [file:/D:/maven/mavenWareHouseNew/com/liuzm/paascloud/provider/api/paascloud-provider-tpc-api/1.0/paascloud-provider-tpc-api-1.0.jar]
16:15:08.857 [main] DEBUG org.springframework.core.io.support.PathMatchingResourcePatternResolver - Resolved location pattern [classpath*:com/paascloud/provider/*.class] to resources [file [C:\workproject\study\Immortalbird\paascloud-provider\paascloud-provider-uac\target\test-classes\com\paascloud\provider\MD5Test.class], file [C:\workproject\study\Immortalbird\paascloud-provider\paascloud-provider-uac\target\test-classes\com\paascloud\provider\MybatisGenerator.class], file [C:\workproject\study\Immortalbird\paascloud-provider\paascloud-provider-uac\target\test-classes\com\paascloud\provider\PaasCloudUacApplicationTests.class], file [C:\workproject\study\Immortalbird\paascloud-provider\paascloud-provider-uac\target\test-classes\com\paascloud\provider\UacMenuServiceTest.class], file [C:\workproject\study\Immortalbird\paascloud-provider\paascloud-provider-uac\target\test-classes\com\paascloud\provider\UacRoleServiceTest.class], file [C:\workproject\study\Immortalbird\paascloud-provider\paascloud-provider-uac\target\test-classes\com\paascloud\provider\UacUserServiceTest.class]]
16:15:08.999 [main] DEBUG org.springframework.core.io.support.PathMatchingResourcePatternResolver - Resolved classpath location [com/paascloud/] to resources [URL [file:/C:/workproject/study/Immortalbird/paascloud-provider/paascloud-provider-uac/target/test-classes/com/paascloud/], URL [file:/C:/workproject/study/Immortalbird/paascloud-provider/paascloud-provider-uac/target/classes/com/paascloud/], URL [jar:file:/D:/maven/mavenWareHouseNew/com/liuzm/paascloud/provider/api/paascloud-provider-uac-api/1.0/paascloud-provider-uac-api-1.0.jar!/com/paascloud/], URL [jar:file:/D:/maven/mavenWareHouseNew/com/liuzm/paascloud/common/paascloud-security-feign/1.0/paascloud-security-feign-1.0.jar!/com/paascloud/], URL [jar:file:/D:/maven/mavenWareHouseNew/com/liuzm/paascloud/provider/api/paascloud-provider-mdc-api/1.0/paascloud-provider-mdc-api-1.0.jar!/com/paascloud/], URL [jar:file:/D:/maven/mavenWareHouseNew/com/liuzm/paascloud/provider/api/paascloud-provider-omc-api/1.0/paascloud-provider-omc-api-1.0.jar!/com/paascloud/], URL [jar:file:/D:/maven/mavenWareHouseNew/com/liuzm/paascloud/provider/api/paascloud-provider-opc-api/1.0/paascloud-provider-opc-api-1.0.jar!/com/paascloud/], URL [jar:file:/D:/maven/mavenWareHouseNew/com/liuzm/paascloud/provider/api/paascloud-provider-sdk-api/1.0/paascloud-provider-sdk-api-1.0.jar!/com/paascloud/], URL [jar:file:/D:/maven/mavenWareHouseNew/com/liuzm/paascloud/provider/api/paascloud-provider-tpc-api/1.0/paascloud-provider-tpc-api-1.0.jar!/com/paascloud/], URL [jar:file:/D:/maven/mavenWareHouseNew/com/liuzm/paascloud/common/paascloud-common-zk/1.0/paascloud-common-zk-1.0.jar!/com/paascloud/], URL [jar:file:/D:/maven/mavenWareHouseNew/com/liuzm/paascloud/common/paascloud-common-base/1.0/paascloud-common-base-1.0.jar!/com/paascloud/], URL [jar:file:/D:/maven/mavenWareHouseNew/com/liuzm/paascloud/common/paascloud-security-app/1.0/paascloud-security-app-1.0.jar!/com/paascloud/], URL [jar:file:/D:/maven/mavenWareHouseNew/com/liuzm/paascloud/common/paascloud-security-core/1.0/paascloud-security-core-1.0.jar!/com/paascloud/], URL [jar:file:/D:/maven/mavenWareHouseNew/com/liuzm/paascloud/common/paascloud-common-util/1.0/paascloud-common-util-1.0.jar!/com/paascloud/], URL [jar:file:/D:/maven/mavenWareHouseNew/com/liuzm/paascloud/common/paascloud-common-core/1.0/paascloud-common-core-1.0.jar!/com/paascloud/], URL [jar:file:/D:/maven/mavenWareHouseNew/com/liuzm/paascloud/common/paascloud-common-config/1.0/paascloud-common-config-1.0.jar!/com/paascloud/]]
16:15:08.999 [main] DEBUG org.springframework.core.io.support.PathMatchingResourcePatternResolver - Looking for matching resources in directory tree [C:\workproject\study\Immortalbird\paascloud-provider\paascloud-provider-uac\target\test-classes\com\paascloud]
16:15:09.003 [main] DEBUG org.springframework.core.io.support.PathMatchingResourcePatternResolver - Searching directory [C:\workproject\study\Immortalbird\paascloud-provider\paascloud-provider-uac\target\test-classes\com\paascloud] for files matching pattern [C:/workproject/study/Immortalbird/paascloud-provider/paascloud-provider-uac/target/test-classes/com/paascloud/*.class]
16:15:09.008 [main] DEBUG org.springframework.core.io.support.PathMatchingResourcePatternResolver - Looking for matching resources in directory tree [C:\workproject\study\Immortalbird\paascloud-provider\paascloud-provider-uac\target\classes\com\paascloud]
16:15:09.017 [main] DEBUG org.springframework.core.io.support.PathMatchingResourcePatternResolver - Searching directory [C:\workproject\study\Immortalbird\paascloud-provider\paascloud-provider-uac\target\classes\com\paascloud] for files matching pattern [C:/workproject/study/Immortalbird/paascloud-provider/paascloud-provider-uac/target/classes/com/paascloud/*.class]
16:15:09.021 [main] DEBUG org.springframework.core.io.support.PathMatchingResourcePatternResolver - Looking for matching resources in jar file [file:/D:/maven/mavenWareHouseNew/com/liuzm/paascloud/provider/api/paascloud-provider-uac-api/1.0/paascloud-provider-uac-api-1.0.jar]
16:15:09.026 [main] DEBUG org.springframework.core.io.support.PathMatchingResourcePatternResolver - Looking for matching resources in jar file [file:/D:/maven/mavenWareHouseNew/com/liuzm/paascloud/common/paascloud-security-feign/1.0/paascloud-security-feign-1.0.jar]
16:15:09.028 [main] DEBUG org.springframework.core.io.support.PathMatchingResourcePatternResolver - Looking for matching resources in jar file [file:/D:/maven/mavenWareHouseNew/com/liuzm/paascloud/provider/api/paascloud-provider-mdc-api/1.0/paascloud-provider-mdc-api-1.0.jar]
16:15:09.030 [main] DEBUG org.springframework.core.io.support.PathMatchingResourcePatternResolver - Looking for matching resources in jar file [file:/D:/maven/mavenWareHouseNew/com/liuzm/paascloud/provider/api/paascloud-provider-omc-api/1.0/paascloud-provider-omc-api-1.0.jar]
16:15:09.033 [main] DEBUG org.springframework.core.io.support.PathMatchingResourcePatternResolver - Looking for matching resources in jar file [file:/D:/maven/mavenWareHouseNew/com/liuzm/paascloud/provider/api/paascloud-provider-opc-api/1.0/paascloud-provider-opc-api-1.0.jar]
16:15:09.036 [main] DEBUG org.springframework.core.io.support.PathMatchingResourcePatternResolver - Looking for matching resources in jar file [file:/D:/maven/mavenWareHouseNew/com/liuzm/paascloud/provider/api/paascloud-provider-sdk-api/1.0/paascloud-provider-sdk-api-1.0.jar]
16:15:09.037 [main] DEBUG org.springframework.core.io.support.PathMatchingResourcePatternResolver - Looking for matching resources in jar file [file:/D:/maven/mavenWareHouseNew/com/liuzm/paascloud/provider/api/paascloud-provider-tpc-api/1.0/paascloud-provider-tpc-api-1.0.jar]
16:15:09.039 [main] DEBUG org.springframework.core.io.support.PathMatchingResourcePatternResolver - Looking for matching resources in jar file [file:/D:/maven/mavenWareHouseNew/com/liuzm/paascloud/common/paascloud-common-zk/1.0/paascloud-common-zk-1.0.jar]
16:15:09.047 [main] DEBUG org.springframework.core.io.support.PathMatchingResourcePatternResolver - Looking for matching resources in jar file [file:/D:/maven/mavenWareHouseNew/com/liuzm/paascloud/common/paascloud-common-base/1.0/paascloud-common-base-1.0.jar]
16:15:09.049 [main] DEBUG org.springframework.core.io.support.PathMatchingResourcePatternResolver - Looking for matching resources in jar file [file:/D:/maven/mavenWareHouseNew/com/liuzm/paascloud/common/paascloud-security-app/1.0/paascloud-security-app-1.0.jar]
16:15:09.050 [main] DEBUG org.springframework.core.io.support.PathMatchingResourcePatternResolver - Looking for matching resources in jar file [file:/D:/maven/mavenWareHouseNew/com/liuzm/paascloud/common/paascloud-security-core/1.0/paascloud-security-core-1.0.jar]
16:15:09.052 [main] DEBUG org.springframework.core.io.support.PathMatchingResourcePatternResolver - Looking for matching resources in jar file [file:/D:/maven/mavenWareHouseNew/com/liuzm/paascloud/common/paascloud-common-util/1.0/paascloud-common-util-1.0.jar]
16:15:09.054 [main] DEBUG org.springframework.core.io.support.PathMatchingResourcePatternResolver - Looking for matching resources in jar file [file:/D:/maven/mavenWareHouseNew/com/liuzm/paascloud/common/paascloud-common-core/1.0/paascloud-common-core-1.0.jar]
16:15:09.057 [main] DEBUG org.springframework.core.io.support.PathMatchingResourcePatternResolver - Looking for matching resources in jar file [file:/D:/maven/mavenWareHouseNew/com/liuzm/paascloud/common/paascloud-common-config/1.0/paascloud-common-config-1.0.jar]
16:15:09.058 [main] DEBUG org.springframework.core.io.support.PathMatchingResourcePatternResolver - Resolved location pattern [classpath*:com/paascloud/*.class] to resources [file [C:\workproject\study\Immortalbird\paascloud-provider\paascloud-provider-uac\target\classes\com\paascloud\PaasCloudUacApplication.class], URL [jar:file:/D:/maven/mavenWareHouseNew/com/liuzm/paascloud/common/paascloud-common-util/1.0/paascloud-common-util-1.0.jar!/com/paascloud/BigDecimalUtil.class], URL [jar:file:/D:/maven/mavenWareHouseNew/com/liuzm/paascloud/common/paascloud-common-util/1.0/paascloud-common-util-1.0.jar!/com/paascloud/Collections3.class], URL [jar:file:/D:/maven/mavenWareHouseNew/com/liuzm/paascloud/common/paascloud-common-util/1.0/paascloud-common-util-1.0.jar!/com/paascloud/DateUtil.class], URL [jar:file:/D:/maven/mavenWareHouseNew/com/liuzm/paascloud/common/paascloud-common-util/1.0/paascloud-common-util-1.0.jar!/com/paascloud/HttpAesUtil.class], URL [jar:file:/D:/maven/mavenWareHouseNew/com/liuzm/paascloud/common/paascloud-common-util/1.0/paascloud-common-util-1.0.jar!/com/paascloud/JacksonUtil.class], URL [jar:file:/D:/maven/mavenWareHouseNew/com/liuzm/paascloud/common/paascloud-common-util/1.0/paascloud-common-util-1.0.jar!/com/paascloud/PublicUtil.class], URL [jar:file:/D:/maven/mavenWareHouseNew/com/liuzm/paascloud/common/paascloud-common-util/1.0/paascloud-common-util-1.0.jar!/com/paascloud/PubUtils.class], URL [jar:file:/D:/maven/mavenWareHouseNew/com/liuzm/paascloud/common/paascloud-common-util/1.0/paascloud-common-util-1.0.jar!/com/paascloud/RandomUtil.class], URL [jar:file:/D:/maven/mavenWareHouseNew/com/liuzm/paascloud/common/paascloud-common-util/1.0/paascloud-common-util-1.0.jar!/com/paascloud/RecursionTreeUtil.class], URL [jar:file:/D:/maven/mavenWareHouseNew/com/liuzm/paascloud/common/paascloud-common-util/1.0/paascloud-common-util-1.0.jar!/com/paascloud/RedisKeyUtil.class], URL [jar:file:/D:/maven/mavenWareHouseNew/com/liuzm/paascloud/common/paascloud-common-util/1.0/paascloud-common-util-1.0.jar!/com/paascloud/ThreadLocalMap$1.class], URL [jar:file:/D:/maven/mavenWareHouseNew/com/liuzm/paascloud/common/paascloud-common-util/1.0/paascloud-common-util-1.0.jar!/com/paascloud/ThreadLocalMap$MapThreadLocal$1.class], URL [jar:file:/D:/maven/mavenWareHouseNew/com/liuzm/paascloud/common/paascloud-common-util/1.0/paascloud-common-util-1.0.jar!/com/paascloud/ThreadLocalMap$MapThreadLocal.class], URL [jar:file:/D:/maven/mavenWareHouseNew/com/liuzm/paascloud/common/paascloud-common-util/1.0/paascloud-common-util-1.0.jar!/com/paascloud/ThreadLocalMap.class], URL [jar:file:/D:/maven/mavenWareHouseNew/com/liuzm/paascloud/common/paascloud-common-util/1.0/paascloud-common-util-1.0.jar!/com/paascloud/TreeNode.class], URL [jar:file:/D:/maven/mavenWareHouseNew/com/liuzm/paascloud/common/paascloud-common-util/1.0/paascloud-common-util-1.0.jar!/com/paascloud/UrlUtil.class], URL [jar:file:/D:/maven/mavenWareHouseNew/com/liuzm/paascloud/common/paascloud-common-util/1.0/paascloud-common-util-1.0.jar!/com/paascloud/ValidateUtil.class]]
16:15:09.164 [main] DEBUG org.springframework.context.annotation.ClassPathScanningCandidateComponentProvider - Identified candidate component class: file [C:\workproject\study\Immortalbird\paascloud-provider\paascloud-provider-uac\target\classes\com\paascloud\PaasCloudUacApplication.class]
16:15:09.185 [main] INFO org.springframework.boot.test.context.SpringBootTestContextBootstrapper - Found @SpringBootConfiguration com.paascloud.PaasCloudUacApplication for test class com.paascloud.provider.PaasCloudUacApplicationTests
16:15:09.199 [main] DEBUG org.springframework.boot.test.context.SpringBootTestContextBootstrapper - @TestExecutionListeners is not present for class [com.paascloud.provider.PaasCloudUacApplicationTests]: using defaults.
16:15:09.225 [main] INFO org.springframework.boot.test.context.SpringBootTestContextBootstrapper - Loaded default TestExecutionListener class names from location [META-INF/spring.factories]: [org.springframework.boot.test.mock.mockito.MockitoTestExecutionListener, org.springframework.boot.test.mock.mockito.ResetMocksTestExecutionListener, org.springframework.boot.test.autoconfigure.restdocs.RestDocsTestExecutionListener, org.springframework.boot.test.autoconfigure.web.client.MockRestServiceServerResetTestExecutionListener, org.springframework.boot.test.autoconfigure.web.servlet.MockMvcPrintOnlyOnFailureTestExecutionListener, org.springframework.boot.test.autoconfigure.web.servlet.WebDriverTestExecutionListener, org.springframework.test.context.web.ServletTestExecutionListener, org.springframework.test.context.support.DirtiesContextBeforeModesTestExecutionListener, org.springframework.test.context.support.DependencyInjectionTestExecutionListener, org.springframework.test.context.support.DirtiesContextTestExecutionListener, org.springframework.test.context.transaction.TransactionalTestExecutionListener, org.springframework.test.context.jdbc.SqlScriptsTestExecutionListener]
16:15:09.284 [main] INFO org.springframework.boot.test.context.SpringBootTestContextBootstrapper - Using TestExecutionListeners: [org.springframework.test.context.web.ServletTestExecutionListener@37afeb11, org.springframework.test.context.support.DirtiesContextBeforeModesTestExecutionListener@515aebb0, org.springframework.boot.test.mock.mockito.MockitoTestExecutionListener@dd8ba08, org.springframework.boot.test.autoconfigure.SpringBootDependencyInjectionTestExecutionListener@245b4bdc, org.springframework.test.context.support.DirtiesContextTestExecutionListener@6c64cb25, org.springframework.test.context.transaction.TransactionalTestExecutionListener@6ae5aa72, org.springframework.test.context.jdbc.SqlScriptsTestExecutionListener@222545dc, org.springframework.boot.test.mock.mockito.ResetMocksTestExecutionListener@5c5eefef, org.springframework.boot.test.autoconfigure.restdocs.RestDocsTestExecutionListener@16293aa2, org.springframework.boot.test.autoconfigure.web.client.MockRestServiceServerResetTestExecutionListener@5158b42f, org.springframework.boot.test.autoconfigure.web.servlet.MockMvcPrintOnlyOnFailureTestExecutionListener@595b007d, org.springframework.boot.test.autoconfigure.web.servlet.WebDriverTestExecutionListener@72d1ad2e]
16:15:09.292 [main] DEBUG org.springframework.test.context.junit4.SpringJUnit4ClassRunner - SpringJUnit4ClassRunner constructor called with [class com.paascloud.provider.UacMenuServiceTest]
16:15:09.293 [main] DEBUG org.springframework.test.context.BootstrapUtils - Instantiating CacheAwareContextLoaderDelegate from class [org.springframework.test.context.cache.DefaultCacheAwareContextLoaderDelegate]
16:15:09.293 [main] DEBUG org.springframework.test.context.BootstrapUtils - Instantiating BootstrapContext using constructor [public org.springframework.test.context.support.DefaultBootstrapContext(java.lang.Class,org.springframework.test.context.CacheAwareContextLoaderDelegate)]
16:15:09.295 [main] DEBUG org.springframework.test.context.BootstrapUtils - Instantiating TestContextBootstrapper for test class [com.paascloud.provider.UacMenuServiceTest] from class [org.springframework.boot.test.context.SpringBootTestContextBootstrapper]
16:15:09.296 [main] INFO org.springframework.boot.test.context.SpringBootTestContextBootstrapper - Neither @ContextConfiguration nor @ContextHierarchy found for test class [com.paascloud.provider.UacMenuServiceTest], using SpringBootContextLoader
16:15:09.298 [main] DEBUG org.springframework.test.context.support.AbstractContextLoader - Did not detect default resource location for test class [com.paascloud.provider.UacMenuServiceTest]: class path resource [com/paascloud/provider/UacMenuServiceTest-context.xml] does not exist
16:15:09.301 [main] DEBUG org.springframework.test.context.support.AbstractContextLoader - Did not detect default resource location for test class [com.paascloud.provider.UacMenuServiceTest]: class path resource [com/paascloud/provider/UacMenuServiceTestContext.groovy] does not exist
16:15:09.301 [main] INFO org.springframework.test.context.support.AbstractContextLoader - Could not detect default resource locations for test class [com.paascloud.provider.UacMenuServiceTest]: no resource found for suffixes {-context.xml, Context.groovy}.
16:15:09.301 [main] INFO org.springframework.test.context.support.AnnotationConfigContextLoaderUtils - Could not detect default configuration classes for test class [com.paascloud.provider.UacMenuServiceTest]: UacMenuServiceTest does not declare any static, non-private, non-final, nested classes annotated with @Configuration.
16:15:09.324 [main] DEBUG org.springframework.test.context.support.ActiveProfilesUtils - Could not find an 'annotation declaring class' for annotation type [org.springframework.test.context.ActiveProfiles] and class [com.paascloud.provider.UacMenuServiceTest]
16:15:09.324 [main] DEBUG org.springframework.core.env.StandardEnvironment - Adding PropertySource 'systemProperties' with lowest search precedence
16:15:09.324 [main] DEBUG org.springframework.core.env.StandardEnvironment - Adding PropertySource 'systemEnvironment' with lowest search precedence
16:15:09.327 [main] DEBUG org.springframework.core.env.StandardEnvironment - Initialized StandardEnvironment with PropertySources [MapPropertySource@1297978429 {name='systemProperties', properties={java.runtime.name=Java(TM) SE Runtime Environment, sun.boot.library.path=C:\workSoftware\Java\jdk1.8.0_73\jre\bin, java.vm.version=25.73-b02, java.vm.vendor=Oracle Corporation, java.vendor.url=http://java.oracle.com/, path.separator=;, java.vm.name=Java HotSpot(TM) 64-Bit Server VM, file.encoding.pkg=sun.io, user.country=CN, user.script=, sun.java.launcher=SUN_STANDARD, sun.os.patch.level=, java.vm.specification.name=Java Virtual Machine Specification, user.dir=C:\workproject\study\Immortalbird\paascloud-provider\paascloud-provider-uac, java.runtime.version=1.8.0_73-b02, basedir=C:\workproject\study\Immortalbird\paascloud-provider\paascloud-provider-uac, java.awt.graphicsenv=sun.awt.Win32GraphicsEnvironment, java.endorsed.dirs=C:\workSoftware\Java\jdk1.8.0_73\jre\lib\endorsed, os.arch=amd64, surefire.real.class.path=C:\workproject\study\Immortalbird\paascloud-provider\paascloud-provider-uac\target\surefire\surefirebooter3960685941693253513.jar, java.io.tmpdir=C:\Users\18771\AppData\Local\Temp\, line.separator=
, java.vm.specification.vendor=Oracle Corporation, user.variant=, os.name=Windows 10, sun.jnu.encoding=GBK, java.library.path=C:\workSoftware\Java\jdk1.8.0_73\jre\bin;C:\WINDOWS\Sun\Java\bin;C:\WINDOWS\system32;C:\WINDOWS;C:\Users\18771\bin;C:\Program Files\Git\mingw64\bin;C:\Program Files\Git\usr\local\bin;C:\Program Files\Git\usr\bin;C:\Program Files\Git\usr\bin;C:\Program Files\Git\mingw64\bin;C:\Program Files\Git\usr\bin;C:\Users\18771\bin;C:\workSoftware\Anaconda3-5;C:\workSoftware\Anaconda3-5\Library\mingw-w64\bin;C:\workSoftware\Anaconda3-5\Library\usr\bin;C:\workSoftware\Anaconda3-5\Library\bin;C:\workSoftware\Anaconda3-5\Scripts;%PYTHON_HOME%;C:\ProgramData\Oracle\Java\javapath;C:\workSoftware\gradle\gradle-4.4\bin;C:\workSoftware\mysql\mysql-5.7.17-winx64\bin;C:\workSoftware\maven\apache-maven-3.2.5\bin;%CATALINA_HOME%\bin;C:\workSoftware\Java\jdk1.8.0_73\bin;C:\workSoftware\Java\jdk1.8.0_73\jre\bin;C:\WINDOWS\system32;C:\WINDOWS;C:\WINDOWS\System32\Wbem;C:\WINDOWS\System32\WindowsPowerShell\v1.0;C:\Program Files\Git\cmd;C:\Program Files\Git\mingw64\bin;C:\Program Files\Git\usr\bin;%CATALINA_HOME%\lib;C:\workSoftware\ant\apache-ant-1.10.5\bin;C:\WINDOWS\System32\OpenSSH;C:\Program Files\Pandoc;C:\Program Files\MIT\Kerberos\bin;C:\workSoftware\apache-groovy\groovy-2.5.5\bin;C:\workSoftware\grails\grails-3.3.9\bin;C:\Ruby22-x64\bin;C:\Users\18771\AppData\Local\Microsoft\WindowsApps;C:\workSoftware\docker\Docker Toolbox;C:\Program Files\Git\usr\bin\vendor_perl;C:\Program Files\Git\usr\bin\core_perl;., surefire.test.class.path=C:\workproject\study\Immortalbird\paascloud-provider\paascloud-provider-uac\target\test-classes;C:\workproject\study\Immortalbird\paascloud-provider\paascloud-provider-uac\target\classes;D:\maven\mavenWareHouseNew\mysql\mysql-connector-java\5.1.39\mysql-connector-java-5.1.39.jar;D:\maven\mavenWareHouseNew\io\jsonwebtoken\jjwt\0.7.0\jjwt-0.7.0.jar;D:\maven\mavenWareHouseNew\joda-time\joda-time\2.9.6\joda-time-2.9.6.jar;D:\maven\mavenWareHouseNew\org\mybatis\spring\boot\mybatis-spring-boot-starter\1.2.0\mybatis-spring-boot-starter-1.2.0.jar;D:\maven\mavenWareHouseNew\org\springframework\boot\spring-boot-starter\1.5.13.RELEASE\spring-boot-starter-1.5.13.RELEASE.jar;D:\maven\mavenWareHouseNew\org\springframework\boot\spring-boot-starter-logging\1.5.13.RELEASE\spring-boot-starter-logging-1.5.13.RELEASE.jar;D:\maven\mavenWareHouseNew\org\slf4j\jcl-over-slf4j\1.7.25\jcl-over-slf4j-1.7.25.jar;D:\maven\mavenWareHouseNew\org\slf4j\jul-to-slf4j\1.7.25\jul-to-slf4j-1.7.25.jar;D:\maven\mavenWareHouseNew\org\slf4j\log4j-over-slf4j\1.7.25\log4j-over-slf4j-1.7.25.jar;D:\maven\mavenWareHouseNew\org\springframework\boot\spring-boot-starter-jdbc\1.5.13.RELEASE\spring-boot-starter-jdbc-1.5.13.RELEASE.jar;D:\maven\mavenWareHouseNew\org\apache\tomcat\tomcat-jdbc\8.5.31\tomcat-jdbc-8.5.31.jar;D:\maven\mavenWareHouseNew\org\apache\tomcat\tomcat-juli\8.5.31\tomcat-juli-8.5.31.jar;D:\maven\mavenWareHouseNew\org\springframework\spring-jdbc\4.3.17.RELEASE\spring-jdbc-4.3.17.RELEASE.jar;D:\maven\mavenWareHouseNew\org\mybatis\spring\boot\mybatis-spring-boot-autoconfigure\1.2.0\mybatis-spring-boot-autoconfigure-1.2.0.jar;D:\maven\mavenWareHouseNew\org\mybatis\mybatis\3.4.2\mybatis-3.4.2.jar;D:\maven\mavenWareHouseNew\org\mybatis\mybatis-spring\1.3.1\mybatis-spring-1.3.1.jar;D:\maven\mavenWareHouseNew\tk\mybatis\mapper-spring-boot-starter\1.1.1\mapper-spring-boot-starter-1.1.1.jar;D:\maven\mavenWareHouseNew\tk\mybatis\mapper-spring-boot-autoconfigure\1.1.1\mapper-spring-boot-autoconfigure-1.1.1.jar;D:\maven\mavenWareHouseNew\tk\mybatis\mapper\3.4.0\mapper-3.4.0.jar;D:\maven\mavenWareHouseNew\javax\persistence\persistence-api\1.0\persistence-api-1.0.jar;D:\maven\mavenWareHouseNew\com\github\pagehelper\pagehelper-spring-boot-starter\1.1.2\pagehelper-spring-boot-starter-1.1.2.jar;D:\maven\mavenWareHouseNew\com\github\pagehelper\pagehelper-spring-boot-autoconfigure\1.1.2\pagehelper-spring-boot-autoconfigure-1.1.2.jar;D:\maven\mavenWareHouseNew\com\github\pagehelper\pagehelper\5.0.3\pagehelper-5.0.3.jar;D:\maven\mavenWareHouseNew\com\github\jsqlparser\jsqlparser\1.0\jsqlparser-1.0.jar;D:\maven\mavenWareHouseNew\com\alibaba\druid-spring-boot-starter\1.1.0\druid-spring-boot-starter-1.1.0.jar;D:\maven\mavenWareHouseNew\org\springframework\boot\spring-boot-autoconfigure\1.5.13.RELEASE\spring-boot-autoconfigure-1.5.13.RELEASE.jar;D:\maven\mavenWareHouseNew\com\fasterxml\jackson\core\jackson-databind\2.8.4\jackson-databind-2.8.4.jar;D:\maven\mavenWareHouseNew\com\fasterxml\jackson\core\jackson-annotations\2.8.0\jackson-annotations-2.8.0.jar;D:\maven\mavenWareHouseNew\com\fasterxml\jackson\core\jackson-core\2.8.11\jackson-core-2.8.11.jar;D:\maven\mavenWareHouseNew\com\liuzm\paascloud\provider\api\paascloud-provider-uac-api\1.0\paascloud-provider-uac-api-1.0.jar;D:\maven\mavenWareHouseNew\com\liuzm\paascloud\common\paascloud-security-feign\1.0\paascloud-security-feign-1.0.jar;D:\maven\mavenWareHouseNew\com\liuzm\paascloud\provider\api\paascloud-provider-mdc-api\1.0\paascloud-provider-mdc-api-1.0.jar;D:\maven\mavenWareHouseNew\com\liuzm\paascloud\provider\api\paascloud-provider-omc-api\1.0\paascloud-provider-omc-api-1.0.jar;D:\maven\mavenWareHouseNew\com\liuzm\paascloud\provider\api\paascloud-provider-opc-api\1.0\paascloud-provider-opc-api-1.0.jar;D:\maven\mavenWareHouseNew\io\github\openfeign\form\feign-form\3.0.3\feign-form-3.0.3.jar;D:\maven\mavenWareHouseNew\io\github\openfeign\form\feign-form-spring\3.0.3\feign-form-spring-3.0.3.jar;D:\maven\mavenWareHouseNew\com\liuzm\paascloud\provider\api\paascloud-provider-sdk-api\1.0\paascloud-provider-sdk-api-1.0.jar;D:\maven\mavenWareHouseNew\org\projectlombok\lombok\1.16.14\lombok-1.16.14.jar;D:\maven\mavenWareHouseNew\com\liuzm\paascloud\provider\api\paascloud-provider-tpc-api\1.0\paascloud-provider-tpc-api-1.0.jar;D:\maven\mavenWareHouseNew\com\liuzm\paascloud\common\paascloud-common-zk\1.0\paascloud-common-zk-1.0.jar;D:\maven\mavenWareHouseNew\org\apache\curator\curator-framework\2.10.0\curator-framework-2.10.0.jar;D:\maven\mavenWareHouseNew\org\apache\curator\curator-client\2.10.0\curator-client-2.10.0.jar;D:\maven\mavenWareHouseNew\org\apache\zookeeper\zookeeper\3.4.6\zookeeper-3.4.6.jar;D:\maven\mavenWareHouseNew\jline\jline\2.14.6\jline-2.14.6.jar;D:\maven\mavenWareHouseNew\io\netty\netty\3.7.0.Final\netty-3.7.0.Final.jar;D:\maven\mavenWareHouseNew\org\apache\curator\curator-recipes\2.10.0\curator-recipes-2.10.0.jar;D:\maven\mavenWareHouseNew\com\alibaba\fastjson\1.2.29\fastjson-1.2.29.jar;D:\maven\mavenWareHouseNew\org\aspectj\aspectjweaver\1.8.13\aspectjweaver-1.8.13.jar;D:\maven\mavenWareHouseNew\org\springframework\spring-tx\4.3.11.RELEASE\spring-tx-4.3.11.RELEASE.jar;D:\maven\mavenWareHouseNew\org\springframework\spring-beans\4.3.17.RELEASE\spring-beans-4.3.17.RELEASE.jar;D:\maven\mavenWareHouseNew\org\apache\rocketmq\rocketmq-client\4.1.0-incubating\rocketmq-client-4.1.0-incubating.jar;D:\maven\mavenWareHouseNew\org\apache\rocketmq\rocketmq-common\4.1.0-incubating\rocketmq-common-4.1.0-incubating.jar;D:\maven\mavenWareHouseNew\org\apache\rocketmq\rocketmq-remoting\4.1.0-incubating\rocketmq-remoting-4.1.0-incubating.jar;D:\maven\mavenWareHouseNew\io\netty\netty-all\4.0.56.Final\netty-all-4.0.56.Final.jar;D:\maven\mavenWareHouseNew\org\slf4j\slf4j-api\1.7.25\slf4j-api-1.7.25.jar;D:\maven\mavenWareHouseNew\org\apache\commons\commons-lang3\3.5\commons-lang3-3.5.jar;D:\maven\mavenWareHouseNew\de\codecentric\spring-boot-admin-starter-client\1.5.7\spring-boot-admin-starter-client-1.5.7.jar;D:\maven\mavenWareHouseNew\de\codecentric\spring-boot-admin-client\1.5.7\spring-boot-admin-client-1.5.7.jar;D:\maven\mavenWareHouseNew\org\springframework\boot\spring-boot-starter-freemarker\1.5.13.RELEASE\spring-boot-starter-freemarker-1.5.13.RELEASE.jar;D:\maven\mavenWareHouseNew\org\freemarker\freemarker\2.3.28\freemarker-2.3.28.jar;D:\maven\mavenWareHouseNew\org\springframework\spring-context-support\4.3.17.RELEASE\spring-context-support-4.3.17.RELEASE.jar;D:\maven\mavenWareHouseNew\org\springframework\cloud\spring-cloud-starter-feign\1.4.4.RELEASE\spring-cloud-starter-feign-1.4.4.RELEASE.jar;D:\maven\mavenWareHouseNew\org\springframework\cloud\spring-cloud-starter-openfeign\1.4.4.RELEASE\spring-cloud-starter-openfeign-1.4.4.RELEASE.jar;D:\maven\mavenWareHouseNew\io\github\openfeign\feign-core\9.5.0\feign-core-9.5.0.jar;D:\maven\mavenWareHouseNew\org\jvnet\animal-sniffer-annotation\1.0\animal-sniffer-annotation-1.0.jar;D:\maven\mavenWareHouseNew\io\github\openfeign\feign-slf4j\9.5.0\feign-slf4j-9.5.0.jar;D:\maven\mavenWareHouseNew\io\github\openfeign\feign-hystrix\9.5.0\feign-hystrix-9.5.0.jar;D:\maven\mavenWareHouseNew\com\github\penggle\kaptcha\2.3.2\kaptcha-2.3.2.jar;D:\maven\mavenWareHouseNew\com\jhlabs\filters\2.0.235-1\filters-2.0.235-1.jar;D:\maven\mavenWareHouseNew\org\springframework\cloud\spring-cloud-starter-oauth2\1.2.2.RELEASE\spring-cloud-starter-oauth2-1.2.2.RELEASE.jar;D:\maven\mavenWareHouseNew\org\springframework\cloud\spring-cloud-starter-security\1.2.2.RELEASE\spring-cloud-starter-security-1.2.2.RELEASE.jar;D:\maven\mavenWareHouseNew\org\springframework\cloud\spring-cloud-security\1.2.2.RELEASE\spring-cloud-security-1.2.2.RELEASE.jar;D:\maven\mavenWareHouseNew\org\springframework\boot\spring-boot-starter-security\1.5.13.RELEASE\spring-boot-starter-security-1.5.13.RELEASE.jar;D:\maven\mavenWareHouseNew\org\springframework\security\oauth\spring-security-oauth2\2.0.15.RELEASE\spring-security-oauth2-2.0.15.RELEASE.jar;D:\maven\mavenWareHouseNew\org\springframework\security\spring-security-core\4.2.6.RELEASE\spring-security-core-4.2.6.RELEASE.jar;D:\maven\mavenWareHouseNew\org\springframework\security\spring-security-config\4.2.6.RELEASE\spring-security-config-4.2.6.RELEASE.jar;D:\maven\mavenWareHouseNew\org\springframework\social\spring-social-config\1.1.6.RELEASE\spring-social-config-1.1.6.RELEASE.jar;D:\maven\mavenWareHouseNew\org\springframework\social\spring-social-core\1.1.6.RELEASE\spring-social-core-1.1.6.RELEASE.jar;D:\maven\mavenWareHouseNew\org\springframework\spring-web\4.3.8.RELEASE\spring-web-4.3.8.RELEASE.jar;D:\maven\mavenWareHouseNew\org\springframework\social\spring-social-security\1.1.6.RELEASE\spring-social-security-1.1.6.RELEASE.jar;D:\maven\mavenWareHouseNew\org\springframework\spring-webmvc\4.3.17.RELEASE\spring-webmvc-4.3.17.RELEASE.jar;D:\maven\mavenWareHouseNew\org\springframework\spring-expression\4.3.17.RELEASE\spring-expression-4.3.17.RELEASE.jar;D:\maven\mavenWareHouseNew\org\springframework\security\spring-security-web\4.2.6.RELEASE\spring-security-web-4.2.6.RELEASE.jar;D:\maven\mavenWareHouseNew\aopalliance\aopalliance\1.0\aopalliance-1.0.jar;D:\maven\mavenWareHouseNew\org\springframework\social\spring-social-web\1.1.6.RELEASE\spring-social-web-1.1.6.RELEASE.jar;D:\maven\mavenWareHouseNew\javax\inject\javax.inject\1\javax.inject-1.jar;D:\maven\mavenWareHouseNew\com\liuzm\paascloud\common\paascloud-common-base\1.0\paascloud-common-base-1.0.jar;D:\maven\mavenWareHouseNew\com\liuzm\paascloud\common\paascloud-security-app\1.0\paascloud-security-app-1.0.jar;D:\maven\mavenWareHouseNew\com\liuzm\paascloud\common\paascloud-security-core\1.0\paascloud-security-core-1.0.jar;D:\maven\mavenWareHouseNew\commons-lang\commons-lang\2.6\commons-lang-2.6.jar;D:\maven\mavenWareHouseNew\commons-collections\commons-collections\3.2.2\commons-collections-3.2.2.jar;D:\maven\mavenWareHouseNew\org\springframework\cloud\spring-cloud-starter-config\1.4.3.RELEASE\spring-cloud-starter-config-1.4.3.RELEASE.jar;D:\maven\mavenWareHouseNew\org\springframework\cloud\spring-cloud-starter\1.3.3.RELEASE\spring-cloud-starter-1.3.3.RELEASE.jar;D:\maven\mavenWareHouseNew\org\springframework\cloud\spring-cloud-context\1.3.3.RELEASE\spring-cloud-context-1.3.3.RELEASE.jar;D:\maven\mavenWareHouseNew\org\springframework\security\spring-security-rsa\1.0.3.RELEASE\spring-security-rsa-1.0.3.RELEASE.jar;D:\maven\mavenWareHouseNew\org\springframework\cloud\spring-cloud-config-client\1.4.3.RELEASE\spring-cloud-config-client-1.4.3.RELEASE.jar;D:\maven\mavenWareHouseNew\org\springframework\cloud\spring-cloud-starter-sleuth\1.3.3.RELEASE\spring-cloud-starter-sleuth-1.3.3.RELEASE.jar;D:\maven\mavenWareHouseNew\org\springframework\cloud\spring-cloud-sleuth-core\1.3.3.RELEASE\spring-cloud-sleuth-core-1.3.3.RELEASE.jar;D:\maven\mavenWareHouseNew\org\aspectj\aspectjrt\1.8.13\aspectjrt-1.8.13.jar;D:\maven\mavenWareHouseNew\org\springframework\cloud\spring-cloud-sleuth-zipkin\1.3.3.RELEASE\spring-cloud-sleuth-zipkin-1.3.3.RELEASE.jar;D:\maven\mavenWareHouseNew\org\springframework\cloud\spring-cloud-commons\1.3.3.RELEASE\spring-cloud-commons-1.3.3.RELEASE.jar;D:\maven\mavenWareHouseNew\org\springframework\security\spring-security-crypto\4.2.6.RELEASE\spring-security-crypto-4.2.6.RELEASE.jar;D:\maven\mavenWareHouseNew\org\apache\httpcomponents\httpclient\4.5.5\httpclient-4.5.5.jar;D:\maven\mavenWareHouseNew\org\apache\httpcomponents\httpcore\4.4.9\httpcore-4.4.9.jar;D:\maven\mavenWareHouseNew\io\zipkin\zipkin2\zipkin\2.6.1\zipkin-2.6.1.jar;D:\maven\mavenWareHouseNew\io\zipkin\reporter2\zipkin-reporter\2.5.0\zipkin-reporter-2.5.0.jar;D:\maven\mavenWareHouseNew\io\zipkin\reporter2\zipkin-sender-kafka11\2.5.0\zipkin-sender-kafka11-2.5.0.jar;D:\maven\mavenWareHouseNew\io\zipkin\reporter2\zipkin-sender-amqp-client\2.5.0\zipkin-sender-amqp-client-2.5.0.jar;D:\maven\mavenWareHouseNew\com\liuzm\paascloud\common\paascloud-common-util\1.0\paascloud-common-util-1.0.jar;D:\maven\mavenWareHouseNew\ch\qos\logback\logback-classic\1.1.11\logback-classic-1.1.11.jar;D:\maven\mavenWareHouseNew\org\codehaus\jackson\jackson-smile\1.9.13\jackson-smile-1.9.13.jar;D:\maven\mavenWareHouseNew\org\codehaus\jackson\jackson-core-asl\1.9.13\jackson-core-asl-1.9.13.jar;D:\maven\mavenWareHouseNew\org\codehaus\jackson\jackson-mapper-asl\1.9.13\jackson-mapper-asl-1.9.13.jar;D:\maven\mavenWareHouseNew\com\xiaoleilu\hutool-all\3.0.7\hutool-all-3.0.7.jar;D:\maven\mavenWareHouseNew\commons-beanutils\commons-beanutils\1.9.3\commons-beanutils-1.9.3.jar;D:\maven\mavenWareHouseNew\com\liuzm\paascloud\common\paascloud-common-core\1.0\paascloud-common-core-1.0.jar;D:\maven\mavenWareHouseNew\eu\bitwalker\UserAgentUtils\1.20\UserAgentUtils-1.20.jar;D:\maven\mavenWareHouseNew\org\springframework\boot\spring-boot-starter-data-redis\1.5.13.RELEASE\spring-boot-starter-data-redis-1.5.13.RELEASE.jar;D:\maven\mavenWareHouseNew\org\springframework\data\spring-data-redis\1.8.12.RELEASE\spring-data-redis-1.8.12.RELEASE.jar;D:\maven\mavenWareHouseNew\org\springframework\data\spring-data-keyvalue\1.2.12.RELEASE\spring-data-keyvalue-1.2.12.RELEASE.jar;D:\maven\mavenWareHouseNew\org\springframework\data\spring-data-commons\1.13.12.RELEASE\spring-data-commons-1.13.12.RELEASE.jar;D:\maven\mavenWareHouseNew\org\springframework\spring-oxm\4.3.17.RELEASE\spring-oxm-4.3.17.RELEASE.jar;D:\maven\mavenWareHouseNew\redis\clients\jedis\2.9.0\jedis-2.9.0.jar;D:\maven\mavenWareHouseNew\org\apache\commons\commons-pool2\2.4.3\commons-pool2-2.4.3.jar;D:\maven\mavenWareHouseNew\com\fasterxml\jackson\module\jackson-module-parameter-names\2.8.11\jackson-module-parameter-names-2.8.11.jar;D:\maven\mavenWareHouseNew\com\fasterxml\jackson\datatype\jackson-datatype-jdk8\2.8.11\jackson-datatype-jdk8-2.8.11.jar;D:\maven\mavenWareHouseNew\com\fasterxml\jackson\datatype\jackson-datatype-jsr310\2.8.11\jackson-datatype-jsr310-2.8.11.jar;D:\maven\mavenWareHouseNew\com\liuzm\paascloud\common\paascloud-common-config\1.0\paascloud-common-config-1.0.jar;D:\maven\mavenWareHouseNew\com\arronlong\httpclientutil\httpclientutil\1.0\httpclientutil-1.0.jar;D:\maven\mavenWareHouseNew\org\apache\httpcomponents\httpmime\4.5.5\httpmime-4.5.5.jar;D:\maven\mavenWareHouseNew\org\apache\httpcomponents\httpasyncclient\4.1.3\httpasyncclient-4.1.3.jar;D:\maven\mavenWareHouseNew\org\apache\httpcomponents\httpcore-nio\4.4.6\httpcore-nio-4.4.6.jar;D:\maven\mavenWareHouseNew\log4j\log4j\1.2.17\log4j-1.2.17.jar;D:\maven\mavenWareHouseNew\com\netflix\hystrix\hystrix-core\1.5.12\hystrix-core-1.5.12.jar;D:\maven\mavenWareHouseNew\com\netflix\archaius\archaius-core\0.7.4\archaius-core-0.7.4.jar;D:\maven\mavenWareHouseNew\com\google\code\findbugs\jsr305\3.0.2\jsr305-3.0.2.jar;D:\maven\mavenWareHouseNew\io\reactivex\rxjava\1.2.0\rxjava-1.2.0.jar;D:\maven\mavenWareHouseNew\org\hdrhistogram\HdrHistogram\2.1.9\HdrHistogram-2.1.9.jar;D:\maven\mavenWareHouseNew\org\springframework\boot\spring-boot-starter-actuator\1.5.13.RELEASE\spring-boot-starter-actuator-1.5.13.RELEASE.jar;D:\maven\mavenWareHouseNew\org\springframework\boot\spring-boot-actuator\1.5.13.RELEASE\spring-boot-actuator-1.5.13.RELEASE.jar;D:\maven\mavenWareHouseNew\org\springframework\cloud\spring-cloud-starter-hystrix\1.4.4.RELEASE\spring-cloud-starter-hystrix-1.4.4.RELEASE.jar;D:\maven\mavenWareHouseNew\org\springframework\cloud\spring-cloud-starter-netflix-hystrix\1.4.4.RELEASE\spring-cloud-starter-netflix-hystrix-1.4.4.RELEASE.jar;D:\maven\mavenWareHouseNew\com\netflix\hystrix\hystrix-metrics-event-stream\1.5.12\hystrix-metrics-event-stream-1.5.12.jar;D:\maven\mavenWareHouseNew\com\netflix\hystrix\hystrix-serialization\1.5.12\hystrix-serialization-1.5.12.jar;D:\maven\mavenWareHouseNew\com\fasterxml\jackson\module\jackson-module-afterburner\2.8.11\jackson-module-afterburner-2.8.11.jar;D:\maven\mavenWareHouseNew\com\netflix\hystrix\hystrix-javanica\1.5.12\hystrix-javanica-1.5.12.jar;D:\maven\mavenWareHouseNew\org\ow2\asm\asm\5.0.4\asm-5.0.4.jar;D:\maven\mavenWareHouseNew\org\springframework\boot\spring-boot-starter-web\1.5.13.RELEASE\spring-boot-starter-web-1.5.13.RELEASE.jar;D:\maven\mavenWareHouseNew\org\springframework\boot\spring-boot-starter-tomcat\1.5.13.RELEASE\spring-boot-starter-tomcat-1.5.13.RELEASE.jar;D:\maven\mavenWareHouseNew\org\apache\tomcat\embed\tomcat-embed-core\8.5.31\tomcat-embed-core-8.5.31.jar;D:\maven\mavenWareHouseNew\org\apache\tomcat\tomcat-annotations-api\8.5.31\tomcat-annotations-api-8.5.31.jar;D:\maven\mavenWareHouseNew\org\apache\tomcat\embed\tomcat-embed-websocket\8.5.31\tomcat-embed-websocket-8.5.31.jar;D:\maven\mavenWareHouseNew\org\hibernate\hibernate-validator\5.3.6.Final\hibernate-validator-5.3.6.Final.jar;D:\maven\mavenWareHouseNew\javax\validation\validation-api\1.1.0.Final\validation-api-1.1.0.Final.jar;D:\maven\mavenWareHouseNew\org\jboss\logging\jboss-logging\3.3.2.Final\jboss-logging-3.3.2.Final.jar;D:\maven\mavenWareHouseNew\net\logstash\logback\logstash-logback-encoder\4.6\logstash-logback-encoder-4.6.jar;D:\maven\mavenWareHouseNew\ch\qos\logback\logback-core\1.1.11\logback-core-1.1.11.jar;D:\maven\mavenWareHouseNew\com\google\guava\guava\17.0\guava-17.0.jar;D:\maven\mavenWareHouseNew\org\springframework\boot\spring-boot-starter-validation\1.5.13.RELEASE\spring-boot-starter-validation-1.5.13.RELEASE.jar;D:\maven\mavenWareHouseNew\org\apache\tomcat\embed\tomcat-embed-el\8.5.31\tomcat-embed-el-8.5.31.jar;D:\maven\mavenWareHouseNew\io\springfox\springfox-swagger-ui\2.6.1\springfox-swagger-ui-2.6.1.jar;D:\maven\mavenWareHouseNew\io\springfox\springfox-spring-web\2.6.1\springfox-spring-web-2.6.1.jar;D:\maven\mavenWareHouseNew\io\springfox\springfox-swagger2\2.6.1\springfox-swagger2-2.6.1.jar;D:\maven\mavenWareHouseNew\io\swagger\swagger-annotations\1.5.10\swagger-annotations-1.5.10.jar;D:\maven\mavenWareHouseNew\io\swagger\swagger-models\1.5.10\swagger-models-1.5.10.jar;D:\maven\mavenWareHouseNew\io\springfox\springfox-spi\2.6.1\springfox-spi-2.6.1.jar;D:\maven\mavenWareHouseNew\io\springfox\springfox-core\2.6.1\springfox-core-2.6.1.jar;D:\maven\mavenWareHouseNew\io\springfox\springfox-schema\2.6.1\springfox-schema-2.6.1.jar;D:\maven\mavenWareHouseNew\io\springfox\springfox-swagger-common\2.6.1\springfox-swagger-common-2.6.1.jar;D:\maven\mavenWareHouseNew\com\fasterxml\classmate\1.3.4\classmate-1.3.4.jar;D:\maven\mavenWareHouseNew\org\springframework\plugin\spring-plugin-core\1.2.0.RELEASE\spring-plugin-core-1.2.0.RELEASE.jar;D:\maven\mavenWareHouseNew\org\springframework\plugin\spring-plugin-metadata\1.2.0.RELEASE\spring-plugin-metadata-1.2.0.RELEASE.jar;D:\maven\mavenWareHouseNew\org\mapstruct\mapstruct\1.0.0.Final\mapstruct-1.0.0.Final.jar;D:\maven\mavenWareHouseNew\commons-codec\commons-codec\1.10\commons-codec-1.10.jar;D:\maven\mavenWareHouseNew\org\springframework\boot\spring-boot-starter-test\1.5.13.RELEASE\spring-boot-starter-test-1.5.13.RELEASE.jar;D:\maven\mavenWareHouseNew\org\springframework\boot\spring-boot-test\1.5.13.RELEASE\spring-boot-test-1.5.13.RELEASE.jar;D:\maven\mavenWareHouseNew\org\springframework\boot\spring-boot-test-autoconfigure\1.5.13.RELEASE\spring-boot-test-autoconfigure-1.5.13.RELEASE.jar;D:\maven\mavenWareHouseNew\com\jayway\jsonpath\json-path\2.2.0\json-path-2.2.0.jar;D:\maven\mavenWareHouseNew\net\minidev\json-smart\2.2.1\json-smart-2.2.1.jar;D:\maven\mavenWareHouseNew\net\minidev\accessors-smart\1.1\accessors-smart-1.1.jar;D:\maven\mavenWareHouseNew\junit\junit\4.12\junit-4.12.jar;D:\maven\mavenWareHouseNew\org\assertj\assertj-core\2.6.0\assertj-core-2.6.0.jar;D:\maven\mavenWareHouseNew\org\mockito\mockito-core\1.10.19\mockito-core-1.10.19.jar;D:\maven\mavenWareHouseNew\org\objenesis\objenesis\2.5.1\objenesis-2.5.1.jar;D:\maven\mavenWareHouseNew\org\hamcrest\hamcrest-core\1.3\hamcrest-core-1.3.jar;D:\maven\mavenWareHouseNew\org\hamcrest\hamcrest-library\1.3\hamcrest-library-1.3.jar;D:\maven\mavenWareHouseNew\org\skyscreamer\jsonassert\1.4.0\jsonassert-1.4.0.jar;D:\maven\mavenWareHouseNew\com\vaadin\external\google\android-json\0.0.20131108.vaadin1\android-json-0.0.20131108.vaadin1.jar;D:\maven\mavenWareHouseNew\org\springframework\spring-core\4.3.11.RELEASE\spring-core-4.3.11.RELEASE.jar;D:\maven\mavenWareHouseNew\org\springframework\spring-test\4.3.17.RELEASE\spring-test-4.3.17.RELEASE.jar;D:\maven\mavenWareHouseNew\com\alibaba\druid\1.0.29\druid-1.0.29.jar;C:\workSoftware\Java\jdk1.8.0_73\jre\..\lib\jconsole.jar;C:\workSoftware\Java\jdk1.8.0_73\jre\..\lib\tools.jar;D:\maven\mavenWareHouseNew\org\mybatis\generator\mybatis-generator-core\1.3.5\mybatis-generator-core-1.3.5.jar;D:\maven\mavenWareHouseNew\org\springframework\boot\spring-boot-configuration-processor\1.5.13.RELEASE\spring-boot-configuration-processor-1.5.13.RELEASE.jar;D:\maven\mavenWareHouseNew\org\springframework\boot\spring-boot-devtools\1.5.13.RELEASE\spring-boot-devtools-1.5.13.RELEASE.jar;D:\maven\mavenWareHouseNew\org\springframework\boot\spring-boot\1.5.13.RELEASE\spring-boot-1.5.13.RELEASE.jar;D:\maven\mavenWareHouseNew\org\springframework\boot\spring-boot-starter-aop\1.5.13.RELEASE\spring-boot-starter-aop-1.5.13.RELEASE.jar;D:\maven\mavenWareHouseNew\org\springframework\spring-aop\4.3.17.RELEASE\spring-aop-4.3.17.RELEASE.jar;D:\maven\mavenWareHouseNew\org\modelmapper\modelmapper\1.1.2\modelmapper-1.1.2.jar;D:\maven\mavenWareHouseNew\org\jolokia\jolokia-core\1.3.7\jolokia-core-1.3.7.jar;D:\maven\mavenWareHouseNew\com\googlecode\json-simple\json-simple\1.1.1\json-simple-1.1.1.jar;D:\maven\mavenWareHouseNew\org\springframework\security\spring-security-jwt\1.0.9.RELEASE\spring-security-jwt-1.0.9.RELEASE.jar;D:\maven\mavenWareHouseNew\org\bouncycastle\bcpkix-jdk15on\1.56\bcpkix-jdk15on-1.56.jar;D:\maven\mavenWareHouseNew\org\bouncycastle\bcprov-jdk15on\1.56\bcprov-jdk15on-1.56.jar;D:\maven\mavenWareHouseNew\org\liquibase\liquibase-core\3.5.3\liquibase-core-3.5.3.jar;D:\maven\mavenWareHouseNew\org\yaml\snakeyaml\1.17\snakeyaml-1.17.jar;D:\maven\mavenWareHouseNew\org\springframework\cloud\spring-cloud-starter-zipkin\1.3.3.RELEASE\spring-cloud-starter-zipkin-1.3.3.RELEASE.jar;D:\maven\mavenWareHouseNew\org\springframework\amqp\spring-rabbit\1.7.7.RELEASE\spring-rabbit-1.7.7.RELEASE.jar;D:\maven\mavenWareHouseNew\org\springframework\retry\spring-retry\1.2.2.RELEASE\spring-retry-1.2.2.RELEASE.jar;D:\maven\mavenWareHouseNew\com\rabbitmq\http-client\1.1.1.RELEASE\http-client-1.1.1.RELEASE.jar;D:\maven\mavenWareHouseNew\com\rabbitmq\amqp-client\4.0.3\amqp-client-4.0.3.jar;D:\maven\mavenWareHouseNew\org\springframework\spring-messaging\4.3.17.RELEASE\spring-messaging-4.3.17.RELEASE.jar;D:\maven\mavenWareHouseNew\org\springframework\spring-context\4.3.8.RELEASE\spring-context-4.3.8.RELEASE.jar;D:\maven\mavenWareHouseNew\org\springframework\amqp\spring-amqp\1.7.7.RELEASE\spring-amqp-1.7.7.RELEASE.jar;D:\maven\mavenWareHouseNew\org\springframework\cloud\spring-cloud-starter-netflix-eureka-client\1.4.4.RELEASE\spring-cloud-starter-netflix-eureka-client-1.4.4.RELEASE.jar;D:\maven\mavenWareHouseNew\org\springframework\cloud\spring-cloud-netflix-core\1.4.4.RELEASE\spring-cloud-netflix-core-1.4.4.RELEASE.jar;D:\maven\mavenWareHouseNew\org\springframework\cloud\spring-cloud-netflix-eureka-client\1.4.4.RELEASE\spring-cloud-netflix-eureka-client-1.4.4.RELEASE.jar;D:\maven\mavenWareHouseNew\com\netflix\eureka\eureka-client\1.7.2\eureka-client-1.7.2.jar;D:\maven\mavenWareHouseNew\org\codehaus\jettison\jettison\1.2\jettison-1.2.jar;D:\maven\mavenWareHouseNew\stax\stax-api\1.0.1\stax-api-1.0.1.jar;D:\maven\mavenWareHouseNew\com\netflix\netflix-commons\netflix-eventbus\0.3.0\netflix-eventbus-0.3.0.jar;D:\maven\mavenWareHouseNew\com\netflix\netflix-commons\netflix-infix\0.3.0\netflix-infix-0.3.0.jar;D:\maven\mavenWareHouseNew\commons-jxpath\commons-jxpath\1.3\commons-jxpath-1.3.jar;D:\maven\mavenWareHouseNew\org\antlr\antlr-runtime\3.4\antlr-runtime-3.4.jar;D:\maven\mavenWareHouseNew\org\antlr\stringtemplate\3.2.1\stringtemplate-3.2.1.jar;D:\maven\mavenWareHouseNew\antlr\antlr\2.7.7\antlr-2.7.7.jar;D:\maven\mavenWareHouseNew\com\google\code\gson\gson\2.8.4\gson-2.8.4.jar;D:\maven\mavenWareHouseNew\org\apache\commons\commons-math\2.2\commons-math-2.2.jar;D:\maven\mavenWareHouseNew\javax\ws\rs\jsr311-api\1.1.1\jsr311-api-1.1.1.jar;D:\maven\mavenWareHouseNew\com\netflix\servo\servo-core\0.10.1\servo-core-0.10.1.jar;D:\maven\mavenWareHouseNew\com\netflix\servo\servo-internal\0.10.1\servo-internal-0.10.1.jar;D:\maven\mavenWareHouseNew\com\sun\jersey\jersey-core\1.19.1\jersey-core-1.19.1.jar;D:\maven\mavenWareHouseNew\com\sun\jersey\jersey-client\1.19.1\jersey-client-1.19.1.jar;D:\maven\mavenWareHouseNew\com\sun\jersey\contribs\jersey-apache-client4\1.19.1\jersey-apache-client4-1.19.1.jar;D:\maven\mavenWareHouseNew\com\google\inject\guice\3.0\guice-3.0.jar;D:\maven\mavenWareHouseNew\com\netflix\eureka\eureka-core\1.7.2\eureka-core-1.7.2.jar;D:\maven\mavenWareHouseNew\org\codehaus\woodstox\woodstox-core-asl\4.4.1\woodstox-core-asl-4.4.1.jar;D:\maven\mavenWareHouseNew\javax\xml\stream\stax-api\1.0-2\stax-api-1.0-2.jar;D:\maven\mavenWareHouseNew\org\codehaus\woodstox\stax2-api\3.1.4\stax2-api-3.1.4.jar;D:\maven\mavenWareHouseNew\org\springframework\cloud\spring-cloud-starter-netflix-archaius\1.4.4.RELEASE\spring-cloud-starter-netflix-archaius-1.4.4.RELEASE.jar;D:\maven\mavenWareHouseNew\commons-configuration\commons-configuration\1.8\commons-configuration-1.8.jar;D:\maven\mavenWareHouseNew\org\springframework\cloud\spring-cloud-starter-netflix-ribbon\1.4.4.RELEASE\spring-cloud-starter-netflix-ribbon-1.4.4.RELEASE.jar;D:\maven\mavenWareHouseNew\com\netflix\ribbon\ribbon\2.2.5\ribbon-2.2.5.jar;D:\maven\mavenWareHouseNew\com\netflix\ribbon\ribbon-transport\2.2.5\ribbon-transport-2.2.5.jar;D:\maven\mavenWareHouseNew\io\reactivex\rxnetty-contexts\0.4.9\rxnetty-contexts-0.4.9.jar;D:\maven\mavenWareHouseNew\io\reactivex\rxnetty-servo\0.4.9\rxnetty-servo-0.4.9.jar;D:\maven\mavenWareHouseNew\io\reactivex\rxnetty\0.4.9\rxnetty-0.4.9.jar;D:\maven\mavenWareHouseNew\io\netty\netty-codec-http\4.0.27.Final\netty-codec-http-4.0.27.Final.jar;D:\maven\mavenWareHouseNew\io\netty\netty-codec\4.0.27.Final\netty-codec-4.0.27.Final.jar;D:\maven\mavenWareHouseNew\io\netty\netty-handler\4.0.27.Final\netty-handler-4.0.27.Final.jar;D:\maven\mavenWareHouseNew\io\netty\netty-transport-native-epoll\4.0.27.Final\netty-transport-native-epoll-4.0.27.Final.jar;D:\maven\mavenWareHouseNew\io\netty\netty-common\4.0.27.Final\netty-common-4.0.27.Final.jar;D:\maven\mavenWareHouseNew\io\netty\netty-buffer\4.0.27.Final\netty-buffer-4.0.27.Final.jar;D:\maven\mavenWareHouseNew\io\netty\netty-transport\4.0.27.Final\netty-transport-4.0.27.Final.jar;D:\maven\mavenWareHouseNew\com\netflix\ribbon\ribbon-core\2.2.5\ribbon-core-2.2.5.jar;D:\maven\mavenWareHouseNew\com\netflix\ribbon\ribbon-httpclient\2.2.5\ribbon-httpclient-2.2.5.jar;D:\maven\mavenWareHouseNew\com\netflix\netflix-commons\netflix-commons-util\0.1.1\netflix-commons-util-0.1.1.jar;D:\maven\mavenWareHouseNew\com\netflix\ribbon\ribbon-loadbalancer\2.2.5\ribbon-loadbalancer-2.2.5.jar;D:\maven\mavenWareHouseNew\com\netflix\netflix-commons\netflix-statistics\0.1.1\netflix-statistics-0.1.1.jar;D:\maven\mavenWareHouseNew\com\netflix\ribbon\ribbon-eureka\2.2.5\ribbon-eureka-2.2.5.jar;D:\maven\mavenWareHouseNew\com\thoughtworks\xstream\xstream\1.4.10\xstream-1.4.10.jar;D:\maven\mavenWareHouseNew\xmlpull\xmlpull\1.1.3.1\xmlpull-1.1.3.1.jar;D:\maven\mavenWareHouseNew\xpp3\xpp3_min\1.1.4c\xpp3_min-1.1.4c.jar;, java.specification.name=Java Platform API Specification, java.class.version=52.0, sun.management.compiler=HotSpot 64-Bit Tiered Compilers, os.version=10.0, user.home=C:\Users\18771, user.timezone=Asia/Shanghai, java.awt.printerjob=sun.awt.windows.WPrinterJob, file.encoding=GBK, java.specification.version=1.8, java.class.path=C:\workproject\study\Immortalbird\paascloud-provider\paascloud-provider-uac\target\test-classes;C:\workproject\study\Immortalbird\paascloud-provider\paascloud-provider-uac\target\classes;D:\maven\mavenWareHouseNew\mysql\mysql-connector-java\5.1.39\mysql-connector-java-5.1.39.jar;D:\maven\mavenWareHouseNew\io\jsonwebtoken\jjwt\0.7.0\jjwt-0.7.0.jar;D:\maven\mavenWareHouseNew\joda-time\joda-time\2.9.6\joda-time-2.9.6.jar;D:\maven\mavenWareHouseNew\org\mybatis\spring\boot\mybatis-spring-boot-starter\1.2.0\mybatis-spring-boot-starter-1.2.0.jar;D:\maven\mavenWareHouseNew\org\springframework\boot\spring-boot-starter\1.5.13.RELEASE\spring-boot-starter-1.5.13.RELEASE.jar;D:\maven\mavenWareHouseNew\org\springframework\boot\spring-boot-starter-logging\1.5.13.RELEASE\spring-boot-starter-logging-1.5.13.RELEASE.jar;D:\maven\mavenWareHouseNew\org\slf4j\jcl-over-slf4j\1.7.25\jcl-over-slf4j-1.7.25.jar;D:\maven\mavenWareHouseNew\org\slf4j\jul-to-slf4j\1.7.25\jul-to-slf4j-1.7.25.jar;D:\maven\mavenWareHouseNew\org\slf4j\log4j-over-slf4j\1.7.25\log4j-over-slf4j-1.7.25.jar;D:\maven\mavenWareHouseNew\org\springframework\boot\spring-boot-starter-jdbc\1.5.13.RELEASE\spring-boot-starter-jdbc-1.5.13.RELEASE.jar;D:\maven\mavenWareHouseNew\org\apache\tomcat\tomcat-jdbc\8.5.31\tomcat-jdbc-8.5.31.jar;D:\maven\mavenWareHouseNew\org\apache\tomcat\tomcat-juli\8.5.31\tomcat-juli-8.5.31.jar;D:\maven\mavenWareHouseNew\org\springframework\spring-jdbc\4.3.17.RELEASE\spring-jdbc-4.3.17.RELEASE.jar;D:\maven\mavenWareHouseNew\org\mybatis\spring\boot\mybatis-spring-boot-autoconfigure\1.2.0\mybatis-spring-boot-autoconfigure-1.2.0.jar;D:\maven\mavenWareHouseNew\org\mybatis\mybatis\3.4.2\mybatis-3.4.2.jar;D:\maven\mavenWareHouseNew\org\mybatis\mybatis-spring\1.3.1\mybatis-spring-1.3.1.jar;D:\maven\mavenWareHouseNew\tk\mybatis\mapper-spring-boot-starter\1.1.1\mapper-spring-boot-starter-1.1.1.jar;D:\maven\mavenWareHouseNew\tk\mybatis\mapper-spring-boot-autoconfigure\1.1.1\mapper-spring-boot-autoconfigure-1.1.1.jar;D:\maven\mavenWareHouseNew\tk\mybatis\mapper\3.4.0\mapper-3.4.0.jar;D:\maven\mavenWareHouseNew\javax\persistence\persistence-api\1.0\persistence-api-1.0.jar;D:\maven\mavenWareHouseNew\com\github\pagehelper\pagehelper-spring-boot-starter\1.1.2\pagehelper-spring-boot-starter-1.1.2.jar;D:\maven\mavenWareHouseNew\com\github\pagehelper\pagehelper-spring-boot-autoconfigure\1.1.2\pagehelper-spring-boot-autoconfigure-1.1.2.jar;D:\maven\mavenWareHouseNew\com\github\pagehelper\pagehelper\5.0.3\pagehelper-5.0.3.jar;D:\maven\mavenWareHouseNew\com\github\jsqlparser\jsqlparser\1.0\jsqlparser-1.0.jar;D:\maven\mavenWareHouseNew\com\alibaba\druid-spring-boot-starter\1.1.0\druid-spring-boot-starter-1.1.0.jar;D:\maven\mavenWareHouseNew\org\springframework\boot\spring-boot-autoconfigure\1.5.13.RELEASE\spring-boot-autoconfigure-1.5.13.RELEASE.jar;D:\maven\mavenWareHouseNew\com\fasterxml\jackson\core\jackson-databind\2.8.4\jackson-databind-2.8.4.jar;D:\maven\mavenWareHouseNew\com\fasterxml\jackson\core\jackson-annotations\2.8.0\jackson-annotations-2.8.0.jar;D:\maven\mavenWareHouseNew\com\fasterxml\jackson\core\jackson-core\2.8.11\jackson-core-2.8.11.jar;D:\maven\mavenWareHouseNew\com\liuzm\paascloud\provider\api\paascloud-provider-uac-api\1.0\paascloud-provider-uac-api-1.0.jar;D:\maven\mavenWareHouseNew\com\liuzm\paascloud\common\paascloud-security-feign\1.0\paascloud-security-feign-1.0.jar;D:\maven\mavenWareHouseNew\com\liuzm\paascloud\provider\api\paascloud-provider-mdc-api\1.0\paascloud-provider-mdc-api-1.0.jar;D:\maven\mavenWareHouseNew\com\liuzm\paascloud\provider\api\paascloud-provider-omc-api\1.0\paascloud-provider-omc-api-1.0.jar;D:\maven\mavenWareHouseNew\com\liuzm\paascloud\provider\api\paascloud-provider-opc-api\1.0\paascloud-provider-opc-api-1.0.jar;D:\maven\mavenWareHouseNew\io\github\openfeign\form\feign-form\3.0.3\feign-form-3.0.3.jar;D:\maven\mavenWareHouseNew\io\github\openfeign\form\feign-form-spring\3.0.3\feign-form-spring-3.0.3.jar;D:\maven\mavenWareHouseNew\com\liuzm\paascloud\provider\api\paascloud-provider-sdk-api\1.0\paascloud-provider-sdk-api-1.0.jar;D:\maven\mavenWareHouseNew\org\projectlombok\lombok\1.16.14\lombok-1.16.14.jar;D:\maven\mavenWareHouseNew\com\liuzm\paascloud\provider\api\paascloud-provider-tpc-api\1.0\paascloud-provider-tpc-api-1.0.jar;D:\maven\mavenWareHouseNew\com\liuzm\paascloud\common\paascloud-common-zk\1.0\paascloud-common-zk-1.0.jar;D:\maven\mavenWareHouseNew\org\apache\curator\curator-framework\2.10.0\curator-framework-2.10.0.jar;D:\maven\mavenWareHouseNew\org\apache\curator\curator-client\2.10.0\curator-client-2.10.0.jar;D:\maven\mavenWareHouseNew\org\apache\zookeeper\zookeeper\3.4.6\zookeeper-3.4.6.jar;D:\maven\mavenWareHouseNew\jline\jline\2.14.6\jline-2.14.6.jar;D:\maven\mavenWareHouseNew\io\netty\netty\3.7.0.Final\netty-3.7.0.Final.jar;D:\maven\mavenWareHouseNew\org\apache\curator\curator-recipes\2.10.0\curator-recipes-2.10.0.jar;D:\maven\mavenWareHouseNew\com\alibaba\fastjson\1.2.29\fastjson-1.2.29.jar;D:\maven\mavenWareHouseNew\org\aspectj\aspectjweaver\1.8.13\aspectjweaver-1.8.13.jar;D:\maven\mavenWareHouseNew\org\springframework\spring-tx\4.3.11.RELEASE\spring-tx-4.3.11.RELEASE.jar;D:\maven\mavenWareHouseNew\org\springframework\spring-beans\4.3.17.RELEASE\spring-beans-4.3.17.RELEASE.jar;D:\maven\mavenWareHouseNew\org\apache\rocketmq\rocketmq-client\4.1.0-incubating\rocketmq-client-4.1.0-incubating.jar;D:\maven\mavenWareHouseNew\org\apache\rocketmq\rocketmq-common\4.1.0-incubating\rocketmq-common-4.1.0-incubating.jar;D:\maven\mavenWareHouseNew\org\apache\rocketmq\rocketmq-remoting\4.1.0-incubating\rocketmq-remoting-4.1.0-incubating.jar;D:\maven\mavenWareHouseNew\io\netty\netty-all\4.0.56.Final\netty-all-4.0.56.Final.jar;D:\maven\mavenWareHouseNew\org\slf4j\slf4j-api\1.7.25\slf4j-api-1.7.25.jar;D:\maven\mavenWareHouseNew\org\apache\commons\commons-lang3\3.5\commons-lang3-3.5.jar;D:\maven\mavenWareHouseNew\de\codecentric\spring-boot-admin-starter-client\1.5.7\spring-boot-admin-starter-client-1.5.7.jar;D:\maven\mavenWareHouseNew\de\codecentric\spring-boot-admin-client\1.5.7\spring-boot-admin-client-1.5.7.jar;D:\maven\mavenWareHouseNew\org\springframework\boot\spring-boot-starter-freemarker\1.5.13.RELEASE\spring-boot-starter-freemarker-1.5.13.RELEASE.jar;D:\maven\mavenWareHouseNew\org\freemarker\freemarker\2.3.28\freemarker-2.3.28.jar;D:\maven\mavenWareHouseNew\org\springframework\spring-context-support\4.3.17.RELEASE\spring-context-support-4.3.17.RELEASE.jar;D:\maven\mavenWareHouseNew\org\springframework\cloud\spring-cloud-starter-feign\1.4.4.RELEASE\spring-cloud-starter-feign-1.4.4.RELEASE.jar;D:\maven\mavenWareHouseNew\org\springframework\cloud\spring-cloud-starter-openfeign\1.4.4.RELEASE\spring-cloud-starter-openfeign-1.4.4.RELEASE.jar;D:\maven\mavenWareHouseNew\io\github\openfeign\feign-core\9.5.0\feign-core-9.5.0.jar;D:\maven\mavenWareHouseNew\org\jvnet\animal-sniffer-annotation\1.0\animal-sniffer-annotation-1.0.jar;D:\maven\mavenWareHouseNew\io\github\openfeign\feign-slf4j\9.5.0\feign-slf4j-9.5.0.jar;D:\maven\mavenWareHouseNew\io\github\openfeign\feign-hystrix\9.5.0\feign-hystrix-9.5.0.jar;D:\maven\mavenWareHouseNew\com\github\penggle\kaptcha\2.3.2\kaptcha-2.3.2.jar;D:\maven\mavenWareHouseNew\com\jhlabs\filters\2.0.235-1\filters-2.0.235-1.jar;D:\maven\mavenWareHouseNew\org\springframework\cloud\spring-cloud-starter-oauth2\1.2.2.RELEASE\spring-cloud-starter-oauth2-1.2.2.RELEASE.jar;D:\maven\mavenWareHouseNew\org\springframework\cloud\spring-cloud-starter-security\1.2.2.RELEASE\spring-cloud-starter-security-1.2.2.RELEASE.jar;D:\maven\mavenWareHouseNew\org\springframework\cloud\spring-cloud-security\1.2.2.RELEASE\spring-cloud-security-1.2.2.RELEASE.jar;D:\maven\mavenWareHouseNew\org\springframework\boot\spring-boot-starter-security\1.5.13.RELEASE\spring-boot-starter-security-1.5.13.RELEASE.jar;D:\maven\mavenWareHouseNew\org\springframework\security\oauth\spring-security-oauth2\2.0.15.RELEASE\spring-security-oauth2-2.0.15.RELEASE.jar;D:\maven\mavenWareHouseNew\org\springframework\security\spring-security-core\4.2.6.RELEASE\spring-security-core-4.2.6.RELEASE.jar;D:\maven\mavenWareHouseNew\org\springframework\security\spring-security-config\4.2.6.RELEASE\spring-security-config-4.2.6.RELEASE.jar;D:\maven\mavenWareHouseNew\org\springframework\social\spring-social-config\1.1.6.RELEASE\spring-social-config-1.1.6.RELEASE.jar;D:\maven\mavenWareHouseNew\org\springframework\social\spring-social-core\1.1.6.RELEASE\spring-social-core-1.1.6.RELEASE.jar;D:\maven\mavenWareHouseNew\org\springframework\spring-web\4.3.8.RELEASE\spring-web-4.3.8.RELEASE.jar;D:\maven\mavenWareHouseNew\org\springframework\social\spring-social-security\1.1.6.RELEASE\spring-social-security-1.1.6.RELEASE.jar;D:\maven\mavenWareHouseNew\org\springframework\spring-webmvc\4.3.17.RELEASE\spring-webmvc-4.3.17.RELEASE.jar;D:\maven\mavenWareHouseNew\org\springframework\spring-expression\4.3.17.RELEASE\spring-expression-4.3.17.RELEASE.jar;D:\maven\mavenWareHouseNew\org\springframework\security\spring-security-web\4.2.6.RELEASE\spring-security-web-4.2.6.RELEASE.jar;D:\maven\mavenWareHouseNew\aopalliance\aopalliance\1.0\aopalliance-1.0.jar;D:\maven\mavenWareHouseNew\org\springframework\social\spring-social-web\1.1.6.RELEASE\spring-social-web-1.1.6.RELEASE.jar;D:\maven\mavenWareHouseNew\javax\inject\javax.inject\1\javax.inject-1.jar;D:\maven\mavenWareHouseNew\com\liuzm\paascloud\common\paascloud-common-base\1.0\paascloud-common-base-1.0.jar;D:\maven\mavenWareHouseNew\com\liuzm\paascloud\common\paascloud-security-app\1.0\paascloud-security-app-1.0.jar;D:\maven\mavenWareHouseNew\com\liuzm\paascloud\common\paascloud-security-core\1.0\paascloud-security-core-1.0.jar;D:\maven\mavenWareHouseNew\commons-lang\commons-lang\2.6\commons-lang-2.6.jar;D:\maven\mavenWareHouseNew\commons-collections\commons-collections\3.2.2\commons-collections-3.2.2.jar;D:\maven\mavenWareHouseNew\org\springframework\cloud\spring-cloud-starter-config\1.4.3.RELEASE\spring-cloud-starter-config-1.4.3.RELEASE.jar;D:\maven\mavenWareHouseNew\org\springframework\cloud\spring-cloud-starter\1.3.3.RELEASE\spring-cloud-starter-1.3.3.RELEASE.jar;D:\maven\mavenWareHouseNew\org\springframework\cloud\spring-cloud-context\1.3.3.RELEASE\spring-cloud-context-1.3.3.RELEASE.jar;D:\maven\mavenWareHouseNew\org\springframework\security\spring-security-rsa\1.0.3.RELEASE\spring-security-rsa-1.0.3.RELEASE.jar;D:\maven\mavenWareHouseNew\org\springframework\cloud\spring-cloud-config-client\1.4.3.RELEASE\spring-cloud-config-client-1.4.3.RELEASE.jar;D:\maven\mavenWareHouseNew\org\springframework\cloud\spring-cloud-starter-sleuth\1.3.3.RELEASE\spring-cloud-starter-sleuth-1.3.3.RELEASE.jar;D:\maven\mavenWareHouseNew\org\springframework\cloud\spring-cloud-sleuth-core\1.3.3.RELEASE\spring-cloud-sleuth-core-1.3.3.RELEASE.jar;D:\maven\mavenWareHouseNew\org\aspectj\aspectjrt\1.8.13\aspectjrt-1.8.13.jar;D:\maven\mavenWareHouseNew\org\springframework\cloud\spring-cloud-sleuth-zipkin\1.3.3.RELEASE\spring-cloud-sleuth-zipkin-1.3.3.RELEASE.jar;D:\maven\mavenWareHouseNew\org\springframework\cloud\spring-cloud-commons\1.3.3.RELEASE\spring-cloud-commons-1.3.3.RELEASE.jar;D:\maven\mavenWareHouseNew\org\springframework\security\spring-security-crypto\4.2.6.RELEASE\spring-security-crypto-4.2.6.RELEASE.jar;D:\maven\mavenWareHouseNew\org\apache\httpcomponents\httpclient\4.5.5\httpclient-4.5.5.jar;D:\maven\mavenWareHouseNew\org\apache\httpcomponents\httpcore\4.4.9\httpcore-4.4.9.jar;D:\maven\mavenWareHouseNew\io\zipkin\zipkin2\zipkin\2.6.1\zipkin-2.6.1.jar;D:\maven\mavenWareHouseNew\io\zipkin\reporter2\zipkin-reporter\2.5.0\zipkin-reporter-2.5.0.jar;D:\maven\mavenWareHouseNew\io\zipkin\reporter2\zipkin-sender-kafka11\2.5.0\zipkin-sender-kafka11-2.5.0.jar;D:\maven\mavenWareHouseNew\io\zipkin\reporter2\zipkin-sender-amqp-client\2.5.0\zipkin-sender-amqp-client-2.5.0.jar;D:\maven\mavenWareHouseNew\com\liuzm\paascloud\common\paascloud-common-util\1.0\paascloud-common-util-1.0.jar;D:\maven\mavenWareHouseNew\ch\qos\logback\logback-classic\1.1.11\logback-classic-1.1.11.jar;D:\maven\mavenWareHouseNew\org\codehaus\jackson\jackson-smile\1.9.13\jackson-smile-1.9.13.jar;D:\maven\mavenWareHouseNew\org\codehaus\jackson\jackson-core-asl\1.9.13\jackson-core-asl-1.9.13.jar;D:\maven\mavenWareHouseNew\org\codehaus\jackson\jackson-mapper-asl\1.9.13\jackson-mapper-asl-1.9.13.jar;D:\maven\mavenWareHouseNew\com\xiaoleilu\hutool-all\3.0.7\hutool-all-3.0.7.jar;D:\maven\mavenWareHouseNew\commons-beanutils\commons-beanutils\1.9.3\commons-beanutils-1.9.3.jar;D:\maven\mavenWareHouseNew\com\liuzm\paascloud\common\paascloud-common-core\1.0\paascloud-common-core-1.0.jar;D:\maven\mavenWareHouseNew\eu\bitwalker\UserAgentUtils\1.20\UserAgentUtils-1.20.jar;D:\maven\mavenWareHouseNew\org\springframework\boot\spring-boot-starter-data-redis\1.5.13.RELEASE\spring-boot-starter-data-redis-1.5.13.RELEASE.jar;D:\maven\mavenWareHouseNew\org\springframework\data\spring-data-redis\1.8.12.RELEASE\spring-data-redis-1.8.12.RELEASE.jar;D:\maven\mavenWareHouseNew\org\springframework\data\spring-data-keyvalue\1.2.12.RELEASE\spring-data-keyvalue-1.2.12.RELEASE.jar;D:\maven\mavenWareHouseNew\org\springframework\data\spring-data-commons\1.13.12.RELEASE\spring-data-commons-1.13.12.RELEASE.jar;D:\maven\mavenWareHouseNew\org\springframework\spring-oxm\4.3.17.RELEASE\spring-oxm-4.3.17.RELEASE.jar;D:\maven\mavenWareHouseNew\redis\clients\jedis\2.9.0\jedis-2.9.0.jar;D:\maven\mavenWareHouseNew\org\apache\commons\commons-pool2\2.4.3\commons-pool2-2.4.3.jar;D:\maven\mavenWareHouseNew\com\fasterxml\jackson\module\jackson-module-parameter-names\2.8.11\jackson-module-parameter-names-2.8.11.jar;D:\maven\mavenWareHouseNew\com\fasterxml\jackson\datatype\jackson-datatype-jdk8\2.8.11\jackson-datatype-jdk8-2.8.11.jar;D:\maven\mavenWareHouseNew\com\fasterxml\jackson\datatype\jackson-datatype-jsr310\2.8.11\jackson-datatype-jsr310-2.8.11.jar;D:\maven\mavenWareHouseNew\com\liuzm\paascloud\common\paascloud-common-config\1.0\paascloud-common-config-1.0.jar;D:\maven\mavenWareHouseNew\com\arronlong\httpclientutil\httpclientutil\1.0\httpclientutil-1.0.jar;D:\maven\mavenWareHouseNew\org\apache\httpcomponents\httpmime\4.5.5\httpmime-4.5.5.jar;D:\maven\mavenWareHouseNew\org\apache\httpcomponents\httpasyncclient\4.1.3\httpasyncclient-4.1.3.jar;D:\maven\mavenWareHouseNew\org\apache\httpcomponents\httpcore-nio\4.4.6\httpcore-nio-4.4.6.jar;D:\maven\mavenWareHouseNew\log4j\log4j\1.2.17\log4j-1.2.17.jar;D:\maven\mavenWareHouseNew\com\netflix\hystrix\hystrix-core\1.5.12\hystrix-core-1.5.12.jar;D:\maven\mavenWareHouseNew\com\netflix\archaius\archaius-core\0.7.4\archaius-core-0.7.4.jar;D:\maven\mavenWareHouseNew\com\google\code\findbugs\jsr305\3.0.2\jsr305-3.0.2.jar;D:\maven\mavenWareHouseNew\io\reactivex\rxjava\1.2.0\rxjava-1.2.0.jar;D:\maven\mavenWareHouseNew\org\hdrhistogram\HdrHistogram\2.1.9\HdrHistogram-2.1.9.jar;D:\maven\mavenWareHouseNew\org\springframework\boot\spring-boot-starter-actuator\1.5.13.RELEASE\spring-boot-starter-actuator-1.5.13.RELEASE.jar;D:\maven\mavenWareHouseNew\org\springframework\boot\spring-boot-actuator\1.5.13.RELEASE\spring-boot-actuator-1.5.13.RELEASE.jar;D:\maven\mavenWareHouseNew\org\springframework\cloud\spring-cloud-starter-hystrix\1.4.4.RELEASE\spring-cloud-starter-hystrix-1.4.4.RELEASE.jar;D:\maven\mavenWareHouseNew\org\springframework\cloud\spring-cloud-starter-netflix-hystrix\1.4.4.RELEASE\spring-cloud-starter-netflix-hystrix-1.4.4.RELEASE.jar;D:\maven\mavenWareHouseNew\com\netflix\hystrix\hystrix-metrics-event-stream\1.5.12\hystrix-metrics-event-stream-1.5.12.jar;D:\maven\mavenWareHouseNew\com\netflix\hystrix\hystrix-serialization\1.5.12\hystrix-serialization-1.5.12.jar;D:\maven\mavenWareHouseNew\com\fasterxml\jackson\module\jackson-module-afterburner\2.8.11\jackson-module-afterburner-2.8.11.jar;D:\maven\mavenWareHouseNew\com\netflix\hystrix\hystrix-javanica\1.5.12\hystrix-javanica-1.5.12.jar;D:\maven\mavenWareHouseNew\org\ow2\asm\asm\5.0.4\asm-5.0.4.jar;D:\maven\mavenWareHouseNew\org\springframework\boot\spring-boot-starter-web\1.5.13.RELEASE\spring-boot-starter-web-1.5.13.RELEASE.jar;D:\maven\mavenWareHouseNew\org\springframework\boot\spring-boot-starter-tomcat\1.5.13.RELEASE\spring-boot-starter-tomcat-1.5.13.RELEASE.jar;D:\maven\mavenWareHouseNew\org\apache\tomcat\embed\tomcat-embed-core\8.5.31\tomcat-embed-core-8.5.31.jar;D:\maven\mavenWareHouseNew\org\apache\tomcat\tomcat-annotations-api\8.5.31\tomcat-annotations-api-8.5.31.jar;D:\maven\mavenWareHouseNew\org\apache\tomcat\embed\tomcat-embed-websocket\8.5.31\tomcat-embed-websocket-8.5.31.jar;D:\maven\mavenWareHouseNew\org\hibernate\hibernate-validator\5.3.6.Final\hibernate-validator-5.3.6.Final.jar;D:\maven\mavenWareHouseNew\javax\validation\validation-api\1.1.0.Final\validation-api-1.1.0.Final.jar;D:\maven\mavenWareHouseNew\org\jboss\logging\jboss-logging\3.3.2.Final\jboss-logging-3.3.2.Final.jar;D:\maven\mavenWareHouseNew\net\logstash\logback\logstash-logback-encoder\4.6\logstash-logback-encoder-4.6.jar;D:\maven\mavenWareHouseNew\ch\qos\logback\logback-core\1.1.11\logback-core-1.1.11.jar;D:\maven\mavenWareHouseNew\com\google\guava\guava\17.0\guava-17.0.jar;D:\maven\mavenWareHouseNew\org\springframework\boot\spring-boot-starter-validation\1.5.13.RELEASE\spring-boot-starter-validation-1.5.13.RELEASE.jar;D:\maven\mavenWareHouseNew\org\apache\tomcat\embed\tomcat-embed-el\8.5.31\tomcat-embed-el-8.5.31.jar;D:\maven\mavenWareHouseNew\io\springfox\springfox-swagger-ui\2.6.1\springfox-swagger-ui-2.6.1.jar;D:\maven\mavenWareHouseNew\io\springfox\springfox-spring-web\2.6.1\springfox-spring-web-2.6.1.jar;D:\maven\mavenWareHouseNew\io\springfox\springfox-swagger2\2.6.1\springfox-swagger2-2.6.1.jar;D:\maven\mavenWareHouseNew\io\swagger\swagger-annotations\1.5.10\swagger-annotations-1.5.10.jar;D:\maven\mavenWareHouseNew\io\swagger\swagger-models\1.5.10\swagger-models-1.5.10.jar;D:\maven\mavenWareHouseNew\io\springfox\springfox-spi\2.6.1\springfox-spi-2.6.1.jar;D:\maven\mavenWareHouseNew\io\springfox\springfox-core\2.6.1\springfox-core-2.6.1.jar;D:\maven\mavenWareHouseNew\io\springfox\springfox-schema\2.6.1\springfox-schema-2.6.1.jar;D:\maven\mavenWareHouseNew\io\springfox\springfox-swagger-common\2.6.1\springfox-swagger-common-2.6.1.jar;D:\maven\mavenWareHouseNew\com\fasterxml\classmate\1.3.4\classmate-1.3.4.jar;D:\maven\mavenWareHouseNew\org\springframework\plugin\spring-plugin-core\1.2.0.RELEASE\spring-plugin-core-1.2.0.RELEASE.jar;D:\maven\mavenWareHouseNew\org\springframework\plugin\spring-plugin-metadata\1.2.0.RELEASE\spring-plugin-metadata-1.2.0.RELEASE.jar;D:\maven\mavenWareHouseNew\org\mapstruct\mapstruct\1.0.0.Final\mapstruct-1.0.0.Final.jar;D:\maven\mavenWareHouseNew\commons-codec\commons-codec\1.10\commons-codec-1.10.jar;D:\maven\mavenWareHouseNew\org\springframework\boot\spring-boot-starter-test\1.5.13.RELEASE\spring-boot-starter-test-1.5.13.RELEASE.jar;D:\maven\mavenWareHouseNew\org\springframework\boot\spring-boot-test\1.5.13.RELEASE\spring-boot-test-1.5.13.RELEASE.jar;D:\maven\mavenWareHouseNew\org\springframework\boot\spring-boot-test-autoconfigure\1.5.13.RELEASE\spring-boot-test-autoconfigure-1.5.13.RELEASE.jar;D:\maven\mavenWareHouseNew\com\jayway\jsonpath\json-path\2.2.0\json-path-2.2.0.jar;D:\maven\mavenWareHouseNew\net\minidev\json-smart\2.2.1\json-smart-2.2.1.jar;D:\maven\mavenWareHouseNew\net\minidev\accessors-smart\1.1\accessors-smart-1.1.jar;D:\maven\mavenWareHouseNew\junit\junit\4.12\junit-4.12.jar;D:\maven\mavenWareHouseNew\org\assertj\assertj-core\2.6.0\assertj-core-2.6.0.jar;D:\maven\mavenWareHouseNew\org\mockito\mockito-core\1.10.19\mockito-core-1.10.19.jar;D:\maven\mavenWareHouseNew\org\objenesis\objenesis\2.5.1\objenesis-2.5.1.jar;D:\maven\mavenWareHouseNew\org\hamcrest\hamcrest-core\1.3\hamcrest-core-1.3.jar;D:\maven\mavenWareHouseNew\org\hamcrest\hamcrest-library\1.3\hamcrest-library-1.3.jar;D:\maven\mavenWareHouseNew\org\skyscreamer\jsonassert\1.4.0\jsonassert-1.4.0.jar;D:\maven\mavenWareHouseNew\com\vaadin\external\google\android-json\0.0.20131108.vaadin1\android-json-0.0.20131108.vaadin1.jar;D:\maven\mavenWareHouseNew\org\springframework\spring-core\4.3.11.RELEASE\spring-core-4.3.11.RELEASE.jar;D:\maven\mavenWareHouseNew\org\springframework\spring-test\4.3.17.RELEASE\spring-test-4.3.17.RELEASE.jar;D:\maven\mavenWareHouseNew\com\alibaba\druid\1.0.29\druid-1.0.29.jar;C:\workSoftware\Java\jdk1.8.0_73\jre\..\lib\jconsole.jar;C:\workSoftware\Java\jdk1.8.0_73\jre\..\lib\tools.jar;D:\maven\mavenWareHouseNew\org\mybatis\generator\mybatis-generator-core\1.3.5\mybatis-generator-core-1.3.5.jar;D:\maven\mavenWareHouseNew\org\springframework\boot\spring-boot-configuration-processor\1.5.13.RELEASE\spring-boot-configuration-processor-1.5.13.RELEASE.jar;D:\maven\mavenWareHouseNew\org\springframework\boot\spring-boot-devtools\1.5.13.RELEASE\spring-boot-devtools-1.5.13.RELEASE.jar;D:\maven\mavenWareHouseNew\org\springframework\boot\spring-boot\1.5.13.RELEASE\spring-boot-1.5.13.RELEASE.jar;D:\maven\mavenWareHouseNew\org\springframework\boot\spring-boot-starter-aop\1.5.13.RELEASE\spring-boot-starter-aop-1.5.13.RELEASE.jar;D:\maven\mavenWareHouseNew\org\springframework\spring-aop\4.3.17.RELEASE\spring-aop-4.3.17.RELEASE.jar;D:\maven\mavenWareHouseNew\org\modelmapper\modelmapper\1.1.2\modelmapper-1.1.2.jar;D:\maven\mavenWareHouseNew\org\jolokia\jolokia-core\1.3.7\jolokia-core-1.3.7.jar;D:\maven\mavenWareHouseNew\com\googlecode\json-simple\json-simple\1.1.1\json-simple-1.1.1.jar;D:\maven\mavenWareHouseNew\org\springframework\security\spring-security-jwt\1.0.9.RELEASE\spring-security-jwt-1.0.9.RELEASE.jar;D:\maven\mavenWareHouseNew\org\bouncycastle\bcpkix-jdk15on\1.56\bcpkix-jdk15on-1.56.jar;D:\maven\mavenWareHouseNew\org\bouncycastle\bcprov-jdk15on\1.56\bcprov-jdk15on-1.56.jar;D:\maven\mavenWareHouseNew\org\liquibase\liquibase-core\3.5.3\liquibase-core-3.5.3.jar;D:\maven\mavenWareHouseNew\org\yaml\snakeyaml\1.17\snakeyaml-1.17.jar;D:\maven\mavenWareHouseNew\org\springframework\cloud\spring-cloud-starter-zipkin\1.3.3.RELEASE\spring-cloud-starter-zipkin-1.3.3.RELEASE.jar;D:\maven\mavenWareHouseNew\org\springframework\amqp\spring-rabbit\1.7.7.RELEASE\spring-rabbit-1.7.7.RELEASE.jar;D:\maven\mavenWareHouseNew\org\springframework\retry\spring-retry\1.2.2.RELEASE\spring-retry-1.2.2.RELEASE.jar;D:\maven\mavenWareHouseNew\com\rabbitmq\http-client\1.1.1.RELEASE\http-client-1.1.1.RELEASE.jar;D:\maven\mavenWareHouseNew\com\rabbitmq\amqp-client\4.0.3\amqp-client-4.0.3.jar;D:\maven\mavenWareHouseNew\org\springframework\spring-messaging\4.3.17.RELEASE\spring-messaging-4.3.17.RELEASE.jar;D:\maven\mavenWareHouseNew\org\springframework\spring-context\4.3.8.RELEASE\spring-context-4.3.8.RELEASE.jar;D:\maven\mavenWareHouseNew\org\springframework\amqp\spring-amqp\1.7.7.RELEASE\spring-amqp-1.7.7.RELEASE.jar;D:\maven\mavenWareHouseNew\org\springframework\cloud\spring-cloud-starter-netflix-eureka-client\1.4.4.RELEASE\spring-cloud-starter-netflix-eureka-client-1.4.4.RELEASE.jar;D:\maven\mavenWareHouseNew\org\springframework\cloud\spring-cloud-netflix-core\1.4.4.RELEASE\spring-cloud-netflix-core-1.4.4.RELEASE.jar;D:\maven\mavenWareHouseNew\org\springframework\cloud\spring-cloud-netflix-eureka-client\1.4.4.RELEASE\spring-cloud-netflix-eureka-client-1.4.4.RELEASE.jar;D:\maven\mavenWareHouseNew\com\netflix\eureka\eureka-client\1.7.2\eureka-client-1.7.2.jar;D:\maven\mavenWareHouseNew\org\codehaus\jettison\jettison\1.2\jettison-1.2.jar;D:\maven\mavenWareHouseNew\stax\stax-api\1.0.1\stax-api-1.0.1.jar;D:\maven\mavenWareHouseNew\com\netflix\netflix-commons\netflix-eventbus\0.3.0\netflix-eventbus-0.3.0.jar;D:\maven\mavenWareHouseNew\com\netflix\netflix-commons\netflix-infix\0.3.0\netflix-infix-0.3.0.jar;D:\maven\mavenWareHouseNew\commons-jxpath\commons-jxpath\1.3\commons-jxpath-1.3.jar;D:\maven\mavenWareHouseNew\org\antlr\antlr-runtime\3.4\antlr-runtime-3.4.jar;D:\maven\mavenWareHouseNew\org\antlr\stringtemplate\3.2.1\stringtemplate-3.2.1.jar;D:\maven\mavenWareHouseNew\antlr\antlr\2.7.7\antlr-2.7.7.jar;D:\maven\mavenWareHouseNew\com\google\code\gson\gson\2.8.4\gson-2.8.4.jar;D:\maven\mavenWareHouseNew\org\apache\commons\commons-math\2.2\commons-math-2.2.jar;D:\maven\mavenWareHouseNew\javax\ws\rs\jsr311-api\1.1.1\jsr311-api-1.1.1.jar;D:\maven\mavenWareHouseNew\com\netflix\servo\servo-core\0.10.1\servo-core-0.10.1.jar;D:\maven\mavenWareHouseNew\com\netflix\servo\servo-internal\0.10.1\servo-internal-0.10.1.jar;D:\maven\mavenWareHouseNew\com\sun\jersey\jersey-core\1.19.1\jersey-core-1.19.1.jar;D:\maven\mavenWareHouseNew\com\sun\jersey\jersey-client\1.19.1\jersey-client-1.19.1.jar;D:\maven\mavenWareHouseNew\com\sun\jersey\contribs\jersey-apache-client4\1.19.1\jersey-apache-client4-1.19.1.jar;D:\maven\mavenWareHouseNew\com\google\inject\guice\3.0\guice-3.0.jar;D:\maven\mavenWareHouseNew\com\netflix\eureka\eureka-core\1.7.2\eureka-core-1.7.2.jar;D:\maven\mavenWareHouseNew\org\codehaus\woodstox\woodstox-core-asl\4.4.1\woodstox-core-asl-4.4.1.jar;D:\maven\mavenWareHouseNew\javax\xml\stream\stax-api\1.0-2\stax-api-1.0-2.jar;D:\maven\mavenWareHouseNew\org\codehaus\woodstox\stax2-api\3.1.4\stax2-api-3.1.4.jar;D:\maven\mavenWareHouseNew\org\springframework\cloud\spring-cloud-starter-netflix-archaius\1.4.4.RELEASE\spring-cloud-starter-netflix-archaius-1.4.4.RELEASE.jar;D:\maven\mavenWareHouseNew\commons-configuration\commons-configuration\1.8\commons-configuration-1.8.jar;D:\maven\mavenWareHouseNew\org\springframework\cloud\spring-cloud-starter-netflix-ribbon\1.4.4.RELEASE\spring-cloud-starter-netflix-ribbon-1.4.4.RELEASE.jar;D:\maven\mavenWareHouseNew\com\netflix\ribbon\ribbon\2.2.5\ribbon-2.2.5.jar;D:\maven\mavenWareHouseNew\com\netflix\ribbon\ribbon-transport\2.2.5\ribbon-transport-2.2.5.jar;D:\maven\mavenWareHouseNew\io\reactivex\rxnetty-contexts\0.4.9\rxnetty-contexts-0.4.9.jar;D:\maven\mavenWareHouseNew\io\reactivex\rxnetty-servo\0.4.9\rxnetty-servo-0.4.9.jar;D:\maven\mavenWareHouseNew\io\reactivex\rxnetty\0.4.9\rxnetty-0.4.9.jar;D:\maven\mavenWareHouseNew\io\netty\netty-codec-http\4.0.27.Final\netty-codec-http-4.0.27.Final.jar;D:\maven\mavenWareHouseNew\io\netty\netty-codec\4.0.27.Final\netty-codec-4.0.27.Final.jar;D:\maven\mavenWareHouseNew\io\netty\netty-handler\4.0.27.Final\netty-handler-4.0.27.Final.jar;D:\maven\mavenWareHouseNew\io\netty\netty-transport-native-epoll\4.0.27.Final\netty-transport-native-epoll-4.0.27.Final.jar;D:\maven\mavenWareHouseNew\io\netty\netty-common\4.0.27.Final\netty-common-4.0.27.Final.jar;D:\maven\mavenWareHouseNew\io\netty\netty-buffer\4.0.27.Final\netty-buffer-4.0.27.Final.jar;D:\maven\mavenWareHouseNew\io\netty\netty-transport\4.0.27.Final\netty-transport-4.0.27.Final.jar;D:\maven\mavenWareHouseNew\com\netflix\ribbon\ribbon-core\2.2.5\ribbon-core-2.2.5.jar;D:\maven\mavenWareHouseNew\com\netflix\ribbon\ribbon-httpclient\2.2.5\ribbon-httpclient-2.2.5.jar;D:\maven\mavenWareHouseNew\com\netflix\netflix-commons\netflix-commons-util\0.1.1\netflix-commons-util-0.1.1.jar;D:\maven\mavenWareHouseNew\com\netflix\ribbon\ribbon-loadbalancer\2.2.5\ribbon-loadbalancer-2.2.5.jar;D:\maven\mavenWareHouseNew\com\netflix\netflix-commons\netflix-statistics\0.1.1\netflix-statistics-0.1.1.jar;D:\maven\mavenWareHouseNew\com\netflix\ribbon\ribbon-eureka\2.2.5\ribbon-eureka-2.2.5.jar;D:\maven\mavenWareHouseNew\com\thoughtworks\xstream\xstream\1.4.10\xstream-1.4.10.jar;D:\maven\mavenWareHouseNew\xmlpull\xmlpull\1.1.3.1\xmlpull-1.1.3.1.jar;D:\maven\mavenWareHouseNew\xpp3\xpp3_min\1.1.4c\xpp3_min-1.1.4c.jar;, user.name=18771, java.vm.specification.version=1.8, sun.java.command=C:\workproject\study\Immortalbird\paascloud-provider\paascloud-provider-uac\target\surefire\surefirebooter3960685941693253513.jar C:\workproject\study\Immortalbird\paascloud-provider\paascloud-provider-uac\target\surefire\surefire8331501010975414119tmp C:\workproject\study\Immortalbird\paascloud-provider\paascloud-provider-uac\target\surefire\surefire_03200265229749405644tmp, java.home=C:\workSoftware\Java\jdk1.8.0_73\jre, sun.arch.data.model=64, aven.test.skip=true, user.language=zh, java.specification.vendor=Oracle Corporation, awt.toolkit=sun.awt.windows.WToolkit, java.vm.info=mixed mode, java.version=1.8.0_73, java.ext.dirs=C:\workSoftware\Java\jdk1.8.0_73\jre\lib\ext;C:\WINDOWS\Sun\Java\lib\ext, sun.boot.class.path=C:\workSoftware\Java\jdk1.8.0_73\jre\lib\resources.jar;C:\workSoftware\Java\jdk1.8.0_73\jre\lib\rt.jar;C:\workSoftware\Java\jdk1.8.0_73\jre\lib\sunrsasign.jar;C:\workSoftware\Java\jdk1.8.0_73\jre\lib\jsse.jar;C:\workSoftware\Java\jdk1.8.0_73\jre\lib\jce.jar;C:\workSoftware\Java\jdk1.8.0_73\jre\lib\charsets.jar;C:\workSoftware\Java\jdk1.8.0_73\jre\lib\jfr.jar;C:\workSoftware\Java\jdk1.8.0_73\jre\classes, java.vendor=Oracle Corporation, localRepository=D:\maven\mavenWareHouseNew, file.separator=\, java.vendor.url.bug=http://bugreport.sun.com/bugreport/, sun.io.unicode.encoding=UnicodeLittle, sun.cpu.endian=little, sun.desktop=windows, sun.cpu.isalist=amd64}}, SystemEnvironmentPropertySource@915349526 {name='systemEnvironment', properties={PATH=C:\Users\18771\bin;C:\Program Files\Git\mingw64\bin;C:\Program Files\Git\usr\local\bin;C:\Program Files\Git\usr\bin;C:\Program Files\Git\usr\bin;C:\Program Files\Git\mingw64\bin;C:\Program Files\Git\usr\bin;C:\Users\18771\bin;C:\workSoftware\Anaconda3-5;C:\workSoftware\Anaconda3-5\Library\mingw-w64\bin;C:\workSoftware\Anaconda3-5\Library\usr\bin;C:\workSoftware\Anaconda3-5\Library\bin;C:\workSoftware\Anaconda3-5\Scripts;%PYTHON_HOME%;C:\ProgramData\Oracle\Java\javapath;C:\workSoftware\gradle\gradle-4.4\bin;C:\workSoftware\mysql\mysql-5.7.17-winx64\bin;C:\workSoftware\maven\apache-maven-3.2.5\bin;%CATALINA_HOME%\bin;C:\workSoftware\Java\jdk1.8.0_73\bin;C:\workSoftware\Java\jdk1.8.0_73\jre\bin;C:\WINDOWS\system32;C:\WINDOWS;C:\WINDOWS\System32\Wbem;C:\WINDOWS\System32\WindowsPowerShell\v1.0;C:\Program Files\Git\cmd;C:\Program Files\Git\mingw64\bin;C:\Program Files\Git\usr\bin;%CATALINA_HOME%\lib;C:\workSoftware\ant\apache-ant-1.10.5\bin;C:\WINDOWS\System32\OpenSSH;C:\Program Files\Pandoc;C:\Program Files\MIT\Kerberos\bin;C:\workSoftware\apache-groovy\groovy-2.5.5\bin;C:\workSoftware\grails\grails-3.3.9\bin;C:\Ruby22-x64\bin;C:\Users\18771\AppData\Local\Microsoft\WindowsApps;C:\workSoftware\docker\Docker Toolbox;C:\Program Files\Git\usr\bin\vendor_perl;C:\Program Files\Git\usr\bin\core_perl, USERDOMAIN_ROAMINGPROFILE=DESKTOP-5SL4MN7, PKG_CONFIG_PATH=C:\Program Files\Git\mingw64\lib\pkgconfig;C:\Program Files\Git\mingw64\share\pkgconfig, NO_PROXY=192.168.99.100, PROCESSOR_LEVEL=6, SYSTEMDRIVE=C:, M2=C:\workSoftware\maven\apache-maven-3.2.5\bin, GRAILS_HOME=C:\workSoftware\grails\grails-3.3.9, ALLUSERSPROFILE=C:\ProgramData, PROCESSOR_ARCHITECTURE=AMD64, TNS_ADMIN=C:\workSoftware\instantclient-basic-nt-11.2.0.3.0\instantclient_11_2\network\admin, DRIVERDATA=C:\Windows\System32\Drivers\DriverData, PROGRAMFILES=C:\Program Files, PSMODULEPATH=%ProgramFiles%\WindowsPowerShell\Modules;C:\WINDOWS\system32\WindowsPowerShell\v1.0\Modules, PROGRAMDATA=C:\ProgramData, USERNAME=18771, PWD=C:/workproject/study/Immortalbird/paascloud-provider, CATALINA_HOME1111=C:\workSoftware\tomcat\apache-tomcat-9.0.5, INFOPATH=C:\Program Files\Git\usr\local\info;C:\Program Files\Git\usr\share\info;C:\Program Files\Git\usr\info;C:\Program Files\Git\share\info, ONEDRIVE=C:\Users\18771\OneDrive, PATHEXT=.COM;.EXE;.BAT;.CMD;.VBS;.VBE;.JS;.JSE;.WSF;.WSH;.MSC;.RB;.RBW, SHELL=C:\Program Files\Git\usr\bin\bash, COMPOSE_CONVERT_WINDOWS_PATHS=true, OLDPWD=C:/workproject/study/Immortalbird/paascloud-provider, TMPDIR=C:\Users\18771\AppData\Local\Temp, WINDIR=C:\WINDOWS, SSH_ASKPASS=C:/Program Files/Git/mingw64/libexec/git-core/git-gui--askpass, HOMEPATH=\Users\18771, MYSQL_HOME=C:\workSoftware\mysql\mysql-5.7.17-winx64, PROCESSOR_IDENTIFIER=Intel64 Family 6 Model 78 Stepping 3, GenuineIntel, M2_HOME=C:\workSoftware\maven\apache-maven-3.2.5, PUBLIC=C:\Users\Public, =::=::\, EXEPATH=C:\Program Files\Git, SHLVL=1, LOCALAPPDATA=C:\Users\18771\AppData\Local, MANPATH=C:\Program Files\Git\mingw64\share\man;C:\Program Files\Git\usr\local\man;C:\Program Files\Git\usr\share\man;C:\Program Files\Git\usr\man;C:\Program Files\Git\share\man, COMMONPROGRAMFILES(X86)=C:\Program Files (x86)\Common Files, DOCKER_HOST=tcp://192.168.99.100:2376, USERDOMAIN=DESKTOP-5SL4MN7, LOGONSERVER=\\DESKTOP-5SL4MN7, JAVA_HOME=C:/workSoftware/Java/jdk1.8.0_73, PLINK_PROTOCOL=ssh, PROMPT=$P$G, PROGRAMFILES(X86)=C:\Program Files (x86), TERM=cygwin, LANG=zh_CN.UTF-8, GRADLE_HOME=C:\workSoftware\gradle\gradle-4.4, MAVEN_OPTS= -Xms512m -Xmx1024m, ANT_HOME=C:\workSoftware\ant\apache-ant-1.10.5, DISPLAY=needs-to-be-defined, GROOVY_HOME=C:\workSoftware\apache-groovy\groovy-2.5.5, MSYSTEM=MINGW64, =C:=C:\workproject\study\Immortalbird\paascloud-provider\paascloud-provider-uac, APPDATA=C:\Users\18771\AppData\Roaming, DOCKER_MACHINE_NAME=default, DOCKER_CERT_PATH=C:\Users\18771\.docker\machine\machines\default, PROGRAMW6432=C:\Program Files, SYSTEMROOT=C:\WINDOWS, MAVEN_CMD_LINE_ARGS= clean install -Daven.test.skip=true, VBOX_MSI_INSTALL_PATH=C:\Program Files\Oracle\VirtualBox\, OS=Windows_NT, COMMONPROGRAMW6432=C:\Program Files\Common Files, COMPUTERNAME=DESKTOP-5SL4MN7, JBOSS_HOME=F:\工作目录\新华三\瞿媛媛\接收\jboss-eap-7.1, COMMONPROGRAMFILES=C:\Program Files\Common Files, COMSPEC=C:\WINDOWS\system32\cmd.exe, MAVEN_PROJECTBASEDIR=C:/workproject/study/Immortalbird/paascloud-provider, PROCESSOR_REVISION=4e03, CLASSPATH=.;C:\workSoftware\Java\jdk1.8.0_73\lib\dt.jar;C:\workSoftware\Java\jdk1.8.0_73\lib\tools.jar, NLS_LANG=SIMPLIFIED CHINESE_CHINA.ZHS16GBK, ACLOCAL_PATH=C:\Program Files\Git\mingw64\share\aclocal;C:\Program Files\Git\usr\share\aclocal, DOCKER_TLS_VERIFY=1, PRINTER=NPIBF6305 (HP LaserJet 400 M401dn), TEMP=C:\Users\18771\AppData\Local\Temp, HOSTNAME=DESKTOP-5SL4MN7, HOMEDRIVE=C:, USERPROFILE=C:\Users\18771, TMP=C:\Users\18771\AppData\Local\Temp, NUMBER_OF_PROCESSORS=4, DOCKER_TOOLBOX_INSTALL_PATH=C:\workSoftware\docker\Docker Toolbox, HOME=C:\Users\18771}}]
16:15:09.330 [main] INFO org.springframework.boot.test.context.SpringBootTestContextBootstrapper - Found @SpringBootConfiguration com.paascloud.PaasCloudUacApplication for test class com.paascloud.provider.UacMenuServiceTest
16:15:09.338 [main] DEBUG org.springframework.boot.test.context.SpringBootTestContextBootstrapper - @TestExecutionListeners is not present for class [com.paascloud.provider.UacMenuServiceTest]: using defaults.
16:15:09.365 [main] INFO org.springframework.boot.test.context.SpringBootTestContextBootstrapper - Loaded default TestExecutionListener class names from location [META-INF/spring.factories]: [org.springframework.boot.test.mock.mockito.MockitoTestExecutionListener, org.springframework.boot.test.mock.mockito.ResetMocksTestExecutionListener, org.springframework.boot.test.autoconfigure.restdocs.RestDocsTestExecutionListener, org.springframework.boot.test.autoconfigure.web.client.MockRestServiceServerResetTestExecutionListener, org.springframework.boot.test.autoconfigure.web.servlet.MockMvcPrintOnlyOnFailureTestExecutionListener, org.springframework.boot.test.autoconfigure.web.servlet.WebDriverTestExecutionListener, org.springframework.test.context.web.ServletTestExecutionListener, org.springframework.test.context.support.DirtiesContextBeforeModesTestExecutionListener, org.springframework.test.context.support.DependencyInjectionTestExecutionListener, org.springframework.test.context.support.DirtiesContextTestExecutionListener, org.springframework.test.context.transaction.TransactionalTestExecutionListener, org.springframework.test.context.jdbc.SqlScriptsTestExecutionListener]
16:15:09.396 [main] INFO org.springframework.boot.test.context.SpringBootTestContextBootstrapper - Using TestExecutionListeners: [org.springframework.test.context.web.ServletTestExecutionListener@2a5c8d3f, org.springframework.test.context.support.DirtiesContextBeforeModesTestExecutionListener@752325ad, org.springframework.boot.test.mock.mockito.MockitoTestExecutionListener@279fedbd, org.springframework.boot.test.autoconfigure.SpringBootDependencyInjectionTestExecutionListener@b3ca52e, org.springframework.test.context.support.DirtiesContextTestExecutionListener@45c7e403, org.springframework.test.context.transaction.TransactionalTestExecutionListener@2925bf5b, org.springframework.test.context.jdbc.SqlScriptsTestExecutionListener@710f4dc7, org.springframework.boot.test.mock.mockito.ResetMocksTestExecutionListener@1ff4931d, org.springframework.boot.test.autoconfigure.restdocs.RestDocsTestExecutionListener@65e98b1c, org.springframework.boot.test.autoconfigure.web.client.MockRestServiceServerResetTestExecutionListener@61322f9d, org.springframework.boot.test.autoconfigure.web.servlet.MockMvcPrintOnlyOnFailureTestExecutionListener@6ad82709, org.springframework.boot.test.autoconfigure.web.servlet.WebDriverTestExecutionListener@510f3d34]
16:15:09.402 [main] DEBUG org.springframework.test.context.junit4.SpringJUnit4ClassRunner - SpringJUnit4ClassRunner constructor called with [class com.paascloud.provider.UacRoleServiceTest]
16:15:09.403 [main] DEBUG org.springframework.test.context.BootstrapUtils - Instantiating CacheAwareContextLoaderDelegate from class [org.springframework.test.context.cache.DefaultCacheAwareContextLoaderDelegate]
16:15:09.404 [main] DEBUG org.springframework.test.context.BootstrapUtils - Instantiating BootstrapContext using constructor [public org.springframework.test.context.support.DefaultBootstrapContext(java.lang.Class,org.springframework.test.context.CacheAwareContextLoaderDelegate)]
16:15:09.404 [main] DEBUG org.springframework.test.context.BootstrapUtils - Instantiating TestContextBootstrapper for test class [com.paascloud.provider.UacRoleServiceTest] from class [org.springframework.boot.test.context.SpringBootTestContextBootstrapper]
16:15:09.405 [main] INFO org.springframework.boot.test.context.SpringBootTestContextBootstrapper - Neither @ContextConfiguration nor @ContextHierarchy found for test class [com.paascloud.provider.UacRoleServiceTest], using SpringBootContextLoader
16:15:09.409 [main] DEBUG org.springframework.test.context.support.AbstractContextLoader - Did not detect default resource location for test class [com.paascloud.provider.UacRoleServiceTest]: class path resource [com/paascloud/provider/UacRoleServiceTest-context.xml] does not exist
16:15:09.413 [main] DEBUG org.springframework.test.context.support.AbstractContextLoader - Did not detect default resource location for test class [com.paascloud.provider.UacRoleServiceTest]: class path resource [com/paascloud/provider/UacRoleServiceTestContext.groovy] does not exist
16:15:09.414 [main] INFO org.springframework.test.context.support.AbstractContextLoader - Could not detect default resource locations for test class [com.paascloud.provider.UacRoleServiceTest]: no resource found for suffixes {-context.xml, Context.groovy}.
16:15:09.415 [main] INFO org.springframework.test.context.support.AnnotationConfigContextLoaderUtils - Could not detect default configuration classes for test class [com.paascloud.provider.UacRoleServiceTest]: UacRoleServiceTest does not declare any static, non-private, non-final, nested classes annotated with @Configuration.
16:15:09.488 [main] DEBUG org.springframework.test.context.support.ActiveProfilesUtils - Could not find an 'annotation declaring class' for annotation type [org.springframework.test.context.ActiveProfiles] and class [com.paascloud.provider.UacRoleServiceTest]
16:15:09.488 [main] DEBUG org.springframework.core.env.StandardEnvironment - Adding PropertySource 'systemProperties' with lowest search precedence
16:15:09.489 [main] DEBUG org.springframework.core.env.StandardEnvironment - Adding PropertySource 'systemEnvironment' with lowest search precedence
16:15:09.491 [main] DEBUG org.springframework.core.env.StandardEnvironment - Initialized StandardEnvironment with PropertySources [MapPropertySource@422330142 {name='systemProperties', properties={java.runtime.name=Java(TM) SE Runtime Environment, sun.boot.library.path=C:\workSoftware\Java\jdk1.8.0_73\jre\bin, java.vm.version=25.73-b02, java.vm.vendor=Oracle Corporation, java.vendor.url=http://java.oracle.com/, path.separator=;, java.vm.name=Java HotSpot(TM) 64-Bit Server VM, file.encoding.pkg=sun.io, user.country=CN, user.script=, sun.java.launcher=SUN_STANDARD, sun.os.patch.level=, java.vm.specification.name=Java Virtual Machine Specification, user.dir=C:\workproject\study\Immortalbird\paascloud-provider\paascloud-provider-uac, java.runtime.version=1.8.0_73-b02, basedir=C:\workproject\study\Immortalbird\paascloud-provider\paascloud-provider-uac, java.awt.graphicsenv=sun.awt.Win32GraphicsEnvironment, java.endorsed.dirs=C:\workSoftware\Java\jdk1.8.0_73\jre\lib\endorsed, os.arch=amd64, surefire.real.class.path=C:\workproject\study\Immortalbird\paascloud-provider\paascloud-provider-uac\target\surefire\surefirebooter3960685941693253513.jar, java.io.tmpdir=C:\Users\18771\AppData\Local\Temp\, line.separator=
, java.vm.specification.vendor=Oracle Corporation, user.variant=, os.name=Windows 10, sun.jnu.encoding=GBK, java.library.path=C:\workSoftware\Java\jdk1.8.0_73\jre\bin;C:\WINDOWS\Sun\Java\bin;C:\WINDOWS\system32;C:\WINDOWS;C:\Users\18771\bin;C:\Program Files\Git\mingw64\bin;C:\Program Files\Git\usr\local\bin;C:\Program Files\Git\usr\bin;C:\Program Files\Git\usr\bin;C:\Program Files\Git\mingw64\bin;C:\Program Files\Git\usr\bin;C:\Users\18771\bin;C:\workSoftware\Anaconda3-5;C:\workSoftware\Anaconda3-5\Library\mingw-w64\bin;C:\workSoftware\Anaconda3-5\Library\usr\bin;C:\workSoftware\Anaconda3-5\Library\bin;C:\workSoftware\Anaconda3-5\Scripts;%PYTHON_HOME%;C:\ProgramData\Oracle\Java\javapath;C:\workSoftware\gradle\gradle-4.4\bin;C:\workSoftware\mysql\mysql-5.7.17-winx64\bin;C:\workSoftware\maven\apache-maven-3.2.5\bin;%CATALINA_HOME%\bin;C:\workSoftware\Java\jdk1.8.0_73\bin;C:\workSoftware\Java\jdk1.8.0_73\jre\bin;C:\WINDOWS\system32;C:\WINDOWS;C:\WINDOWS\System32\Wbem;C:\WINDOWS\System32\WindowsPowerShell\v1.0;C:\Program Files\Git\cmd;C:\Program Files\Git\mingw64\bin;C:\Program Files\Git\usr\bin;%CATALINA_HOME%\lib;C:\workSoftware\ant\apache-ant-1.10.5\bin;C:\WINDOWS\System32\OpenSSH;C:\Program Files\Pandoc;C:\Program Files\MIT\Kerberos\bin;C:\workSoftware\apache-groovy\groovy-2.5.5\bin;C:\workSoftware\grails\grails-3.3.9\bin;C:\Ruby22-x64\bin;C:\Users\18771\AppData\Local\Microsoft\WindowsApps;C:\workSoftware\docker\Docker Toolbox;C:\Program Files\Git\usr\bin\vendor_perl;C:\Program Files\Git\usr\bin\core_perl;., surefire.test.class.path=C:\workproject\study\Immortalbird\paascloud-provider\paascloud-provider-uac\target\test-classes;C:\workproject\study\Immortalbird\paascloud-provider\paascloud-provider-uac\target\classes;D:\maven\mavenWareHouseNew\mysql\mysql-connector-java\5.1.39\mysql-connector-java-5.1.39.jar;D:\maven\mavenWareHouseNew\io\jsonwebtoken\jjwt\0.7.0\jjwt-0.7.0.jar;D:\maven\mavenWareHouseNew\joda-time\joda-time\2.9.6\joda-time-2.9.6.jar;D:\maven\mavenWareHouseNew\org\mybatis\spring\boot\mybatis-spring-boot-starter\1.2.0\mybatis-spring-boot-starter-1.2.0.jar;D:\maven\mavenWareHouseNew\org\springframework\boot\spring-boot-starter\1.5.13.RELEASE\spring-boot-starter-1.5.13.RELEASE.jar;D:\maven\mavenWareHouseNew\org\springframework\boot\spring-boot-starter-logging\1.5.13.RELEASE\spring-boot-starter-logging-1.5.13.RELEASE.jar;D:\maven\mavenWareHouseNew\org\slf4j\jcl-over-slf4j\1.7.25\jcl-over-slf4j-1.7.25.jar;D:\maven\mavenWareHouseNew\org\slf4j\jul-to-slf4j\1.7.25\jul-to-slf4j-1.7.25.jar;D:\maven\mavenWareHouseNew\org\slf4j\log4j-over-slf4j\1.7.25\log4j-over-slf4j-1.7.25.jar;D:\maven\mavenWareHouseNew\org\springframework\boot\spring-boot-starter-jdbc\1.5.13.RELEASE\spring-boot-starter-jdbc-1.5.13.RELEASE.jar;D:\maven\mavenWareHouseNew\org\apache\tomcat\tomcat-jdbc\8.5.31\tomcat-jdbc-8.5.31.jar;D:\maven\mavenWareHouseNew\org\apache\tomcat\tomcat-juli\8.5.31\tomcat-juli-8.5.31.jar;D:\maven\mavenWareHouseNew\org\springframework\spring-jdbc\4.3.17.RELEASE\spring-jdbc-4.3.17.RELEASE.jar;D:\maven\mavenWareHouseNew\org\mybatis\spring\boot\mybatis-spring-boot-autoconfigure\1.2.0\mybatis-spring-boot-autoconfigure-1.2.0.jar;D:\maven\mavenWareHouseNew\org\mybatis\mybatis\3.4.2\mybatis-3.4.2.jar;D:\maven\mavenWareHouseNew\org\mybatis\mybatis-spring\1.3.1\mybatis-spring-1.3.1.jar;D:\maven\mavenWareHouseNew\tk\mybatis\mapper-spring-boot-starter\1.1.1\mapper-spring-boot-starter-1.1.1.jar;D:\maven\mavenWareHouseNew\tk\mybatis\mapper-spring-boot-autoconfigure\1.1.1\mapper-spring-boot-autoconfigure-1.1.1.jar;D:\maven\mavenWareHouseNew\tk\mybatis\mapper\3.4.0\mapper-3.4.0.jar;D:\maven\mavenWareHouseNew\javax\persistence\persistence-api\1.0\persistence-api-1.0.jar;D:\maven\mavenWareHouseNew\com\github\pagehelper\pagehelper-spring-boot-starter\1.1.2\pagehelper-spring-boot-starter-1.1.2.jar;D:\maven\mavenWareHouseNew\com\github\pagehelper\pagehelper-spring-boot-autoconfigure\1.1.2\pagehelper-spring-boot-autoconfigure-1.1.2.jar;D:\maven\mavenWareHouseNew\com\github\pagehelper\pagehelper\5.0.3\pagehelper-5.0.3.jar;D:\maven\mavenWareHouseNew\com\github\jsqlparser\jsqlparser\1.0\jsqlparser-1.0.jar;D:\maven\mavenWareHouseNew\com\alibaba\druid-spring-boot-starter\1.1.0\druid-spring-boot-starter-1.1.0.jar;D:\maven\mavenWareHouseNew\org\springframework\boot\spring-boot-autoconfigure\1.5.13.RELEASE\spring-boot-autoconfigure-1.5.13.RELEASE.jar;D:\maven\mavenWareHouseNew\com\fasterxml\jackson\core\jackson-databind\2.8.4\jackson-databind-2.8.4.jar;D:\maven\mavenWareHouseNew\com\fasterxml\jackson\core\jackson-annotations\2.8.0\jackson-annotations-2.8.0.jar;D:\maven\mavenWareHouseNew\com\fasterxml\jackson\core\jackson-core\2.8.11\jackson-core-2.8.11.jar;D:\maven\mavenWareHouseNew\com\liuzm\paascloud\provider\api\paascloud-provider-uac-api\1.0\paascloud-provider-uac-api-1.0.jar;D:\maven\mavenWareHouseNew\com\liuzm\paascloud\common\paascloud-security-feign\1.0\paascloud-security-feign-1.0.jar;D:\maven\mavenWareHouseNew\com\liuzm\paascloud\provider\api\paascloud-provider-mdc-api\1.0\paascloud-provider-mdc-api-1.0.jar;D:\maven\mavenWareHouseNew\com\liuzm\paascloud\provider\api\paascloud-provider-omc-api\1.0\paascloud-provider-omc-api-1.0.jar;D:\maven\mavenWareHouseNew\com\liuzm\paascloud\provider\api\paascloud-provider-opc-api\1.0\paascloud-provider-opc-api-1.0.jar;D:\maven\mavenWareHouseNew\io\github\openfeign\form\feign-form\3.0.3\feign-form-3.0.3.jar;D:\maven\mavenWareHouseNew\io\github\openfeign\form\feign-form-spring\3.0.3\feign-form-spring-3.0.3.jar;D:\maven\mavenWareHouseNew\com\liuzm\paascloud\provider\api\paascloud-provider-sdk-api\1.0\paascloud-provider-sdk-api-1.0.jar;D:\maven\mavenWareHouseNew\org\projectlombok\lombok\1.16.14\lombok-1.16.14.jar;D:\maven\mavenWareHouseNew\com\liuzm\paascloud\provider\api\paascloud-provider-tpc-api\1.0\paascloud-provider-tpc-api-1.0.jar;D:\maven\mavenWareHouseNew\com\liuzm\paascloud\common\paascloud-common-zk\1.0\paascloud-common-zk-1.0.jar;D:\maven\mavenWareHouseNew\org\apache\curator\curator-framework\2.10.0\curator-framework-2.10.0.jar;D:\maven\mavenWareHouseNew\org\apache\curator\curator-client\2.10.0\curator-client-2.10.0.jar;D:\maven\mavenWareHouseNew\org\apache\zookeeper\zookeeper\3.4.6\zookeeper-3.4.6.jar;D:\maven\mavenWareHouseNew\jline\jline\2.14.6\jline-2.14.6.jar;D:\maven\mavenWareHouseNew\io\netty\netty\3.7.0.Final\netty-3.7.0.Final.jar;D:\maven\mavenWareHouseNew\org\apache\curator\curator-recipes\2.10.0\curator-recipes-2.10.0.jar;D:\maven\mavenWareHouseNew\com\alibaba\fastjson\1.2.29\fastjson-1.2.29.jar;D:\maven\mavenWareHouseNew\org\aspectj\aspectjweaver\1.8.13\aspectjweaver-1.8.13.jar;D:\maven\mavenWareHouseNew\org\springframework\spring-tx\4.3.11.RELEASE\spring-tx-4.3.11.RELEASE.jar;D:\maven\mavenWareHouseNew\org\springframework\spring-beans\4.3.17.RELEASE\spring-beans-4.3.17.RELEASE.jar;D:\maven\mavenWareHouseNew\org\apache\rocketmq\rocketmq-client\4.1.0-incubating\rocketmq-client-4.1.0-incubating.jar;D:\maven\mavenWareHouseNew\org\apache\rocketmq\rocketmq-common\4.1.0-incubating\rocketmq-common-4.1.0-incubating.jar;D:\maven\mavenWareHouseNew\org\apache\rocketmq\rocketmq-remoting\4.1.0-incubating\rocketmq-remoting-4.1.0-incubating.jar;D:\maven\mavenWareHouseNew\io\netty\netty-all\4.0.56.Final\netty-all-4.0.56.Final.jar;D:\maven\mavenWareHouseNew\org\slf4j\slf4j-api\1.7.25\slf4j-api-1.7.25.jar;D:\maven\mavenWareHouseNew\org\apache\commons\commons-lang3\3.5\commons-lang3-3.5.jar;D:\maven\mavenWareHouseNew\de\codecentric\spring-boot-admin-starter-client\1.5.7\spring-boot-admin-starter-client-1.5.7.jar;D:\maven\mavenWareHouseNew\de\codecentric\spring-boot-admin-client\1.5.7\spring-boot-admin-client-1.5.7.jar;D:\maven\mavenWareHouseNew\org\springframework\boot\spring-boot-starter-freemarker\1.5.13.RELEASE\spring-boot-starter-freemarker-1.5.13.RELEASE.jar;D:\maven\mavenWareHouseNew\org\freemarker\freemarker\2.3.28\freemarker-2.3.28.jar;D:\maven\mavenWareHouseNew\org\springframework\spring-context-support\4.3.17.RELEASE\spring-context-support-4.3.17.RELEASE.jar;D:\maven\mavenWareHouseNew\org\springframework\cloud\spring-cloud-starter-feign\1.4.4.RELEASE\spring-cloud-starter-feign-1.4.4.RELEASE.jar;D:\maven\mavenWareHouseNew\org\springframework\cloud\spring-cloud-starter-openfeign\1.4.4.RELEASE\spring-cloud-starter-openfeign-1.4.4.RELEASE.jar;D:\maven\mavenWareHouseNew\io\github\openfeign\feign-core\9.5.0\feign-core-9.5.0.jar;D:\maven\mavenWareHouseNew\org\jvnet\animal-sniffer-annotation\1.0\animal-sniffer-annotation-1.0.jar;D:\maven\mavenWareHouseNew\io\github\openfeign\feign-slf4j\9.5.0\feign-slf4j-9.5.0.jar;D:\maven\mavenWareHouseNew\io\github\openfeign\feign-hystrix\9.5.0\feign-hystrix-9.5.0.jar;D:\maven\mavenWareHouseNew\com\github\penggle\kaptcha\2.3.2\kaptcha-2.3.2.jar;D:\maven\mavenWareHouseNew\com\jhlabs\filters\2.0.235-1\filters-2.0.235-1.jar;D:\maven\mavenWareHouseNew\org\springframework\cloud\spring-cloud-starter-oauth2\1.2.2.RELEASE\spring-cloud-starter-oauth2-1.2.2.RELEASE.jar;D:\maven\mavenWareHouseNew\org\springframework\cloud\spring-cloud-starter-security\1.2.2.RELEASE\spring-cloud-starter-security-1.2.2.RELEASE.jar;D:\maven\mavenWareHouseNew\org\springframework\cloud\spring-cloud-security\1.2.2.RELEASE\spring-cloud-security-1.2.2.RELEASE.jar;D:\maven\mavenWareHouseNew\org\springframework\boot\spring-boot-starter-security\1.5.13.RELEASE\spring-boot-starter-security-1.5.13.RELEASE.jar;D:\maven\mavenWareHouseNew\org\springframework\security\oauth\spring-security-oauth2\2.0.15.RELEASE\spring-security-oauth2-2.0.15.RELEASE.jar;D:\maven\mavenWareHouseNew\org\springframework\security\spring-security-core\4.2.6.RELEASE\spring-security-core-4.2.6.RELEASE.jar;D:\maven\mavenWareHouseNew\org\springframework\security\spring-security-config\4.2.6.RELEASE\spring-security-config-4.2.6.RELEASE.jar;D:\maven\mavenWareHouseNew\org\springframework\social\spring-social-config\1.1.6.RELEASE\spring-social-config-1.1.6.RELEASE.jar;D:\maven\mavenWareHouseNew\org\springframework\social\spring-social-core\1.1.6.RELEASE\spring-social-core-1.1.6.RELEASE.jar;D:\maven\mavenWareHouseNew\org\springframework\spring-web\4.3.8.RELEASE\spring-web-4.3.8.RELEASE.jar;D:\maven\mavenWareHouseNew\org\springframework\social\spring-social-security\1.1.6.RELEASE\spring-social-security-1.1.6.RELEASE.jar;D:\maven\mavenWareHouseNew\org\springframework\spring-webmvc\4.3.17.RELEASE\spring-webmvc-4.3.17.RELEASE.jar;D:\maven\mavenWareHouseNew\org\springframework\spring-expression\4.3.17.RELEASE\spring-expression-4.3.17.RELEASE.jar;D:\maven\mavenWareHouseNew\org\springframework\security\spring-security-web\4.2.6.RELEASE\spring-security-web-4.2.6.RELEASE.jar;D:\maven\mavenWareHouseNew\aopalliance\aopalliance\1.0\aopalliance-1.0.jar;D:\maven\mavenWareHouseNew\org\springframework\social\spring-social-web\1.1.6.RELEASE\spring-social-web-1.1.6.RELEASE.jar;D:\maven\mavenWareHouseNew\javax\inject\javax.inject\1\javax.inject-1.jar;D:\maven\mavenWareHouseNew\com\liuzm\paascloud\common\paascloud-common-base\1.0\paascloud-common-base-1.0.jar;D:\maven\mavenWareHouseNew\com\liuzm\paascloud\common\paascloud-security-app\1.0\paascloud-security-app-1.0.jar;D:\maven\mavenWareHouseNew\com\liuzm\paascloud\common\paascloud-security-core\1.0\paascloud-security-core-1.0.jar;D:\maven\mavenWareHouseNew\commons-lang\commons-lang\2.6\commons-lang-2.6.jar;D:\maven\mavenWareHouseNew\commons-collections\commons-collections\3.2.2\commons-collections-3.2.2.jar;D:\maven\mavenWareHouseNew\org\springframework\cloud\spring-cloud-starter-config\1.4.3.RELEASE\spring-cloud-starter-config-1.4.3.RELEASE.jar;D:\maven\mavenWareHouseNew\org\springframework\cloud\spring-cloud-starter\1.3.3.RELEASE\spring-cloud-starter-1.3.3.RELEASE.jar;D:\maven\mavenWareHouseNew\org\springframework\cloud\spring-cloud-context\1.3.3.RELEASE\spring-cloud-context-1.3.3.RELEASE.jar;D:\maven\mavenWareHouseNew\org\springframework\security\spring-security-rsa\1.0.3.RELEASE\spring-security-rsa-1.0.3.RELEASE.jar;D:\maven\mavenWareHouseNew\org\springframework\cloud\spring-cloud-config-client\1.4.3.RELEASE\spring-cloud-config-client-1.4.3.RELEASE.jar;D:\maven\mavenWareHouseNew\org\springframework\cloud\spring-cloud-starter-sleuth\1.3.3.RELEASE\spring-cloud-starter-sleuth-1.3.3.RELEASE.jar;D:\maven\mavenWareHouseNew\org\springframework\cloud\spring-cloud-sleuth-core\1.3.3.RELEASE\spring-cloud-sleuth-core-1.3.3.RELEASE.jar;D:\maven\mavenWareHouseNew\org\aspectj\aspectjrt\1.8.13\aspectjrt-1.8.13.jar;D:\maven\mavenWareHouseNew\org\springframework\cloud\spring-cloud-sleuth-zipkin\1.3.3.RELEASE\spring-cloud-sleuth-zipkin-1.3.3.RELEASE.jar;D:\maven\mavenWareHouseNew\org\springframework\cloud\spring-cloud-commons\1.3.3.RELEASE\spring-cloud-commons-1.3.3.RELEASE.jar;D:\maven\mavenWareHouseNew\org\springframework\security\spring-security-crypto\4.2.6.RELEASE\spring-security-crypto-4.2.6.RELEASE.jar;D:\maven\mavenWareHouseNew\org\apache\httpcomponents\httpclient\4.5.5\httpclient-4.5.5.jar;D:\maven\mavenWareHouseNew\org\apache\httpcomponents\httpcore\4.4.9\httpcore-4.4.9.jar;D:\maven\mavenWareHouseNew\io\zipkin\zipkin2\zipkin\2.6.1\zipkin-2.6.1.jar;D:\maven\mavenWareHouseNew\io\zipkin\reporter2\zipkin-reporter\2.5.0\zipkin-reporter-2.5.0.jar;D:\maven\mavenWareHouseNew\io\zipkin\reporter2\zipkin-sender-kafka11\2.5.0\zipkin-sender-kafka11-2.5.0.jar;D:\maven\mavenWareHouseNew\io\zipkin\reporter2\zipkin-sender-amqp-client\2.5.0\zipkin-sender-amqp-client-2.5.0.jar;D:\maven\mavenWareHouseNew\com\liuzm\paascloud\common\paascloud-common-util\1.0\paascloud-common-util-1.0.jar;D:\maven\mavenWareHouseNew\ch\qos\logback\logback-classic\1.1.11\logback-classic-1.1.11.jar;D:\maven\mavenWareHouseNew\org\codehaus\jackson\jackson-smile\1.9.13\jackson-smile-1.9.13.jar;D:\maven\mavenWareHouseNew\org\codehaus\jackson\jackson-core-asl\1.9.13\jackson-core-asl-1.9.13.jar;D:\maven\mavenWareHouseNew\org\codehaus\jackson\jackson-mapper-asl\1.9.13\jackson-mapper-asl-1.9.13.jar;D:\maven\mavenWareHouseNew\com\xiaoleilu\hutool-all\3.0.7\hutool-all-3.0.7.jar;D:\maven\mavenWareHouseNew\commons-beanutils\commons-beanutils\1.9.3\commons-beanutils-1.9.3.jar;D:\maven\mavenWareHouseNew\com\liuzm\paascloud\common\paascloud-common-core\1.0\paascloud-common-core-1.0.jar;D:\maven\mavenWareHouseNew\eu\bitwalker\UserAgentUtils\1.20\UserAgentUtils-1.20.jar;D:\maven\mavenWareHouseNew\org\springframework\boot\spring-boot-starter-data-redis\1.5.13.RELEASE\spring-boot-starter-data-redis-1.5.13.RELEASE.jar;D:\maven\mavenWareHouseNew\org\springframework\data\spring-data-redis\1.8.12.RELEASE\spring-data-redis-1.8.12.RELEASE.jar;D:\maven\mavenWareHouseNew\org\springframework\data\spring-data-keyvalue\1.2.12.RELEASE\spring-data-keyvalue-1.2.12.RELEASE.jar;D:\maven\mavenWareHouseNew\org\springframework\data\spring-data-commons\1.13.12.RELEASE\spring-data-commons-1.13.12.RELEASE.jar;D:\maven\mavenWareHouseNew\org\springframework\spring-oxm\4.3.17.RELEASE\spring-oxm-4.3.17.RELEASE.jar;D:\maven\mavenWareHouseNew\redis\clients\jedis\2.9.0\jedis-2.9.0.jar;D:\maven\mavenWareHouseNew\org\apache\commons\commons-pool2\2.4.3\commons-pool2-2.4.3.jar;D:\maven\mavenWareHouseNew\com\fasterxml\jackson\module\jackson-module-parameter-names\2.8.11\jackson-module-parameter-names-2.8.11.jar;D:\maven\mavenWareHouseNew\com\fasterxml\jackson\datatype\jackson-datatype-jdk8\2.8.11\jackson-datatype-jdk8-2.8.11.jar;D:\maven\mavenWareHouseNew\com\fasterxml\jackson\datatype\jackson-datatype-jsr310\2.8.11\jackson-datatype-jsr310-2.8.11.jar;D:\maven\mavenWareHouseNew\com\liuzm\paascloud\common\paascloud-common-config\1.0\paascloud-common-config-1.0.jar;D:\maven\mavenWareHouseNew\com\arronlong\httpclientutil\httpclientutil\1.0\httpclientutil-1.0.jar;D:\maven\mavenWareHouseNew\org\apache\httpcomponents\httpmime\4.5.5\httpmime-4.5.5.jar;D:\maven\mavenWareHouseNew\org\apache\httpcomponents\httpasyncclient\4.1.3\httpasyncclient-4.1.3.jar;D:\maven\mavenWareHouseNew\org\apache\httpcomponents\httpcore-nio\4.4.6\httpcore-nio-4.4.6.jar;D:\maven\mavenWareHouseNew\log4j\log4j\1.2.17\log4j-1.2.17.jar;D:\maven\mavenWareHouseNew\com\netflix\hystrix\hystrix-core\1.5.12\hystrix-core-1.5.12.jar;D:\maven\mavenWareHouseNew\com\netflix\archaius\archaius-core\0.7.4\archaius-core-0.7.4.jar;D:\maven\mavenWareHouseNew\com\google\code\findbugs\jsr305\3.0.2\jsr305-3.0.2.jar;D:\maven\mavenWareHouseNew\io\reactivex\rxjava\1.2.0\rxjava-1.2.0.jar;D:\maven\mavenWareHouseNew\org\hdrhistogram\HdrHistogram\2.1.9\HdrHistogram-2.1.9.jar;D:\maven\mavenWareHouseNew\org\springframework\boot\spring-boot-starter-actuator\1.5.13.RELEASE\spring-boot-starter-actuator-1.5.13.RELEASE.jar;D:\maven\mavenWareHouseNew\org\springframework\boot\spring-boot-actuator\1.5.13.RELEASE\spring-boot-actuator-1.5.13.RELEASE.jar;D:\maven\mavenWareHouseNew\org\springframework\cloud\spring-cloud-starter-hystrix\1.4.4.RELEASE\spring-cloud-starter-hystrix-1.4.4.RELEASE.jar;D:\maven\mavenWareHouseNew\org\springframework\cloud\spring-cloud-starter-netflix-hystrix\1.4.4.RELEASE\spring-cloud-starter-netflix-hystrix-1.4.4.RELEASE.jar;D:\maven\mavenWareHouseNew\com\netflix\hystrix\hystrix-metrics-event-stream\1.5.12\hystrix-metrics-event-stream-1.5.12.jar;D:\maven\mavenWareHouseNew\com\netflix\hystrix\hystrix-serialization\1.5.12\hystrix-serialization-1.5.12.jar;D:\maven\mavenWareHouseNew\com\fasterxml\jackson\module\jackson-module-afterburner\2.8.11\jackson-module-afterburner-2.8.11.jar;D:\maven\mavenWareHouseNew\com\netflix\hystrix\hystrix-javanica\1.5.12\hystrix-javanica-1.5.12.jar;D:\maven\mavenWareHouseNew\org\ow2\asm\asm\5.0.4\asm-5.0.4.jar;D:\maven\mavenWareHouseNew\org\springframework\boot\spring-boot-starter-web\1.5.13.RELEASE\spring-boot-starter-web-1.5.13.RELEASE.jar;D:\maven\mavenWareHouseNew\org\springframework\boot\spring-boot-starter-tomcat\1.5.13.RELEASE\spring-boot-starter-tomcat-1.5.13.RELEASE.jar;D:\maven\mavenWareHouseNew\org\apache\tomcat\embed\tomcat-embed-core\8.5.31\tomcat-embed-core-8.5.31.jar;D:\maven\mavenWareHouseNew\org\apache\tomcat\tomcat-annotations-api\8.5.31\tomcat-annotations-api-8.5.31.jar;D:\maven\mavenWareHouseNew\org\apache\tomcat\embed\tomcat-embed-websocket\8.5.31\tomcat-embed-websocket-8.5.31.jar;D:\maven\mavenWareHouseNew\org\hibernate\hibernate-validator\5.3.6.Final\hibernate-validator-5.3.6.Final.jar;D:\maven\mavenWareHouseNew\javax\validation\validation-api\1.1.0.Final\validation-api-1.1.0.Final.jar;D:\maven\mavenWareHouseNew\org\jboss\logging\jboss-logging\3.3.2.Final\jboss-logging-3.3.2.Final.jar;D:\maven\mavenWareHouseNew\net\logstash\logback\logstash-logback-encoder\4.6\logstash-logback-encoder-4.6.jar;D:\maven\mavenWareHouseNew\ch\qos\logback\logback-core\1.1.11\logback-core-1.1.11.jar;D:\maven\mavenWareHouseNew\com\google\guava\guava\17.0\guava-17.0.jar;D:\maven\mavenWareHouseNew\org\springframework\boot\spring-boot-starter-validation\1.5.13.RELEASE\spring-boot-starter-validation-1.5.13.RELEASE.jar;D:\maven\mavenWareHouseNew\org\apache\tomcat\embed\tomcat-embed-el\8.5.31\tomcat-embed-el-8.5.31.jar;D:\maven\mavenWareHouseNew\io\springfox\springfox-swagger-ui\2.6.1\springfox-swagger-ui-2.6.1.jar;D:\maven\mavenWareHouseNew\io\springfox\springfox-spring-web\2.6.1\springfox-spring-web-2.6.1.jar;D:\maven\mavenWareHouseNew\io\springfox\springfox-swagger2\2.6.1\springfox-swagger2-2.6.1.jar;D:\maven\mavenWareHouseNew\io\swagger\swagger-annotations\1.5.10\swagger-annotations-1.5.10.jar;D:\maven\mavenWareHouseNew\io\swagger\swagger-models\1.5.10\swagger-models-1.5.10.jar;D:\maven\mavenWareHouseNew\io\springfox\springfox-spi\2.6.1\springfox-spi-2.6.1.jar;D:\maven\mavenWareHouseNew\io\springfox\springfox-core\2.6.1\springfox-core-2.6.1.jar;D:\maven\mavenWareHouseNew\io\springfox\springfox-schema\2.6.1\springfox-schema-2.6.1.jar;D:\maven\mavenWareHouseNew\io\springfox\springfox-swagger-common\2.6.1\springfox-swagger-common-2.6.1.jar;D:\maven\mavenWareHouseNew\com\fasterxml\classmate\1.3.4\classmate-1.3.4.jar;D:\maven\mavenWareHouseNew\org\springframework\plugin\spring-plugin-core\1.2.0.RELEASE\spring-plugin-core-1.2.0.RELEASE.jar;D:\maven\mavenWareHouseNew\org\springframework\plugin\spring-plugin-metadata\1.2.0.RELEASE\spring-plugin-metadata-1.2.0.RELEASE.jar;D:\maven\mavenWareHouseNew\org\mapstruct\mapstruct\1.0.0.Final\mapstruct-1.0.0.Final.jar;D:\maven\mavenWareHouseNew\commons-codec\commons-codec\1.10\commons-codec-1.10.jar;D:\maven\mavenWareHouseNew\org\springframework\boot\spring-boot-starter-test\1.5.13.RELEASE\spring-boot-starter-test-1.5.13.RELEASE.jar;D:\maven\mavenWareHouseNew\org\springframework\boot\spring-boot-test\1.5.13.RELEASE\spring-boot-test-1.5.13.RELEASE.jar;D:\maven\mavenWareHouseNew\org\springframework\boot\spring-boot-test-autoconfigure\1.5.13.RELEASE\spring-boot-test-autoconfigure-1.5.13.RELEASE.jar;D:\maven\mavenWareHouseNew\com\jayway\jsonpath\json-path\2.2.0\json-path-2.2.0.jar;D:\maven\mavenWareHouseNew\net\minidev\json-smart\2.2.1\json-smart-2.2.1.jar;D:\maven\mavenWareHouseNew\net\minidev\accessors-smart\1.1\accessors-smart-1.1.jar;D:\maven\mavenWareHouseNew\junit\junit\4.12\junit-4.12.jar;D:\maven\mavenWareHouseNew\org\assertj\assertj-core\2.6.0\assertj-core-2.6.0.jar;D:\maven\mavenWareHouseNew\org\mockito\mockito-core\1.10.19\mockito-core-1.10.19.jar;D:\maven\mavenWareHouseNew\org\objenesis\objenesis\2.5.1\objenesis-2.5.1.jar;D:\maven\mavenWareHouseNew\org\hamcrest\hamcrest-core\1.3\hamcrest-core-1.3.jar;D:\maven\mavenWareHouseNew\org\hamcrest\hamcrest-library\1.3\hamcrest-library-1.3.jar;D:\maven\mavenWareHouseNew\org\skyscreamer\jsonassert\1.4.0\jsonassert-1.4.0.jar;D:\maven\mavenWareHouseNew\com\vaadin\external\google\android-json\0.0.20131108.vaadin1\android-json-0.0.20131108.vaadin1.jar;D:\maven\mavenWareHouseNew\org\springframework\spring-core\4.3.11.RELEASE\spring-core-4.3.11.RELEASE.jar;D:\maven\mavenWareHouseNew\org\springframework\spring-test\4.3.17.RELEASE\spring-test-4.3.17.RELEASE.jar;D:\maven\mavenWareHouseNew\com\alibaba\druid\1.0.29\druid-1.0.29.jar;C:\workSoftware\Java\jdk1.8.0_73\jre\..\lib\jconsole.jar;C:\workSoftware\Java\jdk1.8.0_73\jre\..\lib\tools.jar;D:\maven\mavenWareHouseNew\org\mybatis\generator\mybatis-generator-core\1.3.5\mybatis-generator-core-1.3.5.jar;D:\maven\mavenWareHouseNew\org\springframework\boot\spring-boot-configuration-processor\1.5.13.RELEASE\spring-boot-configuration-processor-1.5.13.RELEASE.jar;D:\maven\mavenWareHouseNew\org\springframework\boot\spring-boot-devtools\1.5.13.RELEASE\spring-boot-devtools-1.5.13.RELEASE.jar;D:\maven\mavenWareHouseNew\org\springframework\boot\spring-boot\1.5.13.RELEASE\spring-boot-1.5.13.RELEASE.jar;D:\maven\mavenWareHouseNew\org\springframework\boot\spring-boot-starter-aop\1.5.13.RELEASE\spring-boot-starter-aop-1.5.13.RELEASE.jar;D:\maven\mavenWareHouseNew\org\springframework\spring-aop\4.3.17.RELEASE\spring-aop-4.3.17.RELEASE.jar;D:\maven\mavenWareHouseNew\org\modelmapper\modelmapper\1.1.2\modelmapper-1.1.2.jar;D:\maven\mavenWareHouseNew\org\jolokia\jolokia-core\1.3.7\jolokia-core-1.3.7.jar;D:\maven\mavenWareHouseNew\com\googlecode\json-simple\json-simple\1.1.1\json-simple-1.1.1.jar;D:\maven\mavenWareHouseNew\org\springframework\security\spring-security-jwt\1.0.9.RELEASE\spring-security-jwt-1.0.9.RELEASE.jar;D:\maven\mavenWareHouseNew\org\bouncycastle\bcpkix-jdk15on\1.56\bcpkix-jdk15on-1.56.jar;D:\maven\mavenWareHouseNew\org\bouncycastle\bcprov-jdk15on\1.56\bcprov-jdk15on-1.56.jar;D:\maven\mavenWareHouseNew\org\liquibase\liquibase-core\3.5.3\liquibase-core-3.5.3.jar;D:\maven\mavenWareHouseNew\org\yaml\snakeyaml\1.17\snakeyaml-1.17.jar;D:\maven\mavenWareHouseNew\org\springframework\cloud\spring-cloud-starter-zipkin\1.3.3.RELEASE\spring-cloud-starter-zipkin-1.3.3.RELEASE.jar;D:\maven\mavenWareHouseNew\org\springframework\amqp\spring-rabbit\1.7.7.RELEASE\spring-rabbit-1.7.7.RELEASE.jar;D:\maven\mavenWareHouseNew\org\springframework\retry\spring-retry\1.2.2.RELEASE\spring-retry-1.2.2.RELEASE.jar;D:\maven\mavenWareHouseNew\com\rabbitmq\http-client\1.1.1.RELEASE\http-client-1.1.1.RELEASE.jar;D:\maven\mavenWareHouseNew\com\rabbitmq\amqp-client\4.0.3\amqp-client-4.0.3.jar;D:\maven\mavenWareHouseNew\org\springframework\spring-messaging\4.3.17.RELEASE\spring-messaging-4.3.17.RELEASE.jar;D:\maven\mavenWareHouseNew\org\springframework\spring-context\4.3.8.RELEASE\spring-context-4.3.8.RELEASE.jar;D:\maven\mavenWareHouseNew\org\springframework\amqp\spring-amqp\1.7.7.RELEASE\spring-amqp-1.7.7.RELEASE.jar;D:\maven\mavenWareHouseNew\org\springframework\cloud\spring-cloud-starter-netflix-eureka-client\1.4.4.RELEASE\spring-cloud-starter-netflix-eureka-client-1.4.4.RELEASE.jar;D:\maven\mavenWareHouseNew\org\springframework\cloud\spring-cloud-netflix-core\1.4.4.RELEASE\spring-cloud-netflix-core-1.4.4.RELEASE.jar;D:\maven\mavenWareHouseNew\org\springframework\cloud\spring-cloud-netflix-eureka-client\1.4.4.RELEASE\spring-cloud-netflix-eureka-client-1.4.4.RELEASE.jar;D:\maven\mavenWareHouseNew\com\netflix\eureka\eureka-client\1.7.2\eureka-client-1.7.2.jar;D:\maven\mavenWareHouseNew\org\codehaus\jettison\jettison\1.2\jettison-1.2.jar;D:\maven\mavenWareHouseNew\stax\stax-api\1.0.1\stax-api-1.0.1.jar;D:\maven\mavenWareHouseNew\com\netflix\netflix-commons\netflix-eventbus\0.3.0\netflix-eventbus-0.3.0.jar;D:\maven\mavenWareHouseNew\com\netflix\netflix-commons\netflix-infix\0.3.0\netflix-infix-0.3.0.jar;D:\maven\mavenWareHouseNew\commons-jxpath\commons-jxpath\1.3\commons-jxpath-1.3.jar;D:\maven\mavenWareHouseNew\org\antlr\antlr-runtime\3.4\antlr-runtime-3.4.jar;D:\maven\mavenWareHouseNew\org\antlr\stringtemplate\3.2.1\stringtemplate-3.2.1.jar;D:\maven\mavenWareHouseNew\antlr\antlr\2.7.7\antlr-2.7.7.jar;D:\maven\mavenWareHouseNew\com\google\code\gson\gson\2.8.4\gson-2.8.4.jar;D:\maven\mavenWareHouseNew\org\apache\commons\commons-math\2.2\commons-math-2.2.jar;D:\maven\mavenWareHouseNew\javax\ws\rs\jsr311-api\1.1.1\jsr311-api-1.1.1.jar;D:\maven\mavenWareHouseNew\com\netflix\servo\servo-core\0.10.1\servo-core-0.10.1.jar;D:\maven\mavenWareHouseNew\com\netflix\servo\servo-internal\0.10.1\servo-internal-0.10.1.jar;D:\maven\mavenWareHouseNew\com\sun\jersey\jersey-core\1.19.1\jersey-core-1.19.1.jar;D:\maven\mavenWareHouseNew\com\sun\jersey\jersey-client\1.19.1\jersey-client-1.19.1.jar;D:\maven\mavenWareHouseNew\com\sun\jersey\contribs\jersey-apache-client4\1.19.1\jersey-apache-client4-1.19.1.jar;D:\maven\mavenWareHouseNew\com\google\inject\guice\3.0\guice-3.0.jar;D:\maven\mavenWareHouseNew\com\netflix\eureka\eureka-core\1.7.2\eureka-core-1.7.2.jar;D:\maven\mavenWareHouseNew\org\codehaus\woodstox\woodstox-core-asl\4.4.1\woodstox-core-asl-4.4.1.jar;D:\maven\mavenWareHouseNew\javax\xml\stream\stax-api\1.0-2\stax-api-1.0-2.jar;D:\maven\mavenWareHouseNew\org\codehaus\woodstox\stax2-api\3.1.4\stax2-api-3.1.4.jar;D:\maven\mavenWareHouseNew\org\springframework\cloud\spring-cloud-starter-netflix-archaius\1.4.4.RELEASE\spring-cloud-starter-netflix-archaius-1.4.4.RELEASE.jar;D:\maven\mavenWareHouseNew\commons-configuration\commons-configuration\1.8\commons-configuration-1.8.jar;D:\maven\mavenWareHouseNew\org\springframework\cloud\spring-cloud-starter-netflix-ribbon\1.4.4.RELEASE\spring-cloud-starter-netflix-ribbon-1.4.4.RELEASE.jar;D:\maven\mavenWareHouseNew\com\netflix\ribbon\ribbon\2.2.5\ribbon-2.2.5.jar;D:\maven\mavenWareHouseNew\com\netflix\ribbon\ribbon-transport\2.2.5\ribbon-transport-2.2.5.jar;D:\maven\mavenWareHouseNew\io\reactivex\rxnetty-contexts\0.4.9\rxnetty-contexts-0.4.9.jar;D:\maven\mavenWareHouseNew\io\reactivex\rxnetty-servo\0.4.9\rxnetty-servo-0.4.9.jar;D:\maven\mavenWareHouseNew\io\reactivex\rxnetty\0.4.9\rxnetty-0.4.9.jar;D:\maven\mavenWareHouseNew\io\netty\netty-codec-http\4.0.27.Final\netty-codec-http-4.0.27.Final.jar;D:\maven\mavenWareHouseNew\io\netty\netty-codec\4.0.27.Final\netty-codec-4.0.27.Final.jar;D:\maven\mavenWareHouseNew\io\netty\netty-handler\4.0.27.Final\netty-handler-4.0.27.Final.jar;D:\maven\mavenWareHouseNew\io\netty\netty-transport-native-epoll\4.0.27.Final\netty-transport-native-epoll-4.0.27.Final.jar;D:\maven\mavenWareHouseNew\io\netty\netty-common\4.0.27.Final\netty-common-4.0.27.Final.jar;D:\maven\mavenWareHouseNew\io\netty\netty-buffer\4.0.27.Final\netty-buffer-4.0.27.Final.jar;D:\maven\mavenWareHouseNew\io\netty\netty-transport\4.0.27.Final\netty-transport-4.0.27.Final.jar;D:\maven\mavenWareHouseNew\com\netflix\ribbon\ribbon-core\2.2.5\ribbon-core-2.2.5.jar;D:\maven\mavenWareHouseNew\com\netflix\ribbon\ribbon-httpclient\2.2.5\ribbon-httpclient-2.2.5.jar;D:\maven\mavenWareHouseNew\com\netflix\netflix-commons\netflix-commons-util\0.1.1\netflix-commons-util-0.1.1.jar;D:\maven\mavenWareHouseNew\com\netflix\ribbon\ribbon-loadbalancer\2.2.5\ribbon-loadbalancer-2.2.5.jar;D:\maven\mavenWareHouseNew\com\netflix\netflix-commons\netflix-statistics\0.1.1\netflix-statistics-0.1.1.jar;D:\maven\mavenWareHouseNew\com\netflix\ribbon\ribbon-eureka\2.2.5\ribbon-eureka-2.2.5.jar;D:\maven\mavenWareHouseNew\com\thoughtworks\xstream\xstream\1.4.10\xstream-1.4.10.jar;D:\maven\mavenWareHouseNew\xmlpull\xmlpull\1.1.3.1\xmlpull-1.1.3.1.jar;D:\maven\mavenWareHouseNew\xpp3\xpp3_min\1.1.4c\xpp3_min-1.1.4c.jar;, java.specification.name=Java Platform API Specification, java.class.version=52.0, sun.management.compiler=HotSpot 64-Bit Tiered Compilers, os.version=10.0, user.home=C:\Users\18771, user.timezone=Asia/Shanghai, java.awt.printerjob=sun.awt.windows.WPrinterJob, file.encoding=GBK, java.specification.version=1.8, java.class.path=C:\workproject\study\Immortalbird\paascloud-provider\paascloud-provider-uac\target\test-classes;C:\workproject\study\Immortalbird\paascloud-provider\paascloud-provider-uac\target\classes;D:\maven\mavenWareHouseNew\mysql\mysql-connector-java\5.1.39\mysql-connector-java-5.1.39.jar;D:\maven\mavenWareHouseNew\io\jsonwebtoken\jjwt\0.7.0\jjwt-0.7.0.jar;D:\maven\mavenWareHouseNew\joda-time\joda-time\2.9.6\joda-time-2.9.6.jar;D:\maven\mavenWareHouseNew\org\mybatis\spring\boot\mybatis-spring-boot-starter\1.2.0\mybatis-spring-boot-starter-1.2.0.jar;D:\maven\mavenWareHouseNew\org\springframework\boot\spring-boot-starter\1.5.13.RELEASE\spring-boot-starter-1.5.13.RELEASE.jar;D:\maven\mavenWareHouseNew\org\springframework\boot\spring-boot-starter-logging\1.5.13.RELEASE\spring-boot-starter-logging-1.5.13.RELEASE.jar;D:\maven\mavenWareHouseNew\org\slf4j\jcl-over-slf4j\1.7.25\jcl-over-slf4j-1.7.25.jar;D:\maven\mavenWareHouseNew\org\slf4j\jul-to-slf4j\1.7.25\jul-to-slf4j-1.7.25.jar;D:\maven\mavenWareHouseNew\org\slf4j\log4j-over-slf4j\1.7.25\log4j-over-slf4j-1.7.25.jar;D:\maven\mavenWareHouseNew\org\springframework\boot\spring-boot-starter-jdbc\1.5.13.RELEASE\spring-boot-starter-jdbc-1.5.13.RELEASE.jar;D:\maven\mavenWareHouseNew\org\apache\tomcat\tomcat-jdbc\8.5.31\tomcat-jdbc-8.5.31.jar;D:\maven\mavenWareHouseNew\org\apache\tomcat\tomcat-juli\8.5.31\tomcat-juli-8.5.31.jar;D:\maven\mavenWareHouseNew\org\springframework\spring-jdbc\4.3.17.RELEASE\spring-jdbc-4.3.17.RELEASE.jar;D:\maven\mavenWareHouseNew\org\mybatis\spring\boot\mybatis-spring-boot-autoconfigure\1.2.0\mybatis-spring-boot-autoconfigure-1.2.0.jar;D:\maven\mavenWareHouseNew\org\mybatis\mybatis\3.4.2\mybatis-3.4.2.jar;D:\maven\mavenWareHouseNew\org\mybatis\mybatis-spring\1.3.1\mybatis-spring-1.3.1.jar;D:\maven\mavenWareHouseNew\tk\mybatis\mapper-spring-boot-starter\1.1.1\mapper-spring-boot-starter-1.1.1.jar;D:\maven\mavenWareHouseNew\tk\mybatis\mapper-spring-boot-autoconfigure\1.1.1\mapper-spring-boot-autoconfigure-1.1.1.jar;D:\maven\mavenWareHouseNew\tk\mybatis\mapper\3.4.0\mapper-3.4.0.jar;D:\maven\mavenWareHouseNew\javax\persistence\persistence-api\1.0\persistence-api-1.0.jar;D:\maven\mavenWareHouseNew\com\github\pagehelper\pagehelper-spring-boot-starter\1.1.2\pagehelper-spring-boot-starter-1.1.2.jar;D:\maven\mavenWareHouseNew\com\github\pagehelper\pagehelper-spring-boot-autoconfigure\1.1.2\pagehelper-spring-boot-autoconfigure-1.1.2.jar;D:\maven\mavenWareHouseNew\com\github\pagehelper\pagehelper\5.0.3\pagehelper-5.0.3.jar;D:\maven\mavenWareHouseNew\com\github\jsqlparser\jsqlparser\1.0\jsqlparser-1.0.jar;D:\maven\mavenWareHouseNew\com\alibaba\druid-spring-boot-starter\1.1.0\druid-spring-boot-starter-1.1.0.jar;D:\maven\mavenWareHouseNew\org\springframework\boot\spring-boot-autoconfigure\1.5.13.RELEASE\spring-boot-autoconfigure-1.5.13.RELEASE.jar;D:\maven\mavenWareHouseNew\com\fasterxml\jackson\core\jackson-databind\2.8.4\jackson-databind-2.8.4.jar;D:\maven\mavenWareHouseNew\com\fasterxml\jackson\core\jackson-annotations\2.8.0\jackson-annotations-2.8.0.jar;D:\maven\mavenWareHouseNew\com\fasterxml\jackson\core\jackson-core\2.8.11\jackson-core-2.8.11.jar;D:\maven\mavenWareHouseNew\com\liuzm\paascloud\provider\api\paascloud-provider-uac-api\1.0\paascloud-provider-uac-api-1.0.jar;D:\maven\mavenWareHouseNew\com\liuzm\paascloud\common\paascloud-security-feign\1.0\paascloud-security-feign-1.0.jar;D:\maven\mavenWareHouseNew\com\liuzm\paascloud\provider\api\paascloud-provider-mdc-api\1.0\paascloud-provider-mdc-api-1.0.jar;D:\maven\mavenWareHouseNew\com\liuzm\paascloud\provider\api\paascloud-provider-omc-api\1.0\paascloud-provider-omc-api-1.0.jar;D:\maven\mavenWareHouseNew\com\liuzm\paascloud\provider\api\paascloud-provider-opc-api\1.0\paascloud-provider-opc-api-1.0.jar;D:\maven\mavenWareHouseNew\io\github\openfeign\form\feign-form\3.0.3\feign-form-3.0.3.jar;D:\maven\mavenWareHouseNew\io\github\openfeign\form\feign-form-spring\3.0.3\feign-form-spring-3.0.3.jar;D:\maven\mavenWareHouseNew\com\liuzm\paascloud\provider\api\paascloud-provider-sdk-api\1.0\paascloud-provider-sdk-api-1.0.jar;D:\maven\mavenWareHouseNew\org\projectlombok\lombok\1.16.14\lombok-1.16.14.jar;D:\maven\mavenWareHouseNew\com\liuzm\paascloud\provider\api\paascloud-provider-tpc-api\1.0\paascloud-provider-tpc-api-1.0.jar;D:\maven\mavenWareHouseNew\com\liuzm\paascloud\common\paascloud-common-zk\1.0\paascloud-common-zk-1.0.jar;D:\maven\mavenWareHouseNew\org\apache\curator\curator-framework\2.10.0\curator-framework-2.10.0.jar;D:\maven\mavenWareHouseNew\org\apache\curator\curator-client\2.10.0\curator-client-2.10.0.jar;D:\maven\mavenWareHouseNew\org\apache\zookeeper\zookeeper\3.4.6\zookeeper-3.4.6.jar;D:\maven\mavenWareHouseNew\jline\jline\2.14.6\jline-2.14.6.jar;D:\maven\mavenWareHouseNew\io\netty\netty\3.7.0.Final\netty-3.7.0.Final.jar;D:\maven\mavenWareHouseNew\org\apache\curator\curator-recipes\2.10.0\curator-recipes-2.10.0.jar;D:\maven\mavenWareHouseNew\com\alibaba\fastjson\1.2.29\fastjson-1.2.29.jar;D:\maven\mavenWareHouseNew\org\aspectj\aspectjweaver\1.8.13\aspectjweaver-1.8.13.jar;D:\maven\mavenWareHouseNew\org\springframework\spring-tx\4.3.11.RELEASE\spring-tx-4.3.11.RELEASE.jar;D:\maven\mavenWareHouseNew\org\springframework\spring-beans\4.3.17.RELEASE\spring-beans-4.3.17.RELEASE.jar;D:\maven\mavenWareHouseNew\org\apache\rocketmq\rocketmq-client\4.1.0-incubating\rocketmq-client-4.1.0-incubating.jar;D:\maven\mavenWareHouseNew\org\apache\rocketmq\rocketmq-common\4.1.0-incubating\rocketmq-common-4.1.0-incubating.jar;D:\maven\mavenWareHouseNew\org\apache\rocketmq\rocketmq-remoting\4.1.0-incubating\rocketmq-remoting-4.1.0-incubating.jar;D:\maven\mavenWareHouseNew\io\netty\netty-all\4.0.56.Final\netty-all-4.0.56.Final.jar;D:\maven\mavenWareHouseNew\org\slf4j\slf4j-api\1.7.25\slf4j-api-1.7.25.jar;D:\maven\mavenWareHouseNew\org\apache\commons\commons-lang3\3.5\commons-lang3-3.5.jar;D:\maven\mavenWareHouseNew\de\codecentric\spring-boot-admin-starter-client\1.5.7\spring-boot-admin-starter-client-1.5.7.jar;D:\maven\mavenWareHouseNew\de\codecentric\spring-boot-admin-client\1.5.7\spring-boot-admin-client-1.5.7.jar;D:\maven\mavenWareHouseNew\org\springframework\boot\spring-boot-starter-freemarker\1.5.13.RELEASE\spring-boot-starter-freemarker-1.5.13.RELEASE.jar;D:\maven\mavenWareHouseNew\org\freemarker\freemarker\2.3.28\freemarker-2.3.28.jar;D:\maven\mavenWareHouseNew\org\springframework\spring-context-support\4.3.17.RELEASE\spring-context-support-4.3.17.RELEASE.jar;D:\maven\mavenWareHouseNew\org\springframework\cloud\spring-cloud-starter-feign\1.4.4.RELEASE\spring-cloud-starter-feign-1.4.4.RELEASE.jar;D:\maven\mavenWareHouseNew\org\springframework\cloud\spring-cloud-starter-openfeign\1.4.4.RELEASE\spring-cloud-starter-openfeign-1.4.4.RELEASE.jar;D:\maven\mavenWareHouseNew\io\github\openfeign\feign-core\9.5.0\feign-core-9.5.0.jar;D:\maven\mavenWareHouseNew\org\jvnet\animal-sniffer-annotation\1.0\animal-sniffer-annotation-1.0.jar;D:\maven\mavenWareHouseNew\io\github\openfeign\feign-slf4j\9.5.0\feign-slf4j-9.5.0.jar;D:\maven\mavenWareHouseNew\io\github\openfeign\feign-hystrix\9.5.0\feign-hystrix-9.5.0.jar;D:\maven\mavenWareHouseNew\com\github\penggle\kaptcha\2.3.2\kaptcha-2.3.2.jar;D:\maven\mavenWareHouseNew\com\jhlabs\filters\2.0.235-1\filters-2.0.235-1.jar;D:\maven\mavenWareHouseNew\org\springframework\cloud\spring-cloud-starter-oauth2\1.2.2.RELEASE\spring-cloud-starter-oauth2-1.2.2.RELEASE.jar;D:\maven\mavenWareHouseNew\org\springframework\cloud\spring-cloud-starter-security\1.2.2.RELEASE\spring-cloud-starter-security-1.2.2.RELEASE.jar;D:\maven\mavenWareHouseNew\org\springframework\cloud\spring-cloud-security\1.2.2.RELEASE\spring-cloud-security-1.2.2.RELEASE.jar;D:\maven\mavenWareHouseNew\org\springframework\boot\spring-boot-starter-security\1.5.13.RELEASE\spring-boot-starter-security-1.5.13.RELEASE.jar;D:\maven\mavenWareHouseNew\org\springframework\security\oauth\spring-security-oauth2\2.0.15.RELEASE\spring-security-oauth2-2.0.15.RELEASE.jar;D:\maven\mavenWareHouseNew\org\springframework\security\spring-security-core\4.2.6.RELEASE\spring-security-core-4.2.6.RELEASE.jar;D:\maven\mavenWareHouseNew\org\springframework\security\spring-security-config\4.2.6.RELEASE\spring-security-config-4.2.6.RELEASE.jar;D:\maven\mavenWareHouseNew\org\springframework\social\spring-social-config\1.1.6.RELEASE\spring-social-config-1.1.6.RELEASE.jar;D:\maven\mavenWareHouseNew\org\springframework\social\spring-social-core\1.1.6.RELEASE\spring-social-core-1.1.6.RELEASE.jar;D:\maven\mavenWareHouseNew\org\springframework\spring-web\4.3.8.RELEASE\spring-web-4.3.8.RELEASE.jar;D:\maven\mavenWareHouseNew\org\springframework\social\spring-social-security\1.1.6.RELEASE\spring-social-security-1.1.6.RELEASE.jar;D:\maven\mavenWareHouseNew\org\springframework\spring-webmvc\4.3.17.RELEASE\spring-webmvc-4.3.17.RELEASE.jar;D:\maven\mavenWareHouseNew\org\springframework\spring-expression\4.3.17.RELEASE\spring-expression-4.3.17.RELEASE.jar;D:\maven\mavenWareHouseNew\org\springframework\security\spring-security-web\4.2.6.RELEASE\spring-security-web-4.2.6.RELEASE.jar;D:\maven\mavenWareHouseNew\aopalliance\aopalliance\1.0\aopalliance-1.0.jar;D:\maven\mavenWareHouseNew\org\springframework\social\spring-social-web\1.1.6.RELEASE\spring-social-web-1.1.6.RELEASE.jar;D:\maven\mavenWareHouseNew\javax\inject\javax.inject\1\javax.inject-1.jar;D:\maven\mavenWareHouseNew\com\liuzm\paascloud\common\paascloud-common-base\1.0\paascloud-common-base-1.0.jar;D:\maven\mavenWareHouseNew\com\liuzm\paascloud\common\paascloud-security-app\1.0\paascloud-security-app-1.0.jar;D:\maven\mavenWareHouseNew\com\liuzm\paascloud\common\paascloud-security-core\1.0\paascloud-security-core-1.0.jar;D:\maven\mavenWareHouseNew\commons-lang\commons-lang\2.6\commons-lang-2.6.jar;D:\maven\mavenWareHouseNew\commons-collections\commons-collections\3.2.2\commons-collections-3.2.2.jar;D:\maven\mavenWareHouseNew\org\springframework\cloud\spring-cloud-starter-config\1.4.3.RELEASE\spring-cloud-starter-config-1.4.3.RELEASE.jar;D:\maven\mavenWareHouseNew\org\springframework\cloud\spring-cloud-starter\1.3.3.RELEASE\spring-cloud-starter-1.3.3.RELEASE.jar;D:\maven\mavenWareHouseNew\org\springframework\cloud\spring-cloud-context\1.3.3.RELEASE\spring-cloud-context-1.3.3.RELEASE.jar;D:\maven\mavenWareHouseNew\org\springframework\security\spring-security-rsa\1.0.3.RELEASE\spring-security-rsa-1.0.3.RELEASE.jar;D:\maven\mavenWareHouseNew\org\springframework\cloud\spring-cloud-config-client\1.4.3.RELEASE\spring-cloud-config-client-1.4.3.RELEASE.jar;D:\maven\mavenWareHouseNew\org\springframework\cloud\spring-cloud-starter-sleuth\1.3.3.RELEASE\spring-cloud-starter-sleuth-1.3.3.RELEASE.jar;D:\maven\mavenWareHouseNew\org\springframework\cloud\spring-cloud-sleuth-core\1.3.3.RELEASE\spring-cloud-sleuth-core-1.3.3.RELEASE.jar;D:\maven\mavenWareHouseNew\org\aspectj\aspectjrt\1.8.13\aspectjrt-1.8.13.jar;D:\maven\mavenWareHouseNew\org\springframework\cloud\spring-cloud-sleuth-zipkin\1.3.3.RELEASE\spring-cloud-sleuth-zipkin-1.3.3.RELEASE.jar;D:\maven\mavenWareHouseNew\org\springframework\cloud\spring-cloud-commons\1.3.3.RELEASE\spring-cloud-commons-1.3.3.RELEASE.jar;D:\maven\mavenWareHouseNew\org\springframework\security\spring-security-crypto\4.2.6.RELEASE\spring-security-crypto-4.2.6.RELEASE.jar;D:\maven\mavenWareHouseNew\org\apache\httpcomponents\httpclient\4.5.5\httpclient-4.5.5.jar;D:\maven\mavenWareHouseNew\org\apache\httpcomponents\httpcore\4.4.9\httpcore-4.4.9.jar;D:\maven\mavenWareHouseNew\io\zipkin\zipkin2\zipkin\2.6.1\zipkin-2.6.1.jar;D:\maven\mavenWareHouseNew\io\zipkin\reporter2\zipkin-reporter\2.5.0\zipkin-reporter-2.5.0.jar;D:\maven\mavenWareHouseNew\io\zipkin\reporter2\zipkin-sender-kafka11\2.5.0\zipkin-sender-kafka11-2.5.0.jar;D:\maven\mavenWareHouseNew\io\zipkin\reporter2\zipkin-sender-amqp-client\2.5.0\zipkin-sender-amqp-client-2.5.0.jar;D:\maven\mavenWareHouseNew\com\liuzm\paascloud\common\paascloud-common-util\1.0\paascloud-common-util-1.0.jar;D:\maven\mavenWareHouseNew\ch\qos\logback\logback-classic\1.1.11\logback-classic-1.1.11.jar;D:\maven\mavenWareHouseNew\org\codehaus\jackson\jackson-smile\1.9.13\jackson-smile-1.9.13.jar;D:\maven\mavenWareHouseNew\org\codehaus\jackson\jackson-core-asl\1.9.13\jackson-core-asl-1.9.13.jar;D:\maven\mavenWareHouseNew\org\codehaus\jackson\jackson-mapper-asl\1.9.13\jackson-mapper-asl-1.9.13.jar;D:\maven\mavenWareHouseNew\com\xiaoleilu\hutool-all\3.0.7\hutool-all-3.0.7.jar;D:\maven\mavenWareHouseNew\commons-beanutils\commons-beanutils\1.9.3\commons-beanutils-1.9.3.jar;D:\maven\mavenWareHouseNew\com\liuzm\paascloud\common\paascloud-common-core\1.0\paascloud-common-core-1.0.jar;D:\maven\mavenWareHouseNew\eu\bitwalker\UserAgentUtils\1.20\UserAgentUtils-1.20.jar;D:\maven\mavenWareHouseNew\org\springframework\boot\spring-boot-starter-data-redis\1.5.13.RELEASE\spring-boot-starter-data-redis-1.5.13.RELEASE.jar;D:\maven\mavenWareHouseNew\org\springframework\data\spring-data-redis\1.8.12.RELEASE\spring-data-redis-1.8.12.RELEASE.jar;D:\maven\mavenWareHouseNew\org\springframework\data\spring-data-keyvalue\1.2.12.RELEASE\spring-data-keyvalue-1.2.12.RELEASE.jar;D:\maven\mavenWareHouseNew\org\springframework\data\spring-data-commons\1.13.12.RELEASE\spring-data-commons-1.13.12.RELEASE.jar;D:\maven\mavenWareHouseNew\org\springframework\spring-oxm\4.3.17.RELEASE\spring-oxm-4.3.17.RELEASE.jar;D:\maven\mavenWareHouseNew\redis\clients\jedis\2.9.0\jedis-2.9.0.jar;D:\maven\mavenWareHouseNew\org\apache\commons\commons-pool2\2.4.3\commons-pool2-2.4.3.jar;D:\maven\mavenWareHouseNew\com\fasterxml\jackson\module\jackson-module-parameter-names\2.8.11\jackson-module-parameter-names-2.8.11.jar;D:\maven\mavenWareHouseNew\com\fasterxml\jackson\datatype\jackson-datatype-jdk8\2.8.11\jackson-datatype-jdk8-2.8.11.jar;D:\maven\mavenWareHouseNew\com\fasterxml\jackson\datatype\jackson-datatype-jsr310\2.8.11\jackson-datatype-jsr310-2.8.11.jar;D:\maven\mavenWareHouseNew\com\liuzm\paascloud\common\paascloud-common-config\1.0\paascloud-common-config-1.0.jar;D:\maven\mavenWareHouseNew\com\arronlong\httpclientutil\httpclientutil\1.0\httpclientutil-1.0.jar;D:\maven\mavenWareHouseNew\org\apache\httpcomponents\httpmime\4.5.5\httpmime-4.5.5.jar;D:\maven\mavenWareHouseNew\org\apache\httpcomponents\httpasyncclient\4.1.3\httpasyncclient-4.1.3.jar;D:\maven\mavenWareHouseNew\org\apache\httpcomponents\httpcore-nio\4.4.6\httpcore-nio-4.4.6.jar;D:\maven\mavenWareHouseNew\log4j\log4j\1.2.17\log4j-1.2.17.jar;D:\maven\mavenWareHouseNew\com\netflix\hystrix\hystrix-core\1.5.12\hystrix-core-1.5.12.jar;D:\maven\mavenWareHouseNew\com\netflix\archaius\archaius-core\0.7.4\archaius-core-0.7.4.jar;D:\maven\mavenWareHouseNew\com\google\code\findbugs\jsr305\3.0.2\jsr305-3.0.2.jar;D:\maven\mavenWareHouseNew\io\reactivex\rxjava\1.2.0\rxjava-1.2.0.jar;D:\maven\mavenWareHouseNew\org\hdrhistogram\HdrHistogram\2.1.9\HdrHistogram-2.1.9.jar;D:\maven\mavenWareHouseNew\org\springframework\boot\spring-boot-starter-actuator\1.5.13.RELEASE\spring-boot-starter-actuator-1.5.13.RELEASE.jar;D:\maven\mavenWareHouseNew\org\springframework\boot\spring-boot-actuator\1.5.13.RELEASE\spring-boot-actuator-1.5.13.RELEASE.jar;D:\maven\mavenWareHouseNew\org\springframework\cloud\spring-cloud-starter-hystrix\1.4.4.RELEASE\spring-cloud-starter-hystrix-1.4.4.RELEASE.jar;D:\maven\mavenWareHouseNew\org\springframework\cloud\spring-cloud-starter-netflix-hystrix\1.4.4.RELEASE\spring-cloud-starter-netflix-hystrix-1.4.4.RELEASE.jar;D:\maven\mavenWareHouseNew\com\netflix\hystrix\hystrix-metrics-event-stream\1.5.12\hystrix-metrics-event-stream-1.5.12.jar;D:\maven\mavenWareHouseNew\com\netflix\hystrix\hystrix-serialization\1.5.12\hystrix-serialization-1.5.12.jar;D:\maven\mavenWareHouseNew\com\fasterxml\jackson\module\jackson-module-afterburner\2.8.11\jackson-module-afterburner-2.8.11.jar;D:\maven\mavenWareHouseNew\com\netflix\hystrix\hystrix-javanica\1.5.12\hystrix-javanica-1.5.12.jar;D:\maven\mavenWareHouseNew\org\ow2\asm\asm\5.0.4\asm-5.0.4.jar;D:\maven\mavenWareHouseNew\org\springframework\boot\spring-boot-starter-web\1.5.13.RELEASE\spring-boot-starter-web-1.5.13.RELEASE.jar;D:\maven\mavenWareHouseNew\org\springframework\boot\spring-boot-starter-tomcat\1.5.13.RELEASE\spring-boot-starter-tomcat-1.5.13.RELEASE.jar;D:\maven\mavenWareHouseNew\org\apache\tomcat\embed\tomcat-embed-core\8.5.31\tomcat-embed-core-8.5.31.jar;D:\maven\mavenWareHouseNew\org\apache\tomcat\tomcat-annotations-api\8.5.31\tomcat-annotations-api-8.5.31.jar;D:\maven\mavenWareHouseNew\org\apache\tomcat\embed\tomcat-embed-websocket\8.5.31\tomcat-embed-websocket-8.5.31.jar;D:\maven\mavenWareHouseNew\org\hibernate\hibernate-validator\5.3.6.Final\hibernate-validator-5.3.6.Final.jar;D:\maven\mavenWareHouseNew\javax\validation\validation-api\1.1.0.Final\validation-api-1.1.0.Final.jar;D:\maven\mavenWareHouseNew\org\jboss\logging\jboss-logging\3.3.2.Final\jboss-logging-3.3.2.Final.jar;D:\maven\mavenWareHouseNew\net\logstash\logback\logstash-logback-encoder\4.6\logstash-logback-encoder-4.6.jar;D:\maven\mavenWareHouseNew\ch\qos\logback\logback-core\1.1.11\logback-core-1.1.11.jar;D:\maven\mavenWareHouseNew\com\google\guava\guava\17.0\guava-17.0.jar;D:\maven\mavenWareHouseNew\org\springframework\boot\spring-boot-starter-validation\1.5.13.RELEASE\spring-boot-starter-validation-1.5.13.RELEASE.jar;D:\maven\mavenWareHouseNew\org\apache\tomcat\embed\tomcat-embed-el\8.5.31\tomcat-embed-el-8.5.31.jar;D:\maven\mavenWareHouseNew\io\springfox\springfox-swagger-ui\2.6.1\springfox-swagger-ui-2.6.1.jar;D:\maven\mavenWareHouseNew\io\springfox\springfox-spring-web\2.6.1\springfox-spring-web-2.6.1.jar;D:\maven\mavenWareHouseNew\io\springfox\springfox-swagger2\2.6.1\springfox-swagger2-2.6.1.jar;D:\maven\mavenWareHouseNew\io\swagger\swagger-annotations\1.5.10\swagger-annotations-1.5.10.jar;D:\maven\mavenWareHouseNew\io\swagger\swagger-models\1.5.10\swagger-models-1.5.10.jar;D:\maven\mavenWareHouseNew\io\springfox\springfox-spi\2.6.1\springfox-spi-2.6.1.jar;D:\maven\mavenWareHouseNew\io\springfox\springfox-core\2.6.1\springfox-core-2.6.1.jar;D:\maven\mavenWareHouseNew\io\springfox\springfox-schema\2.6.1\springfox-schema-2.6.1.jar;D:\maven\mavenWareHouseNew\io\springfox\springfox-swagger-common\2.6.1\springfox-swagger-common-2.6.1.jar;D:\maven\mavenWareHouseNew\com\fasterxml\classmate\1.3.4\classmate-1.3.4.jar;D:\maven\mavenWareHouseNew\org\springframework\plugin\spring-plugin-core\1.2.0.RELEASE\spring-plugin-core-1.2.0.RELEASE.jar;D:\maven\mavenWareHouseNew\org\springframework\plugin\spring-plugin-metadata\1.2.0.RELEASE\spring-plugin-metadata-1.2.0.RELEASE.jar;D:\maven\mavenWareHouseNew\org\mapstruct\mapstruct\1.0.0.Final\mapstruct-1.0.0.Final.jar;D:\maven\mavenWareHouseNew\commons-codec\commons-codec\1.10\commons-codec-1.10.jar;D:\maven\mavenWareHouseNew\org\springframework\boot\spring-boot-starter-test\1.5.13.RELEASE\spring-boot-starter-test-1.5.13.RELEASE.jar;D:\maven\mavenWareHouseNew\org\springframework\boot\spring-boot-test\1.5.13.RELEASE\spring-boot-test-1.5.13.RELEASE.jar;D:\maven\mavenWareHouseNew\org\springframework\boot\spring-boot-test-autoconfigure\1.5.13.RELEASE\spring-boot-test-autoconfigure-1.5.13.RELEASE.jar;D:\maven\mavenWareHouseNew\com\jayway\jsonpath\json-path\2.2.0\json-path-2.2.0.jar;D:\maven\mavenWareHouseNew\net\minidev\json-smart\2.2.1\json-smart-2.2.1.jar;D:\maven\mavenWareHouseNew\net\minidev\accessors-smart\1.1\accessors-smart-1.1.jar;D:\maven\mavenWareHouseNew\junit\junit\4.12\junit-4.12.jar;D:\maven\mavenWareHouseNew\org\assertj\assertj-core\2.6.0\assertj-core-2.6.0.jar;D:\maven\mavenWareHouseNew\org\mockito\mockito-core\1.10.19\mockito-core-1.10.19.jar;D:\maven\mavenWareHouseNew\org\objenesis\objenesis\2.5.1\objenesis-2.5.1.jar;D:\maven\mavenWareHouseNew\org\hamcrest\hamcrest-core\1.3\hamcrest-core-1.3.jar;D:\maven\mavenWareHouseNew\org\hamcrest\hamcrest-library\1.3\hamcrest-library-1.3.jar;D:\maven\mavenWareHouseNew\org\skyscreamer\jsonassert\1.4.0\jsonassert-1.4.0.jar;D:\maven\mavenWareHouseNew\com\vaadin\external\google\android-json\0.0.20131108.vaadin1\android-json-0.0.20131108.vaadin1.jar;D:\maven\mavenWareHouseNew\org\springframework\spring-core\4.3.11.RELEASE\spring-core-4.3.11.RELEASE.jar;D:\maven\mavenWareHouseNew\org\springframework\spring-test\4.3.17.RELEASE\spring-test-4.3.17.RELEASE.jar;D:\maven\mavenWareHouseNew\com\alibaba\druid\1.0.29\druid-1.0.29.jar;C:\workSoftware\Java\jdk1.8.0_73\jre\..\lib\jconsole.jar;C:\workSoftware\Java\jdk1.8.0_73\jre\..\lib\tools.jar;D:\maven\mavenWareHouseNew\org\mybatis\generator\mybatis-generator-core\1.3.5\mybatis-generator-core-1.3.5.jar;D:\maven\mavenWareHouseNew\org\springframework\boot\spring-boot-configuration-processor\1.5.13.RELEASE\spring-boot-configuration-processor-1.5.13.RELEASE.jar;D:\maven\mavenWareHouseNew\org\springframework\boot\spring-boot-devtools\1.5.13.RELEASE\spring-boot-devtools-1.5.13.RELEASE.jar;D:\maven\mavenWareHouseNew\org\springframework\boot\spring-boot\1.5.13.RELEASE\spring-boot-1.5.13.RELEASE.jar;D:\maven\mavenWareHouseNew\org\springframework\boot\spring-boot-starter-aop\1.5.13.RELEASE\spring-boot-starter-aop-1.5.13.RELEASE.jar;D:\maven\mavenWareHouseNew\org\springframework\spring-aop\4.3.17.RELEASE\spring-aop-4.3.17.RELEASE.jar;D:\maven\mavenWareHouseNew\org\modelmapper\modelmapper\1.1.2\modelmapper-1.1.2.jar;D:\maven\mavenWareHouseNew\org\jolokia\jolokia-core\1.3.7\jolokia-core-1.3.7.jar;D:\maven\mavenWareHouseNew\com\googlecode\json-simple\json-simple\1.1.1\json-simple-1.1.1.jar;D:\maven\mavenWareHouseNew\org\springframework\security\spring-security-jwt\1.0.9.RELEASE\spring-security-jwt-1.0.9.RELEASE.jar;D:\maven\mavenWareHouseNew\org\bouncycastle\bcpkix-jdk15on\1.56\bcpkix-jdk15on-1.56.jar;D:\maven\mavenWareHouseNew\org\bouncycastle\bcprov-jdk15on\1.56\bcprov-jdk15on-1.56.jar;D:\maven\mavenWareHouseNew\org\liquibase\liquibase-core\3.5.3\liquibase-core-3.5.3.jar;D:\maven\mavenWareHouseNew\org\yaml\snakeyaml\1.17\snakeyaml-1.17.jar;D:\maven\mavenWareHouseNew\org\springframework\cloud\spring-cloud-starter-zipkin\1.3.3.RELEASE\spring-cloud-starter-zipkin-1.3.3.RELEASE.jar;D:\maven\mavenWareHouseNew\org\springframework\amqp\spring-rabbit\1.7.7.RELEASE\spring-rabbit-1.7.7.RELEASE.jar;D:\maven\mavenWareHouseNew\org\springframework\retry\spring-retry\1.2.2.RELEASE\spring-retry-1.2.2.RELEASE.jar;D:\maven\mavenWareHouseNew\com\rabbitmq\http-client\1.1.1.RELEASE\http-client-1.1.1.RELEASE.jar;D:\maven\mavenWareHouseNew\com\rabbitmq\amqp-client\4.0.3\amqp-client-4.0.3.jar;D:\maven\mavenWareHouseNew\org\springframework\spring-messaging\4.3.17.RELEASE\spring-messaging-4.3.17.RELEASE.jar;D:\maven\mavenWareHouseNew\org\springframework\spring-context\4.3.8.RELEASE\spring-context-4.3.8.RELEASE.jar;D:\maven\mavenWareHouseNew\org\springframework\amqp\spring-amqp\1.7.7.RELEASE\spring-amqp-1.7.7.RELEASE.jar;D:\maven\mavenWareHouseNew\org\springframework\cloud\spring-cloud-starter-netflix-eureka-client\1.4.4.RELEASE\spring-cloud-starter-netflix-eureka-client-1.4.4.RELEASE.jar;D:\maven\mavenWareHouseNew\org\springframework\cloud\spring-cloud-netflix-core\1.4.4.RELEASE\spring-cloud-netflix-core-1.4.4.RELEASE.jar;D:\maven\mavenWareHouseNew\org\springframework\cloud\spring-cloud-netflix-eureka-client\1.4.4.RELEASE\spring-cloud-netflix-eureka-client-1.4.4.RELEASE.jar;D:\maven\mavenWareHouseNew\com\netflix\eureka\eureka-client\1.7.2\eureka-client-1.7.2.jar;D:\maven\mavenWareHouseNew\org\codehaus\jettison\jettison\1.2\jettison-1.2.jar;D:\maven\mavenWareHouseNew\stax\stax-api\1.0.1\stax-api-1.0.1.jar;D:\maven\mavenWareHouseNew\com\netflix\netflix-commons\netflix-eventbus\0.3.0\netflix-eventbus-0.3.0.jar;D:\maven\mavenWareHouseNew\com\netflix\netflix-commons\netflix-infix\0.3.0\netflix-infix-0.3.0.jar;D:\maven\mavenWareHouseNew\commons-jxpath\commons-jxpath\1.3\commons-jxpath-1.3.jar;D:\maven\mavenWareHouseNew\org\antlr\antlr-runtime\3.4\antlr-runtime-3.4.jar;D:\maven\mavenWareHouseNew\org\antlr\stringtemplate\3.2.1\stringtemplate-3.2.1.jar;D:\maven\mavenWareHouseNew\antlr\antlr\2.7.7\antlr-2.7.7.jar;D:\maven\mavenWareHouseNew\com\google\code\gson\gson\2.8.4\gson-2.8.4.jar;D:\maven\mavenWareHouseNew\org\apache\commons\commons-math\2.2\commons-math-2.2.jar;D:\maven\mavenWareHouseNew\javax\ws\rs\jsr311-api\1.1.1\jsr311-api-1.1.1.jar;D:\maven\mavenWareHouseNew\com\netflix\servo\servo-core\0.10.1\servo-core-0.10.1.jar;D:\maven\mavenWareHouseNew\com\netflix\servo\servo-internal\0.10.1\servo-internal-0.10.1.jar;D:\maven\mavenWareHouseNew\com\sun\jersey\jersey-core\1.19.1\jersey-core-1.19.1.jar;D:\maven\mavenWareHouseNew\com\sun\jersey\jersey-client\1.19.1\jersey-client-1.19.1.jar;D:\maven\mavenWareHouseNew\com\sun\jersey\contribs\jersey-apache-client4\1.19.1\jersey-apache-client4-1.19.1.jar;D:\maven\mavenWareHouseNew\com\google\inject\guice\3.0\guice-3.0.jar;D:\maven\mavenWareHouseNew\com\netflix\eureka\eureka-core\1.7.2\eureka-core-1.7.2.jar;D:\maven\mavenWareHouseNew\org\codehaus\woodstox\woodstox-core-asl\4.4.1\woodstox-core-asl-4.4.1.jar;D:\maven\mavenWareHouseNew\javax\xml\stream\stax-api\1.0-2\stax-api-1.0-2.jar;D:\maven\mavenWareHouseNew\org\codehaus\woodstox\stax2-api\3.1.4\stax2-api-3.1.4.jar;D:\maven\mavenWareHouseNew\org\springframework\cloud\spring-cloud-starter-netflix-archaius\1.4.4.RELEASE\spring-cloud-starter-netflix-archaius-1.4.4.RELEASE.jar;D:\maven\mavenWareHouseNew\commons-configuration\commons-configuration\1.8\commons-configuration-1.8.jar;D:\maven\mavenWareHouseNew\org\springframework\cloud\spring-cloud-starter-netflix-ribbon\1.4.4.RELEASE\spring-cloud-starter-netflix-ribbon-1.4.4.RELEASE.jar;D:\maven\mavenWareHouseNew\com\netflix\ribbon\ribbon\2.2.5\ribbon-2.2.5.jar;D:\maven\mavenWareHouseNew\com\netflix\ribbon\ribbon-transport\2.2.5\ribbon-transport-2.2.5.jar;D:\maven\mavenWareHouseNew\io\reactivex\rxnetty-contexts\0.4.9\rxnetty-contexts-0.4.9.jar;D:\maven\mavenWareHouseNew\io\reactivex\rxnetty-servo\0.4.9\rxnetty-servo-0.4.9.jar;D:\maven\mavenWareHouseNew\io\reactivex\rxnetty\0.4.9\rxnetty-0.4.9.jar;D:\maven\mavenWareHouseNew\io\netty\netty-codec-http\4.0.27.Final\netty-codec-http-4.0.27.Final.jar;D:\maven\mavenWareHouseNew\io\netty\netty-codec\4.0.27.Final\netty-codec-4.0.27.Final.jar;D:\maven\mavenWareHouseNew\io\netty\netty-handler\4.0.27.Final\netty-handler-4.0.27.Final.jar;D:\maven\mavenWareHouseNew\io\netty\netty-transport-native-epoll\4.0.27.Final\netty-transport-native-epoll-4.0.27.Final.jar;D:\maven\mavenWareHouseNew\io\netty\netty-common\4.0.27.Final\netty-common-4.0.27.Final.jar;D:\maven\mavenWareHouseNew\io\netty\netty-buffer\4.0.27.Final\netty-buffer-4.0.27.Final.jar;D:\maven\mavenWareHouseNew\io\netty\netty-transport\4.0.27.Final\netty-transport-4.0.27.Final.jar;D:\maven\mavenWareHouseNew\com\netflix\ribbon\ribbon-core\2.2.5\ribbon-core-2.2.5.jar;D:\maven\mavenWareHouseNew\com\netflix\ribbon\ribbon-httpclient\2.2.5\ribbon-httpclient-2.2.5.jar;D:\maven\mavenWareHouseNew\com\netflix\netflix-commons\netflix-commons-util\0.1.1\netflix-commons-util-0.1.1.jar;D:\maven\mavenWareHouseNew\com\netflix\ribbon\ribbon-loadbalancer\2.2.5\ribbon-loadbalancer-2.2.5.jar;D:\maven\mavenWareHouseNew\com\netflix\netflix-commons\netflix-statistics\0.1.1\netflix-statistics-0.1.1.jar;D:\maven\mavenWareHouseNew\com\netflix\ribbon\ribbon-eureka\2.2.5\ribbon-eureka-2.2.5.jar;D:\maven\mavenWareHouseNew\com\thoughtworks\xstream\xstream\1.4.10\xstream-1.4.10.jar;D:\maven\mavenWareHouseNew\xmlpull\xmlpull\1.1.3.1\xmlpull-1.1.3.1.jar;D:\maven\mavenWareHouseNew\xpp3\xpp3_min\1.1.4c\xpp3_min-1.1.4c.jar;, user.name=18771, java.vm.specification.version=1.8, sun.java.command=C:\workproject\study\Immortalbird\paascloud-provider\paascloud-provider-uac\target\surefire\surefirebooter3960685941693253513.jar C:\workproject\study\Immortalbird\paascloud-provider\paascloud-provider-uac\target\surefire\surefire8331501010975414119tmp C:\workproject\study\Immortalbird\paascloud-provider\paascloud-provider-uac\target\surefire\surefire_03200265229749405644tmp, java.home=C:\workSoftware\Java\jdk1.8.0_73\jre, sun.arch.data.model=64, aven.test.skip=true, user.language=zh, java.specification.vendor=Oracle Corporation, awt.toolkit=sun.awt.windows.WToolkit, java.vm.info=mixed mode, java.version=1.8.0_73, java.ext.dirs=C:\workSoftware\Java\jdk1.8.0_73\jre\lib\ext;C:\WINDOWS\Sun\Java\lib\ext, sun.boot.class.path=C:\workSoftware\Java\jdk1.8.0_73\jre\lib\resources.jar;C:\workSoftware\Java\jdk1.8.0_73\jre\lib\rt.jar;C:\workSoftware\Java\jdk1.8.0_73\jre\lib\sunrsasign.jar;C:\workSoftware\Java\jdk1.8.0_73\jre\lib\jsse.jar;C:\workSoftware\Java\jdk1.8.0_73\jre\lib\jce.jar;C:\workSoftware\Java\jdk1.8.0_73\jre\lib\charsets.jar;C:\workSoftware\Java\jdk1.8.0_73\jre\lib\jfr.jar;C:\workSoftware\Java\jdk1.8.0_73\jre\classes, java.vendor=Oracle Corporation, localRepository=D:\maven\mavenWareHouseNew, file.separator=\, java.vendor.url.bug=http://bugreport.sun.com/bugreport/, sun.io.unicode.encoding=UnicodeLittle, sun.cpu.endian=little, sun.desktop=windows, sun.cpu.isalist=amd64}}, SystemEnvironmentPropertySource@649329985 {name='systemEnvironment', properties={PATH=C:\Users\18771\bin;C:\Program Files\Git\mingw64\bin;C:\Program Files\Git\usr\local\bin;C:\Program Files\Git\usr\bin;C:\Program Files\Git\usr\bin;C:\Program Files\Git\mingw64\bin;C:\Program Files\Git\usr\bin;C:\Users\18771\bin;C:\workSoftware\Anaconda3-5;C:\workSoftware\Anaconda3-5\Library\mingw-w64\bin;C:\workSoftware\Anaconda3-5\Library\usr\bin;C:\workSoftware\Anaconda3-5\Library\bin;C:\workSoftware\Anaconda3-5\Scripts;%PYTHON_HOME%;C:\ProgramData\Oracle\Java\javapath;C:\workSoftware\gradle\gradle-4.4\bin;C:\workSoftware\mysql\mysql-5.7.17-winx64\bin;C:\workSoftware\maven\apache-maven-3.2.5\bin;%CATALINA_HOME%\bin;C:\workSoftware\Java\jdk1.8.0_73\bin;C:\workSoftware\Java\jdk1.8.0_73\jre\bin;C:\WINDOWS\system32;C:\WINDOWS;C:\WINDOWS\System32\Wbem;C:\WINDOWS\System32\WindowsPowerShell\v1.0;C:\Program Files\Git\cmd;C:\Program Files\Git\mingw64\bin;C:\Program Files\Git\usr\bin;%CATALINA_HOME%\lib;C:\workSoftware\ant\apache-ant-1.10.5\bin;C:\WINDOWS\System32\OpenSSH;C:\Program Files\Pandoc;C:\Program Files\MIT\Kerberos\bin;C:\workSoftware\apache-groovy\groovy-2.5.5\bin;C:\workSoftware\grails\grails-3.3.9\bin;C:\Ruby22-x64\bin;C:\Users\18771\AppData\Local\Microsoft\WindowsApps;C:\workSoftware\docker\Docker Toolbox;C:\Program Files\Git\usr\bin\vendor_perl;C:\Program Files\Git\usr\bin\core_perl, USERDOMAIN_ROAMINGPROFILE=DESKTOP-5SL4MN7, PKG_CONFIG_PATH=C:\Program Files\Git\mingw64\lib\pkgconfig;C:\Program Files\Git\mingw64\share\pkgconfig, NO_PROXY=192.168.99.100, PROCESSOR_LEVEL=6, SYSTEMDRIVE=C:, M2=C:\workSoftware\maven\apache-maven-3.2.5\bin, GRAILS_HOME=C:\workSoftware\grails\grails-3.3.9, ALLUSERSPROFILE=C:\ProgramData, PROCESSOR_ARCHITECTURE=AMD64, TNS_ADMIN=C:\workSoftware\instantclient-basic-nt-11.2.0.3.0\instantclient_11_2\network\admin, DRIVERDATA=C:\Windows\System32\Drivers\DriverData, PROGRAMFILES=C:\Program Files, PSMODULEPATH=%ProgramFiles%\WindowsPowerShell\Modules;C:\WINDOWS\system32\WindowsPowerShell\v1.0\Modules, PROGRAMDATA=C:\ProgramData, USERNAME=18771, PWD=C:/workproject/study/Immortalbird/paascloud-provider, CATALINA_HOME1111=C:\workSoftware\tomcat\apache-tomcat-9.0.5, INFOPATH=C:\Program Files\Git\usr\local\info;C:\Program Files\Git\usr\share\info;C:\Program Files\Git\usr\info;C:\Program Files\Git\share\info, ONEDRIVE=C:\Users\18771\OneDrive, PATHEXT=.COM;.EXE;.BAT;.CMD;.VBS;.VBE;.JS;.JSE;.WSF;.WSH;.MSC;.RB;.RBW, SHELL=C:\Program Files\Git\usr\bin\bash, COMPOSE_CONVERT_WINDOWS_PATHS=true, OLDPWD=C:/workproject/study/Immortalbird/paascloud-provider, TMPDIR=C:\Users\18771\AppData\Local\Temp, WINDIR=C:\WINDOWS, SSH_ASKPASS=C:/Program Files/Git/mingw64/libexec/git-core/git-gui--askpass, HOMEPATH=\Users\18771, MYSQL_HOME=C:\workSoftware\mysql\mysql-5.7.17-winx64, PROCESSOR_IDENTIFIER=Intel64 Family 6 Model 78 Stepping 3, GenuineIntel, M2_HOME=C:\workSoftware\maven\apache-maven-3.2.5, PUBLIC=C:\Users\Public, =::=::\, EXEPATH=C:\Program Files\Git, SHLVL=1, LOCALAPPDATA=C:\Users\18771\AppData\Local, MANPATH=C:\Program Files\Git\mingw64\share\man;C:\Program Files\Git\usr\local\man;C:\Program Files\Git\usr\share\man;C:\Program Files\Git\usr\man;C:\Program Files\Git\share\man, COMMONPROGRAMFILES(X86)=C:\Program Files (x86)\Common Files, DOCKER_HOST=tcp://192.168.99.100:2376, USERDOMAIN=DESKTOP-5SL4MN7, LOGONSERVER=\\DESKTOP-5SL4MN7, JAVA_HOME=C:/workSoftware/Java/jdk1.8.0_73, PLINK_PROTOCOL=ssh, PROMPT=$P$G, PROGRAMFILES(X86)=C:\Program Files (x86), TERM=cygwin, LANG=zh_CN.UTF-8, GRADLE_HOME=C:\workSoftware\gradle\gradle-4.4, MAVEN_OPTS= -Xms512m -Xmx1024m, ANT_HOME=C:\workSoftware\ant\apache-ant-1.10.5, DISPLAY=needs-to-be-defined, GROOVY_HOME=C:\workSoftware\apache-groovy\groovy-2.5.5, MSYSTEM=MINGW64, =C:=C:\workproject\study\Immortalbird\paascloud-provider\paascloud-provider-uac, APPDATA=C:\Users\18771\AppData\Roaming, DOCKER_MACHINE_NAME=default, DOCKER_CERT_PATH=C:\Users\18771\.docker\machine\machines\default, PROGRAMW6432=C:\Program Files, SYSTEMROOT=C:\WINDOWS, MAVEN_CMD_LINE_ARGS= clean install -Daven.test.skip=true, VBOX_MSI_INSTALL_PATH=C:\Program Files\Oracle\VirtualBox\, OS=Windows_NT, COMMONPROGRAMW6432=C:\Program Files\Common Files, COMPUTERNAME=DESKTOP-5SL4MN7, JBOSS_HOME=F:\工作目录\新华三\瞿媛媛\接收\jboss-eap-7.1, COMMONPROGRAMFILES=C:\Program Files\Common Files, COMSPEC=C:\WINDOWS\system32\cmd.exe, MAVEN_PROJECTBASEDIR=C:/workproject/study/Immortalbird/paascloud-provider, PROCESSOR_REVISION=4e03, CLASSPATH=.;C:\workSoftware\Java\jdk1.8.0_73\lib\dt.jar;C:\workSoftware\Java\jdk1.8.0_73\lib\tools.jar, NLS_LANG=SIMPLIFIED CHINESE_CHINA.ZHS16GBK, ACLOCAL_PATH=C:\Program Files\Git\mingw64\share\aclocal;C:\Program Files\Git\usr\share\aclocal, DOCKER_TLS_VERIFY=1, PRINTER=NPIBF6305 (HP LaserJet 400 M401dn), TEMP=C:\Users\18771\AppData\Local\Temp, HOSTNAME=DESKTOP-5SL4MN7, HOMEDRIVE=C:, USERPROFILE=C:\Users\18771, TMP=C:\Users\18771\AppData\Local\Temp, NUMBER_OF_PROCESSORS=4, DOCKER_TOOLBOX_INSTALL_PATH=C:\workSoftware\docker\Docker Toolbox, HOME=C:\Users\18771}}]
16:15:09.494 [main] INFO org.springframework.boot.test.context.SpringBootTestContextBootstrapper - Found @SpringBootConfiguration com.paascloud.PaasCloudUacApplication for test class com.paascloud.provider.UacRoleServiceTest
16:15:09.495 [main] DEBUG org.springframework.boot.test.context.SpringBootTestContextBootstrapper - @TestExecutionListeners is not present for class [com.paascloud.provider.UacRoleServiceTest]: using defaults.
16:15:09.535 [main] INFO org.springframework.boot.test.context.SpringBootTestContextBootstrapper - Loaded default TestExecutionListener class names from location [META-INF/spring.factories]: [org.springframework.boot.test.mock.mockito.MockitoTestExecutionListener, org.springframework.boot.test.mock.mockito.ResetMocksTestExecutionListener, org.springframework.boot.test.autoconfigure.restdocs.RestDocsTestExecutionListener, org.springframework.boot.test.autoconfigure.web.client.MockRestServiceServerResetTestExecutionListener, org.springframework.boot.test.autoconfigure.web.servlet.MockMvcPrintOnlyOnFailureTestExecutionListener, org.springframework.boot.test.autoconfigure.web.servlet.WebDriverTestExecutionListener, org.springframework.test.context.web.ServletTestExecutionListener, org.springframework.test.context.support.DirtiesContextBeforeModesTestExecutionListener, org.springframework.test.context.support.DependencyInjectionTestExecutionListener, org.springframework.test.context.support.DirtiesContextTestExecutionListener, org.springframework.test.context.transaction.TransactionalTestExecutionListener, org.springframework.test.context.jdbc.SqlScriptsTestExecutionListener]
16:15:09.581 [main] INFO org.springframework.boot.test.context.SpringBootTestContextBootstrapper - Using TestExecutionListeners: [org.springframework.test.context.web.ServletTestExecutionListener@e1de817, org.springframework.test.context.support.DirtiesContextBeforeModesTestExecutionListener@52102734, org.springframework.boot.test.mock.mockito.MockitoTestExecutionListener@3541cb24, org.springframework.boot.test.autoconfigure.SpringBootDependencyInjectionTestExecutionListener@2177849e, org.springframework.test.context.support.DirtiesContextTestExecutionListener@40cb8df7, org.springframework.test.context.transaction.TransactionalTestExecutionListener@13b13b5d, org.springframework.test.context.jdbc.SqlScriptsTestExecutionListener@2892dae4, org.springframework.boot.test.mock.mockito.ResetMocksTestExecutionListener@355ce81c, org.springframework.boot.test.autoconfigure.restdocs.RestDocsTestExecutionListener@29647f75, org.springframework.boot.test.autoconfigure.web.client.MockRestServiceServerResetTestExecutionListener@3315d2d7, org.springframework.boot.test.autoconfigure.web.servlet.MockMvcPrintOnlyOnFailureTestExecutionListener@d6e7bab, org.springframework.boot.test.autoconfigure.web.servlet.WebDriverTestExecutionListener@5fa07e12]
16:15:09.584 [main] DEBUG org.springframework.test.context.junit4.SpringJUnit4ClassRunner - SpringJUnit4ClassRunner constructor called with [class com.paascloud.provider.UacUserServiceTest]
16:15:09.584 [main] DEBUG org.springframework.test.context.BootstrapUtils - Instantiating CacheAwareContextLoaderDelegate from class [org.springframework.test.context.cache.DefaultCacheAwareContextLoaderDelegate]
16:15:09.585 [main] DEBUG org.springframework.test.context.BootstrapUtils - Instantiating BootstrapContext using constructor [public org.springframework.test.context.support.DefaultBootstrapContext(java.lang.Class,org.springframework.test.context.CacheAwareContextLoaderDelegate)]
16:15:09.585 [main] DEBUG org.springframework.test.context.BootstrapUtils - Instantiating TestContextBootstrapper for test class [com.paascloud.provider.UacUserServiceTest] from class [org.springframework.boot.test.context.SpringBootTestContextBootstrapper]
16:15:09.586 [main] INFO org.springframework.boot.test.context.SpringBootTestContextBootstrapper - Neither @ContextConfiguration nor @ContextHierarchy found for test class [com.paascloud.provider.UacUserServiceTest], using SpringBootContextLoader
16:15:09.588 [main] DEBUG org.springframework.test.context.support.AbstractContextLoader - Did not detect default resource location for test class [com.paascloud.provider.UacUserServiceTest]: class path resource [com/paascloud/provider/UacUserServiceTest-context.xml] does not exist
16:15:09.592 [main] DEBUG org.springframework.test.context.support.AbstractContextLoader - Did not detect default resource location for test class [com.paascloud.provider.UacUserServiceTest]: class path resource [com/paascloud/provider/UacUserServiceTestContext.groovy] does not exist
16:15:09.593 [main] INFO org.springframework.test.context.support.AbstractContextLoader - Could not detect default resource locations for test class [com.paascloud.provider.UacUserServiceTest]: no resource found for suffixes {-context.xml, Context.groovy}.
16:15:09.593 [main] INFO org.springframework.test.context.support.AnnotationConfigContextLoaderUtils - Could not detect default configuration classes for test class [com.paascloud.provider.UacUserServiceTest]: UacUserServiceTest does not declare any static, non-private, non-final, nested classes annotated with @Configuration.
16:15:09.638 [main] DEBUG org.springframework.test.context.support.ActiveProfilesUtils - Could not find an 'annotation declaring class' for annotation type [org.springframework.test.context.ActiveProfiles] and class [com.paascloud.provider.UacUserServiceTest]
16:15:09.639 [main] DEBUG org.springframework.core.env.StandardEnvironment - Adding PropertySource 'systemProperties' with lowest search precedence
16:15:09.639 [main] DEBUG org.springframework.core.env.StandardEnvironment - Adding PropertySource 'systemEnvironment' with lowest search precedence
16:15:09.639 [main] DEBUG org.springframework.core.env.StandardEnvironment - Initialized StandardEnvironment with PropertySources [MapPropertySource@1523457748 {name='systemProperties', properties={java.runtime.name=Java(TM) SE Runtime Environment, sun.boot.library.path=C:\workSoftware\Java\jdk1.8.0_73\jre\bin, java.vm.version=25.73-b02, java.vm.vendor=Oracle Corporation, java.vendor.url=http://java.oracle.com/, path.separator=;, java.vm.name=Java HotSpot(TM) 64-Bit Server VM, file.encoding.pkg=sun.io, user.country=CN, user.script=, sun.java.launcher=SUN_STANDARD, sun.os.patch.level=, java.vm.specification.name=Java Virtual Machine Specification, user.dir=C:\workproject\study\Immortalbird\paascloud-provider\paascloud-provider-uac, java.runtime.version=1.8.0_73-b02, basedir=C:\workproject\study\Immortalbird\paascloud-provider\paascloud-provider-uac, java.awt.graphicsenv=sun.awt.Win32GraphicsEnvironment, java.endorsed.dirs=C:\workSoftware\Java\jdk1.8.0_73\jre\lib\endorsed, os.arch=amd64, surefire.real.class.path=C:\workproject\study\Immortalbird\paascloud-provider\paascloud-provider-uac\target\surefire\surefirebooter3960685941693253513.jar, java.io.tmpdir=C:\Users\18771\AppData\Local\Temp\, line.separator=
, java.vm.specification.vendor=Oracle Corporation, user.variant=, os.name=Windows 10, sun.jnu.encoding=GBK, java.library.path=C:\workSoftware\Java\jdk1.8.0_73\jre\bin;C:\WINDOWS\Sun\Java\bin;C:\WINDOWS\system32;C:\WINDOWS;C:\Users\18771\bin;C:\Program Files\Git\mingw64\bin;C:\Program Files\Git\usr\local\bin;C:\Program Files\Git\usr\bin;C:\Program Files\Git\usr\bin;C:\Program Files\Git\mingw64\bin;C:\Program Files\Git\usr\bin;C:\Users\18771\bin;C:\workSoftware\Anaconda3-5;C:\workSoftware\Anaconda3-5\Library\mingw-w64\bin;C:\workSoftware\Anaconda3-5\Library\usr\bin;C:\workSoftware\Anaconda3-5\Library\bin;C:\workSoftware\Anaconda3-5\Scripts;%PYTHON_HOME%;C:\ProgramData\Oracle\Java\javapath;C:\workSoftware\gradle\gradle-4.4\bin;C:\workSoftware\mysql\mysql-5.7.17-winx64\bin;C:\workSoftware\maven\apache-maven-3.2.5\bin;%CATALINA_HOME%\bin;C:\workSoftware\Java\jdk1.8.0_73\bin;C:\workSoftware\Java\jdk1.8.0_73\jre\bin;C:\WINDOWS\system32;C:\WINDOWS;C:\WINDOWS\System32\Wbem;C:\WINDOWS\System32\WindowsPowerShell\v1.0;C:\Program Files\Git\cmd;C:\Program Files\Git\mingw64\bin;C:\Program Files\Git\usr\bin;%CATALINA_HOME%\lib;C:\workSoftware\ant\apache-ant-1.10.5\bin;C:\WINDOWS\System32\OpenSSH;C:\Program Files\Pandoc;C:\Program Files\MIT\Kerberos\bin;C:\workSoftware\apache-groovy\groovy-2.5.5\bin;C:\workSoftware\grails\grails-3.3.9\bin;C:\Ruby22-x64\bin;C:\Users\18771\AppData\Local\Microsoft\WindowsApps;C:\workSoftware\docker\Docker Toolbox;C:\Program Files\Git\usr\bin\vendor_perl;C:\Program Files\Git\usr\bin\core_perl;., surefire.test.class.path=C:\workproject\study\Immortalbird\paascloud-provider\paascloud-provider-uac\target\test-classes;C:\workproject\study\Immortalbird\paascloud-provider\paascloud-provider-uac\target\classes;D:\maven\mavenWareHouseNew\mysql\mysql-connector-java\5.1.39\mysql-connector-java-5.1.39.jar;D:\maven\mavenWareHouseNew\io\jsonwebtoken\jjwt\0.7.0\jjwt-0.7.0.jar;D:\maven\mavenWareHouseNew\joda-time\joda-time\2.9.6\joda-time-2.9.6.jar;D:\maven\mavenWareHouseNew\org\mybatis\spring\boot\mybatis-spring-boot-starter\1.2.0\mybatis-spring-boot-starter-1.2.0.jar;D:\maven\mavenWareHouseNew\org\springframework\boot\spring-boot-starter\1.5.13.RELEASE\spring-boot-starter-1.5.13.RELEASE.jar;D:\maven\mavenWareHouseNew\org\springframework\boot\spring-boot-starter-logging\1.5.13.RELEASE\spring-boot-starter-logging-1.5.13.RELEASE.jar;D:\maven\mavenWareHouseNew\org\slf4j\jcl-over-slf4j\1.7.25\jcl-over-slf4j-1.7.25.jar;D:\maven\mavenWareHouseNew\org\slf4j\jul-to-slf4j\1.7.25\jul-to-slf4j-1.7.25.jar;D:\maven\mavenWareHouseNew\org\slf4j\log4j-over-slf4j\1.7.25\log4j-over-slf4j-1.7.25.jar;D:\maven\mavenWareHouseNew\org\springframework\boot\spring-boot-starter-jdbc\1.5.13.RELEASE\spring-boot-starter-jdbc-1.5.13.RELEASE.jar;D:\maven\mavenWareHouseNew\org\apache\tomcat\tomcat-jdbc\8.5.31\tomcat-jdbc-8.5.31.jar;D:\maven\mavenWareHouseNew\org\apache\tomcat\tomcat-juli\8.5.31\tomcat-juli-8.5.31.jar;D:\maven\mavenWareHouseNew\org\springframework\spring-jdbc\4.3.17.RELEASE\spring-jdbc-4.3.17.RELEASE.jar;D:\maven\mavenWareHouseNew\org\mybatis\spring\boot\mybatis-spring-boot-autoconfigure\1.2.0\mybatis-spring-boot-autoconfigure-1.2.0.jar;D:\maven\mavenWareHouseNew\org\mybatis\mybatis\3.4.2\mybatis-3.4.2.jar;D:\maven\mavenWareHouseNew\org\mybatis\mybatis-spring\1.3.1\mybatis-spring-1.3.1.jar;D:\maven\mavenWareHouseNew\tk\mybatis\mapper-spring-boot-starter\1.1.1\mapper-spring-boot-starter-1.1.1.jar;D:\maven\mavenWareHouseNew\tk\mybatis\mapper-spring-boot-autoconfigure\1.1.1\mapper-spring-boot-autoconfigure-1.1.1.jar;D:\maven\mavenWareHouseNew\tk\mybatis\mapper\3.4.0\mapper-3.4.0.jar;D:\maven\mavenWareHouseNew\javax\persistence\persistence-api\1.0\persistence-api-1.0.jar;D:\maven\mavenWareHouseNew\com\github\pagehelper\pagehelper-spring-boot-starter\1.1.2\pagehelper-spring-boot-starter-1.1.2.jar;D:\maven\mavenWareHouseNew\com\github\pagehelper\pagehelper-spring-boot-autoconfigure\1.1.2\pagehelper-spring-boot-autoconfigure-1.1.2.jar;D:\maven\mavenWareHouseNew\com\github\pagehelper\pagehelper\5.0.3\pagehelper-5.0.3.jar;D:\maven\mavenWareHouseNew\com\github\jsqlparser\jsqlparser\1.0\jsqlparser-1.0.jar;D:\maven\mavenWareHouseNew\com\alibaba\druid-spring-boot-starter\1.1.0\druid-spring-boot-starter-1.1.0.jar;D:\maven\mavenWareHouseNew\org\springframework\boot\spring-boot-autoconfigure\1.5.13.RELEASE\spring-boot-autoconfigure-1.5.13.RELEASE.jar;D:\maven\mavenWareHouseNew\com\fasterxml\jackson\core\jackson-databind\2.8.4\jackson-databind-2.8.4.jar;D:\maven\mavenWareHouseNew\com\fasterxml\jackson\core\jackson-annotations\2.8.0\jackson-annotations-2.8.0.jar;D:\maven\mavenWareHouseNew\com\fasterxml\jackson\core\jackson-core\2.8.11\jackson-core-2.8.11.jar;D:\maven\mavenWareHouseNew\com\liuzm\paascloud\provider\api\paascloud-provider-uac-api\1.0\paascloud-provider-uac-api-1.0.jar;D:\maven\mavenWareHouseNew\com\liuzm\paascloud\common\paascloud-security-feign\1.0\paascloud-security-feign-1.0.jar;D:\maven\mavenWareHouseNew\com\liuzm\paascloud\provider\api\paascloud-provider-mdc-api\1.0\paascloud-provider-mdc-api-1.0.jar;D:\maven\mavenWareHouseNew\com\liuzm\paascloud\provider\api\paascloud-provider-omc-api\1.0\paascloud-provider-omc-api-1.0.jar;D:\maven\mavenWareHouseNew\com\liuzm\paascloud\provider\api\paascloud-provider-opc-api\1.0\paascloud-provider-opc-api-1.0.jar;D:\maven\mavenWareHouseNew\io\github\openfeign\form\feign-form\3.0.3\feign-form-3.0.3.jar;D:\maven\mavenWareHouseNew\io\github\openfeign\form\feign-form-spring\3.0.3\feign-form-spring-3.0.3.jar;D:\maven\mavenWareHouseNew\com\liuzm\paascloud\provider\api\paascloud-provider-sdk-api\1.0\paascloud-provider-sdk-api-1.0.jar;D:\maven\mavenWareHouseNew\org\projectlombok\lombok\1.16.14\lombok-1.16.14.jar;D:\maven\mavenWareHouseNew\com\liuzm\paascloud\provider\api\paascloud-provider-tpc-api\1.0\paascloud-provider-tpc-api-1.0.jar;D:\maven\mavenWareHouseNew\com\liuzm\paascloud\common\paascloud-common-zk\1.0\paascloud-common-zk-1.0.jar;D:\maven\mavenWareHouseNew\org\apache\curator\curator-framework\2.10.0\curator-framework-2.10.0.jar;D:\maven\mavenWareHouseNew\org\apache\curator\curator-client\2.10.0\curator-client-2.10.0.jar;D:\maven\mavenWareHouseNew\org\apache\zookeeper\zookeeper\3.4.6\zookeeper-3.4.6.jar;D:\maven\mavenWareHouseNew\jline\jline\2.14.6\jline-2.14.6.jar;D:\maven\mavenWareHouseNew\io\netty\netty\3.7.0.Final\netty-3.7.0.Final.jar;D:\maven\mavenWareHouseNew\org\apache\curator\curator-recipes\2.10.0\curator-recipes-2.10.0.jar;D:\maven\mavenWareHouseNew\com\alibaba\fastjson\1.2.29\fastjson-1.2.29.jar;D:\maven\mavenWareHouseNew\org\aspectj\aspectjweaver\1.8.13\aspectjweaver-1.8.13.jar;D:\maven\mavenWareHouseNew\org\springframework\spring-tx\4.3.11.RELEASE\spring-tx-4.3.11.RELEASE.jar;D:\maven\mavenWareHouseNew\org\springframework\spring-beans\4.3.17.RELEASE\spring-beans-4.3.17.RELEASE.jar;D:\maven\mavenWareHouseNew\org\apache\rocketmq\rocketmq-client\4.1.0-incubating\rocketmq-client-4.1.0-incubating.jar;D:\maven\mavenWareHouseNew\org\apache\rocketmq\rocketmq-common\4.1.0-incubating\rocketmq-common-4.1.0-incubating.jar;D:\maven\mavenWareHouseNew\org\apache\rocketmq\rocketmq-remoting\4.1.0-incubating\rocketmq-remoting-4.1.0-incubating.jar;D:\maven\mavenWareHouseNew\io\netty\netty-all\4.0.56.Final\netty-all-4.0.56.Final.jar;D:\maven\mavenWareHouseNew\org\slf4j\slf4j-api\1.7.25\slf4j-api-1.7.25.jar;D:\maven\mavenWareHouseNew\org\apache\commons\commons-lang3\3.5\commons-lang3-3.5.jar;D:\maven\mavenWareHouseNew\de\codecentric\spring-boot-admin-starter-client\1.5.7\spring-boot-admin-starter-client-1.5.7.jar;D:\maven\mavenWareHouseNew\de\codecentric\spring-boot-admin-client\1.5.7\spring-boot-admin-client-1.5.7.jar;D:\maven\mavenWareHouseNew\org\springframework\boot\spring-boot-starter-freemarker\1.5.13.RELEASE\spring-boot-starter-freemarker-1.5.13.RELEASE.jar;D:\maven\mavenWareHouseNew\org\freemarker\freemarker\2.3.28\freemarker-2.3.28.jar;D:\maven\mavenWareHouseNew\org\springframework\spring-context-support\4.3.17.RELEASE\spring-context-support-4.3.17.RELEASE.jar;D:\maven\mavenWareHouseNew\org\springframework\cloud\spring-cloud-starter-feign\1.4.4.RELEASE\spring-cloud-starter-feign-1.4.4.RELEASE.jar;D:\maven\mavenWareHouseNew\org\springframework\cloud\spring-cloud-starter-openfeign\1.4.4.RELEASE\spring-cloud-starter-openfeign-1.4.4.RELEASE.jar;D:\maven\mavenWareHouseNew\io\github\openfeign\feign-core\9.5.0\feign-core-9.5.0.jar;D:\maven\mavenWareHouseNew\org\jvnet\animal-sniffer-annotation\1.0\animal-sniffer-annotation-1.0.jar;D:\maven\mavenWareHouseNew\io\github\openfeign\feign-slf4j\9.5.0\feign-slf4j-9.5.0.jar;D:\maven\mavenWareHouseNew\io\github\openfeign\feign-hystrix\9.5.0\feign-hystrix-9.5.0.jar;D:\maven\mavenWareHouseNew\com\github\penggle\kaptcha\2.3.2\kaptcha-2.3.2.jar;D:\maven\mavenWareHouseNew\com\jhlabs\filters\2.0.235-1\filters-2.0.235-1.jar;D:\maven\mavenWareHouseNew\org\springframework\cloud\spring-cloud-starter-oauth2\1.2.2.RELEASE\spring-cloud-starter-oauth2-1.2.2.RELEASE.jar;D:\maven\mavenWareHouseNew\org\springframework\cloud\spring-cloud-starter-security\1.2.2.RELEASE\spring-cloud-starter-security-1.2.2.RELEASE.jar;D:\maven\mavenWareHouseNew\org\springframework\cloud\spring-cloud-security\1.2.2.RELEASE\spring-cloud-security-1.2.2.RELEASE.jar;D:\maven\mavenWareHouseNew\org\springframework\boot\spring-boot-starter-security\1.5.13.RELEASE\spring-boot-starter-security-1.5.13.RELEASE.jar;D:\maven\mavenWareHouseNew\org\springframework\security\oauth\spring-security-oauth2\2.0.15.RELEASE\spring-security-oauth2-2.0.15.RELEASE.jar;D:\maven\mavenWareHouseNew\org\springframework\security\spring-security-core\4.2.6.RELEASE\spring-security-core-4.2.6.RELEASE.jar;D:\maven\mavenWareHouseNew\org\springframework\security\spring-security-config\4.2.6.RELEASE\spring-security-config-4.2.6.RELEASE.jar;D:\maven\mavenWareHouseNew\org\springframework\social\spring-social-config\1.1.6.RELEASE\spring-social-config-1.1.6.RELEASE.jar;D:\maven\mavenWareHouseNew\org\springframework\social\spring-social-core\1.1.6.RELEASE\spring-social-core-1.1.6.RELEASE.jar;D:\maven\mavenWareHouseNew\org\springframework\spring-web\4.3.8.RELEASE\spring-web-4.3.8.RELEASE.jar;D:\maven\mavenWareHouseNew\org\springframework\social\spring-social-security\1.1.6.RELEASE\spring-social-security-1.1.6.RELEASE.jar;D:\maven\mavenWareHouseNew\org\springframework\spring-webmvc\4.3.17.RELEASE\spring-webmvc-4.3.17.RELEASE.jar;D:\maven\mavenWareHouseNew\org\springframework\spring-expression\4.3.17.RELEASE\spring-expression-4.3.17.RELEASE.jar;D:\maven\mavenWareHouseNew\org\springframework\security\spring-security-web\4.2.6.RELEASE\spring-security-web-4.2.6.RELEASE.jar;D:\maven\mavenWareHouseNew\aopalliance\aopalliance\1.0\aopalliance-1.0.jar;D:\maven\mavenWareHouseNew\org\springframework\social\spring-social-web\1.1.6.RELEASE\spring-social-web-1.1.6.RELEASE.jar;D:\maven\mavenWareHouseNew\javax\inject\javax.inject\1\javax.inject-1.jar;D:\maven\mavenWareHouseNew\com\liuzm\paascloud\common\paascloud-common-base\1.0\paascloud-common-base-1.0.jar;D:\maven\mavenWareHouseNew\com\liuzm\paascloud\common\paascloud-security-app\1.0\paascloud-security-app-1.0.jar;D:\maven\mavenWareHouseNew\com\liuzm\paascloud\common\paascloud-security-core\1.0\paascloud-security-core-1.0.jar;D:\maven\mavenWareHouseNew\commons-lang\commons-lang\2.6\commons-lang-2.6.jar;D:\maven\mavenWareHouseNew\commons-collections\commons-collections\3.2.2\commons-collections-3.2.2.jar;D:\maven\mavenWareHouseNew\org\springframework\cloud\spring-cloud-starter-config\1.4.3.RELEASE\spring-cloud-starter-config-1.4.3.RELEASE.jar;D:\maven\mavenWareHouseNew\org\springframework\cloud\spring-cloud-starter\1.3.3.RELEASE\spring-cloud-starter-1.3.3.RELEASE.jar;D:\maven\mavenWareHouseNew\org\springframework\cloud\spring-cloud-context\1.3.3.RELEASE\spring-cloud-context-1.3.3.RELEASE.jar;D:\maven\mavenWareHouseNew\org\springframework\security\spring-security-rsa\1.0.3.RELEASE\spring-security-rsa-1.0.3.RELEASE.jar;D:\maven\mavenWareHouseNew\org\springframework\cloud\spring-cloud-config-client\1.4.3.RELEASE\spring-cloud-config-client-1.4.3.RELEASE.jar;D:\maven\mavenWareHouseNew\org\springframework\cloud\spring-cloud-starter-sleuth\1.3.3.RELEASE\spring-cloud-starter-sleuth-1.3.3.RELEASE.jar;D:\maven\mavenWareHouseNew\org\springframework\cloud\spring-cloud-sleuth-core\1.3.3.RELEASE\spring-cloud-sleuth-core-1.3.3.RELEASE.jar;D:\maven\mavenWareHouseNew\org\aspectj\aspectjrt\1.8.13\aspectjrt-1.8.13.jar;D:\maven\mavenWareHouseNew\org\springframework\cloud\spring-cloud-sleuth-zipkin\1.3.3.RELEASE\spring-cloud-sleuth-zipkin-1.3.3.RELEASE.jar;D:\maven\mavenWareHouseNew\org\springframework\cloud\spring-cloud-commons\1.3.3.RELEASE\spring-cloud-commons-1.3.3.RELEASE.jar;D:\maven\mavenWareHouseNew\org\springframework\security\spring-security-crypto\4.2.6.RELEASE\spring-security-crypto-4.2.6.RELEASE.jar;D:\maven\mavenWareHouseNew\org\apache\httpcomponents\httpclient\4.5.5\httpclient-4.5.5.jar;D:\maven\mavenWareHouseNew\org\apache\httpcomponents\httpcore\4.4.9\httpcore-4.4.9.jar;D:\maven\mavenWareHouseNew\io\zipkin\zipkin2\zipkin\2.6.1\zipkin-2.6.1.jar;D:\maven\mavenWareHouseNew\io\zipkin\reporter2\zipkin-reporter\2.5.0\zipkin-reporter-2.5.0.jar;D:\maven\mavenWareHouseNew\io\zipkin\reporter2\zipkin-sender-kafka11\2.5.0\zipkin-sender-kafka11-2.5.0.jar;D:\maven\mavenWareHouseNew\io\zipkin\reporter2\zipkin-sender-amqp-client\2.5.0\zipkin-sender-amqp-client-2.5.0.jar;D:\maven\mavenWareHouseNew\com\liuzm\paascloud\common\paascloud-common-util\1.0\paascloud-common-util-1.0.jar;D:\maven\mavenWareHouseNew\ch\qos\logback\logback-classic\1.1.11\logback-classic-1.1.11.jar;D:\maven\mavenWareHouseNew\org\codehaus\jackson\jackson-smile\1.9.13\jackson-smile-1.9.13.jar;D:\maven\mavenWareHouseNew\org\codehaus\jackson\jackson-core-asl\1.9.13\jackson-core-asl-1.9.13.jar;D:\maven\mavenWareHouseNew\org\codehaus\jackson\jackson-mapper-asl\1.9.13\jackson-mapper-asl-1.9.13.jar;D:\maven\mavenWareHouseNew\com\xiaoleilu\hutool-all\3.0.7\hutool-all-3.0.7.jar;D:\maven\mavenWareHouseNew\commons-beanutils\commons-beanutils\1.9.3\commons-beanutils-1.9.3.jar;D:\maven\mavenWareHouseNew\com\liuzm\paascloud\common\paascloud-common-core\1.0\paascloud-common-core-1.0.jar;D:\maven\mavenWareHouseNew\eu\bitwalker\UserAgentUtils\1.20\UserAgentUtils-1.20.jar;D:\maven\mavenWareHouseNew\org\springframework\boot\spring-boot-starter-data-redis\1.5.13.RELEASE\spring-boot-starter-data-redis-1.5.13.RELEASE.jar;D:\maven\mavenWareHouseNew\org\springframework\data\spring-data-redis\1.8.12.RELEASE\spring-data-redis-1.8.12.RELEASE.jar;D:\maven\mavenWareHouseNew\org\springframework\data\spring-data-keyvalue\1.2.12.RELEASE\spring-data-keyvalue-1.2.12.RELEASE.jar;D:\maven\mavenWareHouseNew\org\springframework\data\spring-data-commons\1.13.12.RELEASE\spring-data-commons-1.13.12.RELEASE.jar;D:\maven\mavenWareHouseNew\org\springframework\spring-oxm\4.3.17.RELEASE\spring-oxm-4.3.17.RELEASE.jar;D:\maven\mavenWareHouseNew\redis\clients\jedis\2.9.0\jedis-2.9.0.jar;D:\maven\mavenWareHouseNew\org\apache\commons\commons-pool2\2.4.3\commons-pool2-2.4.3.jar;D:\maven\mavenWareHouseNew\com\fasterxml\jackson\module\jackson-module-parameter-names\2.8.11\jackson-module-parameter-names-2.8.11.jar;D:\maven\mavenWareHouseNew\com\fasterxml\jackson\datatype\jackson-datatype-jdk8\2.8.11\jackson-datatype-jdk8-2.8.11.jar;D:\maven\mavenWareHouseNew\com\fasterxml\jackson\datatype\jackson-datatype-jsr310\2.8.11\jackson-datatype-jsr310-2.8.11.jar;D:\maven\mavenWareHouseNew\com\liuzm\paascloud\common\paascloud-common-config\1.0\paascloud-common-config-1.0.jar;D:\maven\mavenWareHouseNew\com\arronlong\httpclientutil\httpclientutil\1.0\httpclientutil-1.0.jar;D:\maven\mavenWareHouseNew\org\apache\httpcomponents\httpmime\4.5.5\httpmime-4.5.5.jar;D:\maven\mavenWareHouseNew\org\apache\httpcomponents\httpasyncclient\4.1.3\httpasyncclient-4.1.3.jar;D:\maven\mavenWareHouseNew\org\apache\httpcomponents\httpcore-nio\4.4.6\httpcore-nio-4.4.6.jar;D:\maven\mavenWareHouseNew\log4j\log4j\1.2.17\log4j-1.2.17.jar;D:\maven\mavenWareHouseNew\com\netflix\hystrix\hystrix-core\1.5.12\hystrix-core-1.5.12.jar;D:\maven\mavenWareHouseNew\com\netflix\archaius\archaius-core\0.7.4\archaius-core-0.7.4.jar;D:\maven\mavenWareHouseNew\com\google\code\findbugs\jsr305\3.0.2\jsr305-3.0.2.jar;D:\maven\mavenWareHouseNew\io\reactivex\rxjava\1.2.0\rxjava-1.2.0.jar;D:\maven\mavenWareHouseNew\org\hdrhistogram\HdrHistogram\2.1.9\HdrHistogram-2.1.9.jar;D:\maven\mavenWareHouseNew\org\springframework\boot\spring-boot-starter-actuator\1.5.13.RELEASE\spring-boot-starter-actuator-1.5.13.RELEASE.jar;D:\maven\mavenWareHouseNew\org\springframework\boot\spring-boot-actuator\1.5.13.RELEASE\spring-boot-actuator-1.5.13.RELEASE.jar;D:\maven\mavenWareHouseNew\org\springframework\cloud\spring-cloud-starter-hystrix\1.4.4.RELEASE\spring-cloud-starter-hystrix-1.4.4.RELEASE.jar;D:\maven\mavenWareHouseNew\org\springframework\cloud\spring-cloud-starter-netflix-hystrix\1.4.4.RELEASE\spring-cloud-starter-netflix-hystrix-1.4.4.RELEASE.jar;D:\maven\mavenWareHouseNew\com\netflix\hystrix\hystrix-metrics-event-stream\1.5.12\hystrix-metrics-event-stream-1.5.12.jar;D:\maven\mavenWareHouseNew\com\netflix\hystrix\hystrix-serialization\1.5.12\hystrix-serialization-1.5.12.jar;D:\maven\mavenWareHouseNew\com\fasterxml\jackson\module\jackson-module-afterburner\2.8.11\jackson-module-afterburner-2.8.11.jar;D:\maven\mavenWareHouseNew\com\netflix\hystrix\hystrix-javanica\1.5.12\hystrix-javanica-1.5.12.jar;D:\maven\mavenWareHouseNew\org\ow2\asm\asm\5.0.4\asm-5.0.4.jar;D:\maven\mavenWareHouseNew\org\springframework\boot\spring-boot-starter-web\1.5.13.RELEASE\spring-boot-starter-web-1.5.13.RELEASE.jar;D:\maven\mavenWareHouseNew\org\springframework\boot\spring-boot-starter-tomcat\1.5.13.RELEASE\spring-boot-starter-tomcat-1.5.13.RELEASE.jar;D:\maven\mavenWareHouseNew\org\apache\tomcat\embed\tomcat-embed-core\8.5.31\tomcat-embed-core-8.5.31.jar;D:\maven\mavenWareHouseNew\org\apache\tomcat\tomcat-annotations-api\8.5.31\tomcat-annotations-api-8.5.31.jar;D:\maven\mavenWareHouseNew\org\apache\tomcat\embed\tomcat-embed-websocket\8.5.31\tomcat-embed-websocket-8.5.31.jar;D:\maven\mavenWareHouseNew\org\hibernate\hibernate-validator\5.3.6.Final\hibernate-validator-5.3.6.Final.jar;D:\maven\mavenWareHouseNew\javax\validation\validation-api\1.1.0.Final\validation-api-1.1.0.Final.jar;D:\maven\mavenWareHouseNew\org\jboss\logging\jboss-logging\3.3.2.Final\jboss-logging-3.3.2.Final.jar;D:\maven\mavenWareHouseNew\net\logstash\logback\logstash-logback-encoder\4.6\logstash-logback-encoder-4.6.jar;D:\maven\mavenWareHouseNew\ch\qos\logback\logback-core\1.1.11\logback-core-1.1.11.jar;D:\maven\mavenWareHouseNew\com\google\guava\guava\17.0\guava-17.0.jar;D:\maven\mavenWareHouseNew\org\springframework\boot\spring-boot-starter-validation\1.5.13.RELEASE\spring-boot-starter-validation-1.5.13.RELEASE.jar;D:\maven\mavenWareHouseNew\org\apache\tomcat\embed\tomcat-embed-el\8.5.31\tomcat-embed-el-8.5.31.jar;D:\maven\mavenWareHouseNew\io\springfox\springfox-swagger-ui\2.6.1\springfox-swagger-ui-2.6.1.jar;D:\maven\mavenWareHouseNew\io\springfox\springfox-spring-web\2.6.1\springfox-spring-web-2.6.1.jar;D:\maven\mavenWareHouseNew\io\springfox\springfox-swagger2\2.6.1\springfox-swagger2-2.6.1.jar;D:\maven\mavenWareHouseNew\io\swagger\swagger-annotations\1.5.10\swagger-annotations-1.5.10.jar;D:\maven\mavenWareHouseNew\io\swagger\swagger-models\1.5.10\swagger-models-1.5.10.jar;D:\maven\mavenWareHouseNew\io\springfox\springfox-spi\2.6.1\springfox-spi-2.6.1.jar;D:\maven\mavenWareHouseNew\io\springfox\springfox-core\2.6.1\springfox-core-2.6.1.jar;D:\maven\mavenWareHouseNew\io\springfox\springfox-schema\2.6.1\springfox-schema-2.6.1.jar;D:\maven\mavenWareHouseNew\io\springfox\springfox-swagger-common\2.6.1\springfox-swagger-common-2.6.1.jar;D:\maven\mavenWareHouseNew\com\fasterxml\classmate\1.3.4\classmate-1.3.4.jar;D:\maven\mavenWareHouseNew\org\springframework\plugin\spring-plugin-core\1.2.0.RELEASE\spring-plugin-core-1.2.0.RELEASE.jar;D:\maven\mavenWareHouseNew\org\springframework\plugin\spring-plugin-metadata\1.2.0.RELEASE\spring-plugin-metadata-1.2.0.RELEASE.jar;D:\maven\mavenWareHouseNew\org\mapstruct\mapstruct\1.0.0.Final\mapstruct-1.0.0.Final.jar;D:\maven\mavenWareHouseNew\commons-codec\commons-codec\1.10\commons-codec-1.10.jar;D:\maven\mavenWareHouseNew\org\springframework\boot\spring-boot-starter-test\1.5.13.RELEASE\spring-boot-starter-test-1.5.13.RELEASE.jar;D:\maven\mavenWareHouseNew\org\springframework\boot\spring-boot-test\1.5.13.RELEASE\spring-boot-test-1.5.13.RELEASE.jar;D:\maven\mavenWareHouseNew\org\springframework\boot\spring-boot-test-autoconfigure\1.5.13.RELEASE\spring-boot-test-autoconfigure-1.5.13.RELEASE.jar;D:\maven\mavenWareHouseNew\com\jayway\jsonpath\json-path\2.2.0\json-path-2.2.0.jar;D:\maven\mavenWareHouseNew\net\minidev\json-smart\2.2.1\json-smart-2.2.1.jar;D:\maven\mavenWareHouseNew\net\minidev\accessors-smart\1.1\accessors-smart-1.1.jar;D:\maven\mavenWareHouseNew\junit\junit\4.12\junit-4.12.jar;D:\maven\mavenWareHouseNew\org\assertj\assertj-core\2.6.0\assertj-core-2.6.0.jar;D:\maven\mavenWareHouseNew\org\mockito\mockito-core\1.10.19\mockito-core-1.10.19.jar;D:\maven\mavenWareHouseNew\org\objenesis\objenesis\2.5.1\objenesis-2.5.1.jar;D:\maven\mavenWareHouseNew\org\hamcrest\hamcrest-core\1.3\hamcrest-core-1.3.jar;D:\maven\mavenWareHouseNew\org\hamcrest\hamcrest-library\1.3\hamcrest-library-1.3.jar;D:\maven\mavenWareHouseNew\org\skyscreamer\jsonassert\1.4.0\jsonassert-1.4.0.jar;D:\maven\mavenWareHouseNew\com\vaadin\external\google\android-json\0.0.20131108.vaadin1\android-json-0.0.20131108.vaadin1.jar;D:\maven\mavenWareHouseNew\org\springframework\spring-core\4.3.11.RELEASE\spring-core-4.3.11.RELEASE.jar;D:\maven\mavenWareHouseNew\org\springframework\spring-test\4.3.17.RELEASE\spring-test-4.3.17.RELEASE.jar;D:\maven\mavenWareHouseNew\com\alibaba\druid\1.0.29\druid-1.0.29.jar;C:\workSoftware\Java\jdk1.8.0_73\jre\..\lib\jconsole.jar;C:\workSoftware\Java\jdk1.8.0_73\jre\..\lib\tools.jar;D:\maven\mavenWareHouseNew\org\mybatis\generator\mybatis-generator-core\1.3.5\mybatis-generator-core-1.3.5.jar;D:\maven\mavenWareHouseNew\org\springframework\boot\spring-boot-configuration-processor\1.5.13.RELEASE\spring-boot-configuration-processor-1.5.13.RELEASE.jar;D:\maven\mavenWareHouseNew\org\springframework\boot\spring-boot-devtools\1.5.13.RELEASE\spring-boot-devtools-1.5.13.RELEASE.jar;D:\maven\mavenWareHouseNew\org\springframework\boot\spring-boot\1.5.13.RELEASE\spring-boot-1.5.13.RELEASE.jar;D:\maven\mavenWareHouseNew\org\springframework\boot\spring-boot-starter-aop\1.5.13.RELEASE\spring-boot-starter-aop-1.5.13.RELEASE.jar;D:\maven\mavenWareHouseNew\org\springframework\spring-aop\4.3.17.RELEASE\spring-aop-4.3.17.RELEASE.jar;D:\maven\mavenWareHouseNew\org\modelmapper\modelmapper\1.1.2\modelmapper-1.1.2.jar;D:\maven\mavenWareHouseNew\org\jolokia\jolokia-core\1.3.7\jolokia-core-1.3.7.jar;D:\maven\mavenWareHouseNew\com\googlecode\json-simple\json-simple\1.1.1\json-simple-1.1.1.jar;D:\maven\mavenWareHouseNew\org\springframework\security\spring-security-jwt\1.0.9.RELEASE\spring-security-jwt-1.0.9.RELEASE.jar;D:\maven\mavenWareHouseNew\org\bouncycastle\bcpkix-jdk15on\1.56\bcpkix-jdk15on-1.56.jar;D:\maven\mavenWareHouseNew\org\bouncycastle\bcprov-jdk15on\1.56\bcprov-jdk15on-1.56.jar;D:\maven\mavenWareHouseNew\org\liquibase\liquibase-core\3.5.3\liquibase-core-3.5.3.jar;D:\maven\mavenWareHouseNew\org\yaml\snakeyaml\1.17\snakeyaml-1.17.jar;D:\maven\mavenWareHouseNew\org\springframework\cloud\spring-cloud-starter-zipkin\1.3.3.RELEASE\spring-cloud-starter-zipkin-1.3.3.RELEASE.jar;D:\maven\mavenWareHouseNew\org\springframework\amqp\spring-rabbit\1.7.7.RELEASE\spring-rabbit-1.7.7.RELEASE.jar;D:\maven\mavenWareHouseNew\org\springframework\retry\spring-retry\1.2.2.RELEASE\spring-retry-1.2.2.RELEASE.jar;D:\maven\mavenWareHouseNew\com\rabbitmq\http-client\1.1.1.RELEASE\http-client-1.1.1.RELEASE.jar;D:\maven\mavenWareHouseNew\com\rabbitmq\amqp-client\4.0.3\amqp-client-4.0.3.jar;D:\maven\mavenWareHouseNew\org\springframework\spring-messaging\4.3.17.RELEASE\spring-messaging-4.3.17.RELEASE.jar;D:\maven\mavenWareHouseNew\org\springframework\spring-context\4.3.8.RELEASE\spring-context-4.3.8.RELEASE.jar;D:\maven\mavenWareHouseNew\org\springframework\amqp\spring-amqp\1.7.7.RELEASE\spring-amqp-1.7.7.RELEASE.jar;D:\maven\mavenWareHouseNew\org\springframework\cloud\spring-cloud-starter-netflix-eureka-client\1.4.4.RELEASE\spring-cloud-starter-netflix-eureka-client-1.4.4.RELEASE.jar;D:\maven\mavenWareHouseNew\org\springframework\cloud\spring-cloud-netflix-core\1.4.4.RELEASE\spring-cloud-netflix-core-1.4.4.RELEASE.jar;D:\maven\mavenWareHouseNew\org\springframework\cloud\spring-cloud-netflix-eureka-client\1.4.4.RELEASE\spring-cloud-netflix-eureka-client-1.4.4.RELEASE.jar;D:\maven\mavenWareHouseNew\com\netflix\eureka\eureka-client\1.7.2\eureka-client-1.7.2.jar;D:\maven\mavenWareHouseNew\org\codehaus\jettison\jettison\1.2\jettison-1.2.jar;D:\maven\mavenWareHouseNew\stax\stax-api\1.0.1\stax-api-1.0.1.jar;D:\maven\mavenWareHouseNew\com\netflix\netflix-commons\netflix-eventbus\0.3.0\netflix-eventbus-0.3.0.jar;D:\maven\mavenWareHouseNew\com\netflix\netflix-commons\netflix-infix\0.3.0\netflix-infix-0.3.0.jar;D:\maven\mavenWareHouseNew\commons-jxpath\commons-jxpath\1.3\commons-jxpath-1.3.jar;D:\maven\mavenWareHouseNew\org\antlr\antlr-runtime\3.4\antlr-runtime-3.4.jar;D:\maven\mavenWareHouseNew\org\antlr\stringtemplate\3.2.1\stringtemplate-3.2.1.jar;D:\maven\mavenWareHouseNew\antlr\antlr\2.7.7\antlr-2.7.7.jar;D:\maven\mavenWareHouseNew\com\google\code\gson\gson\2.8.4\gson-2.8.4.jar;D:\maven\mavenWareHouseNew\org\apache\commons\commons-math\2.2\commons-math-2.2.jar;D:\maven\mavenWareHouseNew\javax\ws\rs\jsr311-api\1.1.1\jsr311-api-1.1.1.jar;D:\maven\mavenWareHouseNew\com\netflix\servo\servo-core\0.10.1\servo-core-0.10.1.jar;D:\maven\mavenWareHouseNew\com\netflix\servo\servo-internal\0.10.1\servo-internal-0.10.1.jar;D:\maven\mavenWareHouseNew\com\sun\jersey\jersey-core\1.19.1\jersey-core-1.19.1.jar;D:\maven\mavenWareHouseNew\com\sun\jersey\jersey-client\1.19.1\jersey-client-1.19.1.jar;D:\maven\mavenWareHouseNew\com\sun\jersey\contribs\jersey-apache-client4\1.19.1\jersey-apache-client4-1.19.1.jar;D:\maven\mavenWareHouseNew\com\google\inject\guice\3.0\guice-3.0.jar;D:\maven\mavenWareHouseNew\com\netflix\eureka\eureka-core\1.7.2\eureka-core-1.7.2.jar;D:\maven\mavenWareHouseNew\org\codehaus\woodstox\woodstox-core-asl\4.4.1\woodstox-core-asl-4.4.1.jar;D:\maven\mavenWareHouseNew\javax\xml\stream\stax-api\1.0-2\stax-api-1.0-2.jar;D:\maven\mavenWareHouseNew\org\codehaus\woodstox\stax2-api\3.1.4\stax2-api-3.1.4.jar;D:\maven\mavenWareHouseNew\org\springframework\cloud\spring-cloud-starter-netflix-archaius\1.4.4.RELEASE\spring-cloud-starter-netflix-archaius-1.4.4.RELEASE.jar;D:\maven\mavenWareHouseNew\commons-configuration\commons-configuration\1.8\commons-configuration-1.8.jar;D:\maven\mavenWareHouseNew\org\springframework\cloud\spring-cloud-starter-netflix-ribbon\1.4.4.RELEASE\spring-cloud-starter-netflix-ribbon-1.4.4.RELEASE.jar;D:\maven\mavenWareHouseNew\com\netflix\ribbon\ribbon\2.2.5\ribbon-2.2.5.jar;D:\maven\mavenWareHouseNew\com\netflix\ribbon\ribbon-transport\2.2.5\ribbon-transport-2.2.5.jar;D:\maven\mavenWareHouseNew\io\reactivex\rxnetty-contexts\0.4.9\rxnetty-contexts-0.4.9.jar;D:\maven\mavenWareHouseNew\io\reactivex\rxnetty-servo\0.4.9\rxnetty-servo-0.4.9.jar;D:\maven\mavenWareHouseNew\io\reactivex\rxnetty\0.4.9\rxnetty-0.4.9.jar;D:\maven\mavenWareHouseNew\io\netty\netty-codec-http\4.0.27.Final\netty-codec-http-4.0.27.Final.jar;D:\maven\mavenWareHouseNew\io\netty\netty-codec\4.0.27.Final\netty-codec-4.0.27.Final.jar;D:\maven\mavenWareHouseNew\io\netty\netty-handler\4.0.27.Final\netty-handler-4.0.27.Final.jar;D:\maven\mavenWareHouseNew\io\netty\netty-transport-native-epoll\4.0.27.Final\netty-transport-native-epoll-4.0.27.Final.jar;D:\maven\mavenWareHouseNew\io\netty\netty-common\4.0.27.Final\netty-common-4.0.27.Final.jar;D:\maven\mavenWareHouseNew\io\netty\netty-buffer\4.0.27.Final\netty-buffer-4.0.27.Final.jar;D:\maven\mavenWareHouseNew\io\netty\netty-transport\4.0.27.Final\netty-transport-4.0.27.Final.jar;D:\maven\mavenWareHouseNew\com\netflix\ribbon\ribbon-core\2.2.5\ribbon-core-2.2.5.jar;D:\maven\mavenWareHouseNew\com\netflix\ribbon\ribbon-httpclient\2.2.5\ribbon-httpclient-2.2.5.jar;D:\maven\mavenWareHouseNew\com\netflix\netflix-commons\netflix-commons-util\0.1.1\netflix-commons-util-0.1.1.jar;D:\maven\mavenWareHouseNew\com\netflix\ribbon\ribbon-loadbalancer\2.2.5\ribbon-loadbalancer-2.2.5.jar;D:\maven\mavenWareHouseNew\com\netflix\netflix-commons\netflix-statistics\0.1.1\netflix-statistics-0.1.1.jar;D:\maven\mavenWareHouseNew\com\netflix\ribbon\ribbon-eureka\2.2.5\ribbon-eureka-2.2.5.jar;D:\maven\mavenWareHouseNew\com\thoughtworks\xstream\xstream\1.4.10\xstream-1.4.10.jar;D:\maven\mavenWareHouseNew\xmlpull\xmlpull\1.1.3.1\xmlpull-1.1.3.1.jar;D:\maven\mavenWareHouseNew\xpp3\xpp3_min\1.1.4c\xpp3_min-1.1.4c.jar;, java.specification.name=Java Platform API Specification, java.class.version=52.0, sun.management.compiler=HotSpot 64-Bit Tiered Compilers, os.version=10.0, user.home=C:\Users\18771, user.timezone=Asia/Shanghai, java.awt.printerjob=sun.awt.windows.WPrinterJob, file.encoding=GBK, java.specification.version=1.8, java.class.path=C:\workproject\study\Immortalbird\paascloud-provider\paascloud-provider-uac\target\test-classes;C:\workproject\study\Immortalbird\paascloud-provider\paascloud-provider-uac\target\classes;D:\maven\mavenWareHouseNew\mysql\mysql-connector-java\5.1.39\mysql-connector-java-5.1.39.jar;D:\maven\mavenWareHouseNew\io\jsonwebtoken\jjwt\0.7.0\jjwt-0.7.0.jar;D:\maven\mavenWareHouseNew\joda-time\joda-time\2.9.6\joda-time-2.9.6.jar;D:\maven\mavenWareHouseNew\org\mybatis\spring\boot\mybatis-spring-boot-starter\1.2.0\mybatis-spring-boot-starter-1.2.0.jar;D:\maven\mavenWareHouseNew\org\springframework\boot\spring-boot-starter\1.5.13.RELEASE\spring-boot-starter-1.5.13.RELEASE.jar;D:\maven\mavenWareHouseNew\org\springframework\boot\spring-boot-starter-logging\1.5.13.RELEASE\spring-boot-starter-logging-1.5.13.RELEASE.jar;D:\maven\mavenWareHouseNew\org\slf4j\jcl-over-slf4j\1.7.25\jcl-over-slf4j-1.7.25.jar;D:\maven\mavenWareHouseNew\org\slf4j\jul-to-slf4j\1.7.25\jul-to-slf4j-1.7.25.jar;D:\maven\mavenWareHouseNew\org\slf4j\log4j-over-slf4j\1.7.25\log4j-over-slf4j-1.7.25.jar;D:\maven\mavenWareHouseNew\org\springframework\boot\spring-boot-starter-jdbc\1.5.13.RELEASE\spring-boot-starter-jdbc-1.5.13.RELEASE.jar;D:\maven\mavenWareHouseNew\org\apache\tomcat\tomcat-jdbc\8.5.31\tomcat-jdbc-8.5.31.jar;D:\maven\mavenWareHouseNew\org\apache\tomcat\tomcat-juli\8.5.31\tomcat-juli-8.5.31.jar;D:\maven\mavenWareHouseNew\org\springframework\spring-jdbc\4.3.17.RELEASE\spring-jdbc-4.3.17.RELEASE.jar;D:\maven\mavenWareHouseNew\org\mybatis\spring\boot\mybatis-spring-boot-autoconfigure\1.2.0\mybatis-spring-boot-autoconfigure-1.2.0.jar;D:\maven\mavenWareHouseNew\org\mybatis\mybatis\3.4.2\mybatis-3.4.2.jar;D:\maven\mavenWareHouseNew\org\mybatis\mybatis-spring\1.3.1\mybatis-spring-1.3.1.jar;D:\maven\mavenWareHouseNew\tk\mybatis\mapper-spring-boot-starter\1.1.1\mapper-spring-boot-starter-1.1.1.jar;D:\maven\mavenWareHouseNew\tk\mybatis\mapper-spring-boot-autoconfigure\1.1.1\mapper-spring-boot-autoconfigure-1.1.1.jar;D:\maven\mavenWareHouseNew\tk\mybatis\mapper\3.4.0\mapper-3.4.0.jar;D:\maven\mavenWareHouseNew\javax\persistence\persistence-api\1.0\persistence-api-1.0.jar;D:\maven\mavenWareHouseNew\com\github\pagehelper\pagehelper-spring-boot-starter\1.1.2\pagehelper-spring-boot-starter-1.1.2.jar;D:\maven\mavenWareHouseNew\com\github\pagehelper\pagehelper-spring-boot-autoconfigure\1.1.2\pagehelper-spring-boot-autoconfigure-1.1.2.jar;D:\maven\mavenWareHouseNew\com\github\pagehelper\pagehelper\5.0.3\pagehelper-5.0.3.jar;D:\maven\mavenWareHouseNew\com\github\jsqlparser\jsqlparser\1.0\jsqlparser-1.0.jar;D:\maven\mavenWareHouseNew\com\alibaba\druid-spring-boot-starter\1.1.0\druid-spring-boot-starter-1.1.0.jar;D:\maven\mavenWareHouseNew\org\springframework\boot\spring-boot-autoconfigure\1.5.13.RELEASE\spring-boot-autoconfigure-1.5.13.RELEASE.jar;D:\maven\mavenWareHouseNew\com\fasterxml\jackson\core\jackson-databind\2.8.4\jackson-databind-2.8.4.jar;D:\maven\mavenWareHouseNew\com\fasterxml\jackson\core\jackson-annotations\2.8.0\jackson-annotations-2.8.0.jar;D:\maven\mavenWareHouseNew\com\fasterxml\jackson\core\jackson-core\2.8.11\jackson-core-2.8.11.jar;D:\maven\mavenWareHouseNew\com\liuzm\paascloud\provider\api\paascloud-provider-uac-api\1.0\paascloud-provider-uac-api-1.0.jar;D:\maven\mavenWareHouseNew\com\liuzm\paascloud\common\paascloud-security-feign\1.0\paascloud-security-feign-1.0.jar;D:\maven\mavenWareHouseNew\com\liuzm\paascloud\provider\api\paascloud-provider-mdc-api\1.0\paascloud-provider-mdc-api-1.0.jar;D:\maven\mavenWareHouseNew\com\liuzm\paascloud\provider\api\paascloud-provider-omc-api\1.0\paascloud-provider-omc-api-1.0.jar;D:\maven\mavenWareHouseNew\com\liuzm\paascloud\provider\api\paascloud-provider-opc-api\1.0\paascloud-provider-opc-api-1.0.jar;D:\maven\mavenWareHouseNew\io\github\openfeign\form\feign-form\3.0.3\feign-form-3.0.3.jar;D:\maven\mavenWareHouseNew\io\github\openfeign\form\feign-form-spring\3.0.3\feign-form-spring-3.0.3.jar;D:\maven\mavenWareHouseNew\com\liuzm\paascloud\provider\api\paascloud-provider-sdk-api\1.0\paascloud-provider-sdk-api-1.0.jar;D:\maven\mavenWareHouseNew\org\projectlombok\lombok\1.16.14\lombok-1.16.14.jar;D:\maven\mavenWareHouseNew\com\liuzm\paascloud\provider\api\paascloud-provider-tpc-api\1.0\paascloud-provider-tpc-api-1.0.jar;D:\maven\mavenWareHouseNew\com\liuzm\paascloud\common\paascloud-common-zk\1.0\paascloud-common-zk-1.0.jar;D:\maven\mavenWareHouseNew\org\apache\curator\curator-framework\2.10.0\curator-framework-2.10.0.jar;D:\maven\mavenWareHouseNew\org\apache\curator\curator-client\2.10.0\curator-client-2.10.0.jar;D:\maven\mavenWareHouseNew\org\apache\zookeeper\zookeeper\3.4.6\zookeeper-3.4.6.jar;D:\maven\mavenWareHouseNew\jline\jline\2.14.6\jline-2.14.6.jar;D:\maven\mavenWareHouseNew\io\netty\netty\3.7.0.Final\netty-3.7.0.Final.jar;D:\maven\mavenWareHouseNew\org\apache\curator\curator-recipes\2.10.0\curator-recipes-2.10.0.jar;D:\maven\mavenWareHouseNew\com\alibaba\fastjson\1.2.29\fastjson-1.2.29.jar;D:\maven\mavenWareHouseNew\org\aspectj\aspectjweaver\1.8.13\aspectjweaver-1.8.13.jar;D:\maven\mavenWareHouseNew\org\springframework\spring-tx\4.3.11.RELEASE\spring-tx-4.3.11.RELEASE.jar;D:\maven\mavenWareHouseNew\org\springframework\spring-beans\4.3.17.RELEASE\spring-beans-4.3.17.RELEASE.jar;D:\maven\mavenWareHouseNew\org\apache\rocketmq\rocketmq-client\4.1.0-incubating\rocketmq-client-4.1.0-incubating.jar;D:\maven\mavenWareHouseNew\org\apache\rocketmq\rocketmq-common\4.1.0-incubating\rocketmq-common-4.1.0-incubating.jar;D:\maven\mavenWareHouseNew\org\apache\rocketmq\rocketmq-remoting\4.1.0-incubating\rocketmq-remoting-4.1.0-incubating.jar;D:\maven\mavenWareHouseNew\io\netty\netty-all\4.0.56.Final\netty-all-4.0.56.Final.jar;D:\maven\mavenWareHouseNew\org\slf4j\slf4j-api\1.7.25\slf4j-api-1.7.25.jar;D:\maven\mavenWareHouseNew\org\apache\commons\commons-lang3\3.5\commons-lang3-3.5.jar;D:\maven\mavenWareHouseNew\de\codecentric\spring-boot-admin-starter-client\1.5.7\spring-boot-admin-starter-client-1.5.7.jar;D:\maven\mavenWareHouseNew\de\codecentric\spring-boot-admin-client\1.5.7\spring-boot-admin-client-1.5.7.jar;D:\maven\mavenWareHouseNew\org\springframework\boot\spring-boot-starter-freemarker\1.5.13.RELEASE\spring-boot-starter-freemarker-1.5.13.RELEASE.jar;D:\maven\mavenWareHouseNew\org\freemarker\freemarker\2.3.28\freemarker-2.3.28.jar;D:\maven\mavenWareHouseNew\org\springframework\spring-context-support\4.3.17.RELEASE\spring-context-support-4.3.17.RELEASE.jar;D:\maven\mavenWareHouseNew\org\springframework\cloud\spring-cloud-starter-feign\1.4.4.RELEASE\spring-cloud-starter-feign-1.4.4.RELEASE.jar;D:\maven\mavenWareHouseNew\org\springframework\cloud\spring-cloud-starter-openfeign\1.4.4.RELEASE\spring-cloud-starter-openfeign-1.4.4.RELEASE.jar;D:\maven\mavenWareHouseNew\io\github\openfeign\feign-core\9.5.0\feign-core-9.5.0.jar;D:\maven\mavenWareHouseNew\org\jvnet\animal-sniffer-annotation\1.0\animal-sniffer-annotation-1.0.jar;D:\maven\mavenWareHouseNew\io\github\openfeign\feign-slf4j\9.5.0\feign-slf4j-9.5.0.jar;D:\maven\mavenWareHouseNew\io\github\openfeign\feign-hystrix\9.5.0\feign-hystrix-9.5.0.jar;D:\maven\mavenWareHouseNew\com\github\penggle\kaptcha\2.3.2\kaptcha-2.3.2.jar;D:\maven\mavenWareHouseNew\com\jhlabs\filters\2.0.235-1\filters-2.0.235-1.jar;D:\maven\mavenWareHouseNew\org\springframework\cloud\spring-cloud-starter-oauth2\1.2.2.RELEASE\spring-cloud-starter-oauth2-1.2.2.RELEASE.jar;D:\maven\mavenWareHouseNew\org\springframework\cloud\spring-cloud-starter-security\1.2.2.RELEASE\spring-cloud-starter-security-1.2.2.RELEASE.jar;D:\maven\mavenWareHouseNew\org\springframework\cloud\spring-cloud-security\1.2.2.RELEASE\spring-cloud-security-1.2.2.RELEASE.jar;D:\maven\mavenWareHouseNew\org\springframework\boot\spring-boot-starter-security\1.5.13.RELEASE\spring-boot-starter-security-1.5.13.RELEASE.jar;D:\maven\mavenWareHouseNew\org\springframework\security\oauth\spring-security-oauth2\2.0.15.RELEASE\spring-security-oauth2-2.0.15.RELEASE.jar;D:\maven\mavenWareHouseNew\org\springframework\security\spring-security-core\4.2.6.RELEASE\spring-security-core-4.2.6.RELEASE.jar;D:\maven\mavenWareHouseNew\org\springframework\security\spring-security-config\4.2.6.RELEASE\spring-security-config-4.2.6.RELEASE.jar;D:\maven\mavenWareHouseNew\org\springframework\social\spring-social-config\1.1.6.RELEASE\spring-social-config-1.1.6.RELEASE.jar;D:\maven\mavenWareHouseNew\org\springframework\social\spring-social-core\1.1.6.RELEASE\spring-social-core-1.1.6.RELEASE.jar;D:\maven\mavenWareHouseNew\org\springframework\spring-web\4.3.8.RELEASE\spring-web-4.3.8.RELEASE.jar;D:\maven\mavenWareHouseNew\org\springframework\social\spring-social-security\1.1.6.RELEASE\spring-social-security-1.1.6.RELEASE.jar;D:\maven\mavenWareHouseNew\org\springframework\spring-webmvc\4.3.17.RELEASE\spring-webmvc-4.3.17.RELEASE.jar;D:\maven\mavenWareHouseNew\org\springframework\spring-expression\4.3.17.RELEASE\spring-expression-4.3.17.RELEASE.jar;D:\maven\mavenWareHouseNew\org\springframework\security\spring-security-web\4.2.6.RELEASE\spring-security-web-4.2.6.RELEASE.jar;D:\maven\mavenWareHouseNew\aopalliance\aopalliance\1.0\aopalliance-1.0.jar;D:\maven\mavenWareHouseNew\org\springframework\social\spring-social-web\1.1.6.RELEASE\spring-social-web-1.1.6.RELEASE.jar;D:\maven\mavenWareHouseNew\javax\inject\javax.inject\1\javax.inject-1.jar;D:\maven\mavenWareHouseNew\com\liuzm\paascloud\common\paascloud-common-base\1.0\paascloud-common-base-1.0.jar;D:\maven\mavenWareHouseNew\com\liuzm\paascloud\common\paascloud-security-app\1.0\paascloud-security-app-1.0.jar;D:\maven\mavenWareHouseNew\com\liuzm\paascloud\common\paascloud-security-core\1.0\paascloud-security-core-1.0.jar;D:\maven\mavenWareHouseNew\commons-lang\commons-lang\2.6\commons-lang-2.6.jar;D:\maven\mavenWareHouseNew\commons-collections\commons-collections\3.2.2\commons-collections-3.2.2.jar;D:\maven\mavenWareHouseNew\org\springframework\cloud\spring-cloud-starter-config\1.4.3.RELEASE\spring-cloud-starter-config-1.4.3.RELEASE.jar;D:\maven\mavenWareHouseNew\org\springframework\cloud\spring-cloud-starter\1.3.3.RELEASE\spring-cloud-starter-1.3.3.RELEASE.jar;D:\maven\mavenWareHouseNew\org\springframework\cloud\spring-cloud-context\1.3.3.RELEASE\spring-cloud-context-1.3.3.RELEASE.jar;D:\maven\mavenWareHouseNew\org\springframework\security\spring-security-rsa\1.0.3.RELEASE\spring-security-rsa-1.0.3.RELEASE.jar;D:\maven\mavenWareHouseNew\org\springframework\cloud\spring-cloud-config-client\1.4.3.RELEASE\spring-cloud-config-client-1.4.3.RELEASE.jar;D:\maven\mavenWareHouseNew\org\springframework\cloud\spring-cloud-starter-sleuth\1.3.3.RELEASE\spring-cloud-starter-sleuth-1.3.3.RELEASE.jar;D:\maven\mavenWareHouseNew\org\springframework\cloud\spring-cloud-sleuth-core\1.3.3.RELEASE\spring-cloud-sleuth-core-1.3.3.RELEASE.jar;D:\maven\mavenWareHouseNew\org\aspectj\aspectjrt\1.8.13\aspectjrt-1.8.13.jar;D:\maven\mavenWareHouseNew\org\springframework\cloud\spring-cloud-sleuth-zipkin\1.3.3.RELEASE\spring-cloud-sleuth-zipkin-1.3.3.RELEASE.jar;D:\maven\mavenWareHouseNew\org\springframework\cloud\spring-cloud-commons\1.3.3.RELEASE\spring-cloud-commons-1.3.3.RELEASE.jar;D:\maven\mavenWareHouseNew\org\springframework\security\spring-security-crypto\4.2.6.RELEASE\spring-security-crypto-4.2.6.RELEASE.jar;D:\maven\mavenWareHouseNew\org\apache\httpcomponents\httpclient\4.5.5\httpclient-4.5.5.jar;D:\maven\mavenWareHouseNew\org\apache\httpcomponents\httpcore\4.4.9\httpcore-4.4.9.jar;D:\maven\mavenWareHouseNew\io\zipkin\zipkin2\zipkin\2.6.1\zipkin-2.6.1.jar;D:\maven\mavenWareHouseNew\io\zipkin\reporter2\zipkin-reporter\2.5.0\zipkin-reporter-2.5.0.jar;D:\maven\mavenWareHouseNew\io\zipkin\reporter2\zipkin-sender-kafka11\2.5.0\zipkin-sender-kafka11-2.5.0.jar;D:\maven\mavenWareHouseNew\io\zipkin\reporter2\zipkin-sender-amqp-client\2.5.0\zipkin-sender-amqp-client-2.5.0.jar;D:\maven\mavenWareHouseNew\com\liuzm\paascloud\common\paascloud-common-util\1.0\paascloud-common-util-1.0.jar;D:\maven\mavenWareHouseNew\ch\qos\logback\logback-classic\1.1.11\logback-classic-1.1.11.jar;D:\maven\mavenWareHouseNew\org\codehaus\jackson\jackson-smile\1.9.13\jackson-smile-1.9.13.jar;D:\maven\mavenWareHouseNew\org\codehaus\jackson\jackson-core-asl\1.9.13\jackson-core-asl-1.9.13.jar;D:\maven\mavenWareHouseNew\org\codehaus\jackson\jackson-mapper-asl\1.9.13\jackson-mapper-asl-1.9.13.jar;D:\maven\mavenWareHouseNew\com\xiaoleilu\hutool-all\3.0.7\hutool-all-3.0.7.jar;D:\maven\mavenWareHouseNew\commons-beanutils\commons-beanutils\1.9.3\commons-beanutils-1.9.3.jar;D:\maven\mavenWareHouseNew\com\liuzm\paascloud\common\paascloud-common-core\1.0\paascloud-common-core-1.0.jar;D:\maven\mavenWareHouseNew\eu\bitwalker\UserAgentUtils\1.20\UserAgentUtils-1.20.jar;D:\maven\mavenWareHouseNew\org\springframework\boot\spring-boot-starter-data-redis\1.5.13.RELEASE\spring-boot-starter-data-redis-1.5.13.RELEASE.jar;D:\maven\mavenWareHouseNew\org\springframework\data\spring-data-redis\1.8.12.RELEASE\spring-data-redis-1.8.12.RELEASE.jar;D:\maven\mavenWareHouseNew\org\springframework\data\spring-data-keyvalue\1.2.12.RELEASE\spring-data-keyvalue-1.2.12.RELEASE.jar;D:\maven\mavenWareHouseNew\org\springframework\data\spring-data-commons\1.13.12.RELEASE\spring-data-commons-1.13.12.RELEASE.jar;D:\maven\mavenWareHouseNew\org\springframework\spring-oxm\4.3.17.RELEASE\spring-oxm-4.3.17.RELEASE.jar;D:\maven\mavenWareHouseNew\redis\clients\jedis\2.9.0\jedis-2.9.0.jar;D:\maven\mavenWareHouseNew\org\apache\commons\commons-pool2\2.4.3\commons-pool2-2.4.3.jar;D:\maven\mavenWareHouseNew\com\fasterxml\jackson\module\jackson-module-parameter-names\2.8.11\jackson-module-parameter-names-2.8.11.jar;D:\maven\mavenWareHouseNew\com\fasterxml\jackson\datatype\jackson-datatype-jdk8\2.8.11\jackson-datatype-jdk8-2.8.11.jar;D:\maven\mavenWareHouseNew\com\fasterxml\jackson\datatype\jackson-datatype-jsr310\2.8.11\jackson-datatype-jsr310-2.8.11.jar;D:\maven\mavenWareHouseNew\com\liuzm\paascloud\common\paascloud-common-config\1.0\paascloud-common-config-1.0.jar;D:\maven\mavenWareHouseNew\com\arronlong\httpclientutil\httpclientutil\1.0\httpclientutil-1.0.jar;D:\maven\mavenWareHouseNew\org\apache\httpcomponents\httpmime\4.5.5\httpmime-4.5.5.jar;D:\maven\mavenWareHouseNew\org\apache\httpcomponents\httpasyncclient\4.1.3\httpasyncclient-4.1.3.jar;D:\maven\mavenWareHouseNew\org\apache\httpcomponents\httpcore-nio\4.4.6\httpcore-nio-4.4.6.jar;D:\maven\mavenWareHouseNew\log4j\log4j\1.2.17\log4j-1.2.17.jar;D:\maven\mavenWareHouseNew\com\netflix\hystrix\hystrix-core\1.5.12\hystrix-core-1.5.12.jar;D:\maven\mavenWareHouseNew\com\netflix\archaius\archaius-core\0.7.4\archaius-core-0.7.4.jar;D:\maven\mavenWareHouseNew\com\google\code\findbugs\jsr305\3.0.2\jsr305-3.0.2.jar;D:\maven\mavenWareHouseNew\io\reactivex\rxjava\1.2.0\rxjava-1.2.0.jar;D:\maven\mavenWareHouseNew\org\hdrhistogram\HdrHistogram\2.1.9\HdrHistogram-2.1.9.jar;D:\maven\mavenWareHouseNew\org\springframework\boot\spring-boot-starter-actuator\1.5.13.RELEASE\spring-boot-starter-actuator-1.5.13.RELEASE.jar;D:\maven\mavenWareHouseNew\org\springframework\boot\spring-boot-actuator\1.5.13.RELEASE\spring-boot-actuator-1.5.13.RELEASE.jar;D:\maven\mavenWareHouseNew\org\springframework\cloud\spring-cloud-starter-hystrix\1.4.4.RELEASE\spring-cloud-starter-hystrix-1.4.4.RELEASE.jar;D:\maven\mavenWareHouseNew\org\springframework\cloud\spring-cloud-starter-netflix-hystrix\1.4.4.RELEASE\spring-cloud-starter-netflix-hystrix-1.4.4.RELEASE.jar;D:\maven\mavenWareHouseNew\com\netflix\hystrix\hystrix-metrics-event-stream\1.5.12\hystrix-metrics-event-stream-1.5.12.jar;D:\maven\mavenWareHouseNew\com\netflix\hystrix\hystrix-serialization\1.5.12\hystrix-serialization-1.5.12.jar;D:\maven\mavenWareHouseNew\com\fasterxml\jackson\module\jackson-module-afterburner\2.8.11\jackson-module-afterburner-2.8.11.jar;D:\maven\mavenWareHouseNew\com\netflix\hystrix\hystrix-javanica\1.5.12\hystrix-javanica-1.5.12.jar;D:\maven\mavenWareHouseNew\org\ow2\asm\asm\5.0.4\asm-5.0.4.jar;D:\maven\mavenWareHouseNew\org\springframework\boot\spring-boot-starter-web\1.5.13.RELEASE\spring-boot-starter-web-1.5.13.RELEASE.jar;D:\maven\mavenWareHouseNew\org\springframework\boot\spring-boot-starter-tomcat\1.5.13.RELEASE\spring-boot-starter-tomcat-1.5.13.RELEASE.jar;D:\maven\mavenWareHouseNew\org\apache\tomcat\embed\tomcat-embed-core\8.5.31\tomcat-embed-core-8.5.31.jar;D:\maven\mavenWareHouseNew\org\apache\tomcat\tomcat-annotations-api\8.5.31\tomcat-annotations-api-8.5.31.jar;D:\maven\mavenWareHouseNew\org\apache\tomcat\embed\tomcat-embed-websocket\8.5.31\tomcat-embed-websocket-8.5.31.jar;D:\maven\mavenWareHouseNew\org\hibernate\hibernate-validator\5.3.6.Final\hibernate-validator-5.3.6.Final.jar;D:\maven\mavenWareHouseNew\javax\validation\validation-api\1.1.0.Final\validation-api-1.1.0.Final.jar;D:\maven\mavenWareHouseNew\org\jboss\logging\jboss-logging\3.3.2.Final\jboss-logging-3.3.2.Final.jar;D:\maven\mavenWareHouseNew\net\logstash\logback\logstash-logback-encoder\4.6\logstash-logback-encoder-4.6.jar;D:\maven\mavenWareHouseNew\ch\qos\logback\logback-core\1.1.11\logback-core-1.1.11.jar;D:\maven\mavenWareHouseNew\com\google\guava\guava\17.0\guava-17.0.jar;D:\maven\mavenWareHouseNew\org\springframework\boot\spring-boot-starter-validation\1.5.13.RELEASE\spring-boot-starter-validation-1.5.13.RELEASE.jar;D:\maven\mavenWareHouseNew\org\apache\tomcat\embed\tomcat-embed-el\8.5.31\tomcat-embed-el-8.5.31.jar;D:\maven\mavenWareHouseNew\io\springfox\springfox-swagger-ui\2.6.1\springfox-swagger-ui-2.6.1.jar;D:\maven\mavenWareHouseNew\io\springfox\springfox-spring-web\2.6.1\springfox-spring-web-2.6.1.jar;D:\maven\mavenWareHouseNew\io\springfox\springfox-swagger2\2.6.1\springfox-swagger2-2.6.1.jar;D:\maven\mavenWareHouseNew\io\swagger\swagger-annotations\1.5.10\swagger-annotations-1.5.10.jar;D:\maven\mavenWareHouseNew\io\swagger\swagger-models\1.5.10\swagger-models-1.5.10.jar;D:\maven\mavenWareHouseNew\io\springfox\springfox-spi\2.6.1\springfox-spi-2.6.1.jar;D:\maven\mavenWareHouseNew\io\springfox\springfox-core\2.6.1\springfox-core-2.6.1.jar;D:\maven\mavenWareHouseNew\io\springfox\springfox-schema\2.6.1\springfox-schema-2.6.1.jar;D:\maven\mavenWareHouseNew\io\springfox\springfox-swagger-common\2.6.1\springfox-swagger-common-2.6.1.jar;D:\maven\mavenWareHouseNew\com\fasterxml\classmate\1.3.4\classmate-1.3.4.jar;D:\maven\mavenWareHouseNew\org\springframework\plugin\spring-plugin-core\1.2.0.RELEASE\spring-plugin-core-1.2.0.RELEASE.jar;D:\maven\mavenWareHouseNew\org\springframework\plugin\spring-plugin-metadata\1.2.0.RELEASE\spring-plugin-metadata-1.2.0.RELEASE.jar;D:\maven\mavenWareHouseNew\org\mapstruct\mapstruct\1.0.0.Final\mapstruct-1.0.0.Final.jar;D:\maven\mavenWareHouseNew\commons-codec\commons-codec\1.10\commons-codec-1.10.jar;D:\maven\mavenWareHouseNew\org\springframework\boot\spring-boot-starter-test\1.5.13.RELEASE\spring-boot-starter-test-1.5.13.RELEASE.jar;D:\maven\mavenWareHouseNew\org\springframework\boot\spring-boot-test\1.5.13.RELEASE\spring-boot-test-1.5.13.RELEASE.jar;D:\maven\mavenWareHouseNew\org\springframework\boot\spring-boot-test-autoconfigure\1.5.13.RELEASE\spring-boot-test-autoconfigure-1.5.13.RELEASE.jar;D:\maven\mavenWareHouseNew\com\jayway\jsonpath\json-path\2.2.0\json-path-2.2.0.jar;D:\maven\mavenWareHouseNew\net\minidev\json-smart\2.2.1\json-smart-2.2.1.jar;D:\maven\mavenWareHouseNew\net\minidev\accessors-smart\1.1\accessors-smart-1.1.jar;D:\maven\mavenWareHouseNew\junit\junit\4.12\junit-4.12.jar;D:\maven\mavenWareHouseNew\org\assertj\assertj-core\2.6.0\assertj-core-2.6.0.jar;D:\maven\mavenWareHouseNew\org\mockito\mockito-core\1.10.19\mockito-core-1.10.19.jar;D:\maven\mavenWareHouseNew\org\objenesis\objenesis\2.5.1\objenesis-2.5.1.jar;D:\maven\mavenWareHouseNew\org\hamcrest\hamcrest-core\1.3\hamcrest-core-1.3.jar;D:\maven\mavenWareHouseNew\org\hamcrest\hamcrest-library\1.3\hamcrest-library-1.3.jar;D:\maven\mavenWareHouseNew\org\skyscreamer\jsonassert\1.4.0\jsonassert-1.4.0.jar;D:\maven\mavenWareHouseNew\com\vaadin\external\google\android-json\0.0.20131108.vaadin1\android-json-0.0.20131108.vaadin1.jar;D:\maven\mavenWareHouseNew\org\springframework\spring-core\4.3.11.RELEASE\spring-core-4.3.11.RELEASE.jar;D:\maven\mavenWareHouseNew\org\springframework\spring-test\4.3.17.RELEASE\spring-test-4.3.17.RELEASE.jar;D:\maven\mavenWareHouseNew\com\alibaba\druid\1.0.29\druid-1.0.29.jar;C:\workSoftware\Java\jdk1.8.0_73\jre\..\lib\jconsole.jar;C:\workSoftware\Java\jdk1.8.0_73\jre\..\lib\tools.jar;D:\maven\mavenWareHouseNew\org\mybatis\generator\mybatis-generator-core\1.3.5\mybatis-generator-core-1.3.5.jar;D:\maven\mavenWareHouseNew\org\springframework\boot\spring-boot-configuration-processor\1.5.13.RELEASE\spring-boot-configuration-processor-1.5.13.RELEASE.jar;D:\maven\mavenWareHouseNew\org\springframework\boot\spring-boot-devtools\1.5.13.RELEASE\spring-boot-devtools-1.5.13.RELEASE.jar;D:\maven\mavenWareHouseNew\org\springframework\boot\spring-boot\1.5.13.RELEASE\spring-boot-1.5.13.RELEASE.jar;D:\maven\mavenWareHouseNew\org\springframework\boot\spring-boot-starter-aop\1.5.13.RELEASE\spring-boot-starter-aop-1.5.13.RELEASE.jar;D:\maven\mavenWareHouseNew\org\springframework\spring-aop\4.3.17.RELEASE\spring-aop-4.3.17.RELEASE.jar;D:\maven\mavenWareHouseNew\org\modelmapper\modelmapper\1.1.2\modelmapper-1.1.2.jar;D:\maven\mavenWareHouseNew\org\jolokia\jolokia-core\1.3.7\jolokia-core-1.3.7.jar;D:\maven\mavenWareHouseNew\com\googlecode\json-simple\json-simple\1.1.1\json-simple-1.1.1.jar;D:\maven\mavenWareHouseNew\org\springframework\security\spring-security-jwt\1.0.9.RELEASE\spring-security-jwt-1.0.9.RELEASE.jar;D:\maven\mavenWareHouseNew\org\bouncycastle\bcpkix-jdk15on\1.56\bcpkix-jdk15on-1.56.jar;D:\maven\mavenWareHouseNew\org\bouncycastle\bcprov-jdk15on\1.56\bcprov-jdk15on-1.56.jar;D:\maven\mavenWareHouseNew\org\liquibase\liquibase-core\3.5.3\liquibase-core-3.5.3.jar;D:\maven\mavenWareHouseNew\org\yaml\snakeyaml\1.17\snakeyaml-1.17.jar;D:\maven\mavenWareHouseNew\org\springframework\cloud\spring-cloud-starter-zipkin\1.3.3.RELEASE\spring-cloud-starter-zipkin-1.3.3.RELEASE.jar;D:\maven\mavenWareHouseNew\org\springframework\amqp\spring-rabbit\1.7.7.RELEASE\spring-rabbit-1.7.7.RELEASE.jar;D:\maven\mavenWareHouseNew\org\springframework\retry\spring-retry\1.2.2.RELEASE\spring-retry-1.2.2.RELEASE.jar;D:\maven\mavenWareHouseNew\com\rabbitmq\http-client\1.1.1.RELEASE\http-client-1.1.1.RELEASE.jar;D:\maven\mavenWareHouseNew\com\rabbitmq\amqp-client\4.0.3\amqp-client-4.0.3.jar;D:\maven\mavenWareHouseNew\org\springframework\spring-messaging\4.3.17.RELEASE\spring-messaging-4.3.17.RELEASE.jar;D:\maven\mavenWareHouseNew\org\springframework\spring-context\4.3.8.RELEASE\spring-context-4.3.8.RELEASE.jar;D:\maven\mavenWareHouseNew\org\springframework\amqp\spring-amqp\1.7.7.RELEASE\spring-amqp-1.7.7.RELEASE.jar;D:\maven\mavenWareHouseNew\org\springframework\cloud\spring-cloud-starter-netflix-eureka-client\1.4.4.RELEASE\spring-cloud-starter-netflix-eureka-client-1.4.4.RELEASE.jar;D:\maven\mavenWareHouseNew\org\springframework\cloud\spring-cloud-netflix-core\1.4.4.RELEASE\spring-cloud-netflix-core-1.4.4.RELEASE.jar;D:\maven\mavenWareHouseNew\org\springframework\cloud\spring-cloud-netflix-eureka-client\1.4.4.RELEASE\spring-cloud-netflix-eureka-client-1.4.4.RELEASE.jar;D:\maven\mavenWareHouseNew\com\netflix\eureka\eureka-client\1.7.2\eureka-client-1.7.2.jar;D:\maven\mavenWareHouseNew\org\codehaus\jettison\jettison\1.2\jettison-1.2.jar;D:\maven\mavenWareHouseNew\stax\stax-api\1.0.1\stax-api-1.0.1.jar;D:\maven\mavenWareHouseNew\com\netflix\netflix-commons\netflix-eventbus\0.3.0\netflix-eventbus-0.3.0.jar;D:\maven\mavenWareHouseNew\com\netflix\netflix-commons\netflix-infix\0.3.0\netflix-infix-0.3.0.jar;D:\maven\mavenWareHouseNew\commons-jxpath\commons-jxpath\1.3\commons-jxpath-1.3.jar;D:\maven\mavenWareHouseNew\org\antlr\antlr-runtime\3.4\antlr-runtime-3.4.jar;D:\maven\mavenWareHouseNew\org\antlr\stringtemplate\3.2.1\stringtemplate-3.2.1.jar;D:\maven\mavenWareHouseNew\antlr\antlr\2.7.7\antlr-2.7.7.jar;D:\maven\mavenWareHouseNew\com\google\code\gson\gson\2.8.4\gson-2.8.4.jar;D:\maven\mavenWareHouseNew\org\apache\commons\commons-math\2.2\commons-math-2.2.jar;D:\maven\mavenWareHouseNew\javax\ws\rs\jsr311-api\1.1.1\jsr311-api-1.1.1.jar;D:\maven\mavenWareHouseNew\com\netflix\servo\servo-core\0.10.1\servo-core-0.10.1.jar;D:\maven\mavenWareHouseNew\com\netflix\servo\servo-internal\0.10.1\servo-internal-0.10.1.jar;D:\maven\mavenWareHouseNew\com\sun\jersey\jersey-core\1.19.1\jersey-core-1.19.1.jar;D:\maven\mavenWareHouseNew\com\sun\jersey\jersey-client\1.19.1\jersey-client-1.19.1.jar;D:\maven\mavenWareHouseNew\com\sun\jersey\contribs\jersey-apache-client4\1.19.1\jersey-apache-client4-1.19.1.jar;D:\maven\mavenWareHouseNew\com\google\inject\guice\3.0\guice-3.0.jar;D:\maven\mavenWareHouseNew\com\netflix\eureka\eureka-core\1.7.2\eureka-core-1.7.2.jar;D:\maven\mavenWareHouseNew\org\codehaus\woodstox\woodstox-core-asl\4.4.1\woodstox-core-asl-4.4.1.jar;D:\maven\mavenWareHouseNew\javax\xml\stream\stax-api\1.0-2\stax-api-1.0-2.jar;D:\maven\mavenWareHouseNew\org\codehaus\woodstox\stax2-api\3.1.4\stax2-api-3.1.4.jar;D:\maven\mavenWareHouseNew\org\springframework\cloud\spring-cloud-starter-netflix-archaius\1.4.4.RELEASE\spring-cloud-starter-netflix-archaius-1.4.4.RELEASE.jar;D:\maven\mavenWareHouseNew\commons-configuration\commons-configuration\1.8\commons-configuration-1.8.jar;D:\maven\mavenWareHouseNew\org\springframework\cloud\spring-cloud-starter-netflix-ribbon\1.4.4.RELEASE\spring-cloud-starter-netflix-ribbon-1.4.4.RELEASE.jar;D:\maven\mavenWareHouseNew\com\netflix\ribbon\ribbon\2.2.5\ribbon-2.2.5.jar;D:\maven\mavenWareHouseNew\com\netflix\ribbon\ribbon-transport\2.2.5\ribbon-transport-2.2.5.jar;D:\maven\mavenWareHouseNew\io\reactivex\rxnetty-contexts\0.4.9\rxnetty-contexts-0.4.9.jar;D:\maven\mavenWareHouseNew\io\reactivex\rxnetty-servo\0.4.9\rxnetty-servo-0.4.9.jar;D:\maven\mavenWareHouseNew\io\reactivex\rxnetty\0.4.9\rxnetty-0.4.9.jar;D:\maven\mavenWareHouseNew\io\netty\netty-codec-http\4.0.27.Final\netty-codec-http-4.0.27.Final.jar;D:\maven\mavenWareHouseNew\io\netty\netty-codec\4.0.27.Final\netty-codec-4.0.27.Final.jar;D:\maven\mavenWareHouseNew\io\netty\netty-handler\4.0.27.Final\netty-handler-4.0.27.Final.jar;D:\maven\mavenWareHouseNew\io\netty\netty-transport-native-epoll\4.0.27.Final\netty-transport-native-epoll-4.0.27.Final.jar;D:\maven\mavenWareHouseNew\io\netty\netty-common\4.0.27.Final\netty-common-4.0.27.Final.jar;D:\maven\mavenWareHouseNew\io\netty\netty-buffer\4.0.27.Final\netty-buffer-4.0.27.Final.jar;D:\maven\mavenWareHouseNew\io\netty\netty-transport\4.0.27.Final\netty-transport-4.0.27.Final.jar;D:\maven\mavenWareHouseNew\com\netflix\ribbon\ribbon-core\2.2.5\ribbon-core-2.2.5.jar;D:\maven\mavenWareHouseNew\com\netflix\ribbon\ribbon-httpclient\2.2.5\ribbon-httpclient-2.2.5.jar;D:\maven\mavenWareHouseNew\com\netflix\netflix-commons\netflix-commons-util\0.1.1\netflix-commons-util-0.1.1.jar;D:\maven\mavenWareHouseNew\com\netflix\ribbon\ribbon-loadbalancer\2.2.5\ribbon-loadbalancer-2.2.5.jar;D:\maven\mavenWareHouseNew\com\netflix\netflix-commons\netflix-statistics\0.1.1\netflix-statistics-0.1.1.jar;D:\maven\mavenWareHouseNew\com\netflix\ribbon\ribbon-eureka\2.2.5\ribbon-eureka-2.2.5.jar;D:\maven\mavenWareHouseNew\com\thoughtworks\xstream\xstream\1.4.10\xstream-1.4.10.jar;D:\maven\mavenWareHouseNew\xmlpull\xmlpull\1.1.3.1\xmlpull-1.1.3.1.jar;D:\maven\mavenWareHouseNew\xpp3\xpp3_min\1.1.4c\xpp3_min-1.1.4c.jar;, user.name=18771, java.vm.specification.version=1.8, sun.java.command=C:\workproject\study\Immortalbird\paascloud-provider\paascloud-provider-uac\target\surefire\surefirebooter3960685941693253513.jar C:\workproject\study\Immortalbird\paascloud-provider\paascloud-provider-uac\target\surefire\surefire8331501010975414119tmp C:\workproject\study\Immortalbird\paascloud-provider\paascloud-provider-uac\target\surefire\surefire_03200265229749405644tmp, java.home=C:\workSoftware\Java\jdk1.8.0_73\jre, sun.arch.data.model=64, aven.test.skip=true, user.language=zh, java.specification.vendor=Oracle Corporation, awt.toolkit=sun.awt.windows.WToolkit, java.vm.info=mixed mode, java.version=1.8.0_73, java.ext.dirs=C:\workSoftware\Java\jdk1.8.0_73\jre\lib\ext;C:\WINDOWS\Sun\Java\lib\ext, sun.boot.class.path=C:\workSoftware\Java\jdk1.8.0_73\jre\lib\resources.jar;C:\workSoftware\Java\jdk1.8.0_73\jre\lib\rt.jar;C:\workSoftware\Java\jdk1.8.0_73\jre\lib\sunrsasign.jar;C:\workSoftware\Java\jdk1.8.0_73\jre\lib\jsse.jar;C:\workSoftware\Java\jdk1.8.0_73\jre\lib\jce.jar;C:\workSoftware\Java\jdk1.8.0_73\jre\lib\charsets.jar;C:\workSoftware\Java\jdk1.8.0_73\jre\lib\jfr.jar;C:\workSoftware\Java\jdk1.8.0_73\jre\classes, java.vendor=Oracle Corporation, localRepository=D:\maven\mavenWareHouseNew, file.separator=\, java.vendor.url.bug=http://bugreport.sun.com/bugreport/, sun.io.unicode.encoding=UnicodeLittle, sun.cpu.endian=little, sun.desktop=windows, sun.cpu.isalist=amd64}}, SystemEnvironmentPropertySource@370370379 {name='systemEnvironment', properties={PATH=C:\Users\18771\bin;C:\Program Files\Git\mingw64\bin;C:\Program Files\Git\usr\local\bin;C:\Program Files\Git\usr\bin;C:\Program Files\Git\usr\bin;C:\Program Files\Git\mingw64\bin;C:\Program Files\Git\usr\bin;C:\Users\18771\bin;C:\workSoftware\Anaconda3-5;C:\workSoftware\Anaconda3-5\Library\mingw-w64\bin;C:\workSoftware\Anaconda3-5\Library\usr\bin;C:\workSoftware\Anaconda3-5\Library\bin;C:\workSoftware\Anaconda3-5\Scripts;%PYTHON_HOME%;C:\ProgramData\Oracle\Java\javapath;C:\workSoftware\gradle\gradle-4.4\bin;C:\workSoftware\mysql\mysql-5.7.17-winx64\bin;C:\workSoftware\maven\apache-maven-3.2.5\bin;%CATALINA_HOME%\bin;C:\workSoftware\Java\jdk1.8.0_73\bin;C:\workSoftware\Java\jdk1.8.0_73\jre\bin;C:\WINDOWS\system32;C:\WINDOWS;C:\WINDOWS\System32\Wbem;C:\WINDOWS\System32\WindowsPowerShell\v1.0;C:\Program Files\Git\cmd;C:\Program Files\Git\mingw64\bin;C:\Program Files\Git\usr\bin;%CATALINA_HOME%\lib;C:\workSoftware\ant\apache-ant-1.10.5\bin;C:\WINDOWS\System32\OpenSSH;C:\Program Files\Pandoc;C:\Program Files\MIT\Kerberos\bin;C:\workSoftware\apache-groovy\groovy-2.5.5\bin;C:\workSoftware\grails\grails-3.3.9\bin;C:\Ruby22-x64\bin;C:\Users\18771\AppData\Local\Microsoft\WindowsApps;C:\workSoftware\docker\Docker Toolbox;C:\Program Files\Git\usr\bin\vendor_perl;C:\Program Files\Git\usr\bin\core_perl, USERDOMAIN_ROAMINGPROFILE=DESKTOP-5SL4MN7, PKG_CONFIG_PATH=C:\Program Files\Git\mingw64\lib\pkgconfig;C:\Program Files\Git\mingw64\share\pkgconfig, NO_PROXY=192.168.99.100, PROCESSOR_LEVEL=6, SYSTEMDRIVE=C:, M2=C:\workSoftware\maven\apache-maven-3.2.5\bin, GRAILS_HOME=C:\workSoftware\grails\grails-3.3.9, ALLUSERSPROFILE=C:\ProgramData, PROCESSOR_ARCHITECTURE=AMD64, TNS_ADMIN=C:\workSoftware\instantclient-basic-nt-11.2.0.3.0\instantclient_11_2\network\admin, DRIVERDATA=C:\Windows\System32\Drivers\DriverData, PROGRAMFILES=C:\Program Files, PSMODULEPATH=%ProgramFiles%\WindowsPowerShell\Modules;C:\WINDOWS\system32\WindowsPowerShell\v1.0\Modules, PROGRAMDATA=C:\ProgramData, USERNAME=18771, PWD=C:/workproject/study/Immortalbird/paascloud-provider, CATALINA_HOME1111=C:\workSoftware\tomcat\apache-tomcat-9.0.5, INFOPATH=C:\Program Files\Git\usr\local\info;C:\Program Files\Git\usr\share\info;C:\Program Files\Git\usr\info;C:\Program Files\Git\share\info, ONEDRIVE=C:\Users\18771\OneDrive, PATHEXT=.COM;.EXE;.BAT;.CMD;.VBS;.VBE;.JS;.JSE;.WSF;.WSH;.MSC;.RB;.RBW, SHELL=C:\Program Files\Git\usr\bin\bash, COMPOSE_CONVERT_WINDOWS_PATHS=true, OLDPWD=C:/workproject/study/Immortalbird/paascloud-provider, TMPDIR=C:\Users\18771\AppData\Local\Temp, WINDIR=C:\WINDOWS, SSH_ASKPASS=C:/Program Files/Git/mingw64/libexec/git-core/git-gui--askpass, HOMEPATH=\Users\18771, MYSQL_HOME=C:\workSoftware\mysql\mysql-5.7.17-winx64, PROCESSOR_IDENTIFIER=Intel64 Family 6 Model 78 Stepping 3, GenuineIntel, M2_HOME=C:\workSoftware\maven\apache-maven-3.2.5, PUBLIC=C:\Users\Public, =::=::\, EXEPATH=C:\Program Files\Git, SHLVL=1, LOCALAPPDATA=C:\Users\18771\AppData\Local, MANPATH=C:\Program Files\Git\mingw64\share\man;C:\Program Files\Git\usr\local\man;C:\Program Files\Git\usr\share\man;C:\Program Files\Git\usr\man;C:\Program Files\Git\share\man, COMMONPROGRAMFILES(X86)=C:\Program Files (x86)\Common Files, DOCKER_HOST=tcp://192.168.99.100:2376, USERDOMAIN=DESKTOP-5SL4MN7, LOGONSERVER=\\DESKTOP-5SL4MN7, JAVA_HOME=C:/workSoftware/Java/jdk1.8.0_73, PLINK_PROTOCOL=ssh, PROMPT=$P$G, PROGRAMFILES(X86)=C:\Program Files (x86), TERM=cygwin, LANG=zh_CN.UTF-8, GRADLE_HOME=C:\workSoftware\gradle\gradle-4.4, MAVEN_OPTS= -Xms512m -Xmx1024m, ANT_HOME=C:\workSoftware\ant\apache-ant-1.10.5, DISPLAY=needs-to-be-defined, GROOVY_HOME=C:\workSoftware\apache-groovy\groovy-2.5.5, MSYSTEM=MINGW64, =C:=C:\workproject\study\Immortalbird\paascloud-provider\paascloud-provider-uac, APPDATA=C:\Users\18771\AppData\Roaming, DOCKER_MACHINE_NAME=default, DOCKER_CERT_PATH=C:\Users\18771\.docker\machine\machines\default, PROGRAMW6432=C:\Program Files, SYSTEMROOT=C:\WINDOWS, MAVEN_CMD_LINE_ARGS= clean install -Daven.test.skip=true, VBOX_MSI_INSTALL_PATH=C:\Program Files\Oracle\VirtualBox\, OS=Windows_NT, COMMONPROGRAMW6432=C:\Program Files\Common Files, COMPUTERNAME=DESKTOP-5SL4MN7, JBOSS_HOME=F:\工作目录\新华三\瞿媛媛\接收\jboss-eap-7.1, COMMONPROGRAMFILES=C:\Program Files\Common Files, COMSPEC=C:\WINDOWS\system32\cmd.exe, MAVEN_PROJECTBASEDIR=C:/workproject/study/Immortalbird/paascloud-provider, PROCESSOR_REVISION=4e03, CLASSPATH=.;C:\workSoftware\Java\jdk1.8.0_73\lib\dt.jar;C:\workSoftware\Java\jdk1.8.0_73\lib\tools.jar, NLS_LANG=SIMPLIFIED CHINESE_CHINA.ZHS16GBK, ACLOCAL_PATH=C:\Program Files\Git\mingw64\share\aclocal;C:\Program Files\Git\usr\share\aclocal, DOCKER_TLS_VERIFY=1, PRINTER=NPIBF6305 (HP LaserJet 400 M401dn), TEMP=C:\Users\18771\AppData\Local\Temp, HOSTNAME=DESKTOP-5SL4MN7, HOMEDRIVE=C:, USERPROFILE=C:\Users\18771, TMP=C:\Users\18771\AppData\Local\Temp, NUMBER_OF_PROCESSORS=4, DOCKER_TOOLBOX_INSTALL_PATH=C:\workSoftware\docker\Docker Toolbox, HOME=C:\Users\18771}}]
16:15:09.643 [main] INFO org.springframework.boot.test.context.SpringBootTestContextBootstrapper - Found @SpringBootConfiguration com.paascloud.PaasCloudUacApplication for test class com.paascloud.provider.UacUserServiceTest
16:15:09.644 [main] DEBUG org.springframework.boot.test.context.SpringBootTestContextBootstrapper - @TestExecutionListeners is not present for class [com.paascloud.provider.UacUserServiceTest]: using defaults.
16:15:09.663 [main] INFO org.springframework.boot.test.context.SpringBootTestContextBootstrapper - Loaded default TestExecutionListener class names from location [META-INF/spring.factories]: [org.springframework.boot.test.mock.mockito.MockitoTestExecutionListener, org.springframework.boot.test.mock.mockito.ResetMocksTestExecutionListener, org.springframework.boot.test.autoconfigure.restdocs.RestDocsTestExecutionListener, org.springframework.boot.test.autoconfigure.web.client.MockRestServiceServerResetTestExecutionListener, org.springframework.boot.test.autoconfigure.web.servlet.MockMvcPrintOnlyOnFailureTestExecutionListener, org.springframework.boot.test.autoconfigure.web.servlet.WebDriverTestExecutionListener, org.springframework.test.context.web.ServletTestExecutionListener, org.springframework.test.context.support.DirtiesContextBeforeModesTestExecutionListener, org.springframework.test.context.support.DependencyInjectionTestExecutionListener, org.springframework.test.context.support.DirtiesContextTestExecutionListener, org.springframework.test.context.transaction.TransactionalTestExecutionListener, org.springframework.test.context.jdbc.SqlScriptsTestExecutionListener]
16:15:09.682 [main] INFO org.springframework.boot.test.context.SpringBootTestContextBootstrapper - Using TestExecutionListeners: [org.springframework.test.context.web.ServletTestExecutionListener@741a8937, org.springframework.test.context.support.DirtiesContextBeforeModesTestExecutionListener@306e95ec, org.springframework.boot.test.mock.mockito.MockitoTestExecutionListener@52af26ee, org.springframework.boot.test.autoconfigure.SpringBootDependencyInjectionTestExecutionListener@6fd83fc1, org.springframework.test.context.support.DirtiesContextTestExecutionListener@4f2b503c, org.springframework.test.context.transaction.TransactionalTestExecutionListener@bae7dc0, org.springframework.test.context.jdbc.SqlScriptsTestExecutionListener@209da20d, org.springframework.boot.test.mock.mockito.ResetMocksTestExecutionListener@e15b7e8, org.springframework.boot.test.autoconfigure.restdocs.RestDocsTestExecutionListener@1b2abca6, org.springframework.boot.test.autoconfigure.web.client.MockRestServiceServerResetTestExecutionListener@6392827e, org.springframework.boot.test.autoconfigure.web.servlet.MockMvcPrintOnlyOnFailureTestExecutionListener@2ed2d9cb, org.springframework.boot.test.autoconfigure.web.servlet.WebDriverTestExecutionListener@d5b810e]
16:15:09.692 [main] DEBUG org.springframework.test.annotation.ProfileValueUtils - Retrieved @ProfileValueSourceConfiguration [null] for test class [com.paascloud.provider.PaasCloudUacApplicationTests]
16:15:09.695 [main] DEBUG org.springframework.test.annotation.ProfileValueUtils - Retrieved ProfileValueSource type [class org.springframework.test.annotation.SystemProfileValueSource] for class [com.paascloud.provider.PaasCloudUacApplicationTests]
16:15:09.696 [main] DEBUG org.springframework.test.annotation.ProfileValueUtils - Retrieved @ProfileValueSourceConfiguration [null] for test class [com.paascloud.provider.UacMenuServiceTest]
16:15:09.696 [main] DEBUG org.springframework.test.annotation.ProfileValueUtils - Retrieved ProfileValueSource type [class org.springframework.test.annotation.SystemProfileValueSource] for class [com.paascloud.provider.UacMenuServiceTest]
16:15:09.697 [main] DEBUG org.springframework.test.annotation.ProfileValueUtils - Retrieved @ProfileValueSourceConfiguration [null] for test class [com.paascloud.provider.UacRoleServiceTest]
16:15:09.697 [main] DEBUG org.springframework.test.annotation.ProfileValueUtils - Retrieved ProfileValueSource type [class org.springframework.test.annotation.SystemProfileValueSource] for class [com.paascloud.provider.UacRoleServiceTest]
16:15:09.698 [main] DEBUG org.springframework.test.annotation.ProfileValueUtils - Retrieved @ProfileValueSourceConfiguration [null] for test class [com.paascloud.provider.UacUserServiceTest]
16:15:09.698 [main] DEBUG org.springframework.test.annotation.ProfileValueUtils - Retrieved ProfileValueSource type [class org.springframework.test.annotation.SystemProfileValueSource] for class [com.paascloud.provider.UacUserServiceTest]
16:15:09.704 [main] DEBUG org.springframework.test.context.junit4.SpringJUnit4ClassRunner - SpringJUnit4ClassRunner constructor called with [class com.paascloud.provider.PaasCloudUacApplicationTests]
16:15:09.706 [main] DEBUG org.springframework.test.context.BootstrapUtils - Instantiating CacheAwareContextLoaderDelegate from class [org.springframework.test.context.cache.DefaultCacheAwareContextLoaderDelegate]
16:15:09.706 [main] DEBUG org.springframework.test.context.BootstrapUtils - Instantiating BootstrapContext using constructor [public org.springframework.test.context.support.DefaultBootstrapContext(java.lang.Class,org.springframework.test.context.CacheAwareContextLoaderDelegate)]
16:15:09.707 [main] DEBUG org.springframework.test.context.BootstrapUtils - Instantiating TestContextBootstrapper for test class [com.paascloud.provider.PaasCloudUacApplicationTests] from class [org.springframework.boot.test.context.SpringBootTestContextBootstrapper]
16:15:09.708 [main] INFO org.springframework.boot.test.context.SpringBootTestContextBootstrapper - Neither @ContextConfiguration nor @ContextHierarchy found for test class [com.paascloud.provider.PaasCloudUacApplicationTests], using SpringBootContextLoader
16:15:09.710 [main] DEBUG org.springframework.test.context.support.AbstractContextLoader - Did not detect default resource location for test class [com.paascloud.provider.PaasCloudUacApplicationTests]: class path resource [com/paascloud/provider/PaasCloudUacApplicationTests-context.xml] does not exist
16:15:09.711 [main] DEBUG org.springframework.test.context.support.AbstractContextLoader - Did not detect default resource location for test class [com.paascloud.provider.PaasCloudUacApplicationTests]: class path resource [com/paascloud/provider/PaasCloudUacApplicationTestsContext.groovy] does not exist
16:15:09.712 [main] INFO org.springframework.test.context.support.AbstractContextLoader - Could not detect default resource locations for test class [com.paascloud.provider.PaasCloudUacApplicationTests]: no resource found for suffixes {-context.xml, Context.groovy}.
16:15:09.712 [main] INFO org.springframework.test.context.support.AnnotationConfigContextLoaderUtils - Could not detect default configuration classes for test class [com.paascloud.provider.PaasCloudUacApplicationTests]: PaasCloudUacApplicationTests does not declare any static, non-private, non-final, nested classes annotated with @Configuration.
16:15:09.738 [main] DEBUG org.springframework.test.context.support.ActiveProfilesUtils - Could not find an 'annotation declaring class' for annotation type [org.springframework.test.context.ActiveProfiles] and class [com.paascloud.provider.PaasCloudUacApplicationTests]
16:15:09.738 [main] DEBUG org.springframework.core.env.StandardEnvironment - Adding PropertySource 'systemProperties' with lowest search precedence
16:15:09.739 [main] DEBUG org.springframework.core.env.StandardEnvironment - Adding PropertySource 'systemEnvironment' with lowest search precedence
16:15:09.739 [main] DEBUG org.springframework.core.env.StandardEnvironment - Initialized StandardEnvironment with PropertySources [MapPropertySource@155361948 {name='systemProperties', properties={java.runtime.name=Java(TM) SE Runtime Environment, sun.boot.library.path=C:\workSoftware\Java\jdk1.8.0_73\jre\bin, java.vm.version=25.73-b02, java.vm.vendor=Oracle Corporation, java.vendor.url=http://java.oracle.com/, path.separator=;, java.vm.name=Java HotSpot(TM) 64-Bit Server VM, file.encoding.pkg=sun.io, user.country=CN, user.script=, sun.java.launcher=SUN_STANDARD, sun.os.patch.level=, java.vm.specification.name=Java Virtual Machine Specification, user.dir=C:\workproject\study\Immortalbird\paascloud-provider\paascloud-provider-uac, java.runtime.version=1.8.0_73-b02, basedir=C:\workproject\study\Immortalbird\paascloud-provider\paascloud-provider-uac, java.awt.graphicsenv=sun.awt.Win32GraphicsEnvironment, java.endorsed.dirs=C:\workSoftware\Java\jdk1.8.0_73\jre\lib\endorsed, os.arch=amd64, surefire.real.class.path=C:\workproject\study\Immortalbird\paascloud-provider\paascloud-provider-uac\target\surefire\surefirebooter3960685941693253513.jar, java.io.tmpdir=C:\Users\18771\AppData\Local\Temp\, line.separator=
, java.vm.specification.vendor=Oracle Corporation, user.variant=, os.name=Windows 10, sun.jnu.encoding=GBK, java.library.path=C:\workSoftware\Java\jdk1.8.0_73\jre\bin;C:\WINDOWS\Sun\Java\bin;C:\WINDOWS\system32;C:\WINDOWS;C:\Users\18771\bin;C:\Program Files\Git\mingw64\bin;C:\Program Files\Git\usr\local\bin;C:\Program Files\Git\usr\bin;C:\Program Files\Git\usr\bin;C:\Program Files\Git\mingw64\bin;C:\Program Files\Git\usr\bin;C:\Users\18771\bin;C:\workSoftware\Anaconda3-5;C:\workSoftware\Anaconda3-5\Library\mingw-w64\bin;C:\workSoftware\Anaconda3-5\Library\usr\bin;C:\workSoftware\Anaconda3-5\Library\bin;C:\workSoftware\Anaconda3-5\Scripts;%PYTHON_HOME%;C:\ProgramData\Oracle\Java\javapath;C:\workSoftware\gradle\gradle-4.4\bin;C:\workSoftware\mysql\mysql-5.7.17-winx64\bin;C:\workSoftware\maven\apache-maven-3.2.5\bin;%CATALINA_HOME%\bin;C:\workSoftware\Java\jdk1.8.0_73\bin;C:\workSoftware\Java\jdk1.8.0_73\jre\bin;C:\WINDOWS\system32;C:\WINDOWS;C:\WINDOWS\System32\Wbem;C:\WINDOWS\System32\WindowsPowerShell\v1.0;C:\Program Files\Git\cmd;C:\Program Files\Git\mingw64\bin;C:\Program Files\Git\usr\bin;%CATALINA_HOME%\lib;C:\workSoftware\ant\apache-ant-1.10.5\bin;C:\WINDOWS\System32\OpenSSH;C:\Program Files\Pandoc;C:\Program Files\MIT\Kerberos\bin;C:\workSoftware\apache-groovy\groovy-2.5.5\bin;C:\workSoftware\grails\grails-3.3.9\bin;C:\Ruby22-x64\bin;C:\Users\18771\AppData\Local\Microsoft\WindowsApps;C:\workSoftware\docker\Docker Toolbox;C:\Program Files\Git\usr\bin\vendor_perl;C:\Program Files\Git\usr\bin\core_perl;., surefire.test.class.path=C:\workproject\study\Immortalbird\paascloud-provider\paascloud-provider-uac\target\test-classes;C:\workproject\study\Immortalbird\paascloud-provider\paascloud-provider-uac\target\classes;D:\maven\mavenWareHouseNew\mysql\mysql-connector-java\5.1.39\mysql-connector-java-5.1.39.jar;D:\maven\mavenWareHouseNew\io\jsonwebtoken\jjwt\0.7.0\jjwt-0.7.0.jar;D:\maven\mavenWareHouseNew\joda-time\joda-time\2.9.6\joda-time-2.9.6.jar;D:\maven\mavenWareHouseNew\org\mybatis\spring\boot\mybatis-spring-boot-starter\1.2.0\mybatis-spring-boot-starter-1.2.0.jar;D:\maven\mavenWareHouseNew\org\springframework\boot\spring-boot-starter\1.5.13.RELEASE\spring-boot-starter-1.5.13.RELEASE.jar;D:\maven\mavenWareHouseNew\org\springframework\boot\spring-boot-starter-logging\1.5.13.RELEASE\spring-boot-starter-logging-1.5.13.RELEASE.jar;D:\maven\mavenWareHouseNew\org\slf4j\jcl-over-slf4j\1.7.25\jcl-over-slf4j-1.7.25.jar;D:\maven\mavenWareHouseNew\org\slf4j\jul-to-slf4j\1.7.25\jul-to-slf4j-1.7.25.jar;D:\maven\mavenWareHouseNew\org\slf4j\log4j-over-slf4j\1.7.25\log4j-over-slf4j-1.7.25.jar;D:\maven\mavenWareHouseNew\org\springframework\boot\spring-boot-starter-jdbc\1.5.13.RELEASE\spring-boot-starter-jdbc-1.5.13.RELEASE.jar;D:\maven\mavenWareHouseNew\org\apache\tomcat\tomcat-jdbc\8.5.31\tomcat-jdbc-8.5.31.jar;D:\maven\mavenWareHouseNew\org\apache\tomcat\tomcat-juli\8.5.31\tomcat-juli-8.5.31.jar;D:\maven\mavenWareHouseNew\org\springframework\spring-jdbc\4.3.17.RELEASE\spring-jdbc-4.3.17.RELEASE.jar;D:\maven\mavenWareHouseNew\org\mybatis\spring\boot\mybatis-spring-boot-autoconfigure\1.2.0\mybatis-spring-boot-autoconfigure-1.2.0.jar;D:\maven\mavenWareHouseNew\org\mybatis\mybatis\3.4.2\mybatis-3.4.2.jar;D:\maven\mavenWareHouseNew\org\mybatis\mybatis-spring\1.3.1\mybatis-spring-1.3.1.jar;D:\maven\mavenWareHouseNew\tk\mybatis\mapper-spring-boot-starter\1.1.1\mapper-spring-boot-starter-1.1.1.jar;D:\maven\mavenWareHouseNew\tk\mybatis\mapper-spring-boot-autoconfigure\1.1.1\mapper-spring-boot-autoconfigure-1.1.1.jar;D:\maven\mavenWareHouseNew\tk\mybatis\mapper\3.4.0\mapper-3.4.0.jar;D:\maven\mavenWareHouseNew\javax\persistence\persistence-api\1.0\persistence-api-1.0.jar;D:\maven\mavenWareHouseNew\com\github\pagehelper\pagehelper-spring-boot-starter\1.1.2\pagehelper-spring-boot-starter-1.1.2.jar;D:\maven\mavenWareHouseNew\com\github\pagehelper\pagehelper-spring-boot-autoconfigure\1.1.2\pagehelper-spring-boot-autoconfigure-1.1.2.jar;D:\maven\mavenWareHouseNew\com\github\pagehelper\pagehelper\5.0.3\pagehelper-5.0.3.jar;D:\maven\mavenWareHouseNew\com\github\jsqlparser\jsqlparser\1.0\jsqlparser-1.0.jar;D:\maven\mavenWareHouseNew\com\alibaba\druid-spring-boot-starter\1.1.0\druid-spring-boot-starter-1.1.0.jar;D:\maven\mavenWareHouseNew\org\springframework\boot\spring-boot-autoconfigure\1.5.13.RELEASE\spring-boot-autoconfigure-1.5.13.RELEASE.jar;D:\maven\mavenWareHouseNew\com\fasterxml\jackson\core\jackson-databind\2.8.4\jackson-databind-2.8.4.jar;D:\maven\mavenWareHouseNew\com\fasterxml\jackson\core\jackson-annotations\2.8.0\jackson-annotations-2.8.0.jar;D:\maven\mavenWareHouseNew\com\fasterxml\jackson\core\jackson-core\2.8.11\jackson-core-2.8.11.jar;D:\maven\mavenWareHouseNew\com\liuzm\paascloud\provider\api\paascloud-provider-uac-api\1.0\paascloud-provider-uac-api-1.0.jar;D:\maven\mavenWareHouseNew\com\liuzm\paascloud\common\paascloud-security-feign\1.0\paascloud-security-feign-1.0.jar;D:\maven\mavenWareHouseNew\com\liuzm\paascloud\provider\api\paascloud-provider-mdc-api\1.0\paascloud-provider-mdc-api-1.0.jar;D:\maven\mavenWareHouseNew\com\liuzm\paascloud\provider\api\paascloud-provider-omc-api\1.0\paascloud-provider-omc-api-1.0.jar;D:\maven\mavenWareHouseNew\com\liuzm\paascloud\provider\api\paascloud-provider-opc-api\1.0\paascloud-provider-opc-api-1.0.jar;D:\maven\mavenWareHouseNew\io\github\openfeign\form\feign-form\3.0.3\feign-form-3.0.3.jar;D:\maven\mavenWareHouseNew\io\github\openfeign\form\feign-form-spring\3.0.3\feign-form-spring-3.0.3.jar;D:\maven\mavenWareHouseNew\com\liuzm\paascloud\provider\api\paascloud-provider-sdk-api\1.0\paascloud-provider-sdk-api-1.0.jar;D:\maven\mavenWareHouseNew\org\projectlombok\lombok\1.16.14\lombok-1.16.14.jar;D:\maven\mavenWareHouseNew\com\liuzm\paascloud\provider\api\paascloud-provider-tpc-api\1.0\paascloud-provider-tpc-api-1.0.jar;D:\maven\mavenWareHouseNew\com\liuzm\paascloud\common\paascloud-common-zk\1.0\paascloud-common-zk-1.0.jar;D:\maven\mavenWareHouseNew\org\apache\curator\curator-framework\2.10.0\curator-framework-2.10.0.jar;D:\maven\mavenWareHouseNew\org\apache\curator\curator-client\2.10.0\curator-client-2.10.0.jar;D:\maven\mavenWareHouseNew\org\apache\zookeeper\zookeeper\3.4.6\zookeeper-3.4.6.jar;D:\maven\mavenWareHouseNew\jline\jline\2.14.6\jline-2.14.6.jar;D:\maven\mavenWareHouseNew\io\netty\netty\3.7.0.Final\netty-3.7.0.Final.jar;D:\maven\mavenWareHouseNew\org\apache\curator\curator-recipes\2.10.0\curator-recipes-2.10.0.jar;D:\maven\mavenWareHouseNew\com\alibaba\fastjson\1.2.29\fastjson-1.2.29.jar;D:\maven\mavenWareHouseNew\org\aspectj\aspectjweaver\1.8.13\aspectjweaver-1.8.13.jar;D:\maven\mavenWareHouseNew\org\springframework\spring-tx\4.3.11.RELEASE\spring-tx-4.3.11.RELEASE.jar;D:\maven\mavenWareHouseNew\org\springframework\spring-beans\4.3.17.RELEASE\spring-beans-4.3.17.RELEASE.jar;D:\maven\mavenWareHouseNew\org\apache\rocketmq\rocketmq-client\4.1.0-incubating\rocketmq-client-4.1.0-incubating.jar;D:\maven\mavenWareHouseNew\org\apache\rocketmq\rocketmq-common\4.1.0-incubating\rocketmq-common-4.1.0-incubating.jar;D:\maven\mavenWareHouseNew\org\apache\rocketmq\rocketmq-remoting\4.1.0-incubating\rocketmq-remoting-4.1.0-incubating.jar;D:\maven\mavenWareHouseNew\io\netty\netty-all\4.0.56.Final\netty-all-4.0.56.Final.jar;D:\maven\mavenWareHouseNew\org\slf4j\slf4j-api\1.7.25\slf4j-api-1.7.25.jar;D:\maven\mavenWareHouseNew\org\apache\commons\commons-lang3\3.5\commons-lang3-3.5.jar;D:\maven\mavenWareHouseNew\de\codecentric\spring-boot-admin-starter-client\1.5.7\spring-boot-admin-starter-client-1.5.7.jar;D:\maven\mavenWareHouseNew\de\codecentric\spring-boot-admin-client\1.5.7\spring-boot-admin-client-1.5.7.jar;D:\maven\mavenWareHouseNew\org\springframework\boot\spring-boot-starter-freemarker\1.5.13.RELEASE\spring-boot-starter-freemarker-1.5.13.RELEASE.jar;D:\maven\mavenWareHouseNew\org\freemarker\freemarker\2.3.28\freemarker-2.3.28.jar;D:\maven\mavenWareHouseNew\org\springframework\spring-context-support\4.3.17.RELEASE\spring-context-support-4.3.17.RELEASE.jar;D:\maven\mavenWareHouseNew\org\springframework\cloud\spring-cloud-starter-feign\1.4.4.RELEASE\spring-cloud-starter-feign-1.4.4.RELEASE.jar;D:\maven\mavenWareHouseNew\org\springframework\cloud\spring-cloud-starter-openfeign\1.4.4.RELEASE\spring-cloud-starter-openfeign-1.4.4.RELEASE.jar;D:\maven\mavenWareHouseNew\io\github\openfeign\feign-core\9.5.0\feign-core-9.5.0.jar;D:\maven\mavenWareHouseNew\org\jvnet\animal-sniffer-annotation\1.0\animal-sniffer-annotation-1.0.jar;D:\maven\mavenWareHouseNew\io\github\openfeign\feign-slf4j\9.5.0\feign-slf4j-9.5.0.jar;D:\maven\mavenWareHouseNew\io\github\openfeign\feign-hystrix\9.5.0\feign-hystrix-9.5.0.jar;D:\maven\mavenWareHouseNew\com\github\penggle\kaptcha\2.3.2\kaptcha-2.3.2.jar;D:\maven\mavenWareHouseNew\com\jhlabs\filters\2.0.235-1\filters-2.0.235-1.jar;D:\maven\mavenWareHouseNew\org\springframework\cloud\spring-cloud-starter-oauth2\1.2.2.RELEASE\spring-cloud-starter-oauth2-1.2.2.RELEASE.jar;D:\maven\mavenWareHouseNew\org\springframework\cloud\spring-cloud-starter-security\1.2.2.RELEASE\spring-cloud-starter-security-1.2.2.RELEASE.jar;D:\maven\mavenWareHouseNew\org\springframework\cloud\spring-cloud-security\1.2.2.RELEASE\spring-cloud-security-1.2.2.RELEASE.jar;D:\maven\mavenWareHouseNew\org\springframework\boot\spring-boot-starter-security\1.5.13.RELEASE\spring-boot-starter-security-1.5.13.RELEASE.jar;D:\maven\mavenWareHouseNew\org\springframework\security\oauth\spring-security-oauth2\2.0.15.RELEASE\spring-security-oauth2-2.0.15.RELEASE.jar;D:\maven\mavenWareHouseNew\org\springframework\security\spring-security-core\4.2.6.RELEASE\spring-security-core-4.2.6.RELEASE.jar;D:\maven\mavenWareHouseNew\org\springframework\security\spring-security-config\4.2.6.RELEASE\spring-security-config-4.2.6.RELEASE.jar;D:\maven\mavenWareHouseNew\org\springframework\social\spring-social-config\1.1.6.RELEASE\spring-social-config-1.1.6.RELEASE.jar;D:\maven\mavenWareHouseNew\org\springframework\social\spring-social-core\1.1.6.RELEASE\spring-social-core-1.1.6.RELEASE.jar;D:\maven\mavenWareHouseNew\org\springframework\spring-web\4.3.8.RELEASE\spring-web-4.3.8.RELEASE.jar;D:\maven\mavenWareHouseNew\org\springframework\social\spring-social-security\1.1.6.RELEASE\spring-social-security-1.1.6.RELEASE.jar;D:\maven\mavenWareHouseNew\org\springframework\spring-webmvc\4.3.17.RELEASE\spring-webmvc-4.3.17.RELEASE.jar;D:\maven\mavenWareHouseNew\org\springframework\spring-expression\4.3.17.RELEASE\spring-expression-4.3.17.RELEASE.jar;D:\maven\mavenWareHouseNew\org\springframework\security\spring-security-web\4.2.6.RELEASE\spring-security-web-4.2.6.RELEASE.jar;D:\maven\mavenWareHouseNew\aopalliance\aopalliance\1.0\aopalliance-1.0.jar;D:\maven\mavenWareHouseNew\org\springframework\social\spring-social-web\1.1.6.RELEASE\spring-social-web-1.1.6.RELEASE.jar;D:\maven\mavenWareHouseNew\javax\inject\javax.inject\1\javax.inject-1.jar;D:\maven\mavenWareHouseNew\com\liuzm\paascloud\common\paascloud-common-base\1.0\paascloud-common-base-1.0.jar;D:\maven\mavenWareHouseNew\com\liuzm\paascloud\common\paascloud-security-app\1.0\paascloud-security-app-1.0.jar;D:\maven\mavenWareHouseNew\com\liuzm\paascloud\common\paascloud-security-core\1.0\paascloud-security-core-1.0.jar;D:\maven\mavenWareHouseNew\commons-lang\commons-lang\2.6\commons-lang-2.6.jar;D:\maven\mavenWareHouseNew\commons-collections\commons-collections\3.2.2\commons-collections-3.2.2.jar;D:\maven\mavenWareHouseNew\org\springframework\cloud\spring-cloud-starter-config\1.4.3.RELEASE\spring-cloud-starter-config-1.4.3.RELEASE.jar;D:\maven\mavenWareHouseNew\org\springframework\cloud\spring-cloud-starter\1.3.3.RELEASE\spring-cloud-starter-1.3.3.RELEASE.jar;D:\maven\mavenWareHouseNew\org\springframework\cloud\spring-cloud-context\1.3.3.RELEASE\spring-cloud-context-1.3.3.RELEASE.jar;D:\maven\mavenWareHouseNew\org\springframework\security\spring-security-rsa\1.0.3.RELEASE\spring-security-rsa-1.0.3.RELEASE.jar;D:\maven\mavenWareHouseNew\org\springframework\cloud\spring-cloud-config-client\1.4.3.RELEASE\spring-cloud-config-client-1.4.3.RELEASE.jar;D:\maven\mavenWareHouseNew\org\springframework\cloud\spring-cloud-starter-sleuth\1.3.3.RELEASE\spring-cloud-starter-sleuth-1.3.3.RELEASE.jar;D:\maven\mavenWareHouseNew\org\springframework\cloud\spring-cloud-sleuth-core\1.3.3.RELEASE\spring-cloud-sleuth-core-1.3.3.RELEASE.jar;D:\maven\mavenWareHouseNew\org\aspectj\aspectjrt\1.8.13\aspectjrt-1.8.13.jar;D:\maven\mavenWareHouseNew\org\springframework\cloud\spring-cloud-sleuth-zipkin\1.3.3.RELEASE\spring-cloud-sleuth-zipkin-1.3.3.RELEASE.jar;D:\maven\mavenWareHouseNew\org\springframework\cloud\spring-cloud-commons\1.3.3.RELEASE\spring-cloud-commons-1.3.3.RELEASE.jar;D:\maven\mavenWareHouseNew\org\springframework\security\spring-security-crypto\4.2.6.RELEASE\spring-security-crypto-4.2.6.RELEASE.jar;D:\maven\mavenWareHouseNew\org\apache\httpcomponents\httpclient\4.5.5\httpclient-4.5.5.jar;D:\maven\mavenWareHouseNew\org\apache\httpcomponents\httpcore\4.4.9\httpcore-4.4.9.jar;D:\maven\mavenWareHouseNew\io\zipkin\zipkin2\zipkin\2.6.1\zipkin-2.6.1.jar;D:\maven\mavenWareHouseNew\io\zipkin\reporter2\zipkin-reporter\2.5.0\zipkin-reporter-2.5.0.jar;D:\maven\mavenWareHouseNew\io\zipkin\reporter2\zipkin-sender-kafka11\2.5.0\zipkin-sender-kafka11-2.5.0.jar;D:\maven\mavenWareHouseNew\io\zipkin\reporter2\zipkin-sender-amqp-client\2.5.0\zipkin-sender-amqp-client-2.5.0.jar;D:\maven\mavenWareHouseNew\com\liuzm\paascloud\common\paascloud-common-util\1.0\paascloud-common-util-1.0.jar;D:\maven\mavenWareHouseNew\ch\qos\logback\logback-classic\1.1.11\logback-classic-1.1.11.jar;D:\maven\mavenWareHouseNew\org\codehaus\jackson\jackson-smile\1.9.13\jackson-smile-1.9.13.jar;D:\maven\mavenWareHouseNew\org\codehaus\jackson\jackson-core-asl\1.9.13\jackson-core-asl-1.9.13.jar;D:\maven\mavenWareHouseNew\org\codehaus\jackson\jackson-mapper-asl\1.9.13\jackson-mapper-asl-1.9.13.jar;D:\maven\mavenWareHouseNew\com\xiaoleilu\hutool-all\3.0.7\hutool-all-3.0.7.jar;D:\maven\mavenWareHouseNew\commons-beanutils\commons-beanutils\1.9.3\commons-beanutils-1.9.3.jar;D:\maven\mavenWareHouseNew\com\liuzm\paascloud\common\paascloud-common-core\1.0\paascloud-common-core-1.0.jar;D:\maven\mavenWareHouseNew\eu\bitwalker\UserAgentUtils\1.20\UserAgentUtils-1.20.jar;D:\maven\mavenWareHouseNew\org\springframework\boot\spring-boot-starter-data-redis\1.5.13.RELEASE\spring-boot-starter-data-redis-1.5.13.RELEASE.jar;D:\maven\mavenWareHouseNew\org\springframework\data\spring-data-redis\1.8.12.RELEASE\spring-data-redis-1.8.12.RELEASE.jar;D:\maven\mavenWareHouseNew\org\springframework\data\spring-data-keyvalue\1.2.12.RELEASE\spring-data-keyvalue-1.2.12.RELEASE.jar;D:\maven\mavenWareHouseNew\org\springframework\data\spring-data-commons\1.13.12.RELEASE\spring-data-commons-1.13.12.RELEASE.jar;D:\maven\mavenWareHouseNew\org\springframework\spring-oxm\4.3.17.RELEASE\spring-oxm-4.3.17.RELEASE.jar;D:\maven\mavenWareHouseNew\redis\clients\jedis\2.9.0\jedis-2.9.0.jar;D:\maven\mavenWareHouseNew\org\apache\commons\commons-pool2\2.4.3\commons-pool2-2.4.3.jar;D:\maven\mavenWareHouseNew\com\fasterxml\jackson\module\jackson-module-parameter-names\2.8.11\jackson-module-parameter-names-2.8.11.jar;D:\maven\mavenWareHouseNew\com\fasterxml\jackson\datatype\jackson-datatype-jdk8\2.8.11\jackson-datatype-jdk8-2.8.11.jar;D:\maven\mavenWareHouseNew\com\fasterxml\jackson\datatype\jackson-datatype-jsr310\2.8.11\jackson-datatype-jsr310-2.8.11.jar;D:\maven\mavenWareHouseNew\com\liuzm\paascloud\common\paascloud-common-config\1.0\paascloud-common-config-1.0.jar;D:\maven\mavenWareHouseNew\com\arronlong\httpclientutil\httpclientutil\1.0\httpclientutil-1.0.jar;D:\maven\mavenWareHouseNew\org\apache\httpcomponents\httpmime\4.5.5\httpmime-4.5.5.jar;D:\maven\mavenWareHouseNew\org\apache\httpcomponents\httpasyncclient\4.1.3\httpasyncclient-4.1.3.jar;D:\maven\mavenWareHouseNew\org\apache\httpcomponents\httpcore-nio\4.4.6\httpcore-nio-4.4.6.jar;D:\maven\mavenWareHouseNew\log4j\log4j\1.2.17\log4j-1.2.17.jar;D:\maven\mavenWareHouseNew\com\netflix\hystrix\hystrix-core\1.5.12\hystrix-core-1.5.12.jar;D:\maven\mavenWareHouseNew\com\netflix\archaius\archaius-core\0.7.4\archaius-core-0.7.4.jar;D:\maven\mavenWareHouseNew\com\google\code\findbugs\jsr305\3.0.2\jsr305-3.0.2.jar;D:\maven\mavenWareHouseNew\io\reactivex\rxjava\1.2.0\rxjava-1.2.0.jar;D:\maven\mavenWareHouseNew\org\hdrhistogram\HdrHistogram\2.1.9\HdrHistogram-2.1.9.jar;D:\maven\mavenWareHouseNew\org\springframework\boot\spring-boot-starter-actuator\1.5.13.RELEASE\spring-boot-starter-actuator-1.5.13.RELEASE.jar;D:\maven\mavenWareHouseNew\org\springframework\boot\spring-boot-actuator\1.5.13.RELEASE\spring-boot-actuator-1.5.13.RELEASE.jar;D:\maven\mavenWareHouseNew\org\springframework\cloud\spring-cloud-starter-hystrix\1.4.4.RELEASE\spring-cloud-starter-hystrix-1.4.4.RELEASE.jar;D:\maven\mavenWareHouseNew\org\springframework\cloud\spring-cloud-starter-netflix-hystrix\1.4.4.RELEASE\spring-cloud-starter-netflix-hystrix-1.4.4.RELEASE.jar;D:\maven\mavenWareHouseNew\com\netflix\hystrix\hystrix-metrics-event-stream\1.5.12\hystrix-metrics-event-stream-1.5.12.jar;D:\maven\mavenWareHouseNew\com\netflix\hystrix\hystrix-serialization\1.5.12\hystrix-serialization-1.5.12.jar;D:\maven\mavenWareHouseNew\com\fasterxml\jackson\module\jackson-module-afterburner\2.8.11\jackson-module-afterburner-2.8.11.jar;D:\maven\mavenWareHouseNew\com\netflix\hystrix\hystrix-javanica\1.5.12\hystrix-javanica-1.5.12.jar;D:\maven\mavenWareHouseNew\org\ow2\asm\asm\5.0.4\asm-5.0.4.jar;D:\maven\mavenWareHouseNew\org\springframework\boot\spring-boot-starter-web\1.5.13.RELEASE\spring-boot-starter-web-1.5.13.RELEASE.jar;D:\maven\mavenWareHouseNew\org\springframework\boot\spring-boot-starter-tomcat\1.5.13.RELEASE\spring-boot-starter-tomcat-1.5.13.RELEASE.jar;D:\maven\mavenWareHouseNew\org\apache\tomcat\embed\tomcat-embed-core\8.5.31\tomcat-embed-core-8.5.31.jar;D:\maven\mavenWareHouseNew\org\apache\tomcat\tomcat-annotations-api\8.5.31\tomcat-annotations-api-8.5.31.jar;D:\maven\mavenWareHouseNew\org\apache\tomcat\embed\tomcat-embed-websocket\8.5.31\tomcat-embed-websocket-8.5.31.jar;D:\maven\mavenWareHouseNew\org\hibernate\hibernate-validator\5.3.6.Final\hibernate-validator-5.3.6.Final.jar;D:\maven\mavenWareHouseNew\javax\validation\validation-api\1.1.0.Final\validation-api-1.1.0.Final.jar;D:\maven\mavenWareHouseNew\org\jboss\logging\jboss-logging\3.3.2.Final\jboss-logging-3.3.2.Final.jar;D:\maven\mavenWareHouseNew\net\logstash\logback\logstash-logback-encoder\4.6\logstash-logback-encoder-4.6.jar;D:\maven\mavenWareHouseNew\ch\qos\logback\logback-core\1.1.11\logback-core-1.1.11.jar;D:\maven\mavenWareHouseNew\com\google\guava\guava\17.0\guava-17.0.jar;D:\maven\mavenWareHouseNew\org\springframework\boot\spring-boot-starter-validation\1.5.13.RELEASE\spring-boot-starter-validation-1.5.13.RELEASE.jar;D:\maven\mavenWareHouseNew\org\apache\tomcat\embed\tomcat-embed-el\8.5.31\tomcat-embed-el-8.5.31.jar;D:\maven\mavenWareHouseNew\io\springfox\springfox-swagger-ui\2.6.1\springfox-swagger-ui-2.6.1.jar;D:\maven\mavenWareHouseNew\io\springfox\springfox-spring-web\2.6.1\springfox-spring-web-2.6.1.jar;D:\maven\mavenWareHouseNew\io\springfox\springfox-swagger2\2.6.1\springfox-swagger2-2.6.1.jar;D:\maven\mavenWareHouseNew\io\swagger\swagger-annotations\1.5.10\swagger-annotations-1.5.10.jar;D:\maven\mavenWareHouseNew\io\swagger\swagger-models\1.5.10\swagger-models-1.5.10.jar;D:\maven\mavenWareHouseNew\io\springfox\springfox-spi\2.6.1\springfox-spi-2.6.1.jar;D:\maven\mavenWareHouseNew\io\springfox\springfox-core\2.6.1\springfox-core-2.6.1.jar;D:\maven\mavenWareHouseNew\io\springfox\springfox-schema\2.6.1\springfox-schema-2.6.1.jar;D:\maven\mavenWareHouseNew\io\springfox\springfox-swagger-common\2.6.1\springfox-swagger-common-2.6.1.jar;D:\maven\mavenWareHouseNew\com\fasterxml\classmate\1.3.4\classmate-1.3.4.jar;D:\maven\mavenWareHouseNew\org\springframework\plugin\spring-plugin-core\1.2.0.RELEASE\spring-plugin-core-1.2.0.RELEASE.jar;D:\maven\mavenWareHouseNew\org\springframework\plugin\spring-plugin-metadata\1.2.0.RELEASE\spring-plugin-metadata-1.2.0.RELEASE.jar;D:\maven\mavenWareHouseNew\org\mapstruct\mapstruct\1.0.0.Final\mapstruct-1.0.0.Final.jar;D:\maven\mavenWareHouseNew\commons-codec\commons-codec\1.10\commons-codec-1.10.jar;D:\maven\mavenWareHouseNew\org\springframework\boot\spring-boot-starter-test\1.5.13.RELEASE\spring-boot-starter-test-1.5.13.RELEASE.jar;D:\maven\mavenWareHouseNew\org\springframework\boot\spring-boot-test\1.5.13.RELEASE\spring-boot-test-1.5.13.RELEASE.jar;D:\maven\mavenWareHouseNew\org\springframework\boot\spring-boot-test-autoconfigure\1.5.13.RELEASE\spring-boot-test-autoconfigure-1.5.13.RELEASE.jar;D:\maven\mavenWareHouseNew\com\jayway\jsonpath\json-path\2.2.0\json-path-2.2.0.jar;D:\maven\mavenWareHouseNew\net\minidev\json-smart\2.2.1\json-smart-2.2.1.jar;D:\maven\mavenWareHouseNew\net\minidev\accessors-smart\1.1\accessors-smart-1.1.jar;D:\maven\mavenWareHouseNew\junit\junit\4.12\junit-4.12.jar;D:\maven\mavenWareHouseNew\org\assertj\assertj-core\2.6.0\assertj-core-2.6.0.jar;D:\maven\mavenWareHouseNew\org\mockito\mockito-core\1.10.19\mockito-core-1.10.19.jar;D:\maven\mavenWareHouseNew\org\objenesis\objenesis\2.5.1\objenesis-2.5.1.jar;D:\maven\mavenWareHouseNew\org\hamcrest\hamcrest-core\1.3\hamcrest-core-1.3.jar;D:\maven\mavenWareHouseNew\org\hamcrest\hamcrest-library\1.3\hamcrest-library-1.3.jar;D:\maven\mavenWareHouseNew\org\skyscreamer\jsonassert\1.4.0\jsonassert-1.4.0.jar;D:\maven\mavenWareHouseNew\com\vaadin\external\google\android-json\0.0.20131108.vaadin1\android-json-0.0.20131108.vaadin1.jar;D:\maven\mavenWareHouseNew\org\springframework\spring-core\4.3.11.RELEASE\spring-core-4.3.11.RELEASE.jar;D:\maven\mavenWareHouseNew\org\springframework\spring-test\4.3.17.RELEASE\spring-test-4.3.17.RELEASE.jar;D:\maven\mavenWareHouseNew\com\alibaba\druid\1.0.29\druid-1.0.29.jar;C:\workSoftware\Java\jdk1.8.0_73\jre\..\lib\jconsole.jar;C:\workSoftware\Java\jdk1.8.0_73\jre\..\lib\tools.jar;D:\maven\mavenWareHouseNew\org\mybatis\generator\mybatis-generator-core\1.3.5\mybatis-generator-core-1.3.5.jar;D:\maven\mavenWareHouseNew\org\springframework\boot\spring-boot-configuration-processor\1.5.13.RELEASE\spring-boot-configuration-processor-1.5.13.RELEASE.jar;D:\maven\mavenWareHouseNew\org\springframework\boot\spring-boot-devtools\1.5.13.RELEASE\spring-boot-devtools-1.5.13.RELEASE.jar;D:\maven\mavenWareHouseNew\org\springframework\boot\spring-boot\1.5.13.RELEASE\spring-boot-1.5.13.RELEASE.jar;D:\maven\mavenWareHouseNew\org\springframework\boot\spring-boot-starter-aop\1.5.13.RELEASE\spring-boot-starter-aop-1.5.13.RELEASE.jar;D:\maven\mavenWareHouseNew\org\springframework\spring-aop\4.3.17.RELEASE\spring-aop-4.3.17.RELEASE.jar;D:\maven\mavenWareHouseNew\org\modelmapper\modelmapper\1.1.2\modelmapper-1.1.2.jar;D:\maven\mavenWareHouseNew\org\jolokia\jolokia-core\1.3.7\jolokia-core-1.3.7.jar;D:\maven\mavenWareHouseNew\com\googlecode\json-simple\json-simple\1.1.1\json-simple-1.1.1.jar;D:\maven\mavenWareHouseNew\org\springframework\security\spring-security-jwt\1.0.9.RELEASE\spring-security-jwt-1.0.9.RELEASE.jar;D:\maven\mavenWareHouseNew\org\bouncycastle\bcpkix-jdk15on\1.56\bcpkix-jdk15on-1.56.jar;D:\maven\mavenWareHouseNew\org\bouncycastle\bcprov-jdk15on\1.56\bcprov-jdk15on-1.56.jar;D:\maven\mavenWareHouseNew\org\liquibase\liquibase-core\3.5.3\liquibase-core-3.5.3.jar;D:\maven\mavenWareHouseNew\org\yaml\snakeyaml\1.17\snakeyaml-1.17.jar;D:\maven\mavenWareHouseNew\org\springframework\cloud\spring-cloud-starter-zipkin\1.3.3.RELEASE\spring-cloud-starter-zipkin-1.3.3.RELEASE.jar;D:\maven\mavenWareHouseNew\org\springframework\amqp\spring-rabbit\1.7.7.RELEASE\spring-rabbit-1.7.7.RELEASE.jar;D:\maven\mavenWareHouseNew\org\springframework\retry\spring-retry\1.2.2.RELEASE\spring-retry-1.2.2.RELEASE.jar;D:\maven\mavenWareHouseNew\com\rabbitmq\http-client\1.1.1.RELEASE\http-client-1.1.1.RELEASE.jar;D:\maven\mavenWareHouseNew\com\rabbitmq\amqp-client\4.0.3\amqp-client-4.0.3.jar;D:\maven\mavenWareHouseNew\org\springframework\spring-messaging\4.3.17.RELEASE\spring-messaging-4.3.17.RELEASE.jar;D:\maven\mavenWareHouseNew\org\springframework\spring-context\4.3.8.RELEASE\spring-context-4.3.8.RELEASE.jar;D:\maven\mavenWareHouseNew\org\springframework\amqp\spring-amqp\1.7.7.RELEASE\spring-amqp-1.7.7.RELEASE.jar;D:\maven\mavenWareHouseNew\org\springframework\cloud\spring-cloud-starter-netflix-eureka-client\1.4.4.RELEASE\spring-cloud-starter-netflix-eureka-client-1.4.4.RELEASE.jar;D:\maven\mavenWareHouseNew\org\springframework\cloud\spring-cloud-netflix-core\1.4.4.RELEASE\spring-cloud-netflix-core-1.4.4.RELEASE.jar;D:\maven\mavenWareHouseNew\org\springframework\cloud\spring-cloud-netflix-eureka-client\1.4.4.RELEASE\spring-cloud-netflix-eureka-client-1.4.4.RELEASE.jar;D:\maven\mavenWareHouseNew\com\netflix\eureka\eureka-client\1.7.2\eureka-client-1.7.2.jar;D:\maven\mavenWareHouseNew\org\codehaus\jettison\jettison\1.2\jettison-1.2.jar;D:\maven\mavenWareHouseNew\stax\stax-api\1.0.1\stax-api-1.0.1.jar;D:\maven\mavenWareHouseNew\com\netflix\netflix-commons\netflix-eventbus\0.3.0\netflix-eventbus-0.3.0.jar;D:\maven\mavenWareHouseNew\com\netflix\netflix-commons\netflix-infix\0.3.0\netflix-infix-0.3.0.jar;D:\maven\mavenWareHouseNew\commons-jxpath\commons-jxpath\1.3\commons-jxpath-1.3.jar;D:\maven\mavenWareHouseNew\org\antlr\antlr-runtime\3.4\antlr-runtime-3.4.jar;D:\maven\mavenWareHouseNew\org\antlr\stringtemplate\3.2.1\stringtemplate-3.2.1.jar;D:\maven\mavenWareHouseNew\antlr\antlr\2.7.7\antlr-2.7.7.jar;D:\maven\mavenWareHouseNew\com\google\code\gson\gson\2.8.4\gson-2.8.4.jar;D:\maven\mavenWareHouseNew\org\apache\commons\commons-math\2.2\commons-math-2.2.jar;D:\maven\mavenWareHouseNew\javax\ws\rs\jsr311-api\1.1.1\jsr311-api-1.1.1.jar;D:\maven\mavenWareHouseNew\com\netflix\servo\servo-core\0.10.1\servo-core-0.10.1.jar;D:\maven\mavenWareHouseNew\com\netflix\servo\servo-internal\0.10.1\servo-internal-0.10.1.jar;D:\maven\mavenWareHouseNew\com\sun\jersey\jersey-core\1.19.1\jersey-core-1.19.1.jar;D:\maven\mavenWareHouseNew\com\sun\jersey\jersey-client\1.19.1\jersey-client-1.19.1.jar;D:\maven\mavenWareHouseNew\com\sun\jersey\contribs\jersey-apache-client4\1.19.1\jersey-apache-client4-1.19.1.jar;D:\maven\mavenWareHouseNew\com\google\inject\guice\3.0\guice-3.0.jar;D:\maven\mavenWareHouseNew\com\netflix\eureka\eureka-core\1.7.2\eureka-core-1.7.2.jar;D:\maven\mavenWareHouseNew\org\codehaus\woodstox\woodstox-core-asl\4.4.1\woodstox-core-asl-4.4.1.jar;D:\maven\mavenWareHouseNew\javax\xml\stream\stax-api\1.0-2\stax-api-1.0-2.jar;D:\maven\mavenWareHouseNew\org\codehaus\woodstox\stax2-api\3.1.4\stax2-api-3.1.4.jar;D:\maven\mavenWareHouseNew\org\springframework\cloud\spring-cloud-starter-netflix-archaius\1.4.4.RELEASE\spring-cloud-starter-netflix-archaius-1.4.4.RELEASE.jar;D:\maven\mavenWareHouseNew\commons-configuration\commons-configuration\1.8\commons-configuration-1.8.jar;D:\maven\mavenWareHouseNew\org\springframework\cloud\spring-cloud-starter-netflix-ribbon\1.4.4.RELEASE\spring-cloud-starter-netflix-ribbon-1.4.4.RELEASE.jar;D:\maven\mavenWareHouseNew\com\netflix\ribbon\ribbon\2.2.5\ribbon-2.2.5.jar;D:\maven\mavenWareHouseNew\com\netflix\ribbon\ribbon-transport\2.2.5\ribbon-transport-2.2.5.jar;D:\maven\mavenWareHouseNew\io\reactivex\rxnetty-contexts\0.4.9\rxnetty-contexts-0.4.9.jar;D:\maven\mavenWareHouseNew\io\reactivex\rxnetty-servo\0.4.9\rxnetty-servo-0.4.9.jar;D:\maven\mavenWareHouseNew\io\reactivex\rxnetty\0.4.9\rxnetty-0.4.9.jar;D:\maven\mavenWareHouseNew\io\netty\netty-codec-http\4.0.27.Final\netty-codec-http-4.0.27.Final.jar;D:\maven\mavenWareHouseNew\io\netty\netty-codec\4.0.27.Final\netty-codec-4.0.27.Final.jar;D:\maven\mavenWareHouseNew\io\netty\netty-handler\4.0.27.Final\netty-handler-4.0.27.Final.jar;D:\maven\mavenWareHouseNew\io\netty\netty-transport-native-epoll\4.0.27.Final\netty-transport-native-epoll-4.0.27.Final.jar;D:\maven\mavenWareHouseNew\io\netty\netty-common\4.0.27.Final\netty-common-4.0.27.Final.jar;D:\maven\mavenWareHouseNew\io\netty\netty-buffer\4.0.27.Final\netty-buffer-4.0.27.Final.jar;D:\maven\mavenWareHouseNew\io\netty\netty-transport\4.0.27.Final\netty-transport-4.0.27.Final.jar;D:\maven\mavenWareHouseNew\com\netflix\ribbon\ribbon-core\2.2.5\ribbon-core-2.2.5.jar;D:\maven\mavenWareHouseNew\com\netflix\ribbon\ribbon-httpclient\2.2.5\ribbon-httpclient-2.2.5.jar;D:\maven\mavenWareHouseNew\com\netflix\netflix-commons\netflix-commons-util\0.1.1\netflix-commons-util-0.1.1.jar;D:\maven\mavenWareHouseNew\com\netflix\ribbon\ribbon-loadbalancer\2.2.5\ribbon-loadbalancer-2.2.5.jar;D:\maven\mavenWareHouseNew\com\netflix\netflix-commons\netflix-statistics\0.1.1\netflix-statistics-0.1.1.jar;D:\maven\mavenWareHouseNew\com\netflix\ribbon\ribbon-eureka\2.2.5\ribbon-eureka-2.2.5.jar;D:\maven\mavenWareHouseNew\com\thoughtworks\xstream\xstream\1.4.10\xstream-1.4.10.jar;D:\maven\mavenWareHouseNew\xmlpull\xmlpull\1.1.3.1\xmlpull-1.1.3.1.jar;D:\maven\mavenWareHouseNew\xpp3\xpp3_min\1.1.4c\xpp3_min-1.1.4c.jar;, java.specification.name=Java Platform API Specification, java.class.version=52.0, sun.management.compiler=HotSpot 64-Bit Tiered Compilers, os.version=10.0, user.home=C:\Users\18771, user.timezone=Asia/Shanghai, java.awt.printerjob=sun.awt.windows.WPrinterJob, file.encoding=GBK, java.specification.version=1.8, java.class.path=C:\workproject\study\Immortalbird\paascloud-provider\paascloud-provider-uac\target\test-classes;C:\workproject\study\Immortalbird\paascloud-provider\paascloud-provider-uac\target\classes;D:\maven\mavenWareHouseNew\mysql\mysql-connector-java\5.1.39\mysql-connector-java-5.1.39.jar;D:\maven\mavenWareHouseNew\io\jsonwebtoken\jjwt\0.7.0\jjwt-0.7.0.jar;D:\maven\mavenWareHouseNew\joda-time\joda-time\2.9.6\joda-time-2.9.6.jar;D:\maven\mavenWareHouseNew\org\mybatis\spring\boot\mybatis-spring-boot-starter\1.2.0\mybatis-spring-boot-starter-1.2.0.jar;D:\maven\mavenWareHouseNew\org\springframework\boot\spring-boot-starter\1.5.13.RELEASE\spring-boot-starter-1.5.13.RELEASE.jar;D:\maven\mavenWareHouseNew\org\springframework\boot\spring-boot-starter-logging\1.5.13.RELEASE\spring-boot-starter-logging-1.5.13.RELEASE.jar;D:\maven\mavenWareHouseNew\org\slf4j\jcl-over-slf4j\1.7.25\jcl-over-slf4j-1.7.25.jar;D:\maven\mavenWareHouseNew\org\slf4j\jul-to-slf4j\1.7.25\jul-to-slf4j-1.7.25.jar;D:\maven\mavenWareHouseNew\org\slf4j\log4j-over-slf4j\1.7.25\log4j-over-slf4j-1.7.25.jar;D:\maven\mavenWareHouseNew\org\springframework\boot\spring-boot-starter-jdbc\1.5.13.RELEASE\spring-boot-starter-jdbc-1.5.13.RELEASE.jar;D:\maven\mavenWareHouseNew\org\apache\tomcat\tomcat-jdbc\8.5.31\tomcat-jdbc-8.5.31.jar;D:\maven\mavenWareHouseNew\org\apache\tomcat\tomcat-juli\8.5.31\tomcat-juli-8.5.31.jar;D:\maven\mavenWareHouseNew\org\springframework\spring-jdbc\4.3.17.RELEASE\spring-jdbc-4.3.17.RELEASE.jar;D:\maven\mavenWareHouseNew\org\mybatis\spring\boot\mybatis-spring-boot-autoconfigure\1.2.0\mybatis-spring-boot-autoconfigure-1.2.0.jar;D:\maven\mavenWareHouseNew\org\mybatis\mybatis\3.4.2\mybatis-3.4.2.jar;D:\maven\mavenWareHouseNew\org\mybatis\mybatis-spring\1.3.1\mybatis-spring-1.3.1.jar;D:\maven\mavenWareHouseNew\tk\mybatis\mapper-spring-boot-starter\1.1.1\mapper-spring-boot-starter-1.1.1.jar;D:\maven\mavenWareHouseNew\tk\mybatis\mapper-spring-boot-autoconfigure\1.1.1\mapper-spring-boot-autoconfigure-1.1.1.jar;D:\maven\mavenWareHouseNew\tk\mybatis\mapper\3.4.0\mapper-3.4.0.jar;D:\maven\mavenWareHouseNew\javax\persistence\persistence-api\1.0\persistence-api-1.0.jar;D:\maven\mavenWareHouseNew\com\github\pagehelper\pagehelper-spring-boot-starter\1.1.2\pagehelper-spring-boot-starter-1.1.2.jar;D:\maven\mavenWareHouseNew\com\github\pagehelper\pagehelper-spring-boot-autoconfigure\1.1.2\pagehelper-spring-boot-autoconfigure-1.1.2.jar;D:\maven\mavenWareHouseNew\com\github\pagehelper\pagehelper\5.0.3\pagehelper-5.0.3.jar;D:\maven\mavenWareHouseNew\com\github\jsqlparser\jsqlparser\1.0\jsqlparser-1.0.jar;D:\maven\mavenWareHouseNew\com\alibaba\druid-spring-boot-starter\1.1.0\druid-spring-boot-starter-1.1.0.jar;D:\maven\mavenWareHouseNew\org\springframework\boot\spring-boot-autoconfigure\1.5.13.RELEASE\spring-boot-autoconfigure-1.5.13.RELEASE.jar;D:\maven\mavenWareHouseNew\com\fasterxml\jackson\core\jackson-databind\2.8.4\jackson-databind-2.8.4.jar;D:\maven\mavenWareHouseNew\com\fasterxml\jackson\core\jackson-annotations\2.8.0\jackson-annotations-2.8.0.jar;D:\maven\mavenWareHouseNew\com\fasterxml\jackson\core\jackson-core\2.8.11\jackson-core-2.8.11.jar;D:\maven\mavenWareHouseNew\com\liuzm\paascloud\provider\api\paascloud-provider-uac-api\1.0\paascloud-provider-uac-api-1.0.jar;D:\maven\mavenWareHouseNew\com\liuzm\paascloud\common\paascloud-security-feign\1.0\paascloud-security-feign-1.0.jar;D:\maven\mavenWareHouseNew\com\liuzm\paascloud\provider\api\paascloud-provider-mdc-api\1.0\paascloud-provider-mdc-api-1.0.jar;D:\maven\mavenWareHouseNew\com\liuzm\paascloud\provider\api\paascloud-provider-omc-api\1.0\paascloud-provider-omc-api-1.0.jar;D:\maven\mavenWareHouseNew\com\liuzm\paascloud\provider\api\paascloud-provider-opc-api\1.0\paascloud-provider-opc-api-1.0.jar;D:\maven\mavenWareHouseNew\io\github\openfeign\form\feign-form\3.0.3\feign-form-3.0.3.jar;D:\maven\mavenWareHouseNew\io\github\openfeign\form\feign-form-spring\3.0.3\feign-form-spring-3.0.3.jar;D:\maven\mavenWareHouseNew\com\liuzm\paascloud\provider\api\paascloud-provider-sdk-api\1.0\paascloud-provider-sdk-api-1.0.jar;D:\maven\mavenWareHouseNew\org\projectlombok\lombok\1.16.14\lombok-1.16.14.jar;D:\maven\mavenWareHouseNew\com\liuzm\paascloud\provider\api\paascloud-provider-tpc-api\1.0\paascloud-provider-tpc-api-1.0.jar;D:\maven\mavenWareHouseNew\com\liuzm\paascloud\common\paascloud-common-zk\1.0\paascloud-common-zk-1.0.jar;D:\maven\mavenWareHouseNew\org\apache\curator\curator-framework\2.10.0\curator-framework-2.10.0.jar;D:\maven\mavenWareHouseNew\org\apache\curator\curator-client\2.10.0\curator-client-2.10.0.jar;D:\maven\mavenWareHouseNew\org\apache\zookeeper\zookeeper\3.4.6\zookeeper-3.4.6.jar;D:\maven\mavenWareHouseNew\jline\jline\2.14.6\jline-2.14.6.jar;D:\maven\mavenWareHouseNew\io\netty\netty\3.7.0.Final\netty-3.7.0.Final.jar;D:\maven\mavenWareHouseNew\org\apache\curator\curator-recipes\2.10.0\curator-recipes-2.10.0.jar;D:\maven\mavenWareHouseNew\com\alibaba\fastjson\1.2.29\fastjson-1.2.29.jar;D:\maven\mavenWareHouseNew\org\aspectj\aspectjweaver\1.8.13\aspectjweaver-1.8.13.jar;D:\maven\mavenWareHouseNew\org\springframework\spring-tx\4.3.11.RELEASE\spring-tx-4.3.11.RELEASE.jar;D:\maven\mavenWareHouseNew\org\springframework\spring-beans\4.3.17.RELEASE\spring-beans-4.3.17.RELEASE.jar;D:\maven\mavenWareHouseNew\org\apache\rocketmq\rocketmq-client\4.1.0-incubating\rocketmq-client-4.1.0-incubating.jar;D:\maven\mavenWareHouseNew\org\apache\rocketmq\rocketmq-common\4.1.0-incubating\rocketmq-common-4.1.0-incubating.jar;D:\maven\mavenWareHouseNew\org\apache\rocketmq\rocketmq-remoting\4.1.0-incubating\rocketmq-remoting-4.1.0-incubating.jar;D:\maven\mavenWareHouseNew\io\netty\netty-all\4.0.56.Final\netty-all-4.0.56.Final.jar;D:\maven\mavenWareHouseNew\org\slf4j\slf4j-api\1.7.25\slf4j-api-1.7.25.jar;D:\maven\mavenWareHouseNew\org\apache\commons\commons-lang3\3.5\commons-lang3-3.5.jar;D:\maven\mavenWareHouseNew\de\codecentric\spring-boot-admin-starter-client\1.5.7\spring-boot-admin-starter-client-1.5.7.jar;D:\maven\mavenWareHouseNew\de\codecentric\spring-boot-admin-client\1.5.7\spring-boot-admin-client-1.5.7.jar;D:\maven\mavenWareHouseNew\org\springframework\boot\spring-boot-starter-freemarker\1.5.13.RELEASE\spring-boot-starter-freemarker-1.5.13.RELEASE.jar;D:\maven\mavenWareHouseNew\org\freemarker\freemarker\2.3.28\freemarker-2.3.28.jar;D:\maven\mavenWareHouseNew\org\springframework\spring-context-support\4.3.17.RELEASE\spring-context-support-4.3.17.RELEASE.jar;D:\maven\mavenWareHouseNew\org\springframework\cloud\spring-cloud-starter-feign\1.4.4.RELEASE\spring-cloud-starter-feign-1.4.4.RELEASE.jar;D:\maven\mavenWareHouseNew\org\springframework\cloud\spring-cloud-starter-openfeign\1.4.4.RELEASE\spring-cloud-starter-openfeign-1.4.4.RELEASE.jar;D:\maven\mavenWareHouseNew\io\github\openfeign\feign-core\9.5.0\feign-core-9.5.0.jar;D:\maven\mavenWareHouseNew\org\jvnet\animal-sniffer-annotation\1.0\animal-sniffer-annotation-1.0.jar;D:\maven\mavenWareHouseNew\io\github\openfeign\feign-slf4j\9.5.0\feign-slf4j-9.5.0.jar;D:\maven\mavenWareHouseNew\io\github\openfeign\feign-hystrix\9.5.0\feign-hystrix-9.5.0.jar;D:\maven\mavenWareHouseNew\com\github\penggle\kaptcha\2.3.2\kaptcha-2.3.2.jar;D:\maven\mavenWareHouseNew\com\jhlabs\filters\2.0.235-1\filters-2.0.235-1.jar;D:\maven\mavenWareHouseNew\org\springframework\cloud\spring-cloud-starter-oauth2\1.2.2.RELEASE\spring-cloud-starter-oauth2-1.2.2.RELEASE.jar;D:\maven\mavenWareHouseNew\org\springframework\cloud\spring-cloud-starter-security\1.2.2.RELEASE\spring-cloud-starter-security-1.2.2.RELEASE.jar;D:\maven\mavenWareHouseNew\org\springframework\cloud\spring-cloud-security\1.2.2.RELEASE\spring-cloud-security-1.2.2.RELEASE.jar;D:\maven\mavenWareHouseNew\org\springframework\boot\spring-boot-starter-security\1.5.13.RELEASE\spring-boot-starter-security-1.5.13.RELEASE.jar;D:\maven\mavenWareHouseNew\org\springframework\security\oauth\spring-security-oauth2\2.0.15.RELEASE\spring-security-oauth2-2.0.15.RELEASE.jar;D:\maven\mavenWareHouseNew\org\springframework\security\spring-security-core\4.2.6.RELEASE\spring-security-core-4.2.6.RELEASE.jar;D:\maven\mavenWareHouseNew\org\springframework\security\spring-security-config\4.2.6.RELEASE\spring-security-config-4.2.6.RELEASE.jar;D:\maven\mavenWareHouseNew\org\springframework\social\spring-social-config\1.1.6.RELEASE\spring-social-config-1.1.6.RELEASE.jar;D:\maven\mavenWareHouseNew\org\springframework\social\spring-social-core\1.1.6.RELEASE\spring-social-core-1.1.6.RELEASE.jar;D:\maven\mavenWareHouseNew\org\springframework\spring-web\4.3.8.RELEASE\spring-web-4.3.8.RELEASE.jar;D:\maven\mavenWareHouseNew\org\springframework\social\spring-social-security\1.1.6.RELEASE\spring-social-security-1.1.6.RELEASE.jar;D:\maven\mavenWareHouseNew\org\springframework\spring-webmvc\4.3.17.RELEASE\spring-webmvc-4.3.17.RELEASE.jar;D:\maven\mavenWareHouseNew\org\springframework\spring-expression\4.3.17.RELEASE\spring-expression-4.3.17.RELEASE.jar;D:\maven\mavenWareHouseNew\org\springframework\security\spring-security-web\4.2.6.RELEASE\spring-security-web-4.2.6.RELEASE.jar;D:\maven\mavenWareHouseNew\aopalliance\aopalliance\1.0\aopalliance-1.0.jar;D:\maven\mavenWareHouseNew\org\springframework\social\spring-social-web\1.1.6.RELEASE\spring-social-web-1.1.6.RELEASE.jar;D:\maven\mavenWareHouseNew\javax\inject\javax.inject\1\javax.inject-1.jar;D:\maven\mavenWareHouseNew\com\liuzm\paascloud\common\paascloud-common-base\1.0\paascloud-common-base-1.0.jar;D:\maven\mavenWareHouseNew\com\liuzm\paascloud\common\paascloud-security-app\1.0\paascloud-security-app-1.0.jar;D:\maven\mavenWareHouseNew\com\liuzm\paascloud\common\paascloud-security-core\1.0\paascloud-security-core-1.0.jar;D:\maven\mavenWareHouseNew\commons-lang\commons-lang\2.6\commons-lang-2.6.jar;D:\maven\mavenWareHouseNew\commons-collections\commons-collections\3.2.2\commons-collections-3.2.2.jar;D:\maven\mavenWareHouseNew\org\springframework\cloud\spring-cloud-starter-config\1.4.3.RELEASE\spring-cloud-starter-config-1.4.3.RELEASE.jar;D:\maven\mavenWareHouseNew\org\springframework\cloud\spring-cloud-starter\1.3.3.RELEASE\spring-cloud-starter-1.3.3.RELEASE.jar;D:\maven\mavenWareHouseNew\org\springframework\cloud\spring-cloud-context\1.3.3.RELEASE\spring-cloud-context-1.3.3.RELEASE.jar;D:\maven\mavenWareHouseNew\org\springframework\security\spring-security-rsa\1.0.3.RELEASE\spring-security-rsa-1.0.3.RELEASE.jar;D:\maven\mavenWareHouseNew\org\springframework\cloud\spring-cloud-config-client\1.4.3.RELEASE\spring-cloud-config-client-1.4.3.RELEASE.jar;D:\maven\mavenWareHouseNew\org\springframework\cloud\spring-cloud-starter-sleuth\1.3.3.RELEASE\spring-cloud-starter-sleuth-1.3.3.RELEASE.jar;D:\maven\mavenWareHouseNew\org\springframework\cloud\spring-cloud-sleuth-core\1.3.3.RELEASE\spring-cloud-sleuth-core-1.3.3.RELEASE.jar;D:\maven\mavenWareHouseNew\org\aspectj\aspectjrt\1.8.13\aspectjrt-1.8.13.jar;D:\maven\mavenWareHouseNew\org\springframework\cloud\spring-cloud-sleuth-zipkin\1.3.3.RELEASE\spring-cloud-sleuth-zipkin-1.3.3.RELEASE.jar;D:\maven\mavenWareHouseNew\org\springframework\cloud\spring-cloud-commons\1.3.3.RELEASE\spring-cloud-commons-1.3.3.RELEASE.jar;D:\maven\mavenWareHouseNew\org\springframework\security\spring-security-crypto\4.2.6.RELEASE\spring-security-crypto-4.2.6.RELEASE.jar;D:\maven\mavenWareHouseNew\org\apache\httpcomponents\httpclient\4.5.5\httpclient-4.5.5.jar;D:\maven\mavenWareHouseNew\org\apache\httpcomponents\httpcore\4.4.9\httpcore-4.4.9.jar;D:\maven\mavenWareHouseNew\io\zipkin\zipkin2\zipkin\2.6.1\zipkin-2.6.1.jar;D:\maven\mavenWareHouseNew\io\zipkin\reporter2\zipkin-reporter\2.5.0\zipkin-reporter-2.5.0.jar;D:\maven\mavenWareHouseNew\io\zipkin\reporter2\zipkin-sender-kafka11\2.5.0\zipkin-sender-kafka11-2.5.0.jar;D:\maven\mavenWareHouseNew\io\zipkin\reporter2\zipkin-sender-amqp-client\2.5.0\zipkin-sender-amqp-client-2.5.0.jar;D:\maven\mavenWareHouseNew\com\liuzm\paascloud\common\paascloud-common-util\1.0\paascloud-common-util-1.0.jar;D:\maven\mavenWareHouseNew\ch\qos\logback\logback-classic\1.1.11\logback-classic-1.1.11.jar;D:\maven\mavenWareHouseNew\org\codehaus\jackson\jackson-smile\1.9.13\jackson-smile-1.9.13.jar;D:\maven\mavenWareHouseNew\org\codehaus\jackson\jackson-core-asl\1.9.13\jackson-core-asl-1.9.13.jar;D:\maven\mavenWareHouseNew\org\codehaus\jackson\jackson-mapper-asl\1.9.13\jackson-mapper-asl-1.9.13.jar;D:\maven\mavenWareHouseNew\com\xiaoleilu\hutool-all\3.0.7\hutool-all-3.0.7.jar;D:\maven\mavenWareHouseNew\commons-beanutils\commons-beanutils\1.9.3\commons-beanutils-1.9.3.jar;D:\maven\mavenWareHouseNew\com\liuzm\paascloud\common\paascloud-common-core\1.0\paascloud-common-core-1.0.jar;D:\maven\mavenWareHouseNew\eu\bitwalker\UserAgentUtils\1.20\UserAgentUtils-1.20.jar;D:\maven\mavenWareHouseNew\org\springframework\boot\spring-boot-starter-data-redis\1.5.13.RELEASE\spring-boot-starter-data-redis-1.5.13.RELEASE.jar;D:\maven\mavenWareHouseNew\org\springframework\data\spring-data-redis\1.8.12.RELEASE\spring-data-redis-1.8.12.RELEASE.jar;D:\maven\mavenWareHouseNew\org\springframework\data\spring-data-keyvalue\1.2.12.RELEASE\spring-data-keyvalue-1.2.12.RELEASE.jar;D:\maven\mavenWareHouseNew\org\springframework\data\spring-data-commons\1.13.12.RELEASE\spring-data-commons-1.13.12.RELEASE.jar;D:\maven\mavenWareHouseNew\org\springframework\spring-oxm\4.3.17.RELEASE\spring-oxm-4.3.17.RELEASE.jar;D:\maven\mavenWareHouseNew\redis\clients\jedis\2.9.0\jedis-2.9.0.jar;D:\maven\mavenWareHouseNew\org\apache\commons\commons-pool2\2.4.3\commons-pool2-2.4.3.jar;D:\maven\mavenWareHouseNew\com\fasterxml\jackson\module\jackson-module-parameter-names\2.8.11\jackson-module-parameter-names-2.8.11.jar;D:\maven\mavenWareHouseNew\com\fasterxml\jackson\datatype\jackson-datatype-jdk8\2.8.11\jackson-datatype-jdk8-2.8.11.jar;D:\maven\mavenWareHouseNew\com\fasterxml\jackson\datatype\jackson-datatype-jsr310\2.8.11\jackson-datatype-jsr310-2.8.11.jar;D:\maven\mavenWareHouseNew\com\liuzm\paascloud\common\paascloud-common-config\1.0\paascloud-common-config-1.0.jar;D:\maven\mavenWareHouseNew\com\arronlong\httpclientutil\httpclientutil\1.0\httpclientutil-1.0.jar;D:\maven\mavenWareHouseNew\org\apache\httpcomponents\httpmime\4.5.5\httpmime-4.5.5.jar;D:\maven\mavenWareHouseNew\org\apache\httpcomponents\httpasyncclient\4.1.3\httpasyncclient-4.1.3.jar;D:\maven\mavenWareHouseNew\org\apache\httpcomponents\httpcore-nio\4.4.6\httpcore-nio-4.4.6.jar;D:\maven\mavenWareHouseNew\log4j\log4j\1.2.17\log4j-1.2.17.jar;D:\maven\mavenWareHouseNew\com\netflix\hystrix\hystrix-core\1.5.12\hystrix-core-1.5.12.jar;D:\maven\mavenWareHouseNew\com\netflix\archaius\archaius-core\0.7.4\archaius-core-0.7.4.jar;D:\maven\mavenWareHouseNew\com\google\code\findbugs\jsr305\3.0.2\jsr305-3.0.2.jar;D:\maven\mavenWareHouseNew\io\reactivex\rxjava\1.2.0\rxjava-1.2.0.jar;D:\maven\mavenWareHouseNew\org\hdrhistogram\HdrHistogram\2.1.9\HdrHistogram-2.1.9.jar;D:\maven\mavenWareHouseNew\org\springframework\boot\spring-boot-starter-actuator\1.5.13.RELEASE\spring-boot-starter-actuator-1.5.13.RELEASE.jar;D:\maven\mavenWareHouseNew\org\springframework\boot\spring-boot-actuator\1.5.13.RELEASE\spring-boot-actuator-1.5.13.RELEASE.jar;D:\maven\mavenWareHouseNew\org\springframework\cloud\spring-cloud-starter-hystrix\1.4.4.RELEASE\spring-cloud-starter-hystrix-1.4.4.RELEASE.jar;D:\maven\mavenWareHouseNew\org\springframework\cloud\spring-cloud-starter-netflix-hystrix\1.4.4.RELEASE\spring-cloud-starter-netflix-hystrix-1.4.4.RELEASE.jar;D:\maven\mavenWareHouseNew\com\netflix\hystrix\hystrix-metrics-event-stream\1.5.12\hystrix-metrics-event-stream-1.5.12.jar;D:\maven\mavenWareHouseNew\com\netflix\hystrix\hystrix-serialization\1.5.12\hystrix-serialization-1.5.12.jar;D:\maven\mavenWareHouseNew\com\fasterxml\jackson\module\jackson-module-afterburner\2.8.11\jackson-module-afterburner-2.8.11.jar;D:\maven\mavenWareHouseNew\com\netflix\hystrix\hystrix-javanica\1.5.12\hystrix-javanica-1.5.12.jar;D:\maven\mavenWareHouseNew\org\ow2\asm\asm\5.0.4\asm-5.0.4.jar;D:\maven\mavenWareHouseNew\org\springframework\boot\spring-boot-starter-web\1.5.13.RELEASE\spring-boot-starter-web-1.5.13.RELEASE.jar;D:\maven\mavenWareHouseNew\org\springframework\boot\spring-boot-starter-tomcat\1.5.13.RELEASE\spring-boot-starter-tomcat-1.5.13.RELEASE.jar;D:\maven\mavenWareHouseNew\org\apache\tomcat\embed\tomcat-embed-core\8.5.31\tomcat-embed-core-8.5.31.jar;D:\maven\mavenWareHouseNew\org\apache\tomcat\tomcat-annotations-api\8.5.31\tomcat-annotations-api-8.5.31.jar;D:\maven\mavenWareHouseNew\org\apache\tomcat\embed\tomcat-embed-websocket\8.5.31\tomcat-embed-websocket-8.5.31.jar;D:\maven\mavenWareHouseNew\org\hibernate\hibernate-validator\5.3.6.Final\hibernate-validator-5.3.6.Final.jar;D:\maven\mavenWareHouseNew\javax\validation\validation-api\1.1.0.Final\validation-api-1.1.0.Final.jar;D:\maven\mavenWareHouseNew\org\jboss\logging\jboss-logging\3.3.2.Final\jboss-logging-3.3.2.Final.jar;D:\maven\mavenWareHouseNew\net\logstash\logback\logstash-logback-encoder\4.6\logstash-logback-encoder-4.6.jar;D:\maven\mavenWareHouseNew\ch\qos\logback\logback-core\1.1.11\logback-core-1.1.11.jar;D:\maven\mavenWareHouseNew\com\google\guava\guava\17.0\guava-17.0.jar;D:\maven\mavenWareHouseNew\org\springframework\boot\spring-boot-starter-validation\1.5.13.RELEASE\spring-boot-starter-validation-1.5.13.RELEASE.jar;D:\maven\mavenWareHouseNew\org\apache\tomcat\embed\tomcat-embed-el\8.5.31\tomcat-embed-el-8.5.31.jar;D:\maven\mavenWareHouseNew\io\springfox\springfox-swagger-ui\2.6.1\springfox-swagger-ui-2.6.1.jar;D:\maven\mavenWareHouseNew\io\springfox\springfox-spring-web\2.6.1\springfox-spring-web-2.6.1.jar;D:\maven\mavenWareHouseNew\io\springfox\springfox-swagger2\2.6.1\springfox-swagger2-2.6.1.jar;D:\maven\mavenWareHouseNew\io\swagger\swagger-annotations\1.5.10\swagger-annotations-1.5.10.jar;D:\maven\mavenWareHouseNew\io\swagger\swagger-models\1.5.10\swagger-models-1.5.10.jar;D:\maven\mavenWareHouseNew\io\springfox\springfox-spi\2.6.1\springfox-spi-2.6.1.jar;D:\maven\mavenWareHouseNew\io\springfox\springfox-core\2.6.1\springfox-core-2.6.1.jar;D:\maven\mavenWareHouseNew\io\springfox\springfox-schema\2.6.1\springfox-schema-2.6.1.jar;D:\maven\mavenWareHouseNew\io\springfox\springfox-swagger-common\2.6.1\springfox-swagger-common-2.6.1.jar;D:\maven\mavenWareHouseNew\com\fasterxml\classmate\1.3.4\classmate-1.3.4.jar;D:\maven\mavenWareHouseNew\org\springframework\plugin\spring-plugin-core\1.2.0.RELEASE\spring-plugin-core-1.2.0.RELEASE.jar;D:\maven\mavenWareHouseNew\org\springframework\plugin\spring-plugin-metadata\1.2.0.RELEASE\spring-plugin-metadata-1.2.0.RELEASE.jar;D:\maven\mavenWareHouseNew\org\mapstruct\mapstruct\1.0.0.Final\mapstruct-1.0.0.Final.jar;D:\maven\mavenWareHouseNew\commons-codec\commons-codec\1.10\commons-codec-1.10.jar;D:\maven\mavenWareHouseNew\org\springframework\boot\spring-boot-starter-test\1.5.13.RELEASE\spring-boot-starter-test-1.5.13.RELEASE.jar;D:\maven\mavenWareHouseNew\org\springframework\boot\spring-boot-test\1.5.13.RELEASE\spring-boot-test-1.5.13.RELEASE.jar;D:\maven\mavenWareHouseNew\org\springframework\boot\spring-boot-test-autoconfigure\1.5.13.RELEASE\spring-boot-test-autoconfigure-1.5.13.RELEASE.jar;D:\maven\mavenWareHouseNew\com\jayway\jsonpath\json-path\2.2.0\json-path-2.2.0.jar;D:\maven\mavenWareHouseNew\net\minidev\json-smart\2.2.1\json-smart-2.2.1.jar;D:\maven\mavenWareHouseNew\net\minidev\accessors-smart\1.1\accessors-smart-1.1.jar;D:\maven\mavenWareHouseNew\junit\junit\4.12\junit-4.12.jar;D:\maven\mavenWareHouseNew\org\assertj\assertj-core\2.6.0\assertj-core-2.6.0.jar;D:\maven\mavenWareHouseNew\org\mockito\mockito-core\1.10.19\mockito-core-1.10.19.jar;D:\maven\mavenWareHouseNew\org\objenesis\objenesis\2.5.1\objenesis-2.5.1.jar;D:\maven\mavenWareHouseNew\org\hamcrest\hamcrest-core\1.3\hamcrest-core-1.3.jar;D:\maven\mavenWareHouseNew\org\hamcrest\hamcrest-library\1.3\hamcrest-library-1.3.jar;D:\maven\mavenWareHouseNew\org\skyscreamer\jsonassert\1.4.0\jsonassert-1.4.0.jar;D:\maven\mavenWareHouseNew\com\vaadin\external\google\android-json\0.0.20131108.vaadin1\android-json-0.0.20131108.vaadin1.jar;D:\maven\mavenWareHouseNew\org\springframework\spring-core\4.3.11.RELEASE\spring-core-4.3.11.RELEASE.jar;D:\maven\mavenWareHouseNew\org\springframework\spring-test\4.3.17.RELEASE\spring-test-4.3.17.RELEASE.jar;D:\maven\mavenWareHouseNew\com\alibaba\druid\1.0.29\druid-1.0.29.jar;C:\workSoftware\Java\jdk1.8.0_73\jre\..\lib\jconsole.jar;C:\workSoftware\Java\jdk1.8.0_73\jre\..\lib\tools.jar;D:\maven\mavenWareHouseNew\org\mybatis\generator\mybatis-generator-core\1.3.5\mybatis-generator-core-1.3.5.jar;D:\maven\mavenWareHouseNew\org\springframework\boot\spring-boot-configuration-processor\1.5.13.RELEASE\spring-boot-configuration-processor-1.5.13.RELEASE.jar;D:\maven\mavenWareHouseNew\org\springframework\boot\spring-boot-devtools\1.5.13.RELEASE\spring-boot-devtools-1.5.13.RELEASE.jar;D:\maven\mavenWareHouseNew\org\springframework\boot\spring-boot\1.5.13.RELEASE\spring-boot-1.5.13.RELEASE.jar;D:\maven\mavenWareHouseNew\org\springframework\boot\spring-boot-starter-aop\1.5.13.RELEASE\spring-boot-starter-aop-1.5.13.RELEASE.jar;D:\maven\mavenWareHouseNew\org\springframework\spring-aop\4.3.17.RELEASE\spring-aop-4.3.17.RELEASE.jar;D:\maven\mavenWareHouseNew\org\modelmapper\modelmapper\1.1.2\modelmapper-1.1.2.jar;D:\maven\mavenWareHouseNew\org\jolokia\jolokia-core\1.3.7\jolokia-core-1.3.7.jar;D:\maven\mavenWareHouseNew\com\googlecode\json-simple\json-simple\1.1.1\json-simple-1.1.1.jar;D:\maven\mavenWareHouseNew\org\springframework\security\spring-security-jwt\1.0.9.RELEASE\spring-security-jwt-1.0.9.RELEASE.jar;D:\maven\mavenWareHouseNew\org\bouncycastle\bcpkix-jdk15on\1.56\bcpkix-jdk15on-1.56.jar;D:\maven\mavenWareHouseNew\org\bouncycastle\bcprov-jdk15on\1.56\bcprov-jdk15on-1.56.jar;D:\maven\mavenWareHouseNew\org\liquibase\liquibase-core\3.5.3\liquibase-core-3.5.3.jar;D:\maven\mavenWareHouseNew\org\yaml\snakeyaml\1.17\snakeyaml-1.17.jar;D:\maven\mavenWareHouseNew\org\springframework\cloud\spring-cloud-starter-zipkin\1.3.3.RELEASE\spring-cloud-starter-zipkin-1.3.3.RELEASE.jar;D:\maven\mavenWareHouseNew\org\springframework\amqp\spring-rabbit\1.7.7.RELEASE\spring-rabbit-1.7.7.RELEASE.jar;D:\maven\mavenWareHouseNew\org\springframework\retry\spring-retry\1.2.2.RELEASE\spring-retry-1.2.2.RELEASE.jar;D:\maven\mavenWareHouseNew\com\rabbitmq\http-client\1.1.1.RELEASE\http-client-1.1.1.RELEASE.jar;D:\maven\mavenWareHouseNew\com\rabbitmq\amqp-client\4.0.3\amqp-client-4.0.3.jar;D:\maven\mavenWareHouseNew\org\springframework\spring-messaging\4.3.17.RELEASE\spring-messaging-4.3.17.RELEASE.jar;D:\maven\mavenWareHouseNew\org\springframework\spring-context\4.3.8.RELEASE\spring-context-4.3.8.RELEASE.jar;D:\maven\mavenWareHouseNew\org\springframework\amqp\spring-amqp\1.7.7.RELEASE\spring-amqp-1.7.7.RELEASE.jar;D:\maven\mavenWareHouseNew\org\springframework\cloud\spring-cloud-starter-netflix-eureka-client\1.4.4.RELEASE\spring-cloud-starter-netflix-eureka-client-1.4.4.RELEASE.jar;D:\maven\mavenWareHouseNew\org\springframework\cloud\spring-cloud-netflix-core\1.4.4.RELEASE\spring-cloud-netflix-core-1.4.4.RELEASE.jar;D:\maven\mavenWareHouseNew\org\springframework\cloud\spring-cloud-netflix-eureka-client\1.4.4.RELEASE\spring-cloud-netflix-eureka-client-1.4.4.RELEASE.jar;D:\maven\mavenWareHouseNew\com\netflix\eureka\eureka-client\1.7.2\eureka-client-1.7.2.jar;D:\maven\mavenWareHouseNew\org\codehaus\jettison\jettison\1.2\jettison-1.2.jar;D:\maven\mavenWareHouseNew\stax\stax-api\1.0.1\stax-api-1.0.1.jar;D:\maven\mavenWareHouseNew\com\netflix\netflix-commons\netflix-eventbus\0.3.0\netflix-eventbus-0.3.0.jar;D:\maven\mavenWareHouseNew\com\netflix\netflix-commons\netflix-infix\0.3.0\netflix-infix-0.3.0.jar;D:\maven\mavenWareHouseNew\commons-jxpath\commons-jxpath\1.3\commons-jxpath-1.3.jar;D:\maven\mavenWareHouseNew\org\antlr\antlr-runtime\3.4\antlr-runtime-3.4.jar;D:\maven\mavenWareHouseNew\org\antlr\stringtemplate\3.2.1\stringtemplate-3.2.1.jar;D:\maven\mavenWareHouseNew\antlr\antlr\2.7.7\antlr-2.7.7.jar;D:\maven\mavenWareHouseNew\com\google\code\gson\gson\2.8.4\gson-2.8.4.jar;D:\maven\mavenWareHouseNew\org\apache\commons\commons-math\2.2\commons-math-2.2.jar;D:\maven\mavenWareHouseNew\javax\ws\rs\jsr311-api\1.1.1\jsr311-api-1.1.1.jar;D:\maven\mavenWareHouseNew\com\netflix\servo\servo-core\0.10.1\servo-core-0.10.1.jar;D:\maven\mavenWareHouseNew\com\netflix\servo\servo-internal\0.10.1\servo-internal-0.10.1.jar;D:\maven\mavenWareHouseNew\com\sun\jersey\jersey-core\1.19.1\jersey-core-1.19.1.jar;D:\maven\mavenWareHouseNew\com\sun\jersey\jersey-client\1.19.1\jersey-client-1.19.1.jar;D:\maven\mavenWareHouseNew\com\sun\jersey\contribs\jersey-apache-client4\1.19.1\jersey-apache-client4-1.19.1.jar;D:\maven\mavenWareHouseNew\com\google\inject\guice\3.0\guice-3.0.jar;D:\maven\mavenWareHouseNew\com\netflix\eureka\eureka-core\1.7.2\eureka-core-1.7.2.jar;D:\maven\mavenWareHouseNew\org\codehaus\woodstox\woodstox-core-asl\4.4.1\woodstox-core-asl-4.4.1.jar;D:\maven\mavenWareHouseNew\javax\xml\stream\stax-api\1.0-2\stax-api-1.0-2.jar;D:\maven\mavenWareHouseNew\org\codehaus\woodstox\stax2-api\3.1.4\stax2-api-3.1.4.jar;D:\maven\mavenWareHouseNew\org\springframework\cloud\spring-cloud-starter-netflix-archaius\1.4.4.RELEASE\spring-cloud-starter-netflix-archaius-1.4.4.RELEASE.jar;D:\maven\mavenWareHouseNew\commons-configuration\commons-configuration\1.8\commons-configuration-1.8.jar;D:\maven\mavenWareHouseNew\org\springframework\cloud\spring-cloud-starter-netflix-ribbon\1.4.4.RELEASE\spring-cloud-starter-netflix-ribbon-1.4.4.RELEASE.jar;D:\maven\mavenWareHouseNew\com\netflix\ribbon\ribbon\2.2.5\ribbon-2.2.5.jar;D:\maven\mavenWareHouseNew\com\netflix\ribbon\ribbon-transport\2.2.5\ribbon-transport-2.2.5.jar;D:\maven\mavenWareHouseNew\io\reactivex\rxnetty-contexts\0.4.9\rxnetty-contexts-0.4.9.jar;D:\maven\mavenWareHouseNew\io\reactivex\rxnetty-servo\0.4.9\rxnetty-servo-0.4.9.jar;D:\maven\mavenWareHouseNew\io\reactivex\rxnetty\0.4.9\rxnetty-0.4.9.jar;D:\maven\mavenWareHouseNew\io\netty\netty-codec-http\4.0.27.Final\netty-codec-http-4.0.27.Final.jar;D:\maven\mavenWareHouseNew\io\netty\netty-codec\4.0.27.Final\netty-codec-4.0.27.Final.jar;D:\maven\mavenWareHouseNew\io\netty\netty-handler\4.0.27.Final\netty-handler-4.0.27.Final.jar;D:\maven\mavenWareHouseNew\io\netty\netty-transport-native-epoll\4.0.27.Final\netty-transport-native-epoll-4.0.27.Final.jar;D:\maven\mavenWareHouseNew\io\netty\netty-common\4.0.27.Final\netty-common-4.0.27.Final.jar;D:\maven\mavenWareHouseNew\io\netty\netty-buffer\4.0.27.Final\netty-buffer-4.0.27.Final.jar;D:\maven\mavenWareHouseNew\io\netty\netty-transport\4.0.27.Final\netty-transport-4.0.27.Final.jar;D:\maven\mavenWareHouseNew\com\netflix\ribbon\ribbon-core\2.2.5\ribbon-core-2.2.5.jar;D:\maven\mavenWareHouseNew\com\netflix\ribbon\ribbon-httpclient\2.2.5\ribbon-httpclient-2.2.5.jar;D:\maven\mavenWareHouseNew\com\netflix\netflix-commons\netflix-commons-util\0.1.1\netflix-commons-util-0.1.1.jar;D:\maven\mavenWareHouseNew\com\netflix\ribbon\ribbon-loadbalancer\2.2.5\ribbon-loadbalancer-2.2.5.jar;D:\maven\mavenWareHouseNew\com\netflix\netflix-commons\netflix-statistics\0.1.1\netflix-statistics-0.1.1.jar;D:\maven\mavenWareHouseNew\com\netflix\ribbon\ribbon-eureka\2.2.5\ribbon-eureka-2.2.5.jar;D:\maven\mavenWareHouseNew\com\thoughtworks\xstream\xstream\1.4.10\xstream-1.4.10.jar;D:\maven\mavenWareHouseNew\xmlpull\xmlpull\1.1.3.1\xmlpull-1.1.3.1.jar;D:\maven\mavenWareHouseNew\xpp3\xpp3_min\1.1.4c\xpp3_min-1.1.4c.jar;, user.name=18771, java.vm.specification.version=1.8, sun.java.command=C:\workproject\study\Immortalbird\paascloud-provider\paascloud-provider-uac\target\surefire\surefirebooter3960685941693253513.jar C:\workproject\study\Immortalbird\paascloud-provider\paascloud-provider-uac\target\surefire\surefire8331501010975414119tmp C:\workproject\study\Immortalbird\paascloud-provider\paascloud-provider-uac\target\surefire\surefire_03200265229749405644tmp, java.home=C:\workSoftware\Java\jdk1.8.0_73\jre, sun.arch.data.model=64, aven.test.skip=true, user.language=zh, java.specification.vendor=Oracle Corporation, awt.toolkit=sun.awt.windows.WToolkit, java.vm.info=mixed mode, java.version=1.8.0_73, java.ext.dirs=C:\workSoftware\Java\jdk1.8.0_73\jre\lib\ext;C:\WINDOWS\Sun\Java\lib\ext, sun.boot.class.path=C:\workSoftware\Java\jdk1.8.0_73\jre\lib\resources.jar;C:\workSoftware\Java\jdk1.8.0_73\jre\lib\rt.jar;C:\workSoftware\Java\jdk1.8.0_73\jre\lib\sunrsasign.jar;C:\workSoftware\Java\jdk1.8.0_73\jre\lib\jsse.jar;C:\workSoftware\Java\jdk1.8.0_73\jre\lib\jce.jar;C:\workSoftware\Java\jdk1.8.0_73\jre\lib\charsets.jar;C:\workSoftware\Java\jdk1.8.0_73\jre\lib\jfr.jar;C:\workSoftware\Java\jdk1.8.0_73\jre\classes, java.vendor=Oracle Corporation, localRepository=D:\maven\mavenWareHouseNew, file.separator=\, java.vendor.url.bug=http://bugreport.sun.com/bugreport/, sun.io.unicode.encoding=UnicodeLittle, sun.cpu.endian=little, sun.desktop=windows, sun.cpu.isalist=amd64}}, SystemEnvironmentPropertySource@517355658 {name='systemEnvironment', properties={PATH=C:\Users\18771\bin;C:\Program Files\Git\mingw64\bin;C:\Program Files\Git\usr\local\bin;C:\Program Files\Git\usr\bin;C:\Program Files\Git\usr\bin;C:\Program Files\Git\mingw64\bin;C:\Program Files\Git\usr\bin;C:\Users\18771\bin;C:\workSoftware\Anaconda3-5;C:\workSoftware\Anaconda3-5\Library\mingw-w64\bin;C:\workSoftware\Anaconda3-5\Library\usr\bin;C:\workSoftware\Anaconda3-5\Library\bin;C:\workSoftware\Anaconda3-5\Scripts;%PYTHON_HOME%;C:\ProgramData\Oracle\Java\javapath;C:\workSoftware\gradle\gradle-4.4\bin;C:\workSoftware\mysql\mysql-5.7.17-winx64\bin;C:\workSoftware\maven\apache-maven-3.2.5\bin;%CATALINA_HOME%\bin;C:\workSoftware\Java\jdk1.8.0_73\bin;C:\workSoftware\Java\jdk1.8.0_73\jre\bin;C:\WINDOWS\system32;C:\WINDOWS;C:\WINDOWS\System32\Wbem;C:\WINDOWS\System32\WindowsPowerShell\v1.0;C:\Program Files\Git\cmd;C:\Program Files\Git\mingw64\bin;C:\Program Files\Git\usr\bin;%CATALINA_HOME%\lib;C:\workSoftware\ant\apache-ant-1.10.5\bin;C:\WINDOWS\System32\OpenSSH;C:\Program Files\Pandoc;C:\Program Files\MIT\Kerberos\bin;C:\workSoftware\apache-groovy\groovy-2.5.5\bin;C:\workSoftware\grails\grails-3.3.9\bin;C:\Ruby22-x64\bin;C:\Users\18771\AppData\Local\Microsoft\WindowsApps;C:\workSoftware\docker\Docker Toolbox;C:\Program Files\Git\usr\bin\vendor_perl;C:\Program Files\Git\usr\bin\core_perl, USERDOMAIN_ROAMINGPROFILE=DESKTOP-5SL4MN7, PKG_CONFIG_PATH=C:\Program Files\Git\mingw64\lib\pkgconfig;C:\Program Files\Git\mingw64\share\pkgconfig, NO_PROXY=192.168.99.100, PROCESSOR_LEVEL=6, SYSTEMDRIVE=C:, M2=C:\workSoftware\maven\apache-maven-3.2.5\bin, GRAILS_HOME=C:\workSoftware\grails\grails-3.3.9, ALLUSERSPROFILE=C:\ProgramData, PROCESSOR_ARCHITECTURE=AMD64, TNS_ADMIN=C:\workSoftware\instantclient-basic-nt-11.2.0.3.0\instantclient_11_2\network\admin, DRIVERDATA=C:\Windows\System32\Drivers\DriverData, PROGRAMFILES=C:\Program Files, PSMODULEPATH=%ProgramFiles%\WindowsPowerShell\Modules;C:\WINDOWS\system32\WindowsPowerShell\v1.0\Modules, PROGRAMDATA=C:\ProgramData, USERNAME=18771, PWD=C:/workproject/study/Immortalbird/paascloud-provider, CATALINA_HOME1111=C:\workSoftware\tomcat\apache-tomcat-9.0.5, INFOPATH=C:\Program Files\Git\usr\local\info;C:\Program Files\Git\usr\share\info;C:\Program Files\Git\usr\info;C:\Program Files\Git\share\info, ONEDRIVE=C:\Users\18771\OneDrive, PATHEXT=.COM;.EXE;.BAT;.CMD;.VBS;.VBE;.JS;.JSE;.WSF;.WSH;.MSC;.RB;.RBW, SHELL=C:\Program Files\Git\usr\bin\bash, COMPOSE_CONVERT_WINDOWS_PATHS=true, OLDPWD=C:/workproject/study/Immortalbird/paascloud-provider, TMPDIR=C:\Users\18771\AppData\Local\Temp, WINDIR=C:\WINDOWS, SSH_ASKPASS=C:/Program Files/Git/mingw64/libexec/git-core/git-gui--askpass, HOMEPATH=\Users\18771, MYSQL_HOME=C:\workSoftware\mysql\mysql-5.7.17-winx64, PROCESSOR_IDENTIFIER=Intel64 Family 6 Model 78 Stepping 3, GenuineIntel, M2_HOME=C:\workSoftware\maven\apache-maven-3.2.5, PUBLIC=C:\Users\Public, =::=::\, EXEPATH=C:\Program Files\Git, SHLVL=1, LOCALAPPDATA=C:\Users\18771\AppData\Local, MANPATH=C:\Program Files\Git\mingw64\share\man;C:\Program Files\Git\usr\local\man;C:\Program Files\Git\usr\share\man;C:\Program Files\Git\usr\man;C:\Program Files\Git\share\man, COMMONPROGRAMFILES(X86)=C:\Program Files (x86)\Common Files, DOCKER_HOST=tcp://192.168.99.100:2376, USERDOMAIN=DESKTOP-5SL4MN7, LOGONSERVER=\\DESKTOP-5SL4MN7, JAVA_HOME=C:/workSoftware/Java/jdk1.8.0_73, PLINK_PROTOCOL=ssh, PROMPT=$P$G, PROGRAMFILES(X86)=C:\Program Files (x86), TERM=cygwin, LANG=zh_CN.UTF-8, GRADLE_HOME=C:\workSoftware\gradle\gradle-4.4, MAVEN_OPTS= -Xms512m -Xmx1024m, ANT_HOME=C:\workSoftware\ant\apache-ant-1.10.5, DISPLAY=needs-to-be-defined, GROOVY_HOME=C:\workSoftware\apache-groovy\groovy-2.5.5, MSYSTEM=MINGW64, =C:=C:\workproject\study\Immortalbird\paascloud-provider\paascloud-provider-uac, APPDATA=C:\Users\18771\AppData\Roaming, DOCKER_MACHINE_NAME=default, DOCKER_CERT_PATH=C:\Users\18771\.docker\machine\machines\default, PROGRAMW6432=C:\Program Files, SYSTEMROOT=C:\WINDOWS, MAVEN_CMD_LINE_ARGS= clean install -Daven.test.skip=true, VBOX_MSI_INSTALL_PATH=C:\Program Files\Oracle\VirtualBox\, OS=Windows_NT, COMMONPROGRAMW6432=C:\Program Files\Common Files, COMPUTERNAME=DESKTOP-5SL4MN7, JBOSS_HOME=F:\工作目录\新华三\瞿媛媛\接收\jboss-eap-7.1, COMMONPROGRAMFILES=C:\Program Files\Common Files, COMSPEC=C:\WINDOWS\system32\cmd.exe, MAVEN_PROJECTBASEDIR=C:/workproject/study/Immortalbird/paascloud-provider, PROCESSOR_REVISION=4e03, CLASSPATH=.;C:\workSoftware\Java\jdk1.8.0_73\lib\dt.jar;C:\workSoftware\Java\jdk1.8.0_73\lib\tools.jar, NLS_LANG=SIMPLIFIED CHINESE_CHINA.ZHS16GBK, ACLOCAL_PATH=C:\Program Files\Git\mingw64\share\aclocal;C:\Program Files\Git\usr\share\aclocal, DOCKER_TLS_VERIFY=1, PRINTER=NPIBF6305 (HP LaserJet 400 M401dn), TEMP=C:\Users\18771\AppData\Local\Temp, HOSTNAME=DESKTOP-5SL4MN7, HOMEDRIVE=C:, USERPROFILE=C:\Users\18771, TMP=C:\Users\18771\AppData\Local\Temp, NUMBER_OF_PROCESSORS=4, DOCKER_TOOLBOX_INSTALL_PATH=C:\workSoftware\docker\Docker Toolbox, HOME=C:\Users\18771}}]
16:15:09.741 [main] INFO org.springframework.boot.test.context.SpringBootTestContextBootstrapper - Found @SpringBootConfiguration com.paascloud.PaasCloudUacApplication for test class com.paascloud.provider.PaasCloudUacApplicationTests
16:15:09.742 [main] DEBUG org.springframework.boot.test.context.SpringBootTestContextBootstrapper - @TestExecutionListeners is not present for class [com.paascloud.provider.PaasCloudUacApplicationTests]: using defaults.
16:15:09.782 [main] INFO org.springframework.boot.test.context.SpringBootTestContextBootstrapper - Loaded default TestExecutionListener class names from location [META-INF/spring.factories]: [org.springframework.boot.test.mock.mockito.MockitoTestExecutionListener, org.springframework.boot.test.mock.mockito.ResetMocksTestExecutionListener, org.springframework.boot.test.autoconfigure.restdocs.RestDocsTestExecutionListener, org.springframework.boot.test.autoconfigure.web.client.MockRestServiceServerResetTestExecutionListener, org.springframework.boot.test.autoconfigure.web.servlet.MockMvcPrintOnlyOnFailureTestExecutionListener, org.springframework.boot.test.autoconfigure.web.servlet.WebDriverTestExecutionListener, org.springframework.test.context.web.ServletTestExecutionListener, org.springframework.test.context.support.DirtiesContextBeforeModesTestExecutionListener, org.springframework.test.context.support.DependencyInjectionTestExecutionListener, org.springframework.test.context.support.DirtiesContextTestExecutionListener, org.springframework.test.context.transaction.TransactionalTestExecutionListener, org.springframework.test.context.jdbc.SqlScriptsTestExecutionListener]
16:15:09.822 [main] INFO org.springframework.boot.test.context.SpringBootTestContextBootstrapper - Using TestExecutionListeners: [org.springframework.test.context.web.ServletTestExecutionListener@8519cb4, org.springframework.test.context.support.DirtiesContextBeforeModesTestExecutionListener@35dab4eb, org.springframework.boot.test.mock.mockito.MockitoTestExecutionListener@2d901eb0, org.springframework.boot.test.autoconfigure.SpringBootDependencyInjectionTestExecutionListener@3ba987b8, org.springframework.test.context.support.DirtiesContextTestExecutionListener@3f191845, org.springframework.test.context.transaction.TransactionalTestExecutionListener@5f049ea1, org.springframework.test.context.jdbc.SqlScriptsTestExecutionListener@72cc7e6f, org.springframework.boot.test.mock.mockito.ResetMocksTestExecutionListener@5afa3c9, org.springframework.boot.test.autoconfigure.restdocs.RestDocsTestExecutionListener@72035809, org.springframework.boot.test.autoconfigure.web.client.MockRestServiceServerResetTestExecutionListener@909217e, org.springframework.boot.test.autoconfigure.web.servlet.MockMvcPrintOnlyOnFailureTestExecutionListener@18271936, org.springframework.boot.test.autoconfigure.web.servlet.WebDriverTestExecutionListener@606e4010]
16:15:09.823 [main] DEBUG org.springframework.test.annotation.ProfileValueUtils - Retrieved @ProfileValueSourceConfiguration [null] for test class [com.paascloud.provider.PaasCloudUacApplicationTests]
16:15:09.824 [main] DEBUG org.springframework.test.annotation.ProfileValueUtils - Retrieved ProfileValueSource type [class org.springframework.test.annotation.SystemProfileValueSource] for class [com.paascloud.provider.PaasCloudUacApplicationTests]
16:15:09.828 [main] DEBUG org.springframework.test.annotation.ProfileValueUtils - Retrieved @ProfileValueSourceConfiguration [null] for test class [com.paascloud.provider.PaasCloudUacApplicationTests]
16:15:09.828 [main] DEBUG org.springframework.test.annotation.ProfileValueUtils - Retrieved ProfileValueSource type [class org.springframework.test.annotation.SystemProfileValueSource] for class [com.paascloud.provider.PaasCloudUacApplicationTests]
16:15:09.847 [main] DEBUG org.springframework.test.context.support.AbstractDirtiesContextTestExecutionListener - Before test class: context [DefaultTestContext@57a78e3 testClass = PaasCloudUacApplicationTests, testInstance = [null], testMethod = [null], testException = [null], mergedContextConfiguration = [WebMergedContextConfiguration@402c4085 testClass = PaasCloudUacApplicationTests, locations = '{}', classes = '{class com.paascloud.PaasCloudUacApplication}', contextInitializerClasses = '[]', activeProfiles = '{}', propertySourceLocations = '{}', propertySourceProperties = '{org.springframework.boot.test.context.SpringBootTestContextBootstrapper=true}', contextCustomizers = set[org.springframework.boot.test.context.SpringBootTestContextCustomizer@76b10754, org.springframework.boot.test.context.filter.ExcludeFilterContextCustomizer@2df32bf7, org.springframework.boot.test.json.DuplicateJsonObjectContextCustomizerFactory$DuplicateJsonObjectContextCustomizer@f4168b8, org.springframework.boot.test.mock.mockito.MockitoContextCustomizer@0, org.springframework.boot.test.autoconfigure.properties.PropertyMappingContextCustomizer@0, org.springframework.boot.test.autoconfigure.web.servlet.WebDriverContextCustomizerFactory$Customizer@701fc37a], resourceBasePath = 'src/main/webapp', contextLoader = 'org.springframework.boot.test.context.SpringBootContextLoader', parent = [null]]], class annotated with @DirtiesContext [false] with mode [null].
16:15:09.850 [main] DEBUG org.springframework.test.annotation.ProfileValueUtils - Retrieved @ProfileValueSourceConfiguration [null] for test class [com.paascloud.provider.PaasCloudUacApplicationTests]
16:15:09.851 [main] DEBUG org.springframework.test.annotation.ProfileValueUtils - Retrieved ProfileValueSource type [class org.springframework.test.annotation.SystemProfileValueSource] for class [com.paascloud.provider.PaasCloudUacApplicationTests]
16:15:10.320 [main] DEBUG org.springframework.core.env.StandardEnvironment - Adding PropertySource 'systemProperties' with lowest search precedence
16:15:10.320 [main] DEBUG org.springframework.core.env.StandardEnvironment - Adding PropertySource 'systemEnvironment' with lowest search precedence
16:15:10.322 [main] DEBUG org.springframework.core.env.StandardEnvironment - Initialized StandardEnvironment with PropertySources [MapPropertySource@1865516976 {name='systemProperties', properties={java.runtime.name=Java(TM) SE Runtime Environment, sun.boot.library.path=C:\workSoftware\Java\jdk1.8.0_73\jre\bin, java.vm.version=25.73-b02, java.vm.vendor=Oracle Corporation, java.vendor.url=http://java.oracle.com/, path.separator=;, java.vm.name=Java HotSpot(TM) 64-Bit Server VM, file.encoding.pkg=sun.io, user.country=CN, user.script=, sun.java.launcher=SUN_STANDARD, sun.os.patch.level=, java.vm.specification.name=Java Virtual Machine Specification, user.dir=C:\workproject\study\Immortalbird\paascloud-provider\paascloud-provider-uac, java.runtime.version=1.8.0_73-b02, basedir=C:\workproject\study\Immortalbird\paascloud-provider\paascloud-provider-uac, java.awt.graphicsenv=sun.awt.Win32GraphicsEnvironment, java.endorsed.dirs=C:\workSoftware\Java\jdk1.8.0_73\jre\lib\endorsed, os.arch=amd64, surefire.real.class.path=C:\workproject\study\Immortalbird\paascloud-provider\paascloud-provider-uac\target\surefire\surefirebooter3960685941693253513.jar, java.io.tmpdir=C:\Users\18771\AppData\Local\Temp\, line.separator=
, java.vm.specification.vendor=Oracle Corporation, user.variant=, os.name=Windows 10, sun.jnu.encoding=GBK, java.library.path=C:\workSoftware\Java\jdk1.8.0_73\jre\bin;C:\WINDOWS\Sun\Java\bin;C:\WINDOWS\system32;C:\WINDOWS;C:\Users\18771\bin;C:\Program Files\Git\mingw64\bin;C:\Program Files\Git\usr\local\bin;C:\Program Files\Git\usr\bin;C:\Program Files\Git\usr\bin;C:\Program Files\Git\mingw64\bin;C:\Program Files\Git\usr\bin;C:\Users\18771\bin;C:\workSoftware\Anaconda3-5;C:\workSoftware\Anaconda3-5\Library\mingw-w64\bin;C:\workSoftware\Anaconda3-5\Library\usr\bin;C:\workSoftware\Anaconda3-5\Library\bin;C:\workSoftware\Anaconda3-5\Scripts;%PYTHON_HOME%;C:\ProgramData\Oracle\Java\javapath;C:\workSoftware\gradle\gradle-4.4\bin;C:\workSoftware\mysql\mysql-5.7.17-winx64\bin;C:\workSoftware\maven\apache-maven-3.2.5\bin;%CATALINA_HOME%\bin;C:\workSoftware\Java\jdk1.8.0_73\bin;C:\workSoftware\Java\jdk1.8.0_73\jre\bin;C:\WINDOWS\system32;C:\WINDOWS;C:\WINDOWS\System32\Wbem;C:\WINDOWS\System32\WindowsPowerShell\v1.0;C:\Program Files\Git\cmd;C:\Program Files\Git\mingw64\bin;C:\Program Files\Git\usr\bin;%CATALINA_HOME%\lib;C:\workSoftware\ant\apache-ant-1.10.5\bin;C:\WINDOWS\System32\OpenSSH;C:\Program Files\Pandoc;C:\Program Files\MIT\Kerberos\bin;C:\workSoftware\apache-groovy\groovy-2.5.5\bin;C:\workSoftware\grails\grails-3.3.9\bin;C:\Ruby22-x64\bin;C:\Users\18771\AppData\Local\Microsoft\WindowsApps;C:\workSoftware\docker\Docker Toolbox;C:\Program Files\Git\usr\bin\vendor_perl;C:\Program Files\Git\usr\bin\core_perl;., surefire.test.class.path=C:\workproject\study\Immortalbird\paascloud-provider\paascloud-provider-uac\target\test-classes;C:\workproject\study\Immortalbird\paascloud-provider\paascloud-provider-uac\target\classes;D:\maven\mavenWareHouseNew\mysql\mysql-connector-java\5.1.39\mysql-connector-java-5.1.39.jar;D:\maven\mavenWareHouseNew\io\jsonwebtoken\jjwt\0.7.0\jjwt-0.7.0.jar;D:\maven\mavenWareHouseNew\joda-time\joda-time\2.9.6\joda-time-2.9.6.jar;D:\maven\mavenWareHouseNew\org\mybatis\spring\boot\mybatis-spring-boot-starter\1.2.0\mybatis-spring-boot-starter-1.2.0.jar;D:\maven\mavenWareHouseNew\org\springframework\boot\spring-boot-starter\1.5.13.RELEASE\spring-boot-starter-1.5.13.RELEASE.jar;D:\maven\mavenWareHouseNew\org\springframework\boot\spring-boot-starter-logging\1.5.13.RELEASE\spring-boot-starter-logging-1.5.13.RELEASE.jar;D:\maven\mavenWareHouseNew\org\slf4j\jcl-over-slf4j\1.7.25\jcl-over-slf4j-1.7.25.jar;D:\maven\mavenWareHouseNew\org\slf4j\jul-to-slf4j\1.7.25\jul-to-slf4j-1.7.25.jar;D:\maven\mavenWareHouseNew\org\slf4j\log4j-over-slf4j\1.7.25\log4j-over-slf4j-1.7.25.jar;D:\maven\mavenWareHouseNew\org\springframework\boot\spring-boot-starter-jdbc\1.5.13.RELEASE\spring-boot-starter-jdbc-1.5.13.RELEASE.jar;D:\maven\mavenWareHouseNew\org\apache\tomcat\tomcat-jdbc\8.5.31\tomcat-jdbc-8.5.31.jar;D:\maven\mavenWareHouseNew\org\apache\tomcat\tomcat-juli\8.5.31\tomcat-juli-8.5.31.jar;D:\maven\mavenWareHouseNew\org\springframework\spring-jdbc\4.3.17.RELEASE\spring-jdbc-4.3.17.RELEASE.jar;D:\maven\mavenWareHouseNew\org\mybatis\spring\boot\mybatis-spring-boot-autoconfigure\1.2.0\mybatis-spring-boot-autoconfigure-1.2.0.jar;D:\maven\mavenWareHouseNew\org\mybatis\mybatis\3.4.2\mybatis-3.4.2.jar;D:\maven\mavenWareHouseNew\org\mybatis\mybatis-spring\1.3.1\mybatis-spring-1.3.1.jar;D:\maven\mavenWareHouseNew\tk\mybatis\mapper-spring-boot-starter\1.1.1\mapper-spring-boot-starter-1.1.1.jar;D:\maven\mavenWareHouseNew\tk\mybatis\mapper-spring-boot-autoconfigure\1.1.1\mapper-spring-boot-autoconfigure-1.1.1.jar;D:\maven\mavenWareHouseNew\tk\mybatis\mapper\3.4.0\mapper-3.4.0.jar;D:\maven\mavenWareHouseNew\javax\persistence\persistence-api\1.0\persistence-api-1.0.jar;D:\maven\mavenWareHouseNew\com\github\pagehelper\pagehelper-spring-boot-starter\1.1.2\pagehelper-spring-boot-starter-1.1.2.jar;D:\maven\mavenWareHouseNew\com\github\pagehelper\pagehelper-spring-boot-autoconfigure\1.1.2\pagehelper-spring-boot-autoconfigure-1.1.2.jar;D:\maven\mavenWareHouseNew\com\github\pagehelper\pagehelper\5.0.3\pagehelper-5.0.3.jar;D:\maven\mavenWareHouseNew\com\github\jsqlparser\jsqlparser\1.0\jsqlparser-1.0.jar;D:\maven\mavenWareHouseNew\com\alibaba\druid-spring-boot-starter\1.1.0\druid-spring-boot-starter-1.1.0.jar;D:\maven\mavenWareHouseNew\org\springframework\boot\spring-boot-autoconfigure\1.5.13.RELEASE\spring-boot-autoconfigure-1.5.13.RELEASE.jar;D:\maven\mavenWareHouseNew\com\fasterxml\jackson\core\jackson-databind\2.8.4\jackson-databind-2.8.4.jar;D:\maven\mavenWareHouseNew\com\fasterxml\jackson\core\jackson-annotations\2.8.0\jackson-annotations-2.8.0.jar;D:\maven\mavenWareHouseNew\com\fasterxml\jackson\core\jackson-core\2.8.11\jackson-core-2.8.11.jar;D:\maven\mavenWareHouseNew\com\liuzm\paascloud\provider\api\paascloud-provider-uac-api\1.0\paascloud-provider-uac-api-1.0.jar;D:\maven\mavenWareHouseNew\com\liuzm\paascloud\common\paascloud-security-feign\1.0\paascloud-security-feign-1.0.jar;D:\maven\mavenWareHouseNew\com\liuzm\paascloud\provider\api\paascloud-provider-mdc-api\1.0\paascloud-provider-mdc-api-1.0.jar;D:\maven\mavenWareHouseNew\com\liuzm\paascloud\provider\api\paascloud-provider-omc-api\1.0\paascloud-provider-omc-api-1.0.jar;D:\maven\mavenWareHouseNew\com\liuzm\paascloud\provider\api\paascloud-provider-opc-api\1.0\paascloud-provider-opc-api-1.0.jar;D:\maven\mavenWareHouseNew\io\github\openfeign\form\feign-form\3.0.3\feign-form-3.0.3.jar;D:\maven\mavenWareHouseNew\io\github\openfeign\form\feign-form-spring\3.0.3\feign-form-spring-3.0.3.jar;D:\maven\mavenWareHouseNew\com\liuzm\paascloud\provider\api\paascloud-provider-sdk-api\1.0\paascloud-provider-sdk-api-1.0.jar;D:\maven\mavenWareHouseNew\org\projectlombok\lombok\1.16.14\lombok-1.16.14.jar;D:\maven\mavenWareHouseNew\com\liuzm\paascloud\provider\api\paascloud-provider-tpc-api\1.0\paascloud-provider-tpc-api-1.0.jar;D:\maven\mavenWareHouseNew\com\liuzm\paascloud\common\paascloud-common-zk\1.0\paascloud-common-zk-1.0.jar;D:\maven\mavenWareHouseNew\org\apache\curator\curator-framework\2.10.0\curator-framework-2.10.0.jar;D:\maven\mavenWareHouseNew\org\apache\curator\curator-client\2.10.0\curator-client-2.10.0.jar;D:\maven\mavenWareHouseNew\org\apache\zookeeper\zookeeper\3.4.6\zookeeper-3.4.6.jar;D:\maven\mavenWareHouseNew\jline\jline\2.14.6\jline-2.14.6.jar;D:\maven\mavenWareHouseNew\io\netty\netty\3.7.0.Final\netty-3.7.0.Final.jar;D:\maven\mavenWareHouseNew\org\apache\curator\curator-recipes\2.10.0\curator-recipes-2.10.0.jar;D:\maven\mavenWareHouseNew\com\alibaba\fastjson\1.2.29\fastjson-1.2.29.jar;D:\maven\mavenWareHouseNew\org\aspectj\aspectjweaver\1.8.13\aspectjweaver-1.8.13.jar;D:\maven\mavenWareHouseNew\org\springframework\spring-tx\4.3.11.RELEASE\spring-tx-4.3.11.RELEASE.jar;D:\maven\mavenWareHouseNew\org\springframework\spring-beans\4.3.17.RELEASE\spring-beans-4.3.17.RELEASE.jar;D:\maven\mavenWareHouseNew\org\apache\rocketmq\rocketmq-client\4.1.0-incubating\rocketmq-client-4.1.0-incubating.jar;D:\maven\mavenWareHouseNew\org\apache\rocketmq\rocketmq-common\4.1.0-incubating\rocketmq-common-4.1.0-incubating.jar;D:\maven\mavenWareHouseNew\org\apache\rocketmq\rocketmq-remoting\4.1.0-incubating\rocketmq-remoting-4.1.0-incubating.jar;D:\maven\mavenWareHouseNew\io\netty\netty-all\4.0.56.Final\netty-all-4.0.56.Final.jar;D:\maven\mavenWareHouseNew\org\slf4j\slf4j-api\1.7.25\slf4j-api-1.7.25.jar;D:\maven\mavenWareHouseNew\org\apache\commons\commons-lang3\3.5\commons-lang3-3.5.jar;D:\maven\mavenWareHouseNew\de\codecentric\spring-boot-admin-starter-client\1.5.7\spring-boot-admin-starter-client-1.5.7.jar;D:\maven\mavenWareHouseNew\de\codecentric\spring-boot-admin-client\1.5.7\spring-boot-admin-client-1.5.7.jar;D:\maven\mavenWareHouseNew\org\springframework\boot\spring-boot-starter-freemarker\1.5.13.RELEASE\spring-boot-starter-freemarker-1.5.13.RELEASE.jar;D:\maven\mavenWareHouseNew\org\freemarker\freemarker\2.3.28\freemarker-2.3.28.jar;D:\maven\mavenWareHouseNew\org\springframework\spring-context-support\4.3.17.RELEASE\spring-context-support-4.3.17.RELEASE.jar;D:\maven\mavenWareHouseNew\org\springframework\cloud\spring-cloud-starter-feign\1.4.4.RELEASE\spring-cloud-starter-feign-1.4.4.RELEASE.jar;D:\maven\mavenWareHouseNew\org\springframework\cloud\spring-cloud-starter-openfeign\1.4.4.RELEASE\spring-cloud-starter-openfeign-1.4.4.RELEASE.jar;D:\maven\mavenWareHouseNew\io\github\openfeign\feign-core\9.5.0\feign-core-9.5.0.jar;D:\maven\mavenWareHouseNew\org\jvnet\animal-sniffer-annotation\1.0\animal-sniffer-annotation-1.0.jar;D:\maven\mavenWareHouseNew\io\github\openfeign\feign-slf4j\9.5.0\feign-slf4j-9.5.0.jar;D:\maven\mavenWareHouseNew\io\github\openfeign\feign-hystrix\9.5.0\feign-hystrix-9.5.0.jar;D:\maven\mavenWareHouseNew\com\github\penggle\kaptcha\2.3.2\kaptcha-2.3.2.jar;D:\maven\mavenWareHouseNew\com\jhlabs\filters\2.0.235-1\filters-2.0.235-1.jar;D:\maven\mavenWareHouseNew\org\springframework\cloud\spring-cloud-starter-oauth2\1.2.2.RELEASE\spring-cloud-starter-oauth2-1.2.2.RELEASE.jar;D:\maven\mavenWareHouseNew\org\springframework\cloud\spring-cloud-starter-security\1.2.2.RELEASE\spring-cloud-starter-security-1.2.2.RELEASE.jar;D:\maven\mavenWareHouseNew\org\springframework\cloud\spring-cloud-security\1.2.2.RELEASE\spring-cloud-security-1.2.2.RELEASE.jar;D:\maven\mavenWareHouseNew\org\springframework\boot\spring-boot-starter-security\1.5.13.RELEASE\spring-boot-starter-security-1.5.13.RELEASE.jar;D:\maven\mavenWareHouseNew\org\springframework\security\oauth\spring-security-oauth2\2.0.15.RELEASE\spring-security-oauth2-2.0.15.RELEASE.jar;D:\maven\mavenWareHouseNew\org\springframework\security\spring-security-core\4.2.6.RELEASE\spring-security-core-4.2.6.RELEASE.jar;D:\maven\mavenWareHouseNew\org\springframework\security\spring-security-config\4.2.6.RELEASE\spring-security-config-4.2.6.RELEASE.jar;D:\maven\mavenWareHouseNew\org\springframework\social\spring-social-config\1.1.6.RELEASE\spring-social-config-1.1.6.RELEASE.jar;D:\maven\mavenWareHouseNew\org\springframework\social\spring-social-core\1.1.6.RELEASE\spring-social-core-1.1.6.RELEASE.jar;D:\maven\mavenWareHouseNew\org\springframework\spring-web\4.3.8.RELEASE\spring-web-4.3.8.RELEASE.jar;D:\maven\mavenWareHouseNew\org\springframework\social\spring-social-security\1.1.6.RELEASE\spring-social-security-1.1.6.RELEASE.jar;D:\maven\mavenWareHouseNew\org\springframework\spring-webmvc\4.3.17.RELEASE\spring-webmvc-4.3.17.RELEASE.jar;D:\maven\mavenWareHouseNew\org\springframework\spring-expression\4.3.17.RELEASE\spring-expression-4.3.17.RELEASE.jar;D:\maven\mavenWareHouseNew\org\springframework\security\spring-security-web\4.2.6.RELEASE\spring-security-web-4.2.6.RELEASE.jar;D:\maven\mavenWareHouseNew\aopalliance\aopalliance\1.0\aopalliance-1.0.jar;D:\maven\mavenWareHouseNew\org\springframework\social\spring-social-web\1.1.6.RELEASE\spring-social-web-1.1.6.RELEASE.jar;D:\maven\mavenWareHouseNew\javax\inject\javax.inject\1\javax.inject-1.jar;D:\maven\mavenWareHouseNew\com\liuzm\paascloud\common\paascloud-common-base\1.0\paascloud-common-base-1.0.jar;D:\maven\mavenWareHouseNew\com\liuzm\paascloud\common\paascloud-security-app\1.0\paascloud-security-app-1.0.jar;D:\maven\mavenWareHouseNew\com\liuzm\paascloud\common\paascloud-security-core\1.0\paascloud-security-core-1.0.jar;D:\maven\mavenWareHouseNew\commons-lang\commons-lang\2.6\commons-lang-2.6.jar;D:\maven\mavenWareHouseNew\commons-collections\commons-collections\3.2.2\commons-collections-3.2.2.jar;D:\maven\mavenWareHouseNew\org\springframework\cloud\spring-cloud-starter-config\1.4.3.RELEASE\spring-cloud-starter-config-1.4.3.RELEASE.jar;D:\maven\mavenWareHouseNew\org\springframework\cloud\spring-cloud-starter\1.3.3.RELEASE\spring-cloud-starter-1.3.3.RELEASE.jar;D:\maven\mavenWareHouseNew\org\springframework\cloud\spring-cloud-context\1.3.3.RELEASE\spring-cloud-context-1.3.3.RELEASE.jar;D:\maven\mavenWareHouseNew\org\springframework\security\spring-security-rsa\1.0.3.RELEASE\spring-security-rsa-1.0.3.RELEASE.jar;D:\maven\mavenWareHouseNew\org\springframework\cloud\spring-cloud-config-client\1.4.3.RELEASE\spring-cloud-config-client-1.4.3.RELEASE.jar;D:\maven\mavenWareHouseNew\org\springframework\cloud\spring-cloud-starter-sleuth\1.3.3.RELEASE\spring-cloud-starter-sleuth-1.3.3.RELEASE.jar;D:\maven\mavenWareHouseNew\org\springframework\cloud\spring-cloud-sleuth-core\1.3.3.RELEASE\spring-cloud-sleuth-core-1.3.3.RELEASE.jar;D:\maven\mavenWareHouseNew\org\aspectj\aspectjrt\1.8.13\aspectjrt-1.8.13.jar;D:\maven\mavenWareHouseNew\org\springframework\cloud\spring-cloud-sleuth-zipkin\1.3.3.RELEASE\spring-cloud-sleuth-zipkin-1.3.3.RELEASE.jar;D:\maven\mavenWareHouseNew\org\springframework\cloud\spring-cloud-commons\1.3.3.RELEASE\spring-cloud-commons-1.3.3.RELEASE.jar;D:\maven\mavenWareHouseNew\org\springframework\security\spring-security-crypto\4.2.6.RELEASE\spring-security-crypto-4.2.6.RELEASE.jar;D:\maven\mavenWareHouseNew\org\apache\httpcomponents\httpclient\4.5.5\httpclient-4.5.5.jar;D:\maven\mavenWareHouseNew\org\apache\httpcomponents\httpcore\4.4.9\httpcore-4.4.9.jar;D:\maven\mavenWareHouseNew\io\zipkin\zipkin2\zipkin\2.6.1\zipkin-2.6.1.jar;D:\maven\mavenWareHouseNew\io\zipkin\reporter2\zipkin-reporter\2.5.0\zipkin-reporter-2.5.0.jar;D:\maven\mavenWareHouseNew\io\zipkin\reporter2\zipkin-sender-kafka11\2.5.0\zipkin-sender-kafka11-2.5.0.jar;D:\maven\mavenWareHouseNew\io\zipkin\reporter2\zipkin-sender-amqp-client\2.5.0\zipkin-sender-amqp-client-2.5.0.jar;D:\maven\mavenWareHouseNew\com\liuzm\paascloud\common\paascloud-common-util\1.0\paascloud-common-util-1.0.jar;D:\maven\mavenWareHouseNew\ch\qos\logback\logback-classic\1.1.11\logback-classic-1.1.11.jar;D:\maven\mavenWareHouseNew\org\codehaus\jackson\jackson-smile\1.9.13\jackson-smile-1.9.13.jar;D:\maven\mavenWareHouseNew\org\codehaus\jackson\jackson-core-asl\1.9.13\jackson-core-asl-1.9.13.jar;D:\maven\mavenWareHouseNew\org\codehaus\jackson\jackson-mapper-asl\1.9.13\jackson-mapper-asl-1.9.13.jar;D:\maven\mavenWareHouseNew\com\xiaoleilu\hutool-all\3.0.7\hutool-all-3.0.7.jar;D:\maven\mavenWareHouseNew\commons-beanutils\commons-beanutils\1.9.3\commons-beanutils-1.9.3.jar;D:\maven\mavenWareHouseNew\com\liuzm\paascloud\common\paascloud-common-core\1.0\paascloud-common-core-1.0.jar;D:\maven\mavenWareHouseNew\eu\bitwalker\UserAgentUtils\1.20\UserAgentUtils-1.20.jar;D:\maven\mavenWareHouseNew\org\springframework\boot\spring-boot-starter-data-redis\1.5.13.RELEASE\spring-boot-starter-data-redis-1.5.13.RELEASE.jar;D:\maven\mavenWareHouseNew\org\springframework\data\spring-data-redis\1.8.12.RELEASE\spring-data-redis-1.8.12.RELEASE.jar;D:\maven\mavenWareHouseNew\org\springframework\data\spring-data-keyvalue\1.2.12.RELEASE\spring-data-keyvalue-1.2.12.RELEASE.jar;D:\maven\mavenWareHouseNew\org\springframework\data\spring-data-commons\1.13.12.RELEASE\spring-data-commons-1.13.12.RELEASE.jar;D:\maven\mavenWareHouseNew\org\springframework\spring-oxm\4.3.17.RELEASE\spring-oxm-4.3.17.RELEASE.jar;D:\maven\mavenWareHouseNew\redis\clients\jedis\2.9.0\jedis-2.9.0.jar;D:\maven\mavenWareHouseNew\org\apache\commons\commons-pool2\2.4.3\commons-pool2-2.4.3.jar;D:\maven\mavenWareHouseNew\com\fasterxml\jackson\module\jackson-module-parameter-names\2.8.11\jackson-module-parameter-names-2.8.11.jar;D:\maven\mavenWareHouseNew\com\fasterxml\jackson\datatype\jackson-datatype-jdk8\2.8.11\jackson-datatype-jdk8-2.8.11.jar;D:\maven\mavenWareHouseNew\com\fasterxml\jackson\datatype\jackson-datatype-jsr310\2.8.11\jackson-datatype-jsr310-2.8.11.jar;D:\maven\mavenWareHouseNew\com\liuzm\paascloud\common\paascloud-common-config\1.0\paascloud-common-config-1.0.jar;D:\maven\mavenWareHouseNew\com\arronlong\httpclientutil\httpclientutil\1.0\httpclientutil-1.0.jar;D:\maven\mavenWareHouseNew\org\apache\httpcomponents\httpmime\4.5.5\httpmime-4.5.5.jar;D:\maven\mavenWareHouseNew\org\apache\httpcomponents\httpasyncclient\4.1.3\httpasyncclient-4.1.3.jar;D:\maven\mavenWareHouseNew\org\apache\httpcomponents\httpcore-nio\4.4.6\httpcore-nio-4.4.6.jar;D:\maven\mavenWareHouseNew\log4j\log4j\1.2.17\log4j-1.2.17.jar;D:\maven\mavenWareHouseNew\com\netflix\hystrix\hystrix-core\1.5.12\hystrix-core-1.5.12.jar;D:\maven\mavenWareHouseNew\com\netflix\archaius\archaius-core\0.7.4\archaius-core-0.7.4.jar;D:\maven\mavenWareHouseNew\com\google\code\findbugs\jsr305\3.0.2\jsr305-3.0.2.jar;D:\maven\mavenWareHouseNew\io\reactivex\rxjava\1.2.0\rxjava-1.2.0.jar;D:\maven\mavenWareHouseNew\org\hdrhistogram\HdrHistogram\2.1.9\HdrHistogram-2.1.9.jar;D:\maven\mavenWareHouseNew\org\springframework\boot\spring-boot-starter-actuator\1.5.13.RELEASE\spring-boot-starter-actuator-1.5.13.RELEASE.jar;D:\maven\mavenWareHouseNew\org\springframework\boot\spring-boot-actuator\1.5.13.RELEASE\spring-boot-actuator-1.5.13.RELEASE.jar;D:\maven\mavenWareHouseNew\org\springframework\cloud\spring-cloud-starter-hystrix\1.4.4.RELEASE\spring-cloud-starter-hystrix-1.4.4.RELEASE.jar;D:\maven\mavenWareHouseNew\org\springframework\cloud\spring-cloud-starter-netflix-hystrix\1.4.4.RELEASE\spring-cloud-starter-netflix-hystrix-1.4.4.RELEASE.jar;D:\maven\mavenWareHouseNew\com\netflix\hystrix\hystrix-metrics-event-stream\1.5.12\hystrix-metrics-event-stream-1.5.12.jar;D:\maven\mavenWareHouseNew\com\netflix\hystrix\hystrix-serialization\1.5.12\hystrix-serialization-1.5.12.jar;D:\maven\mavenWareHouseNew\com\fasterxml\jackson\module\jackson-module-afterburner\2.8.11\jackson-module-afterburner-2.8.11.jar;D:\maven\mavenWareHouseNew\com\netflix\hystrix\hystrix-javanica\1.5.12\hystrix-javanica-1.5.12.jar;D:\maven\mavenWareHouseNew\org\ow2\asm\asm\5.0.4\asm-5.0.4.jar;D:\maven\mavenWareHouseNew\org\springframework\boot\spring-boot-starter-web\1.5.13.RELEASE\spring-boot-starter-web-1.5.13.RELEASE.jar;D:\maven\mavenWareHouseNew\org\springframework\boot\spring-boot-starter-tomcat\1.5.13.RELEASE\spring-boot-starter-tomcat-1.5.13.RELEASE.jar;D:\maven\mavenWareHouseNew\org\apache\tomcat\embed\tomcat-embed-core\8.5.31\tomcat-embed-core-8.5.31.jar;D:\maven\mavenWareHouseNew\org\apache\tomcat\tomcat-annotations-api\8.5.31\tomcat-annotations-api-8.5.31.jar;D:\maven\mavenWareHouseNew\org\apache\tomcat\embed\tomcat-embed-websocket\8.5.31\tomcat-embed-websocket-8.5.31.jar;D:\maven\mavenWareHouseNew\org\hibernate\hibernate-validator\5.3.6.Final\hibernate-validator-5.3.6.Final.jar;D:\maven\mavenWareHouseNew\javax\validation\validation-api\1.1.0.Final\validation-api-1.1.0.Final.jar;D:\maven\mavenWareHouseNew\org\jboss\logging\jboss-logging\3.3.2.Final\jboss-logging-3.3.2.Final.jar;D:\maven\mavenWareHouseNew\net\logstash\logback\logstash-logback-encoder\4.6\logstash-logback-encoder-4.6.jar;D:\maven\mavenWareHouseNew\ch\qos\logback\logback-core\1.1.11\logback-core-1.1.11.jar;D:\maven\mavenWareHouseNew\com\google\guava\guava\17.0\guava-17.0.jar;D:\maven\mavenWareHouseNew\org\springframework\boot\spring-boot-starter-validation\1.5.13.RELEASE\spring-boot-starter-validation-1.5.13.RELEASE.jar;D:\maven\mavenWareHouseNew\org\apache\tomcat\embed\tomcat-embed-el\8.5.31\tomcat-embed-el-8.5.31.jar;D:\maven\mavenWareHouseNew\io\springfox\springfox-swagger-ui\2.6.1\springfox-swagger-ui-2.6.1.jar;D:\maven\mavenWareHouseNew\io\springfox\springfox-spring-web\2.6.1\springfox-spring-web-2.6.1.jar;D:\maven\mavenWareHouseNew\io\springfox\springfox-swagger2\2.6.1\springfox-swagger2-2.6.1.jar;D:\maven\mavenWareHouseNew\io\swagger\swagger-annotations\1.5.10\swagger-annotations-1.5.10.jar;D:\maven\mavenWareHouseNew\io\swagger\swagger-models\1.5.10\swagger-models-1.5.10.jar;D:\maven\mavenWareHouseNew\io\springfox\springfox-spi\2.6.1\springfox-spi-2.6.1.jar;D:\maven\mavenWareHouseNew\io\springfox\springfox-core\2.6.1\springfox-core-2.6.1.jar;D:\maven\mavenWareHouseNew\io\springfox\springfox-schema\2.6.1\springfox-schema-2.6.1.jar;D:\maven\mavenWareHouseNew\io\springfox\springfox-swagger-common\2.6.1\springfox-swagger-common-2.6.1.jar;D:\maven\mavenWareHouseNew\com\fasterxml\classmate\1.3.4\classmate-1.3.4.jar;D:\maven\mavenWareHouseNew\org\springframework\plugin\spring-plugin-core\1.2.0.RELEASE\spring-plugin-core-1.2.0.RELEASE.jar;D:\maven\mavenWareHouseNew\org\springframework\plugin\spring-plugin-metadata\1.2.0.RELEASE\spring-plugin-metadata-1.2.0.RELEASE.jar;D:\maven\mavenWareHouseNew\org\mapstruct\mapstruct\1.0.0.Final\mapstruct-1.0.0.Final.jar;D:\maven\mavenWareHouseNew\commons-codec\commons-codec\1.10\commons-codec-1.10.jar;D:\maven\mavenWareHouseNew\org\springframework\boot\spring-boot-starter-test\1.5.13.RELEASE\spring-boot-starter-test-1.5.13.RELEASE.jar;D:\maven\mavenWareHouseNew\org\springframework\boot\spring-boot-test\1.5.13.RELEASE\spring-boot-test-1.5.13.RELEASE.jar;D:\maven\mavenWareHouseNew\org\springframework\boot\spring-boot-test-autoconfigure\1.5.13.RELEASE\spring-boot-test-autoconfigure-1.5.13.RELEASE.jar;D:\maven\mavenWareHouseNew\com\jayway\jsonpath\json-path\2.2.0\json-path-2.2.0.jar;D:\maven\mavenWareHouseNew\net\minidev\json-smart\2.2.1\json-smart-2.2.1.jar;D:\maven\mavenWareHouseNew\net\minidev\accessors-smart\1.1\accessors-smart-1.1.jar;D:\maven\mavenWareHouseNew\junit\junit\4.12\junit-4.12.jar;D:\maven\mavenWareHouseNew\org\assertj\assertj-core\2.6.0\assertj-core-2.6.0.jar;D:\maven\mavenWareHouseNew\org\mockito\mockito-core\1.10.19\mockito-core-1.10.19.jar;D:\maven\mavenWareHouseNew\org\objenesis\objenesis\2.5.1\objenesis-2.5.1.jar;D:\maven\mavenWareHouseNew\org\hamcrest\hamcrest-core\1.3\hamcrest-core-1.3.jar;D:\maven\mavenWareHouseNew\org\hamcrest\hamcrest-library\1.3\hamcrest-library-1.3.jar;D:\maven\mavenWareHouseNew\org\skyscreamer\jsonassert\1.4.0\jsonassert-1.4.0.jar;D:\maven\mavenWareHouseNew\com\vaadin\external\google\android-json\0.0.20131108.vaadin1\android-json-0.0.20131108.vaadin1.jar;D:\maven\mavenWareHouseNew\org\springframework\spring-core\4.3.11.RELEASE\spring-core-4.3.11.RELEASE.jar;D:\maven\mavenWareHouseNew\org\springframework\spring-test\4.3.17.RELEASE\spring-test-4.3.17.RELEASE.jar;D:\maven\mavenWareHouseNew\com\alibaba\druid\1.0.29\druid-1.0.29.jar;C:\workSoftware\Java\jdk1.8.0_73\jre\..\lib\jconsole.jar;C:\workSoftware\Java\jdk1.8.0_73\jre\..\lib\tools.jar;D:\maven\mavenWareHouseNew\org\mybatis\generator\mybatis-generator-core\1.3.5\mybatis-generator-core-1.3.5.jar;D:\maven\mavenWareHouseNew\org\springframework\boot\spring-boot-configuration-processor\1.5.13.RELEASE\spring-boot-configuration-processor-1.5.13.RELEASE.jar;D:\maven\mavenWareHouseNew\org\springframework\boot\spring-boot-devtools\1.5.13.RELEASE\spring-boot-devtools-1.5.13.RELEASE.jar;D:\maven\mavenWareHouseNew\org\springframework\boot\spring-boot\1.5.13.RELEASE\spring-boot-1.5.13.RELEASE.jar;D:\maven\mavenWareHouseNew\org\springframework\boot\spring-boot-starter-aop\1.5.13.RELEASE\spring-boot-starter-aop-1.5.13.RELEASE.jar;D:\maven\mavenWareHouseNew\org\springframework\spring-aop\4.3.17.RELEASE\spring-aop-4.3.17.RELEASE.jar;D:\maven\mavenWareHouseNew\org\modelmapper\modelmapper\1.1.2\modelmapper-1.1.2.jar;D:\maven\mavenWareHouseNew\org\jolokia\jolokia-core\1.3.7\jolokia-core-1.3.7.jar;D:\maven\mavenWareHouseNew\com\googlecode\json-simple\json-simple\1.1.1\json-simple-1.1.1.jar;D:\maven\mavenWareHouseNew\org\springframework\security\spring-security-jwt\1.0.9.RELEASE\spring-security-jwt-1.0.9.RELEASE.jar;D:\maven\mavenWareHouseNew\org\bouncycastle\bcpkix-jdk15on\1.56\bcpkix-jdk15on-1.56.jar;D:\maven\mavenWareHouseNew\org\bouncycastle\bcprov-jdk15on\1.56\bcprov-jdk15on-1.56.jar;D:\maven\mavenWareHouseNew\org\liquibase\liquibase-core\3.5.3\liquibase-core-3.5.3.jar;D:\maven\mavenWareHouseNew\org\yaml\snakeyaml\1.17\snakeyaml-1.17.jar;D:\maven\mavenWareHouseNew\org\springframework\cloud\spring-cloud-starter-zipkin\1.3.3.RELEASE\spring-cloud-starter-zipkin-1.3.3.RELEASE.jar;D:\maven\mavenWareHouseNew\org\springframework\amqp\spring-rabbit\1.7.7.RELEASE\spring-rabbit-1.7.7.RELEASE.jar;D:\maven\mavenWareHouseNew\org\springframework\retry\spring-retry\1.2.2.RELEASE\spring-retry-1.2.2.RELEASE.jar;D:\maven\mavenWareHouseNew\com\rabbitmq\http-client\1.1.1.RELEASE\http-client-1.1.1.RELEASE.jar;D:\maven\mavenWareHouseNew\com\rabbitmq\amqp-client\4.0.3\amqp-client-4.0.3.jar;D:\maven\mavenWareHouseNew\org\springframework\spring-messaging\4.3.17.RELEASE\spring-messaging-4.3.17.RELEASE.jar;D:\maven\mavenWareHouseNew\org\springframework\spring-context\4.3.8.RELEASE\spring-context-4.3.8.RELEASE.jar;D:\maven\mavenWareHouseNew\org\springframework\amqp\spring-amqp\1.7.7.RELEASE\spring-amqp-1.7.7.RELEASE.jar;D:\maven\mavenWareHouseNew\org\springframework\cloud\spring-cloud-starter-netflix-eureka-client\1.4.4.RELEASE\spring-cloud-starter-netflix-eureka-client-1.4.4.RELEASE.jar;D:\maven\mavenWareHouseNew\org\springframework\cloud\spring-cloud-netflix-core\1.4.4.RELEASE\spring-cloud-netflix-core-1.4.4.RELEASE.jar;D:\maven\mavenWareHouseNew\org\springframework\cloud\spring-cloud-netflix-eureka-client\1.4.4.RELEASE\spring-cloud-netflix-eureka-client-1.4.4.RELEASE.jar;D:\maven\mavenWareHouseNew\com\netflix\eureka\eureka-client\1.7.2\eureka-client-1.7.2.jar;D:\maven\mavenWareHouseNew\org\codehaus\jettison\jettison\1.2\jettison-1.2.jar;D:\maven\mavenWareHouseNew\stax\stax-api\1.0.1\stax-api-1.0.1.jar;D:\maven\mavenWareHouseNew\com\netflix\netflix-commons\netflix-eventbus\0.3.0\netflix-eventbus-0.3.0.jar;D:\maven\mavenWareHouseNew\com\netflix\netflix-commons\netflix-infix\0.3.0\netflix-infix-0.3.0.jar;D:\maven\mavenWareHouseNew\commons-jxpath\commons-jxpath\1.3\commons-jxpath-1.3.jar;D:\maven\mavenWareHouseNew\org\antlr\antlr-runtime\3.4\antlr-runtime-3.4.jar;D:\maven\mavenWareHouseNew\org\antlr\stringtemplate\3.2.1\stringtemplate-3.2.1.jar;D:\maven\mavenWareHouseNew\antlr\antlr\2.7.7\antlr-2.7.7.jar;D:\maven\mavenWareHouseNew\com\google\code\gson\gson\2.8.4\gson-2.8.4.jar;D:\maven\mavenWareHouseNew\org\apache\commons\commons-math\2.2\commons-math-2.2.jar;D:\maven\mavenWareHouseNew\javax\ws\rs\jsr311-api\1.1.1\jsr311-api-1.1.1.jar;D:\maven\mavenWareHouseNew\com\netflix\servo\servo-core\0.10.1\servo-core-0.10.1.jar;D:\maven\mavenWareHouseNew\com\netflix\servo\servo-internal\0.10.1\servo-internal-0.10.1.jar;D:\maven\mavenWareHouseNew\com\sun\jersey\jersey-core\1.19.1\jersey-core-1.19.1.jar;D:\maven\mavenWareHouseNew\com\sun\jersey\jersey-client\1.19.1\jersey-client-1.19.1.jar;D:\maven\mavenWareHouseNew\com\sun\jersey\contribs\jersey-apache-client4\1.19.1\jersey-apache-client4-1.19.1.jar;D:\maven\mavenWareHouseNew\com\google\inject\guice\3.0\guice-3.0.jar;D:\maven\mavenWareHouseNew\com\netflix\eureka\eureka-core\1.7.2\eureka-core-1.7.2.jar;D:\maven\mavenWareHouseNew\org\codehaus\woodstox\woodstox-core-asl\4.4.1\woodstox-core-asl-4.4.1.jar;D:\maven\mavenWareHouseNew\javax\xml\stream\stax-api\1.0-2\stax-api-1.0-2.jar;D:\maven\mavenWareHouseNew\org\codehaus\woodstox\stax2-api\3.1.4\stax2-api-3.1.4.jar;D:\maven\mavenWareHouseNew\org\springframework\cloud\spring-cloud-starter-netflix-archaius\1.4.4.RELEASE\spring-cloud-starter-netflix-archaius-1.4.4.RELEASE.jar;D:\maven\mavenWareHouseNew\commons-configuration\commons-configuration\1.8\commons-configuration-1.8.jar;D:\maven\mavenWareHouseNew\org\springframework\cloud\spring-cloud-starter-netflix-ribbon\1.4.4.RELEASE\spring-cloud-starter-netflix-ribbon-1.4.4.RELEASE.jar;D:\maven\mavenWareHouseNew\com\netflix\ribbon\ribbon\2.2.5\ribbon-2.2.5.jar;D:\maven\mavenWareHouseNew\com\netflix\ribbon\ribbon-transport\2.2.5\ribbon-transport-2.2.5.jar;D:\maven\mavenWareHouseNew\io\reactivex\rxnetty-contexts\0.4.9\rxnetty-contexts-0.4.9.jar;D:\maven\mavenWareHouseNew\io\reactivex\rxnetty-servo\0.4.9\rxnetty-servo-0.4.9.jar;D:\maven\mavenWareHouseNew\io\reactivex\rxnetty\0.4.9\rxnetty-0.4.9.jar;D:\maven\mavenWareHouseNew\io\netty\netty-codec-http\4.0.27.Final\netty-codec-http-4.0.27.Final.jar;D:\maven\mavenWareHouseNew\io\netty\netty-codec\4.0.27.Final\netty-codec-4.0.27.Final.jar;D:\maven\mavenWareHouseNew\io\netty\netty-handler\4.0.27.Final\netty-handler-4.0.27.Final.jar;D:\maven\mavenWareHouseNew\io\netty\netty-transport-native-epoll\4.0.27.Final\netty-transport-native-epoll-4.0.27.Final.jar;D:\maven\mavenWareHouseNew\io\netty\netty-common\4.0.27.Final\netty-common-4.0.27.Final.jar;D:\maven\mavenWareHouseNew\io\netty\netty-buffer\4.0.27.Final\netty-buffer-4.0.27.Final.jar;D:\maven\mavenWareHouseNew\io\netty\netty-transport\4.0.27.Final\netty-transport-4.0.27.Final.jar;D:\maven\mavenWareHouseNew\com\netflix\ribbon\ribbon-core\2.2.5\ribbon-core-2.2.5.jar;D:\maven\mavenWareHouseNew\com\netflix\ribbon\ribbon-httpclient\2.2.5\ribbon-httpclient-2.2.5.jar;D:\maven\mavenWareHouseNew\com\netflix\netflix-commons\netflix-commons-util\0.1.1\netflix-commons-util-0.1.1.jar;D:\maven\mavenWareHouseNew\com\netflix\ribbon\ribbon-loadbalancer\2.2.5\ribbon-loadbalancer-2.2.5.jar;D:\maven\mavenWareHouseNew\com\netflix\netflix-commons\netflix-statistics\0.1.1\netflix-statistics-0.1.1.jar;D:\maven\mavenWareHouseNew\com\netflix\ribbon\ribbon-eureka\2.2.5\ribbon-eureka-2.2.5.jar;D:\maven\mavenWareHouseNew\com\thoughtworks\xstream\xstream\1.4.10\xstream-1.4.10.jar;D:\maven\mavenWareHouseNew\xmlpull\xmlpull\1.1.3.1\xmlpull-1.1.3.1.jar;D:\maven\mavenWareHouseNew\xpp3\xpp3_min\1.1.4c\xpp3_min-1.1.4c.jar;, java.specification.name=Java Platform API Specification, java.class.version=52.0, sun.management.compiler=HotSpot 64-Bit Tiered Compilers, os.version=10.0, user.home=C:\Users\18771, user.timezone=Asia/Shanghai, java.awt.printerjob=sun.awt.windows.WPrinterJob, file.encoding=GBK, java.specification.version=1.8, java.class.path=C:\workproject\study\Immortalbird\paascloud-provider\paascloud-provider-uac\target\test-classes;C:\workproject\study\Immortalbird\paascloud-provider\paascloud-provider-uac\target\classes;D:\maven\mavenWareHouseNew\mysql\mysql-connector-java\5.1.39\mysql-connector-java-5.1.39.jar;D:\maven\mavenWareHouseNew\io\jsonwebtoken\jjwt\0.7.0\jjwt-0.7.0.jar;D:\maven\mavenWareHouseNew\joda-time\joda-time\2.9.6\joda-time-2.9.6.jar;D:\maven\mavenWareHouseNew\org\mybatis\spring\boot\mybatis-spring-boot-starter\1.2.0\mybatis-spring-boot-starter-1.2.0.jar;D:\maven\mavenWareHouseNew\org\springframework\boot\spring-boot-starter\1.5.13.RELEASE\spring-boot-starter-1.5.13.RELEASE.jar;D:\maven\mavenWareHouseNew\org\springframework\boot\spring-boot-starter-logging\1.5.13.RELEASE\spring-boot-starter-logging-1.5.13.RELEASE.jar;D:\maven\mavenWareHouseNew\org\slf4j\jcl-over-slf4j\1.7.25\jcl-over-slf4j-1.7.25.jar;D:\maven\mavenWareHouseNew\org\slf4j\jul-to-slf4j\1.7.25\jul-to-slf4j-1.7.25.jar;D:\maven\mavenWareHouseNew\org\slf4j\log4j-over-slf4j\1.7.25\log4j-over-slf4j-1.7.25.jar;D:\maven\mavenWareHouseNew\org\springframework\boot\spring-boot-starter-jdbc\1.5.13.RELEASE\spring-boot-starter-jdbc-1.5.13.RELEASE.jar;D:\maven\mavenWareHouseNew\org\apache\tomcat\tomcat-jdbc\8.5.31\tomcat-jdbc-8.5.31.jar;D:\maven\mavenWareHouseNew\org\apache\tomcat\tomcat-juli\8.5.31\tomcat-juli-8.5.31.jar;D:\maven\mavenWareHouseNew\org\springframework\spring-jdbc\4.3.17.RELEASE\spring-jdbc-4.3.17.RELEASE.jar;D:\maven\mavenWareHouseNew\org\mybatis\spring\boot\mybatis-spring-boot-autoconfigure\1.2.0\mybatis-spring-boot-autoconfigure-1.2.0.jar;D:\maven\mavenWareHouseNew\org\mybatis\mybatis\3.4.2\mybatis-3.4.2.jar;D:\maven\mavenWareHouseNew\org\mybatis\mybatis-spring\1.3.1\mybatis-spring-1.3.1.jar;D:\maven\mavenWareHouseNew\tk\mybatis\mapper-spring-boot-starter\1.1.1\mapper-spring-boot-starter-1.1.1.jar;D:\maven\mavenWareHouseNew\tk\mybatis\mapper-spring-boot-autoconfigure\1.1.1\mapper-spring-boot-autoconfigure-1.1.1.jar;D:\maven\mavenWareHouseNew\tk\mybatis\mapper\3.4.0\mapper-3.4.0.jar;D:\maven\mavenWareHouseNew\javax\persistence\persistence-api\1.0\persistence-api-1.0.jar;D:\maven\mavenWareHouseNew\com\github\pagehelper\pagehelper-spring-boot-starter\1.1.2\pagehelper-spring-boot-starter-1.1.2.jar;D:\maven\mavenWareHouseNew\com\github\pagehelper\pagehelper-spring-boot-autoconfigure\1.1.2\pagehelper-spring-boot-autoconfigure-1.1.2.jar;D:\maven\mavenWareHouseNew\com\github\pagehelper\pagehelper\5.0.3\pagehelper-5.0.3.jar;D:\maven\mavenWareHouseNew\com\github\jsqlparser\jsqlparser\1.0\jsqlparser-1.0.jar;D:\maven\mavenWareHouseNew\com\alibaba\druid-spring-boot-starter\1.1.0\druid-spring-boot-starter-1.1.0.jar;D:\maven\mavenWareHouseNew\org\springframework\boot\spring-boot-autoconfigure\1.5.13.RELEASE\spring-boot-autoconfigure-1.5.13.RELEASE.jar;D:\maven\mavenWareHouseNew\com\fasterxml\jackson\core\jackson-databind\2.8.4\jackson-databind-2.8.4.jar;D:\maven\mavenWareHouseNew\com\fasterxml\jackson\core\jackson-annotations\2.8.0\jackson-annotations-2.8.0.jar;D:\maven\mavenWareHouseNew\com\fasterxml\jackson\core\jackson-core\2.8.11\jackson-core-2.8.11.jar;D:\maven\mavenWareHouseNew\com\liuzm\paascloud\provider\api\paascloud-provider-uac-api\1.0\paascloud-provider-uac-api-1.0.jar;D:\maven\mavenWareHouseNew\com\liuzm\paascloud\common\paascloud-security-feign\1.0\paascloud-security-feign-1.0.jar;D:\maven\mavenWareHouseNew\com\liuzm\paascloud\provider\api\paascloud-provider-mdc-api\1.0\paascloud-provider-mdc-api-1.0.jar;D:\maven\mavenWareHouseNew\com\liuzm\paascloud\provider\api\paascloud-provider-omc-api\1.0\paascloud-provider-omc-api-1.0.jar;D:\maven\mavenWareHouseNew\com\liuzm\paascloud\provider\api\paascloud-provider-opc-api\1.0\paascloud-provider-opc-api-1.0.jar;D:\maven\mavenWareHouseNew\io\github\openfeign\form\feign-form\3.0.3\feign-form-3.0.3.jar;D:\maven\mavenWareHouseNew\io\github\openfeign\form\feign-form-spring\3.0.3\feign-form-spring-3.0.3.jar;D:\maven\mavenWareHouseNew\com\liuzm\paascloud\provider\api\paascloud-provider-sdk-api\1.0\paascloud-provider-sdk-api-1.0.jar;D:\maven\mavenWareHouseNew\org\projectlombok\lombok\1.16.14\lombok-1.16.14.jar;D:\maven\mavenWareHouseNew\com\liuzm\paascloud\provider\api\paascloud-provider-tpc-api\1.0\paascloud-provider-tpc-api-1.0.jar;D:\maven\mavenWareHouseNew\com\liuzm\paascloud\common\paascloud-common-zk\1.0\paascloud-common-zk-1.0.jar;D:\maven\mavenWareHouseNew\org\apache\curator\curator-framework\2.10.0\curator-framework-2.10.0.jar;D:\maven\mavenWareHouseNew\org\apache\curator\curator-client\2.10.0\curator-client-2.10.0.jar;D:\maven\mavenWareHouseNew\org\apache\zookeeper\zookeeper\3.4.6\zookeeper-3.4.6.jar;D:\maven\mavenWareHouseNew\jline\jline\2.14.6\jline-2.14.6.jar;D:\maven\mavenWareHouseNew\io\netty\netty\3.7.0.Final\netty-3.7.0.Final.jar;D:\maven\mavenWareHouseNew\org\apache\curator\curator-recipes\2.10.0\curator-recipes-2.10.0.jar;D:\maven\mavenWareHouseNew\com\alibaba\fastjson\1.2.29\fastjson-1.2.29.jar;D:\maven\mavenWareHouseNew\org\aspectj\aspectjweaver\1.8.13\aspectjweaver-1.8.13.jar;D:\maven\mavenWareHouseNew\org\springframework\spring-tx\4.3.11.RELEASE\spring-tx-4.3.11.RELEASE.jar;D:\maven\mavenWareHouseNew\org\springframework\spring-beans\4.3.17.RELEASE\spring-beans-4.3.17.RELEASE.jar;D:\maven\mavenWareHouseNew\org\apache\rocketmq\rocketmq-client\4.1.0-incubating\rocketmq-client-4.1.0-incubating.jar;D:\maven\mavenWareHouseNew\org\apache\rocketmq\rocketmq-common\4.1.0-incubating\rocketmq-common-4.1.0-incubating.jar;D:\maven\mavenWareHouseNew\org\apache\rocketmq\rocketmq-remoting\4.1.0-incubating\rocketmq-remoting-4.1.0-incubating.jar;D:\maven\mavenWareHouseNew\io\netty\netty-all\4.0.56.Final\netty-all-4.0.56.Final.jar;D:\maven\mavenWareHouseNew\org\slf4j\slf4j-api\1.7.25\slf4j-api-1.7.25.jar;D:\maven\mavenWareHouseNew\org\apache\commons\commons-lang3\3.5\commons-lang3-3.5.jar;D:\maven\mavenWareHouseNew\de\codecentric\spring-boot-admin-starter-client\1.5.7\spring-boot-admin-starter-client-1.5.7.jar;D:\maven\mavenWareHouseNew\de\codecentric\spring-boot-admin-client\1.5.7\spring-boot-admin-client-1.5.7.jar;D:\maven\mavenWareHouseNew\org\springframework\boot\spring-boot-starter-freemarker\1.5.13.RELEASE\spring-boot-starter-freemarker-1.5.13.RELEASE.jar;D:\maven\mavenWareHouseNew\org\freemarker\freemarker\2.3.28\freemarker-2.3.28.jar;D:\maven\mavenWareHouseNew\org\springframework\spring-context-support\4.3.17.RELEASE\spring-context-support-4.3.17.RELEASE.jar;D:\maven\mavenWareHouseNew\org\springframework\cloud\spring-cloud-starter-feign\1.4.4.RELEASE\spring-cloud-starter-feign-1.4.4.RELEASE.jar;D:\maven\mavenWareHouseNew\org\springframework\cloud\spring-cloud-starter-openfeign\1.4.4.RELEASE\spring-cloud-starter-openfeign-1.4.4.RELEASE.jar;D:\maven\mavenWareHouseNew\io\github\openfeign\feign-core\9.5.0\feign-core-9.5.0.jar;D:\maven\mavenWareHouseNew\org\jvnet\animal-sniffer-annotation\1.0\animal-sniffer-annotation-1.0.jar;D:\maven\mavenWareHouseNew\io\github\openfeign\feign-slf4j\9.5.0\feign-slf4j-9.5.0.jar;D:\maven\mavenWareHouseNew\io\github\openfeign\feign-hystrix\9.5.0\feign-hystrix-9.5.0.jar;D:\maven\mavenWareHouseNew\com\github\penggle\kaptcha\2.3.2\kaptcha-2.3.2.jar;D:\maven\mavenWareHouseNew\com\jhlabs\filters\2.0.235-1\filters-2.0.235-1.jar;D:\maven\mavenWareHouseNew\org\springframework\cloud\spring-cloud-starter-oauth2\1.2.2.RELEASE\spring-cloud-starter-oauth2-1.2.2.RELEASE.jar;D:\maven\mavenWareHouseNew\org\springframework\cloud\spring-cloud-starter-security\1.2.2.RELEASE\spring-cloud-starter-security-1.2.2.RELEASE.jar;D:\maven\mavenWareHouseNew\org\springframework\cloud\spring-cloud-security\1.2.2.RELEASE\spring-cloud-security-1.2.2.RELEASE.jar;D:\maven\mavenWareHouseNew\org\springframework\boot\spring-boot-starter-security\1.5.13.RELEASE\spring-boot-starter-security-1.5.13.RELEASE.jar;D:\maven\mavenWareHouseNew\org\springframework\security\oauth\spring-security-oauth2\2.0.15.RELEASE\spring-security-oauth2-2.0.15.RELEASE.jar;D:\maven\mavenWareHouseNew\org\springframework\security\spring-security-core\4.2.6.RELEASE\spring-security-core-4.2.6.RELEASE.jar;D:\maven\mavenWareHouseNew\org\springframework\security\spring-security-config\4.2.6.RELEASE\spring-security-config-4.2.6.RELEASE.jar;D:\maven\mavenWareHouseNew\org\springframework\social\spring-social-config\1.1.6.RELEASE\spring-social-config-1.1.6.RELEASE.jar;D:\maven\mavenWareHouseNew\org\springframework\social\spring-social-core\1.1.6.RELEASE\spring-social-core-1.1.6.RELEASE.jar;D:\maven\mavenWareHouseNew\org\springframework\spring-web\4.3.8.RELEASE\spring-web-4.3.8.RELEASE.jar;D:\maven\mavenWareHouseNew\org\springframework\social\spring-social-security\1.1.6.RELEASE\spring-social-security-1.1.6.RELEASE.jar;D:\maven\mavenWareHouseNew\org\springframework\spring-webmvc\4.3.17.RELEASE\spring-webmvc-4.3.17.RELEASE.jar;D:\maven\mavenWareHouseNew\org\springframework\spring-expression\4.3.17.RELEASE\spring-expression-4.3.17.RELEASE.jar;D:\maven\mavenWareHouseNew\org\springframework\security\spring-security-web\4.2.6.RELEASE\spring-security-web-4.2.6.RELEASE.jar;D:\maven\mavenWareHouseNew\aopalliance\aopalliance\1.0\aopalliance-1.0.jar;D:\maven\mavenWareHouseNew\org\springframework\social\spring-social-web\1.1.6.RELEASE\spring-social-web-1.1.6.RELEASE.jar;D:\maven\mavenWareHouseNew\javax\inject\javax.inject\1\javax.inject-1.jar;D:\maven\mavenWareHouseNew\com\liuzm\paascloud\common\paascloud-common-base\1.0\paascloud-common-base-1.0.jar;D:\maven\mavenWareHouseNew\com\liuzm\paascloud\common\paascloud-security-app\1.0\paascloud-security-app-1.0.jar;D:\maven\mavenWareHouseNew\com\liuzm\paascloud\common\paascloud-security-core\1.0\paascloud-security-core-1.0.jar;D:\maven\mavenWareHouseNew\commons-lang\commons-lang\2.6\commons-lang-2.6.jar;D:\maven\mavenWareHouseNew\commons-collections\commons-collections\3.2.2\commons-collections-3.2.2.jar;D:\maven\mavenWareHouseNew\org\springframework\cloud\spring-cloud-starter-config\1.4.3.RELEASE\spring-cloud-starter-config-1.4.3.RELEASE.jar;D:\maven\mavenWareHouseNew\org\springframework\cloud\spring-cloud-starter\1.3.3.RELEASE\spring-cloud-starter-1.3.3.RELEASE.jar;D:\maven\mavenWareHouseNew\org\springframework\cloud\spring-cloud-context\1.3.3.RELEASE\spring-cloud-context-1.3.3.RELEASE.jar;D:\maven\mavenWareHouseNew\org\springframework\security\spring-security-rsa\1.0.3.RELEASE\spring-security-rsa-1.0.3.RELEASE.jar;D:\maven\mavenWareHouseNew\org\springframework\cloud\spring-cloud-config-client\1.4.3.RELEASE\spring-cloud-config-client-1.4.3.RELEASE.jar;D:\maven\mavenWareHouseNew\org\springframework\cloud\spring-cloud-starter-sleuth\1.3.3.RELEASE\spring-cloud-starter-sleuth-1.3.3.RELEASE.jar;D:\maven\mavenWareHouseNew\org\springframework\cloud\spring-cloud-sleuth-core\1.3.3.RELEASE\spring-cloud-sleuth-core-1.3.3.RELEASE.jar;D:\maven\mavenWareHouseNew\org\aspectj\aspectjrt\1.8.13\aspectjrt-1.8.13.jar;D:\maven\mavenWareHouseNew\org\springframework\cloud\spring-cloud-sleuth-zipkin\1.3.3.RELEASE\spring-cloud-sleuth-zipkin-1.3.3.RELEASE.jar;D:\maven\mavenWareHouseNew\org\springframework\cloud\spring-cloud-commons\1.3.3.RELEASE\spring-cloud-commons-1.3.3.RELEASE.jar;D:\maven\mavenWareHouseNew\org\springframework\security\spring-security-crypto\4.2.6.RELEASE\spring-security-crypto-4.2.6.RELEASE.jar;D:\maven\mavenWareHouseNew\org\apache\httpcomponents\httpclient\4.5.5\httpclient-4.5.5.jar;D:\maven\mavenWareHouseNew\org\apache\httpcomponents\httpcore\4.4.9\httpcore-4.4.9.jar;D:\maven\mavenWareHouseNew\io\zipkin\zipkin2\zipkin\2.6.1\zipkin-2.6.1.jar;D:\maven\mavenWareHouseNew\io\zipkin\reporter2\zipkin-reporter\2.5.0\zipkin-reporter-2.5.0.jar;D:\maven\mavenWareHouseNew\io\zipkin\reporter2\zipkin-sender-kafka11\2.5.0\zipkin-sender-kafka11-2.5.0.jar;D:\maven\mavenWareHouseNew\io\zipkin\reporter2\zipkin-sender-amqp-client\2.5.0\zipkin-sender-amqp-client-2.5.0.jar;D:\maven\mavenWareHouseNew\com\liuzm\paascloud\common\paascloud-common-util\1.0\paascloud-common-util-1.0.jar;D:\maven\mavenWareHouseNew\ch\qos\logback\logback-classic\1.1.11\logback-classic-1.1.11.jar;D:\maven\mavenWareHouseNew\org\codehaus\jackson\jackson-smile\1.9.13\jackson-smile-1.9.13.jar;D:\maven\mavenWareHouseNew\org\codehaus\jackson\jackson-core-asl\1.9.13\jackson-core-asl-1.9.13.jar;D:\maven\mavenWareHouseNew\org\codehaus\jackson\jackson-mapper-asl\1.9.13\jackson-mapper-asl-1.9.13.jar;D:\maven\mavenWareHouseNew\com\xiaoleilu\hutool-all\3.0.7\hutool-all-3.0.7.jar;D:\maven\mavenWareHouseNew\commons-beanutils\commons-beanutils\1.9.3\commons-beanutils-1.9.3.jar;D:\maven\mavenWareHouseNew\com\liuzm\paascloud\common\paascloud-common-core\1.0\paascloud-common-core-1.0.jar;D:\maven\mavenWareHouseNew\eu\bitwalker\UserAgentUtils\1.20\UserAgentUtils-1.20.jar;D:\maven\mavenWareHouseNew\org\springframework\boot\spring-boot-starter-data-redis\1.5.13.RELEASE\spring-boot-starter-data-redis-1.5.13.RELEASE.jar;D:\maven\mavenWareHouseNew\org\springframework\data\spring-data-redis\1.8.12.RELEASE\spring-data-redis-1.8.12.RELEASE.jar;D:\maven\mavenWareHouseNew\org\springframework\data\spring-data-keyvalue\1.2.12.RELEASE\spring-data-keyvalue-1.2.12.RELEASE.jar;D:\maven\mavenWareHouseNew\org\springframework\data\spring-data-commons\1.13.12.RELEASE\spring-data-commons-1.13.12.RELEASE.jar;D:\maven\mavenWareHouseNew\org\springframework\spring-oxm\4.3.17.RELEASE\spring-oxm-4.3.17.RELEASE.jar;D:\maven\mavenWareHouseNew\redis\clients\jedis\2.9.0\jedis-2.9.0.jar;D:\maven\mavenWareHouseNew\org\apache\commons\commons-pool2\2.4.3\commons-pool2-2.4.3.jar;D:\maven\mavenWareHouseNew\com\fasterxml\jackson\module\jackson-module-parameter-names\2.8.11\jackson-module-parameter-names-2.8.11.jar;D:\maven\mavenWareHouseNew\com\fasterxml\jackson\datatype\jackson-datatype-jdk8\2.8.11\jackson-datatype-jdk8-2.8.11.jar;D:\maven\mavenWareHouseNew\com\fasterxml\jackson\datatype\jackson-datatype-jsr310\2.8.11\jackson-datatype-jsr310-2.8.11.jar;D:\maven\mavenWareHouseNew\com\liuzm\paascloud\common\paascloud-common-config\1.0\paascloud-common-config-1.0.jar;D:\maven\mavenWareHouseNew\com\arronlong\httpclientutil\httpclientutil\1.0\httpclientutil-1.0.jar;D:\maven\mavenWareHouseNew\org\apache\httpcomponents\httpmime\4.5.5\httpmime-4.5.5.jar;D:\maven\mavenWareHouseNew\org\apache\httpcomponents\httpasyncclient\4.1.3\httpasyncclient-4.1.3.jar;D:\maven\mavenWareHouseNew\org\apache\httpcomponents\httpcore-nio\4.4.6\httpcore-nio-4.4.6.jar;D:\maven\mavenWareHouseNew\log4j\log4j\1.2.17\log4j-1.2.17.jar;D:\maven\mavenWareHouseNew\com\netflix\hystrix\hystrix-core\1.5.12\hystrix-core-1.5.12.jar;D:\maven\mavenWareHouseNew\com\netflix\archaius\archaius-core\0.7.4\archaius-core-0.7.4.jar;D:\maven\mavenWareHouseNew\com\google\code\findbugs\jsr305\3.0.2\jsr305-3.0.2.jar;D:\maven\mavenWareHouseNew\io\reactivex\rxjava\1.2.0\rxjava-1.2.0.jar;D:\maven\mavenWareHouseNew\org\hdrhistogram\HdrHistogram\2.1.9\HdrHistogram-2.1.9.jar;D:\maven\mavenWareHouseNew\org\springframework\boot\spring-boot-starter-actuator\1.5.13.RELEASE\spring-boot-starter-actuator-1.5.13.RELEASE.jar;D:\maven\mavenWareHouseNew\org\springframework\boot\spring-boot-actuator\1.5.13.RELEASE\spring-boot-actuator-1.5.13.RELEASE.jar;D:\maven\mavenWareHouseNew\org\springframework\cloud\spring-cloud-starter-hystrix\1.4.4.RELEASE\spring-cloud-starter-hystrix-1.4.4.RELEASE.jar;D:\maven\mavenWareHouseNew\org\springframework\cloud\spring-cloud-starter-netflix-hystrix\1.4.4.RELEASE\spring-cloud-starter-netflix-hystrix-1.4.4.RELEASE.jar;D:\maven\mavenWareHouseNew\com\netflix\hystrix\hystrix-metrics-event-stream\1.5.12\hystrix-metrics-event-stream-1.5.12.jar;D:\maven\mavenWareHouseNew\com\netflix\hystrix\hystrix-serialization\1.5.12\hystrix-serialization-1.5.12.jar;D:\maven\mavenWareHouseNew\com\fasterxml\jackson\module\jackson-module-afterburner\2.8.11\jackson-module-afterburner-2.8.11.jar;D:\maven\mavenWareHouseNew\com\netflix\hystrix\hystrix-javanica\1.5.12\hystrix-javanica-1.5.12.jar;D:\maven\mavenWareHouseNew\org\ow2\asm\asm\5.0.4\asm-5.0.4.jar;D:\maven\mavenWareHouseNew\org\springframework\boot\spring-boot-starter-web\1.5.13.RELEASE\spring-boot-starter-web-1.5.13.RELEASE.jar;D:\maven\mavenWareHouseNew\org\springframework\boot\spring-boot-starter-tomcat\1.5.13.RELEASE\spring-boot-starter-tomcat-1.5.13.RELEASE.jar;D:\maven\mavenWareHouseNew\org\apache\tomcat\embed\tomcat-embed-core\8.5.31\tomcat-embed-core-8.5.31.jar;D:\maven\mavenWareHouseNew\org\apache\tomcat\tomcat-annotations-api\8.5.31\tomcat-annotations-api-8.5.31.jar;D:\maven\mavenWareHouseNew\org\apache\tomcat\embed\tomcat-embed-websocket\8.5.31\tomcat-embed-websocket-8.5.31.jar;D:\maven\mavenWareHouseNew\org\hibernate\hibernate-validator\5.3.6.Final\hibernate-validator-5.3.6.Final.jar;D:\maven\mavenWareHouseNew\javax\validation\validation-api\1.1.0.Final\validation-api-1.1.0.Final.jar;D:\maven\mavenWareHouseNew\org\jboss\logging\jboss-logging\3.3.2.Final\jboss-logging-3.3.2.Final.jar;D:\maven\mavenWareHouseNew\net\logstash\logback\logstash-logback-encoder\4.6\logstash-logback-encoder-4.6.jar;D:\maven\mavenWareHouseNew\ch\qos\logback\logback-core\1.1.11\logback-core-1.1.11.jar;D:\maven\mavenWareHouseNew\com\google\guava\guava\17.0\guava-17.0.jar;D:\maven\mavenWareHouseNew\org\springframework\boot\spring-boot-starter-validation\1.5.13.RELEASE\spring-boot-starter-validation-1.5.13.RELEASE.jar;D:\maven\mavenWareHouseNew\org\apache\tomcat\embed\tomcat-embed-el\8.5.31\tomcat-embed-el-8.5.31.jar;D:\maven\mavenWareHouseNew\io\springfox\springfox-swagger-ui\2.6.1\springfox-swagger-ui-2.6.1.jar;D:\maven\mavenWareHouseNew\io\springfox\springfox-spring-web\2.6.1\springfox-spring-web-2.6.1.jar;D:\maven\mavenWareHouseNew\io\springfox\springfox-swagger2\2.6.1\springfox-swagger2-2.6.1.jar;D:\maven\mavenWareHouseNew\io\swagger\swagger-annotations\1.5.10\swagger-annotations-1.5.10.jar;D:\maven\mavenWareHouseNew\io\swagger\swagger-models\1.5.10\swagger-models-1.5.10.jar;D:\maven\mavenWareHouseNew\io\springfox\springfox-spi\2.6.1\springfox-spi-2.6.1.jar;D:\maven\mavenWareHouseNew\io\springfox\springfox-core\2.6.1\springfox-core-2.6.1.jar;D:\maven\mavenWareHouseNew\io\springfox\springfox-schema\2.6.1\springfox-schema-2.6.1.jar;D:\maven\mavenWareHouseNew\io\springfox\springfox-swagger-common\2.6.1\springfox-swagger-common-2.6.1.jar;D:\maven\mavenWareHouseNew\com\fasterxml\classmate\1.3.4\classmate-1.3.4.jar;D:\maven\mavenWareHouseNew\org\springframework\plugin\spring-plugin-core\1.2.0.RELEASE\spring-plugin-core-1.2.0.RELEASE.jar;D:\maven\mavenWareHouseNew\org\springframework\plugin\spring-plugin-metadata\1.2.0.RELEASE\spring-plugin-metadata-1.2.0.RELEASE.jar;D:\maven\mavenWareHouseNew\org\mapstruct\mapstruct\1.0.0.Final\mapstruct-1.0.0.Final.jar;D:\maven\mavenWareHouseNew\commons-codec\commons-codec\1.10\commons-codec-1.10.jar;D:\maven\mavenWareHouseNew\org\springframework\boot\spring-boot-starter-test\1.5.13.RELEASE\spring-boot-starter-test-1.5.13.RELEASE.jar;D:\maven\mavenWareHouseNew\org\springframework\boot\spring-boot-test\1.5.13.RELEASE\spring-boot-test-1.5.13.RELEASE.jar;D:\maven\mavenWareHouseNew\org\springframework\boot\spring-boot-test-autoconfigure\1.5.13.RELEASE\spring-boot-test-autoconfigure-1.5.13.RELEASE.jar;D:\maven\mavenWareHouseNew\com\jayway\jsonpath\json-path\2.2.0\json-path-2.2.0.jar;D:\maven\mavenWareHouseNew\net\minidev\json-smart\2.2.1\json-smart-2.2.1.jar;D:\maven\mavenWareHouseNew\net\minidev\accessors-smart\1.1\accessors-smart-1.1.jar;D:\maven\mavenWareHouseNew\junit\junit\4.12\junit-4.12.jar;D:\maven\mavenWareHouseNew\org\assertj\assertj-core\2.6.0\assertj-core-2.6.0.jar;D:\maven\mavenWareHouseNew\org\mockito\mockito-core\1.10.19\mockito-core-1.10.19.jar;D:\maven\mavenWareHouseNew\org\objenesis\objenesis\2.5.1\objenesis-2.5.1.jar;D:\maven\mavenWareHouseNew\org\hamcrest\hamcrest-core\1.3\hamcrest-core-1.3.jar;D:\maven\mavenWareHouseNew\org\hamcrest\hamcrest-library\1.3\hamcrest-library-1.3.jar;D:\maven\mavenWareHouseNew\org\skyscreamer\jsonassert\1.4.0\jsonassert-1.4.0.jar;D:\maven\mavenWareHouseNew\com\vaadin\external\google\android-json\0.0.20131108.vaadin1\android-json-0.0.20131108.vaadin1.jar;D:\maven\mavenWareHouseNew\org\springframework\spring-core\4.3.11.RELEASE\spring-core-4.3.11.RELEASE.jar;D:\maven\mavenWareHouseNew\org\springframework\spring-test\4.3.17.RELEASE\spring-test-4.3.17.RELEASE.jar;D:\maven\mavenWareHouseNew\com\alibaba\druid\1.0.29\druid-1.0.29.jar;C:\workSoftware\Java\jdk1.8.0_73\jre\..\lib\jconsole.jar;C:\workSoftware\Java\jdk1.8.0_73\jre\..\lib\tools.jar;D:\maven\mavenWareHouseNew\org\mybatis\generator\mybatis-generator-core\1.3.5\mybatis-generator-core-1.3.5.jar;D:\maven\mavenWareHouseNew\org\springframework\boot\spring-boot-configuration-processor\1.5.13.RELEASE\spring-boot-configuration-processor-1.5.13.RELEASE.jar;D:\maven\mavenWareHouseNew\org\springframework\boot\spring-boot-devtools\1.5.13.RELEASE\spring-boot-devtools-1.5.13.RELEASE.jar;D:\maven\mavenWareHouseNew\org\springframework\boot\spring-boot\1.5.13.RELEASE\spring-boot-1.5.13.RELEASE.jar;D:\maven\mavenWareHouseNew\org\springframework\boot\spring-boot-starter-aop\1.5.13.RELEASE\spring-boot-starter-aop-1.5.13.RELEASE.jar;D:\maven\mavenWareHouseNew\org\springframework\spring-aop\4.3.17.RELEASE\spring-aop-4.3.17.RELEASE.jar;D:\maven\mavenWareHouseNew\org\modelmapper\modelmapper\1.1.2\modelmapper-1.1.2.jar;D:\maven\mavenWareHouseNew\org\jolokia\jolokia-core\1.3.7\jolokia-core-1.3.7.jar;D:\maven\mavenWareHouseNew\com\googlecode\json-simple\json-simple\1.1.1\json-simple-1.1.1.jar;D:\maven\mavenWareHouseNew\org\springframework\security\spring-security-jwt\1.0.9.RELEASE\spring-security-jwt-1.0.9.RELEASE.jar;D:\maven\mavenWareHouseNew\org\bouncycastle\bcpkix-jdk15on\1.56\bcpkix-jdk15on-1.56.jar;D:\maven\mavenWareHouseNew\org\bouncycastle\bcprov-jdk15on\1.56\bcprov-jdk15on-1.56.jar;D:\maven\mavenWareHouseNew\org\liquibase\liquibase-core\3.5.3\liquibase-core-3.5.3.jar;D:\maven\mavenWareHouseNew\org\yaml\snakeyaml\1.17\snakeyaml-1.17.jar;D:\maven\mavenWareHouseNew\org\springframework\cloud\spring-cloud-starter-zipkin\1.3.3.RELEASE\spring-cloud-starter-zipkin-1.3.3.RELEASE.jar;D:\maven\mavenWareHouseNew\org\springframework\amqp\spring-rabbit\1.7.7.RELEASE\spring-rabbit-1.7.7.RELEASE.jar;D:\maven\mavenWareHouseNew\org\springframework\retry\spring-retry\1.2.2.RELEASE\spring-retry-1.2.2.RELEASE.jar;D:\maven\mavenWareHouseNew\com\rabbitmq\http-client\1.1.1.RELEASE\http-client-1.1.1.RELEASE.jar;D:\maven\mavenWareHouseNew\com\rabbitmq\amqp-client\4.0.3\amqp-client-4.0.3.jar;D:\maven\mavenWareHouseNew\org\springframework\spring-messaging\4.3.17.RELEASE\spring-messaging-4.3.17.RELEASE.jar;D:\maven\mavenWareHouseNew\org\springframework\spring-context\4.3.8.RELEASE\spring-context-4.3.8.RELEASE.jar;D:\maven\mavenWareHouseNew\org\springframework\amqp\spring-amqp\1.7.7.RELEASE\spring-amqp-1.7.7.RELEASE.jar;D:\maven\mavenWareHouseNew\org\springframework\cloud\spring-cloud-starter-netflix-eureka-client\1.4.4.RELEASE\spring-cloud-starter-netflix-eureka-client-1.4.4.RELEASE.jar;D:\maven\mavenWareHouseNew\org\springframework\cloud\spring-cloud-netflix-core\1.4.4.RELEASE\spring-cloud-netflix-core-1.4.4.RELEASE.jar;D:\maven\mavenWareHouseNew\org\springframework\cloud\spring-cloud-netflix-eureka-client\1.4.4.RELEASE\spring-cloud-netflix-eureka-client-1.4.4.RELEASE.jar;D:\maven\mavenWareHouseNew\com\netflix\eureka\eureka-client\1.7.2\eureka-client-1.7.2.jar;D:\maven\mavenWareHouseNew\org\codehaus\jettison\jettison\1.2\jettison-1.2.jar;D:\maven\mavenWareHouseNew\stax\stax-api\1.0.1\stax-api-1.0.1.jar;D:\maven\mavenWareHouseNew\com\netflix\netflix-commons\netflix-eventbus\0.3.0\netflix-eventbus-0.3.0.jar;D:\maven\mavenWareHouseNew\com\netflix\netflix-commons\netflix-infix\0.3.0\netflix-infix-0.3.0.jar;D:\maven\mavenWareHouseNew\commons-jxpath\commons-jxpath\1.3\commons-jxpath-1.3.jar;D:\maven\mavenWareHouseNew\org\antlr\antlr-runtime\3.4\antlr-runtime-3.4.jar;D:\maven\mavenWareHouseNew\org\antlr\stringtemplate\3.2.1\stringtemplate-3.2.1.jar;D:\maven\mavenWareHouseNew\antlr\antlr\2.7.7\antlr-2.7.7.jar;D:\maven\mavenWareHouseNew\com\google\code\gson\gson\2.8.4\gson-2.8.4.jar;D:\maven\mavenWareHouseNew\org\apache\commons\commons-math\2.2\commons-math-2.2.jar;D:\maven\mavenWareHouseNew\javax\ws\rs\jsr311-api\1.1.1\jsr311-api-1.1.1.jar;D:\maven\mavenWareHouseNew\com\netflix\servo\servo-core\0.10.1\servo-core-0.10.1.jar;D:\maven\mavenWareHouseNew\com\netflix\servo\servo-internal\0.10.1\servo-internal-0.10.1.jar;D:\maven\mavenWareHouseNew\com\sun\jersey\jersey-core\1.19.1\jersey-core-1.19.1.jar;D:\maven\mavenWareHouseNew\com\sun\jersey\jersey-client\1.19.1\jersey-client-1.19.1.jar;D:\maven\mavenWareHouseNew\com\sun\jersey\contribs\jersey-apache-client4\1.19.1\jersey-apache-client4-1.19.1.jar;D:\maven\mavenWareHouseNew\com\google\inject\guice\3.0\guice-3.0.jar;D:\maven\mavenWareHouseNew\com\netflix\eureka\eureka-core\1.7.2\eureka-core-1.7.2.jar;D:\maven\mavenWareHouseNew\org\codehaus\woodstox\woodstox-core-asl\4.4.1\woodstox-core-asl-4.4.1.jar;D:\maven\mavenWareHouseNew\javax\xml\stream\stax-api\1.0-2\stax-api-1.0-2.jar;D:\maven\mavenWareHouseNew\org\codehaus\woodstox\stax2-api\3.1.4\stax2-api-3.1.4.jar;D:\maven\mavenWareHouseNew\org\springframework\cloud\spring-cloud-starter-netflix-archaius\1.4.4.RELEASE\spring-cloud-starter-netflix-archaius-1.4.4.RELEASE.jar;D:\maven\mavenWareHouseNew\commons-configuration\commons-configuration\1.8\commons-configuration-1.8.jar;D:\maven\mavenWareHouseNew\org\springframework\cloud\spring-cloud-starter-netflix-ribbon\1.4.4.RELEASE\spring-cloud-starter-netflix-ribbon-1.4.4.RELEASE.jar;D:\maven\mavenWareHouseNew\com\netflix\ribbon\ribbon\2.2.5\ribbon-2.2.5.jar;D:\maven\mavenWareHouseNew\com\netflix\ribbon\ribbon-transport\2.2.5\ribbon-transport-2.2.5.jar;D:\maven\mavenWareHouseNew\io\reactivex\rxnetty-contexts\0.4.9\rxnetty-contexts-0.4.9.jar;D:\maven\mavenWareHouseNew\io\reactivex\rxnetty-servo\0.4.9\rxnetty-servo-0.4.9.jar;D:\maven\mavenWareHouseNew\io\reactivex\rxnetty\0.4.9\rxnetty-0.4.9.jar;D:\maven\mavenWareHouseNew\io\netty\netty-codec-http\4.0.27.Final\netty-codec-http-4.0.27.Final.jar;D:\maven\mavenWareHouseNew\io\netty\netty-codec\4.0.27.Final\netty-codec-4.0.27.Final.jar;D:\maven\mavenWareHouseNew\io\netty\netty-handler\4.0.27.Final\netty-handler-4.0.27.Final.jar;D:\maven\mavenWareHouseNew\io\netty\netty-transport-native-epoll\4.0.27.Final\netty-transport-native-epoll-4.0.27.Final.jar;D:\maven\mavenWareHouseNew\io\netty\netty-common\4.0.27.Final\netty-common-4.0.27.Final.jar;D:\maven\mavenWareHouseNew\io\netty\netty-buffer\4.0.27.Final\netty-buffer-4.0.27.Final.jar;D:\maven\mavenWareHouseNew\io\netty\netty-transport\4.0.27.Final\netty-transport-4.0.27.Final.jar;D:\maven\mavenWareHouseNew\com\netflix\ribbon\ribbon-core\2.2.5\ribbon-core-2.2.5.jar;D:\maven\mavenWareHouseNew\com\netflix\ribbon\ribbon-httpclient\2.2.5\ribbon-httpclient-2.2.5.jar;D:\maven\mavenWareHouseNew\com\netflix\netflix-commons\netflix-commons-util\0.1.1\netflix-commons-util-0.1.1.jar;D:\maven\mavenWareHouseNew\com\netflix\ribbon\ribbon-loadbalancer\2.2.5\ribbon-loadbalancer-2.2.5.jar;D:\maven\mavenWareHouseNew\com\netflix\netflix-commons\netflix-statistics\0.1.1\netflix-statistics-0.1.1.jar;D:\maven\mavenWareHouseNew\com\netflix\ribbon\ribbon-eureka\2.2.5\ribbon-eureka-2.2.5.jar;D:\maven\mavenWareHouseNew\com\thoughtworks\xstream\xstream\1.4.10\xstream-1.4.10.jar;D:\maven\mavenWareHouseNew\xmlpull\xmlpull\1.1.3.1\xmlpull-1.1.3.1.jar;D:\maven\mavenWareHouseNew\xpp3\xpp3_min\1.1.4c\xpp3_min-1.1.4c.jar;, user.name=18771, java.vm.specification.version=1.8, sun.java.command=C:\workproject\study\Immortalbird\paascloud-provider\paascloud-provider-uac\target\surefire\surefirebooter3960685941693253513.jar C:\workproject\study\Immortalbird\paascloud-provider\paascloud-provider-uac\target\surefire\surefire8331501010975414119tmp C:\workproject\study\Immortalbird\paascloud-provider\paascloud-provider-uac\target\surefire\surefire_03200265229749405644tmp, java.home=C:\workSoftware\Java\jdk1.8.0_73\jre, sun.arch.data.model=64, aven.test.skip=true, user.language=zh, java.specification.vendor=Oracle Corporation, awt.toolkit=sun.awt.windows.WToolkit, java.vm.info=mixed mode, java.version=1.8.0_73, java.ext.dirs=C:\workSoftware\Java\jdk1.8.0_73\jre\lib\ext;C:\WINDOWS\Sun\Java\lib\ext, sun.boot.class.path=C:\workSoftware\Java\jdk1.8.0_73\jre\lib\resources.jar;C:\workSoftware\Java\jdk1.8.0_73\jre\lib\rt.jar;C:\workSoftware\Java\jdk1.8.0_73\jre\lib\sunrsasign.jar;C:\workSoftware\Java\jdk1.8.0_73\jre\lib\jsse.jar;C:\workSoftware\Java\jdk1.8.0_73\jre\lib\jce.jar;C:\workSoftware\Java\jdk1.8.0_73\jre\lib\charsets.jar;C:\workSoftware\Java\jdk1.8.0_73\jre\lib\jfr.jar;C:\workSoftware\Java\jdk1.8.0_73\jre\classes, java.vendor=Oracle Corporation, localRepository=D:\maven\mavenWareHouseNew, file.separator=\, java.vendor.url.bug=http://bugreport.sun.com/bugreport/, sun.io.unicode.encoding=UnicodeLittle, sun.cpu.endian=little, sun.desktop=windows, sun.cpu.isalist=amd64}}, SystemEnvironmentPropertySource@644082020 {name='systemEnvironment', properties={PATH=C:\Users\18771\bin;C:\Program Files\Git\mingw64\bin;C:\Program Files\Git\usr\local\bin;C:\Program Files\Git\usr\bin;C:\Program Files\Git\usr\bin;C:\Program Files\Git\mingw64\bin;C:\Program Files\Git\usr\bin;C:\Users\18771\bin;C:\workSoftware\Anaconda3-5;C:\workSoftware\Anaconda3-5\Library\mingw-w64\bin;C:\workSoftware\Anaconda3-5\Library\usr\bin;C:\workSoftware\Anaconda3-5\Library\bin;C:\workSoftware\Anaconda3-5\Scripts;%PYTHON_HOME%;C:\ProgramData\Oracle\Java\javapath;C:\workSoftware\gradle\gradle-4.4\bin;C:\workSoftware\mysql\mysql-5.7.17-winx64\bin;C:\workSoftware\maven\apache-maven-3.2.5\bin;%CATALINA_HOME%\bin;C:\workSoftware\Java\jdk1.8.0_73\bin;C:\workSoftware\Java\jdk1.8.0_73\jre\bin;C:\WINDOWS\system32;C:\WINDOWS;C:\WINDOWS\System32\Wbem;C:\WINDOWS\System32\WindowsPowerShell\v1.0;C:\Program Files\Git\cmd;C:\Program Files\Git\mingw64\bin;C:\Program Files\Git\usr\bin;%CATALINA_HOME%\lib;C:\workSoftware\ant\apache-ant-1.10.5\bin;C:\WINDOWS\System32\OpenSSH;C:\Program Files\Pandoc;C:\Program Files\MIT\Kerberos\bin;C:\workSoftware\apache-groovy\groovy-2.5.5\bin;C:\workSoftware\grails\grails-3.3.9\bin;C:\Ruby22-x64\bin;C:\Users\18771\AppData\Local\Microsoft\WindowsApps;C:\workSoftware\docker\Docker Toolbox;C:\Program Files\Git\usr\bin\vendor_perl;C:\Program Files\Git\usr\bin\core_perl, USERDOMAIN_ROAMINGPROFILE=DESKTOP-5SL4MN7, PKG_CONFIG_PATH=C:\Program Files\Git\mingw64\lib\pkgconfig;C:\Program Files\Git\mingw64\share\pkgconfig, NO_PROXY=192.168.99.100, PROCESSOR_LEVEL=6, SYSTEMDRIVE=C:, M2=C:\workSoftware\maven\apache-maven-3.2.5\bin, GRAILS_HOME=C:\workSoftware\grails\grails-3.3.9, ALLUSERSPROFILE=C:\ProgramData, PROCESSOR_ARCHITECTURE=AMD64, TNS_ADMIN=C:\workSoftware\instantclient-basic-nt-11.2.0.3.0\instantclient_11_2\network\admin, DRIVERDATA=C:\Windows\System32\Drivers\DriverData, PROGRAMFILES=C:\Program Files, PSMODULEPATH=%ProgramFiles%\WindowsPowerShell\Modules;C:\WINDOWS\system32\WindowsPowerShell\v1.0\Modules, PROGRAMDATA=C:\ProgramData, USERNAME=18771, PWD=C:/workproject/study/Immortalbird/paascloud-provider, CATALINA_HOME1111=C:\workSoftware\tomcat\apache-tomcat-9.0.5, INFOPATH=C:\Program Files\Git\usr\local\info;C:\Program Files\Git\usr\share\info;C:\Program Files\Git\usr\info;C:\Program Files\Git\share\info, ONEDRIVE=C:\Users\18771\OneDrive, PATHEXT=.COM;.EXE;.BAT;.CMD;.VBS;.VBE;.JS;.JSE;.WSF;.WSH;.MSC;.RB;.RBW, SHELL=C:\Program Files\Git\usr\bin\bash, COMPOSE_CONVERT_WINDOWS_PATHS=true, OLDPWD=C:/workproject/study/Immortalbird/paascloud-provider, TMPDIR=C:\Users\18771\AppData\Local\Temp, WINDIR=C:\WINDOWS, SSH_ASKPASS=C:/Program Files/Git/mingw64/libexec/git-core/git-gui--askpass, HOMEPATH=\Users\18771, MYSQL_HOME=C:\workSoftware\mysql\mysql-5.7.17-winx64, PROCESSOR_IDENTIFIER=Intel64 Family 6 Model 78 Stepping 3, GenuineIntel, M2_HOME=C:\workSoftware\maven\apache-maven-3.2.5, PUBLIC=C:\Users\Public, =::=::\, EXEPATH=C:\Program Files\Git, SHLVL=1, LOCALAPPDATA=C:\Users\18771\AppData\Local, MANPATH=C:\Program Files\Git\mingw64\share\man;C:\Program Files\Git\usr\local\man;C:\Program Files\Git\usr\share\man;C:\Program Files\Git\usr\man;C:\Program Files\Git\share\man, COMMONPROGRAMFILES(X86)=C:\Program Files (x86)\Common Files, DOCKER_HOST=tcp://192.168.99.100:2376, USERDOMAIN=DESKTOP-5SL4MN7, LOGONSERVER=\\DESKTOP-5SL4MN7, JAVA_HOME=C:/workSoftware/Java/jdk1.8.0_73, PLINK_PROTOCOL=ssh, PROMPT=$P$G, PROGRAMFILES(X86)=C:\Program Files (x86), TERM=cygwin, LANG=zh_CN.UTF-8, GRADLE_HOME=C:\workSoftware\gradle\gradle-4.4, MAVEN_OPTS= -Xms512m -Xmx1024m, ANT_HOME=C:\workSoftware\ant\apache-ant-1.10.5, DISPLAY=needs-to-be-defined, GROOVY_HOME=C:\workSoftware\apache-groovy\groovy-2.5.5, MSYSTEM=MINGW64, =C:=C:\workproject\study\Immortalbird\paascloud-provider\paascloud-provider-uac, APPDATA=C:\Users\18771\AppData\Roaming, DOCKER_MACHINE_NAME=default, DOCKER_CERT_PATH=C:\Users\18771\.docker\machine\machines\default, PROGRAMW6432=C:\Program Files, SYSTEMROOT=C:\WINDOWS, MAVEN_CMD_LINE_ARGS= clean install -Daven.test.skip=true, VBOX_MSI_INSTALL_PATH=C:\Program Files\Oracle\VirtualBox\, OS=Windows_NT, COMMONPROGRAMW6432=C:\Program Files\Common Files, COMPUTERNAME=DESKTOP-5SL4MN7, JBOSS_HOME=F:\工作目录\新华三\瞿媛媛\接收\jboss-eap-7.1, COMMONPROGRAMFILES=C:\Program Files\Common Files, COMSPEC=C:\WINDOWS\system32\cmd.exe, MAVEN_PROJECTBASEDIR=C:/workproject/study/Immortalbird/paascloud-provider, PROCESSOR_REVISION=4e03, CLASSPATH=.;C:\workSoftware\Java\jdk1.8.0_73\lib\dt.jar;C:\workSoftware\Java\jdk1.8.0_73\lib\tools.jar, NLS_LANG=SIMPLIFIED CHINESE_CHINA.ZHS16GBK, ACLOCAL_PATH=C:\Program Files\Git\mingw64\share\aclocal;C:\Program Files\Git\usr\share\aclocal, DOCKER_TLS_VERIFY=1, PRINTER=NPIBF6305 (HP LaserJet 400 M401dn), TEMP=C:\Users\18771\AppData\Local\Temp, HOSTNAME=DESKTOP-5SL4MN7, HOMEDRIVE=C:, USERPROFILE=C:\Users\18771, TMP=C:\Users\18771\AppData\Local\Temp, NUMBER_OF_PROCESSORS=4, DOCKER_TOOLBOX_INSTALL_PATH=C:\workSoftware\docker\Docker Toolbox, HOME=C:\Users\18771}}]
16:15:10.330 [main] DEBUG org.springframework.core.env.MutablePropertySources - Adding PropertySource 'inline' with highest search precedence
16:15:10.351 [main] DEBUG org.springframework.test.context.support.TestPropertySourceUtils - Adding inlined properties to environment: {spring.jmx.enabled=false, org.springframework.boot.test.context.SpringBootTestContextBootstrapper=true, server.port=-1}
16:15:10.351 [main] DEBUG org.springframework.core.env.StandardEnvironment - Adding PropertySource 'Inlined Test Properties' with highest search precedence
2019-03-29 16:15:18.966  INFO [bootstrap,,,] [bootstrap,,,,] 1684 --- [           main] s.c.a.AnnotationConfigApplicationContext : Refreshing org.springframework.context.annotation.AnnotationConfigApplicationContext@4bc6da03: startup date [Fri Mar 29 16:15:18 CST 2019]; root of context hierarchy
2019-03-29 16:15:20.476  INFO [bootstrap,,,] [bootstrap,,,,] 1684 --- [           main] f.a.AutowiredAnnotationBeanPostProcessor : JSR-330 'javax.inject.Inject' annotation found and supported for autowiring
2019-03-29 16:15:20.786  INFO [bootstrap,,,] [bootstrap,,,,] 1684 --- [           main] trationDelegate$BeanPostProcessorChecker : Bean 'org.springframework.retry.annotation.RetryConfiguration' of type [org.springframework.retry.annotation.RetryConfiguration$$EnhancerBySpringCGLIB$$415bf7f0] is not eligible for getting processed by all BeanPostProcessors (for example: not eligible for auto-proxying)
2019-03-29 16:15:20.817  INFO [bootstrap,,,] [bootstrap,,,,] 1684 --- [           main] trationDelegate$BeanPostProcessorChecker : Bean 'configurationPropertiesRebinderAutoConfiguration' of type [org.springframework.cloud.autoconfigure.ConfigurationPropertiesRebinderAutoConfiguration$$EnhancerBySpringCGLIB$$67b262c8] is not eligible for getting processed by all BeanPostProcessors (for example: not eligible for auto-proxying)
2019-03-29 16:15:24.641  INFO [bootstrap,,,] [bootstrap,,,,] 1684 --- [           main] o.s.c.n.eureka.InstanceInfoFactory       : Setting initial instance status as: STARTING
2019-03-29 16:15:24.904  INFO [bootstrap,,,] [bootstrap,,,,] 1684 --- [           main] com.netflix.discovery.DiscoveryClient    : Initializing Eureka in region us-east-1
2019-03-29 16:15:27.668  INFO [bootstrap,,,] [bootstrap,,,,] 1684 --- [           main] c.n.d.provider.DiscoveryJerseyProvider   : Using JSON encoding codec LegacyJacksonJson
2019-03-29 16:15:27.669  INFO [bootstrap,,,] [bootstrap,,,,] 1684 --- [           main] c.n.d.provider.DiscoveryJerseyProvider   : Using JSON decoding codec LegacyJacksonJson
2019-03-29 16:15:28.166  INFO [bootstrap,,,] [bootstrap,,,,] 1684 --- [           main] c.n.d.provider.DiscoveryJerseyProvider   : Using XML encoding codec XStreamXml
2019-03-29 16:15:28.167  INFO [bootstrap,,,] [bootstrap,,,,] 1684 --- [           main] c.n.d.provider.DiscoveryJerseyProvider   : Using XML decoding codec XStreamXml
2019-03-29 16:15:28.917  INFO [bootstrap,,,] [bootstrap,,,,] 1684 --- [           main] c.n.d.s.r.aws.ConfigClusterResolver      : Resolving eureka endpoints via configuration
2019-03-29 16:15:30.758  INFO [bootstrap,,,] [bootstrap,,,,] 1684 --- [           main] com.netflix.discovery.DiscoveryClient    : Disable delta property : false
2019-03-29 16:15:30.759  INFO [bootstrap,,,] [bootstrap,,,,] 1684 --- [           main] com.netflix.discovery.DiscoveryClient    : Single vip registry refresh property : null
2019-03-29 16:15:30.760  INFO [bootstrap,,,] [bootstrap,,,,] 1684 --- [           main] com.netflix.discovery.DiscoveryClient    : Force full registry fetch : false
2019-03-29 16:15:30.761  INFO [bootstrap,,,] [bootstrap,,,,] 1684 --- [           main] com.netflix.discovery.DiscoveryClient    : Application is null : false
2019-03-29 16:15:30.762  INFO [bootstrap,,,] [bootstrap,,,,] 1684 --- [           main] com.netflix.discovery.DiscoveryClient    : Registered Applications size is zero : true
2019-03-29 16:15:30.764  INFO [bootstrap,,,] [bootstrap,,,,] 1684 --- [           main] com.netflix.discovery.DiscoveryClient    : Application version is -1: true
2019-03-29 16:15:30.765  INFO [bootstrap,,,] [bootstrap,,,,] 1684 --- [           main] com.netflix.discovery.DiscoveryClient    : Getting all instance registry info from the eureka server
2019-03-29 16:15:31.136  INFO [bootstrap,,,] [bootstrap,,,,] 1684 --- [           main] com.netflix.discovery.DiscoveryClient    : The response status is 200
2019-03-29 16:15:31.141  INFO [bootstrap,,,] [bootstrap,,,,] 1684 --- [           main] com.netflix.discovery.DiscoveryClient    : Not registering with Eureka server per configuration
2019-03-29 16:15:31.146  INFO [bootstrap,,,] [bootstrap,,,,] 1684 --- [           main] com.netflix.discovery.DiscoveryClient    : Discovery Client initialized at timestamp 1553847331146 with initial instances count: 1

                                  .__                   .___                  __
___________  _____    ______ ____ |  |   ____  __ __  __| _/     ____   _____/  |_
\____ \__  \ \__  \  /  ___// ___\|  |  /  _ \|  |  \/ __ |     /    \_/ __ \   __\
|  |_> > __ \_/ __ \_\___ \\  \___|  |_(  <_> )  |  / /_/ |    |   |  \  ___/|  |
|   __(____  (____  /____  >\___  >____/\____/|____/\____ | /\ |___|  /\___  >__|
|__|       \/     \/     \/     \/ Powered by liuzhaoming\/ \/      \/     \/
2019-03-29 16:15:34.817  INFO [bootstrap,,,] [paascloud-provider-uac,,,,] 1684 --- [           main] c.c.c.ConfigServicePropertySourceLocator : Fetching config from server at: http://DESKTOP-5SL4MN7:8080/
2019-03-29 16:15:39.997  INFO [bootstrap,,,] [paascloud-provider-uac,,,,] 1684 --- [           main] c.c.c.ConfigServicePropertySourceLocator : Located environment: name=paascloud-provider-uac, profiles=[dev], label=dev, version=fa6a348e2e1c8d5c2ff460509f7fa4deade889cf, state=null
2019-03-29 16:15:39.998  INFO [bootstrap,,,] [paascloud-provider-uac,,,,] 1684 --- [           main] b.c.PropertySourceBootstrapConfiguration : Located property source: CompositePropertySource [name='configService', propertySources=[MapPropertySource {name='configClient'}, MapPropertySource {name='https://github.com/wang18140673019/paascloud-config-repo.git/paascloud-provider-uac-dev.yml'}, MapPropertySource {name='https://github.com/wang18140673019/paascloud-config-repo.git/application-dev.yml'}]]
2019-03-29 16:15:40.225  INFO [bootstrap,,,] [paascloud-provider-uac,,,,] 1684 --- [           main] c.p.p.PaasCloudUacApplicationTests       : The following profiles are active: dev
2019-03-29 16:15:40.252  INFO [bootstrap,,,] [paascloud-provider-uac,,,,] 1684 --- [           main] o.s.w.c.s.GenericWebApplicationContext   : Refreshing org.springframework.web.context.support.GenericWebApplicationContext@1cee3e05: startup date [Fri Mar 29 16:15:40 CST 2019]; parent: org.springframework.context.annotation.AnnotationConfigApplicationContext@4bc6da03
2019-03-29 16:15:47.802  INFO [bootstrap,,,] [paascloud-provider-uac,,,,] 1684 --- [           main] o.s.b.f.s.DefaultListableBeanFactory     : Overriding bean definition for bean 'smsCodeSender' with a different definition: replacing [Root bean: class [null]; scope=; abstract=false; lazyInit=false; autowireMode=3; dependencyCheck=0; autowireCandidate=true; primary=false; factoryBeanName=validateCodeBeanConfig; factoryMethodName=smsCodeSender; initMethodName=null; destroyMethodName=(inferred); defined in class path resource [com/paascloud/security/core/validate/code/ValidateCodeBeanConfig.class]] with [Root bean: class [null]; scope=; abstract=false; lazyInit=false; autowireMode=3; dependencyCheck=0; autowireCandidate=true; primary=false; factoryBeanName=paasCloudUacApplication; factoryMethodName=smsCodeSender; initMethodName=null; destroyMethodName=(inferred); defined in com.paascloud.PaasCloudUacApplication]
2019-03-29 16:15:50.316  INFO [bootstrap,,,] [paascloud-provider-uac,,,,] 1684 --- [           main] .s.d.r.c.RepositoryConfigurationDelegate : Multiple Spring Data modules found, entering strict repository configuration mode!
2019-03-29 16:15:53.215  INFO [bootstrap,,,] [paascloud-provider-uac,,,,] 1684 --- [           main] o.s.cloud.context.scope.GenericScope     : BeanFactory id=665041e3-b049-3f59-bb02-1c8381782c07
2019-03-29 16:15:53.488  INFO [bootstrap,,,] [paascloud-provider-uac,,,,] 1684 --- [           main] f.a.AutowiredAnnotationBeanPostProcessor : JSR-330 'javax.inject.Inject' annotation found and supported for autowiring
2019-03-29 16:15:53.698  INFO [bootstrap,,,] [paascloud-provider-uac,,,,] 1684 --- [           main] trationDelegate$BeanPostProcessorChecker : Bean 'paascloud-com.paascloud.config.properties.PaascloudProperties' of type [com.paascloud.config.properties.PaascloudProperties] is not eligible for getting processed by all BeanPostProcessors (for example: not eligible for auto-proxying)
2019-03-29 16:15:53.701  INFO [bootstrap,,,] [paascloud-provider-uac,,,,] 1684 --- [           main] trationDelegate$BeanPostProcessorChecker : Bean 'asyncTaskExecutorConfiguration' of type [com.paascloud.core.config.AsyncTaskExecutorConfiguration$$EnhancerBySpringCGLIB$$866e9038] is not eligible for getting processed by all BeanPostProcessors (for example: not eligible for auto-proxying)
2019-03-29 16:15:53.732  INFO [bootstrap,,,] [paascloud-provider-uac,,,,] 1684 --- [           main] o.s.s.concurrent.ThreadPoolTaskExecutor  : Initializing ExecutorService 
2019-03-29 16:15:53.733  INFO [bootstrap,,,] [paascloud-provider-uac,,,,] 1684 --- [           main] trationDelegate$BeanPostProcessorChecker : Bean 'taskExecutor' of type [com.paascloud.core.config.ExceptionHandlingAsyncTaskExecutor] is not eligible for getting processed by all BeanPostProcessors (for example: not eligible for auto-proxying)
2019-03-29 16:15:53.928  INFO [bootstrap,,,] [paascloud-provider-uac,,,,] 1684 --- [           main] trationDelegate$BeanPostProcessorChecker : Bean 'org.springframework.amqp.rabbit.annotation.RabbitBootstrapConfiguration' of type [org.springframework.amqp.rabbit.annotation.RabbitBootstrapConfiguration$$EnhancerBySpringCGLIB$$12041df9] is not eligible for getting processed by all BeanPostProcessors (for example: not eligible for auto-proxying)
2019-03-29 16:15:54.131  INFO [bootstrap,,,] [paascloud-provider-uac,,,,] 1684 --- [           main] trationDelegate$BeanPostProcessorChecker : Bean 'org.springframework.cloud.sleuth.annotation.SleuthAnnotationAutoConfiguration' of type [org.springframework.cloud.sleuth.annotation.SleuthAnnotationAutoConfiguration$$EnhancerBySpringCGLIB$$4dfda5fd] is not eligible for getting processed by all BeanPostProcessors (for example: not eligible for auto-proxying)
2019-03-29 16:15:54.588  INFO [bootstrap,,,] [paascloud-provider-uac,,,,] 1684 --- [           main] trationDelegate$BeanPostProcessorChecker : Bean 'sleuthAdvisorConfig' of type [org.springframework.cloud.sleuth.annotation.SleuthAdvisorConfig] is not eligible for getting processed by all BeanPostProcessors (for example: not eligible for auto-proxying)
2019-03-29 16:15:54.611  INFO [bootstrap,,,] [paascloud-provider-uac,,,,] 1684 --- [           main] trationDelegate$BeanPostProcessorChecker : Bean 'org.springframework.transaction.annotation.ProxyTransactionManagementConfiguration' of type [org.springframework.transaction.annotation.ProxyTransactionManagementConfiguration$$EnhancerBySpringCGLIB$$4b985fcb] is not eligible for getting processed by all BeanPostProcessors (for example: not eligible for auto-proxying)
2019-03-29 16:15:54.730  INFO [bootstrap,,,] [paascloud-provider-uac,,,,] 1684 --- [           main] trationDelegate$BeanPostProcessorChecker : Bean 'org.springframework.cache.annotation.ProxyCachingConfiguration' of type [org.springframework.cache.annotation.ProxyCachingConfiguration$$EnhancerBySpringCGLIB$$94aa95e9] is not eligible for getting processed by all BeanPostProcessors (for example: not eligible for auto-proxying)
2019-03-29 16:15:54.901  INFO [bootstrap,,,] [paascloud-provider-uac,,,,] 1684 --- [           main] trationDelegate$BeanPostProcessorChecker : Bean 'security.oauth2.client-org.springframework.boot.autoconfigure.security.oauth2.OAuth2ClientProperties' of type [org.springframework.boot.autoconfigure.security.oauth2.OAuth2ClientProperties] is not eligible for getting processed by all BeanPostProcessors (for example: not eligible for auto-proxying)
2019-03-29 16:15:54.917  INFO [bootstrap,,,] [paascloud-provider-uac,,,,] 1684 --- [           main] trationDelegate$BeanPostProcessorChecker : Bean 'org.springframework.boot.autoconfigure.security.oauth2.OAuth2AutoConfiguration' of type [org.springframework.boot.autoconfigure.security.oauth2.OAuth2AutoConfiguration$$EnhancerBySpringCGLIB$$2e21bcb] is not eligible for getting processed by all BeanPostProcessors (for example: not eligible for auto-proxying)
2019-03-29 16:15:54.971  INFO [bootstrap,,,] [paascloud-provider-uac,,,,] 1684 --- [           main] trationDelegate$BeanPostProcessorChecker : Bean 'resourceServerProperties' of type [org.springframework.boot.autoconfigure.security.oauth2.resource.ResourceServerProperties] is not eligible for getting processed by all BeanPostProcessors (for example: not eligible for auto-proxying)
2019-03-29 16:15:55.009  INFO [bootstrap,,,] [paascloud-provider-uac,,,,] 1684 --- [           main] trationDelegate$BeanPostProcessorChecker : Bean 'org.springframework.cloud.netflix.metrics.MetricsInterceptorConfiguration$MetricsRestTemplateConfiguration' of type [org.springframework.cloud.netflix.metrics.MetricsInterceptorConfiguration$MetricsRestTemplateConfiguration$$EnhancerBySpringCGLIB$$7dc5060c] is not eligible for getting processed by all BeanPostProcessors (for example: not eligible for auto-proxying)
2019-03-29 16:15:55.070  INFO [bootstrap,,,] [paascloud-provider-uac,,,,] 1684 --- [           main] trationDelegate$BeanPostProcessorChecker : Bean 'org.springframework.cloud.autoconfigure.ConfigurationPropertiesRebinderAutoConfiguration' of type [org.springframework.cloud.autoconfigure.ConfigurationPropertiesRebinderAutoConfiguration$$EnhancerBySpringCGLIB$$67b262c8] is not eligible for getting processed by all BeanPostProcessors (for example: not eligible for auto-proxying)
2019-03-29 16:15:55.102  INFO [bootstrap,,,] [paascloud-provider-uac,,,,] 1684 --- [           main] trationDelegate$BeanPostProcessorChecker : Bean 'org.springframework.cloud.sleuth.instrument.web.client.feign.TraceFeignClientAutoConfiguration$FeignBeanPostProcessorConfiguration' of type [org.springframework.cloud.sleuth.instrument.web.client.feign.TraceFeignClientAutoConfiguration$FeignBeanPostProcessorConfiguration$$EnhancerBySpringCGLIB$$8b2a3891] is not eligible for getting processed by all BeanPostProcessors (for example: not eligible for auto-proxying)
2019-03-29 16:15:55.183  INFO [bootstrap,,,] [paascloud-provider-uac,,,,] 1684 --- [           main] trationDelegate$BeanPostProcessorChecker : Bean 'org.springframework.cloud.sleuth.instrument.async.AsyncDefaultAutoConfiguration' of type [org.springframework.cloud.sleuth.instrument.async.AsyncDefaultAutoConfiguration$$EnhancerBySpringCGLIB$$337c0bea] is not eligible for getting processed by all BeanPostProcessors (for example: not eligible for auto-proxying)
2019-03-29 16:15:55.219  INFO [bootstrap,,,] [paascloud-provider-uac,,,,] 1684 --- [           main] trationDelegate$BeanPostProcessorChecker : Bean 'org.springframework.cloud.sleuth.instrument.web.client.TraceWebClientAutoConfiguration$TraceOAuthConfiguration' of type [org.springframework.cloud.sleuth.instrument.web.client.TraceWebClientAutoConfiguration$TraceOAuthConfiguration$$EnhancerBySpringCGLIB$$9094f22a] is not eligible for getting processed by all BeanPostProcessors (for example: not eligible for auto-proxying)
2019-03-29 16:15:55.277  INFO [bootstrap,,,] [paascloud-provider-uac,,,,] 1684 --- [           main] trationDelegate$BeanPostProcessorChecker : Bean 'org.springframework.cloud.sleuth.instrument.web.client.TraceWebClientAutoConfiguration' of type [org.springframework.cloud.sleuth.instrument.web.client.TraceWebClientAutoConfiguration$$EnhancerBySpringCGLIB$$f82b2b4a] is not eligible for getting processed by all BeanPostProcessors (for example: not eligible for auto-proxying)
2019-03-29 16:15:55.320  INFO [bootstrap,,,] [paascloud-provider-uac,,,,] 1684 --- [           main] trationDelegate$BeanPostProcessorChecker : Bean 'spring.sleuth-org.springframework.cloud.sleuth.autoconfig.SleuthProperties' of type [org.springframework.cloud.sleuth.autoconfig.SleuthProperties] is not eligible for getting processed by all BeanPostProcessors (for example: not eligible for auto-proxying)
2019-03-29 16:15:55.327  INFO [bootstrap,,,] [paascloud-provider-uac,,,,] 1684 --- [           main] trationDelegate$BeanPostProcessorChecker : Bean 'org.springframework.cloud.sleuth.autoconfig.TraceAutoConfiguration' of type [org.springframework.cloud.sleuth.autoconfig.TraceAutoConfiguration$$EnhancerBySpringCGLIB$$84957cde] is not eligible for getting processed by all BeanPostProcessors (for example: not eligible for auto-proxying)
2019-03-29 16:15:55.389  INFO [bootstrap,,,] [paascloud-provider-uac,,,,] 1684 --- [           main] trationDelegate$BeanPostProcessorChecker : Bean 'defaultTraceSampler' of type [org.springframework.cloud.context.scope.GenericScope$LockedScopedProxyFactoryBean] is not eligible for getting processed by all BeanPostProcessors (for example: not eligible for auto-proxying)
2019-03-29 16:15:55.391  INFO [bootstrap,,,] [paascloud-provider-uac,,,,] 1684 --- [           main] trationDelegate$BeanPostProcessorChecker : Bean 'defaultTraceSampler' of type [com.sun.proxy.$Proxy173] is not eligible for getting processed by all BeanPostProcessors (for example: not eligible for auto-proxying)
2019-03-29 16:15:55.409  INFO [bootstrap,,,] [paascloud-provider-uac,,,,] 1684 --- [           main] trationDelegate$BeanPostProcessorChecker : Bean 'randomForSpanIds' of type [java.util.Random] is not eligible for getting processed by all BeanPostProcessors (for example: not eligible for auto-proxying)
2019-03-29 16:15:55.450  INFO [bootstrap,,,] [paascloud-provider-uac,,,,] 1684 --- [           main] trationDelegate$BeanPostProcessorChecker : Bean 'spanNamer' of type [org.springframework.cloud.sleuth.DefaultSpanNamer] is not eligible for getting processed by all BeanPostProcessors (for example: not eligible for auto-proxying)
2019-03-29 16:15:55.486  INFO [bootstrap,,,] [paascloud-provider-uac,,,,] 1684 --- [           main] trationDelegate$BeanPostProcessorChecker : Bean 'org.springframework.cloud.sleuth.log.SleuthLogAutoConfiguration$Slf4jConfiguration' of type [org.springframework.cloud.sleuth.log.SleuthLogAutoConfiguration$Slf4jConfiguration$$EnhancerBySpringCGLIB$$d20086ac] is not eligible for getting processed by all BeanPostProcessors (for example: not eligible for auto-proxying)
2019-03-29 16:15:55.509  INFO [bootstrap,,,] [paascloud-provider-uac,,,,] 1684 --- [           main] trationDelegate$BeanPostProcessorChecker : Bean 'spring.sleuth.log.slf4j-org.springframework.cloud.sleuth.log.SleuthSlf4jProperties' of type [org.springframework.cloud.sleuth.log.SleuthSlf4jProperties] is not eligible for getting processed by all BeanPostProcessors (for example: not eligible for auto-proxying)
2019-03-29 16:15:55.526  INFO [bootstrap,,,] [paascloud-provider-uac,,,,] 1684 --- [           main] trationDelegate$BeanPostProcessorChecker : Bean 'slf4jSpanLogger' of type [org.springframework.cloud.sleuth.log.Slf4jSpanLogger] is not eligible for getting processed by all BeanPostProcessors (for example: not eligible for auto-proxying)
2019-03-29 16:15:55.557  INFO [bootstrap,,,] [paascloud-provider-uac,,,,] 1684 --- [           main] trationDelegate$BeanPostProcessorChecker : Bean 'defaultSpanAdjuster' of type [org.springframework.cloud.sleuth.NoOpSpanAdjuster] is not eligible for getting processed by all BeanPostProcessors (for example: not eligible for auto-proxying)
2019-03-29 16:15:55.562  INFO [bootstrap,,,] [paascloud-provider-uac,,,,] 1684 --- [           main] trationDelegate$BeanPostProcessorChecker : Bean 'org.springframework.cloud.sleuth.zipkin2.ZipkinAutoConfiguration' of type [org.springframework.cloud.sleuth.zipkin2.ZipkinAutoConfiguration$$EnhancerBySpringCGLIB$$beadcacc] is not eligible for getting processed by all BeanPostProcessors (for example: not eligible for auto-proxying)
2019-03-29 16:15:55.597  INFO [bootstrap,,,] [paascloud-provider-uac,,,,] 1684 --- [           main] trationDelegate$BeanPostProcessorChecker : Bean 'org.springframework.cloud.sleuth.metric.TraceMetricsAutoConfiguration$CounterServiceSpanReporterConfig' of type [org.springframework.cloud.sleuth.metric.TraceMetricsAutoConfiguration$CounterServiceSpanReporterConfig$$EnhancerBySpringCGLIB$$fdc4381e] is not eligible for getting processed by all BeanPostProcessors (for example: not eligible for auto-proxying)
2019-03-29 16:15:55.630  INFO [bootstrap,,,] [paascloud-provider-uac,,,,] 1684 --- [           main] trationDelegate$BeanPostProcessorChecker : Bean 'org.springframework.cloud.netflix.metrics.servo.ServoMetricsAutoConfiguration' of type [org.springframework.cloud.netflix.metrics.servo.ServoMetricsAutoConfiguration$$EnhancerBySpringCGLIB$$42196e71] is not eligible for getting processed by all BeanPostProcessors (for example: not eligible for auto-proxying)
2019-03-29 16:15:55.681  INFO [bootstrap,,,] [paascloud-provider-uac,,,,] 1684 --- [           main] trationDelegate$BeanPostProcessorChecker : Bean 'servoMetricsConfig' of type [org.springframework.cloud.netflix.metrics.servo.ServoMetricsConfigBean] is not eligible for getting processed by all BeanPostProcessors (for example: not eligible for auto-proxying)
2019-03-29 16:15:55.695  INFO [bootstrap,,,] [paascloud-provider-uac,,,,] 1684 --- [           main] trationDelegate$BeanPostProcessorChecker : Bean 'monitorRegistry' of type [com.netflix.servo.DefaultMonitorRegistry] is not eligible for getting processed by all BeanPostProcessors (for example: not eligible for auto-proxying)
2019-03-29 16:15:55.714  INFO [bootstrap,,,] [paascloud-provider-uac,,,,] 1684 --- [           main] trationDelegate$BeanPostProcessorChecker : Bean 'servoMetricServices' of type [org.springframework.cloud.netflix.metrics.servo.ServoMetricServices] is not eligible for getting processed by all BeanPostProcessors (for example: not eligible for auto-proxying)
2019-03-29 16:15:55.734  INFO [bootstrap,,,] [paascloud-provider-uac,,,,] 1684 --- [           main] trationDelegate$BeanPostProcessorChecker : Bean 'org.springframework.cloud.sleuth.metric.TraceMetricsAutoConfiguration' of type [org.springframework.cloud.sleuth.metric.TraceMetricsAutoConfiguration$$EnhancerBySpringCGLIB$$72226bac] is not eligible for getting processed by all BeanPostProcessors (for example: not eligible for auto-proxying)
2019-03-29 16:15:55.756  INFO [bootstrap,,,] [paascloud-provider-uac,,,,] 1684 --- [           main] trationDelegate$BeanPostProcessorChecker : Bean 'sleuthMetricProperties' of type [org.springframework.cloud.sleuth.metric.SleuthMetricProperties] is not eligible for getting processed by all BeanPostProcessors (for example: not eligible for auto-proxying)
2019-03-29 16:15:55.769  INFO [bootstrap,,,] [paascloud-provider-uac,,,,] 1684 --- [           main] trationDelegate$BeanPostProcessorChecker : Bean 'spanReporterCounterService' of type [org.springframework.cloud.sleuth.metric.CounterServiceBasedSpanMetricReporter] is not eligible for getting processed by all BeanPostProcessors (for example: not eligible for auto-proxying)
2019-03-29 16:15:55.801  INFO [bootstrap,,,] [paascloud-provider-uac,,,,] 1684 --- [           main] trationDelegate$BeanPostProcessorChecker : Bean 'spring.zipkin-org.springframework.cloud.sleuth.zipkin2.ZipkinProperties' of type [org.springframework.cloud.sleuth.zipkin2.ZipkinProperties] is not eligible for getting processed by all BeanPostProcessors (for example: not eligible for auto-proxying)
2019-03-29 16:15:55.829  INFO [bootstrap,,,] [paascloud-provider-uac,,,,] 1684 --- [           main] trationDelegate$BeanPostProcessorChecker : Bean 'org.springframework.cloud.sleuth.zipkin2.sender.ZipkinRabbitSenderConfiguration' of type [org.springframework.cloud.sleuth.zipkin2.sender.ZipkinRabbitSenderConfiguration$$EnhancerBySpringCGLIB$$7d8f2b] is not eligible for getting processed by all BeanPostProcessors (for example: not eligible for auto-proxying)
2019-03-29 16:15:55.852  INFO [bootstrap,,,] [paascloud-provider-uac,,,,] 1684 --- [           main] trationDelegate$BeanPostProcessorChecker : Bean 'org.springframework.boot.autoconfigure.amqp.RabbitAutoConfiguration$RabbitConnectionFactoryCreator' of type [org.springframework.boot.autoconfigure.amqp.RabbitAutoConfiguration$RabbitConnectionFactoryCreator$$EnhancerBySpringCGLIB$$d482d5d8] is not eligible for getting processed by all BeanPostProcessors (for example: not eligible for auto-proxying)
2019-03-29 16:15:55.886  INFO [bootstrap,,,] [paascloud-provider-uac,,,,] 1684 --- [           main] trationDelegate$BeanPostProcessorChecker : Bean 'spring.rabbitmq-org.springframework.boot.autoconfigure.amqp.RabbitProperties' of type [org.springframework.boot.autoconfigure.amqp.RabbitProperties] is not eligible for getting processed by all BeanPostProcessors (for example: not eligible for auto-proxying)
2019-03-29 16:15:55.993  INFO [bootstrap,,,] [paascloud-provider-uac,,,,] 1684 --- [           main] trationDelegate$BeanPostProcessorChecker : Bean 'rabbitConnectionFactory' of type [org.springframework.amqp.rabbit.connection.CachingConnectionFactory] is not eligible for getting processed by all BeanPostProcessors (for example: not eligible for auto-proxying)
2019-03-29 16:15:56.084  INFO [bootstrap,,,] [paascloud-provider-uac,,,,] 1684 --- [           main] trationDelegate$BeanPostProcessorChecker : Bean 'rabbitSender' of type [zipkin2.reporter.amqp.AutoValue_RabbitMQSender] is not eligible for getting processed by all BeanPostProcessors (for example: not eligible for auto-proxying)
2019-03-29 16:15:56.131  INFO [bootstrap,,,] [paascloud-provider-uac,,,,] 1684 --- [           main] trationDelegate$BeanPostProcessorChecker : Bean 'reporter' of type [zipkin2.reporter.AsyncReporter$BoundedAsyncReporter] is not eligible for getting processed by all BeanPostProcessors (for example: not eligible for auto-proxying)
2019-03-29 16:15:56.170  INFO [bootstrap,,,] [paascloud-provider-uac,,,,] 1684 --- [           main] trationDelegate$BeanPostProcessorChecker : Bean 'org.springframework.boot.autoconfigure.web.ServerPropertiesAutoConfiguration' of type [org.springframework.boot.autoconfigure.web.ServerPropertiesAutoConfiguration$$EnhancerBySpringCGLIB$$1eddb9b] is not eligible for getting processed by all BeanPostProcessors (for example: not eligible for auto-proxying)
2019-03-29 16:15:56.220  INFO [bootstrap,,,] [paascloud-provider-uac,,,,] 1684 --- [           main] trationDelegate$BeanPostProcessorChecker : Bean 'serverProperties' of type [org.springframework.boot.autoconfigure.web.ServerProperties] is not eligible for getting processed by all BeanPostProcessors (for example: not eligible for auto-proxying)
2019-03-29 16:15:56.250  INFO [bootstrap,,,] [paascloud-provider-uac,,,,] 1684 --- [           main] trationDelegate$BeanPostProcessorChecker : Bean 'org.springframework.cloud.sleuth.zipkin2.ZipkinAutoConfiguration$DefaultEndpointLocatorConfiguration' of type [org.springframework.cloud.sleuth.zipkin2.ZipkinAutoConfiguration$DefaultEndpointLocatorConfiguration$$EnhancerBySpringCGLIB$$9e57125e] is not eligible for getting processed by all BeanPostProcessors (for example: not eligible for auto-proxying)
2019-03-29 16:15:59.336  INFO [bootstrap,,,] [paascloud-provider-uac,,,,] 1684 --- [           main] trationDelegate$BeanPostProcessorChecker : Bean 'zipkinEndpointLocator' of type [org.springframework.cloud.sleuth.zipkin2.DefaultEndpointLocator] is not eligible for getting processed by all BeanPostProcessors (for example: not eligible for auto-proxying)
2019-03-29 16:15:59.373  INFO [bootstrap,,,] [paascloud-provider-uac,,,,] 1684 --- [           main] trationDelegate$BeanPostProcessorChecker : Bean 'zipkinSpanListener' of type [org.springframework.cloud.sleuth.zipkin2.ZipkinSpanReporter] is not eligible for getting processed by all BeanPostProcessors (for example: not eligible for auto-proxying)
2019-03-29 16:15:59.468  INFO [bootstrap,,,] [paascloud-provider-uac,,,,] 1684 --- [           main] trationDelegate$BeanPostProcessorChecker : Bean 'spring.sleuth.keys-org.springframework.cloud.sleuth.TraceKeys' of type [org.springframework.cloud.sleuth.TraceKeys] is not eligible for getting processed by all BeanPostProcessors (for example: not eligible for auto-proxying)
2019-03-29 16:15:59.513  INFO [bootstrap,,,] [paascloud-provider-uac,,,,] 1684 --- [           main] trationDelegate$BeanPostProcessorChecker : Bean 'sleuthTracer' of type [org.springframework.cloud.sleuth.trace.DefaultTracer] is not eligible for getting processed by all BeanPostProcessors (for example: not eligible for auto-proxying)
2019-03-29 16:15:59.585  INFO [bootstrap,,,] [paascloud-provider-uac,,,,] 1684 --- [           main] trationDelegate$BeanPostProcessorChecker : Bean 'org.springframework.cloud.sleuth.instrument.web.TraceHttpAutoConfiguration' of type [org.springframework.cloud.sleuth.instrument.web.TraceHttpAutoConfiguration$$EnhancerBySpringCGLIB$$3216691a] is not eligible for getting processed by all BeanPostProcessors (for example: not eligible for auto-proxying)
2019-03-29 16:15:59.636  INFO [bootstrap,,,] [paascloud-provider-uac,,,,] 1684 --- [           main] trationDelegate$BeanPostProcessorChecker : Bean 'httpSpanInjector' of type [org.springframework.cloud.sleuth.instrument.web.ZipkinHttpSpanInjector] is not eligible for getting processed by all BeanPostProcessors (for example: not eligible for auto-proxying)
2019-03-29 16:15:59.673  INFO [bootstrap,,,] [paascloud-provider-uac,,,,] 1684 --- [           main] trationDelegate$BeanPostProcessorChecker : Bean 'httpTraceKeysInjector' of type [org.springframework.cloud.sleuth.instrument.web.HttpTraceKeysInjector] is not eligible for getting processed by all BeanPostProcessors (for example: not eligible for auto-proxying)
2019-03-29 16:15:59.696  INFO [bootstrap,,,] [paascloud-provider-uac,,,,] 1684 --- [           main] trationDelegate$BeanPostProcessorChecker : Bean 'defaultErrorParser' of type [org.springframework.cloud.sleuth.ExceptionMessageErrorParser] is not eligible for getting processed by all BeanPostProcessors (for example: not eligible for auto-proxying)
2019-03-29 16:15:59.730  INFO [bootstrap,,,] [paascloud-provider-uac,,,,] 1684 --- [           main] trationDelegate$BeanPostProcessorChecker : Bean 'traceRestTemplateInterceptor' of type [org.springframework.cloud.sleuth.instrument.web.client.TraceRestTemplateInterceptor] is not eligible for getting processed by all BeanPostProcessors (for example: not eligible for auto-proxying)
2019-03-29 16:15:59.744  INFO [bootstrap,,,] [paascloud-provider-uac,,,,] 1684 --- [           main] trationDelegate$BeanPostProcessorChecker : Bean 'org.springframework.cloud.sleuth.instrument.web.client.TraceWebClientAutoConfiguration$TraceInterceptorConfiguration' of type [org.springframework.cloud.sleuth.instrument.web.client.TraceWebClientAutoConfiguration$TraceInterceptorConfiguration$$EnhancerBySpringCGLIB$$f608717c] is not eligible for getting processed by all BeanPostProcessors (for example: not eligible for auto-proxying)
2019-03-29 16:16:00.233  INFO [bootstrap,,,] [paascloud-provider-uac,,,,] 1684 --- [           main] c.p.core.interceptor.SqlLogInterceptor   : [鎵撳嵃SQL鎷︽埅鍣ㄥ垱寤篯noticeTime=5.0绉�
2019-03-29 16:16:04.012  INFO [bootstrap,,,] [paascloud-provider-uac,,,,] 1684 --- [           main] s.c.a.AnnotationConfigApplicationContext : Refreshing org.springframework.context.annotation.AnnotationConfigApplicationContext@1b35f06a: startup date [Fri Mar 29 16:16:04 CST 2019]; parent: org.springframework.web.context.support.GenericWebApplicationContext@1cee3e05
2019-03-29 16:16:04.061  INFO [bootstrap,,,] [paascloud-provider-uac,,,,] 1684 --- [           main] f.a.AutowiredAnnotationBeanPostProcessor : JSR-330 'javax.inject.Inject' annotation found and supported for autowiring
2019-03-29 16:16:07.445  INFO [bootstrap,,,] [paascloud-provider-uac,,,,] 1684 --- [           main] o.s.b.t.m.w.SpringBootMockServletContext : jolokia: No access restrictor found, access to any MBean is allowed
2019-03-29 16:16:10.286  INFO [bootstrap,,,] [paascloud-provider-uac,,,,] 1684 --- [           main] o.s.w.s.v.f.FreeMarkerConfigurer         : ClassTemplateLoader for Spring macros added to FreeMarker configuration
2019-03-29 16:16:11.589  INFO [bootstrap,,,] [paascloud-provider-uac,,,,] 1684 --- [           main] s.c.a.AnnotationConfigApplicationContext : Refreshing org.springframework.context.annotation.AnnotationConfigApplicationContext@7ccf845a: startup date [Fri Mar 29 16:16:11 CST 2019]; parent: org.springframework.web.context.support.GenericWebApplicationContext@1cee3e05
2019-03-29 16:16:11.638  INFO [bootstrap,,,] [paascloud-provider-uac,,,,] 1684 --- [           main] f.a.AutowiredAnnotationBeanPostProcessor : JSR-330 'javax.inject.Inject' annotation found and supported for autowiring
2019-03-29 16:16:12.958  WARN [bootstrap,,,] [paascloud-provider-uac,,,,] 1684 --- [           main] o.s.s.o.p.t.s.JwtAccessTokenConverter    : Unable to create an RSA verifier from verifierKey (ignoreable if using MAC)
2019-03-29 16:16:14.019  INFO [bootstrap,,,] [paascloud-provider-uac,,,,] 1684 --- [           main] s.c.a.AnnotationConfigApplicationContext : Refreshing org.springframework.context.annotation.AnnotationConfigApplicationContext@7a6cd9e0: startup date [Fri Mar 29 16:16:14 CST 2019]; parent: org.springframework.web.context.support.GenericWebApplicationContext@1cee3e05
2019-03-29 16:16:14.057  INFO [bootstrap,,,] [paascloud-provider-uac,,,,] 1684 --- [           main] f.a.AutowiredAnnotationBeanPostProcessor : JSR-330 'javax.inject.Inject' annotation found and supported for autowiring
2019-03-29 16:16:15.134  INFO [bootstrap,,,] [paascloud-provider-uac,,,,] 1684 --- [           main] s.c.a.AnnotationConfigApplicationContext : Refreshing org.springframework.context.annotation.AnnotationConfigApplicationContext@33d102c9: startup date [Fri Mar 29 16:16:15 CST 2019]; parent: org.springframework.web.context.support.GenericWebApplicationContext@1cee3e05
2019-03-29 16:16:15.166  INFO [bootstrap,,,] [paascloud-provider-uac,,,,] 1684 --- [           main] f.a.AutowiredAnnotationBeanPostProcessor : JSR-330 'javax.inject.Inject' annotation found and supported for autowiring
2019-03-29 16:16:18.268  INFO [bootstrap,,,] [paascloud-provider-uac,,,,] 1684 --- [           main] s.w.s.m.m.a.RequestMappingHandlerMapping : Mapped "{[/auth/activeUser/{activeUserToken}],methods=[GET]}" onto public com.paascloud.wrapper.Wrapper com.paascloud.provider.web.admin.AuthRestController.activeUser(java.lang.String)
2019-03-29 16:16:18.271  INFO [bootstrap,,,] [paascloud-provider-uac,,,,] 1684 --- [           main] s.w.s.m.m.a.RequestMappingHandlerMapping : Mapped "{[/auth/submitResetPwdEmail],methods=[POST]}" onto public com.paascloud.wrapper.Wrapper<java.lang.String> com.paascloud.provider.web.admin.AuthRestController.submitResetPwdEmail(java.lang.String)
2019-03-29 16:16:18.273  INFO [bootstrap,,,] [paascloud-provider-uac,,,,] 1684 --- [           main] s.w.s.m.m.a.RequestMappingHandlerMapping : Mapped "{[/auth/submitResetPwdPhone],methods=[POST]}" onto public com.paascloud.wrapper.Wrapper<java.lang.String> com.paascloud.provider.web.admin.AuthRestController.submitResetPwdPhone(java.lang.String,javax.servlet.http.HttpServletResponse)
2019-03-29 16:16:18.276  INFO [bootstrap,,,] [paascloud-provider-uac,,,,] 1684 --- [           main] s.w.s.m.m.a.RequestMappingHandlerMapping : Mapped "{[/auth/resetLoginPwd],methods=[POST]}" onto public com.paascloud.wrapper.Wrapper<java.lang.Boolean> com.paascloud.provider.web.admin.AuthRestController.checkResetSmsCode(com.paascloud.provider.model.dto.user.ResetLoginPwdDto)
2019-03-29 16:16:18.278  INFO [bootstrap,,,] [paascloud-provider-uac,,,,] 1684 --- [           main] s.w.s.m.m.a.RequestMappingHandlerMapping : Mapped "{[/auth/saveLog],methods=[POST]}" onto public java.lang.Integer com.paascloud.provider.web.admin.AuthRestController.saveLog(com.paascloud.core.annotation.OperationLogDto)
2019-03-29 16:16:18.280  INFO [bootstrap,,,] [paascloud-provider-uac,,,,] 1684 --- [           main] s.w.s.m.m.a.RequestMappingHandlerMapping : Mapped "{[/auth/checkValid],methods=[POST]}" onto public com.paascloud.wrapper.Wrapper com.paascloud.provider.web.admin.AuthRestController.checkValid(com.paascloud.base.dto.CheckValidDto)
2019-03-29 16:16:18.283  INFO [bootstrap,,,] [paascloud-provider-uac,,,,] 1684 --- [           main] s.w.s.m.m.a.RequestMappingHandlerMapping : Mapped "{[/auth/checkEmailActive/{email:.+}],methods=[POST]}" onto public com.paascloud.wrapper.Wrapper<java.lang.Boolean> com.paascloud.provider.web.admin.AuthRestController.checkEmailActive(java.lang.String)
2019-03-29 16:16:18.286  INFO [bootstrap,,,] [paascloud-provider-uac,,,,] 1684 --- [           main] s.w.s.m.m.a.RequestMappingHandlerMapping : Mapped "{[/auth/register],methods=[POST]}" onto public com.paascloud.wrapper.Wrapper com.paascloud.provider.web.admin.AuthRestController.registerUser(com.paascloud.provider.model.dto.user.UserRegisterDto)
2019-03-29 16:16:18.290  INFO [bootstrap,,,] [paascloud-provider-uac,,,,] 1684 --- [           main] s.w.s.m.m.a.RequestMappingHandlerMapping : Mapped "{[/auth/checkPhoneActive/{mobileNo}],methods=[POST]}" onto public com.paascloud.wrapper.Wrapper<java.lang.Boolean> com.paascloud.provider.web.admin.AuthRestController.checkPhoneActive(java.lang.String)
2019-03-29 16:16:18.292  INFO [bootstrap,,,] [paascloud-provider-uac,,,,] 1684 --- [           main] s.w.s.m.m.a.RequestMappingHandlerMapping : Mapped "{[/auth/callback/qq],methods=[POST]}" onto public void com.paascloud.provider.web.admin.AuthRestController.callbackQQ(javax.servlet.http.HttpServletRequest)
2019-03-29 16:16:18.297  INFO [bootstrap,,,] [paascloud-provider-uac,,,,] 1684 --- [           main] s.w.s.m.m.a.RequestMappingHandlerMapping : Mapped "{[/action/checkActionCode],methods=[POST],produces=[application/json;charset=UTF-8]}" onto public com.paascloud.wrapper.Wrapper<java.lang.Boolean> com.paascloud.provider.web.admin.UacActionCommonController.checkActionCode(com.paascloud.provider.model.dto.action.UacActionCheckCodeDto)
2019-03-29 16:16:18.299  INFO [bootstrap,,,] [paascloud-provider-uac,,,,] 1684 --- [           main] s.w.s.m.m.a.RequestMappingHandlerMapping : Mapped "{[/action/checkUrl],methods=[POST],produces=[application/json;charset=UTF-8]}" onto public com.paascloud.wrapper.Wrapper<java.lang.Boolean> com.paascloud.provider.web.admin.UacActionCommonController.checkActionUrl(com.paascloud.provider.model.dto.action.UacActionCheckUrlDto)
2019-03-29 16:16:18.303  INFO [bootstrap,,,] [paascloud-provider-uac,,,,] 1684 --- [           main] s.w.s.m.m.a.RequestMappingHandlerMapping : Mapped "{[/action/save],methods=[POST],produces=[application/json;charset=UTF-8]}" onto public com.paascloud.wrapper.Wrapper com.paascloud.provider.web.admin.UacActionMainController.save(com.paascloud.provider.model.domain.UacAction)
2019-03-29 16:16:18.307  INFO [bootstrap,,,] [paascloud-provider-uac,,,,] 1684 --- [           main] s.w.s.m.m.a.RequestMappingHandlerMapping : Mapped "{[/action/batchDeleteByIdList],methods=[POST],produces=[application/json;charset=UTF-8]}" onto public com.paascloud.wrapper.Wrapper com.paascloud.provider.web.admin.UacActionMainController.batchDeleteByIdList(java.util.List<java.lang.Long>)
2019-03-29 16:16:18.310  INFO [bootstrap,,,] [paascloud-provider-uac,,,,] 1684 --- [           main] s.w.s.m.m.a.RequestMappingHandlerMapping : Mapped "{[/action/deleteActionById/{id}],methods=[POST],produces=[application/json;charset=UTF-8]}" onto public com.paascloud.wrapper.Wrapper com.paascloud.provider.web.admin.UacActionMainController.deleteUacActionById(java.lang.Long)
2019-03-29 16:16:18.313  INFO [bootstrap,,,] [paascloud-provider-uac,,,,] 1684 --- [           main] s.w.s.m.m.a.RequestMappingHandlerMapping : Mapped "{[/action/modifyStatus],methods=[POST],produces=[application/json;charset=UTF-8]}" onto public com.paascloud.wrapper.Wrapper com.paascloud.provider.web.admin.UacActionMainController.modifyActionStatus(com.paascloud.provider.model.dto.base.ModifyStatusDto)
2019-03-29 16:16:18.318  INFO [bootstrap,,,] [paascloud-provider-uac,,,,] 1684 --- [           main] s.w.s.m.m.a.RequestMappingHandlerMapping : Mapped "{[/action/queryListWithPage],methods=[POST],produces=[application/json;charset=UTF-8]}" onto public com.paascloud.wrapper.Wrapper com.paascloud.provider.web.admin.UacActionMainController.queryUacActionListWithPage(com.paascloud.provider.model.dto.action.ActionMainQueryDto)
2019-03-29 16:16:18.327  INFO [bootstrap,,,] [paascloud-provider-uac,,,,] 1684 --- [           main] s.w.s.m.m.a.RequestMappingHandlerMapping : Mapped "{[/role/bindAction],methods=[POST],produces=[application/json;charset=UTF-8]}" onto public com.paascloud.wrapper.Wrapper com.paascloud.provider.web.admin.UacGrantAuth4RoleController.bindAction(com.paascloud.provider.model.dto.role.RoleBindActionDto)
2019-03-29 16:16:18.333  INFO [bootstrap,,,] [paascloud-provider-uac,,,,] 1684 --- [           main] s.w.s.m.m.a.RequestMappingHandlerMapping : Mapped "{[/role/bindMenu],methods=[POST],produces=[application/json;charset=UTF-8]}" onto public com.paascloud.wrapper.Wrapper com.paascloud.provider.web.admin.UacGrantAuth4RoleController.bindMenu(com.paascloud.provider.model.dto.role.RoleBindMenuDto)
2019-03-29 16:16:18.338  INFO [bootstrap,,,] [paascloud-provider-uac,,,,] 1684 --- [           main] s.w.s.m.m.a.RequestMappingHandlerMapping : Mapped "{[/group/bindUser],methods=[POST],produces=[application/json;charset=UTF-8]}" onto public com.paascloud.wrapper.Wrapper com.paascloud.provider.web.admin.UacGroupBindUserController.bindUser4Role(com.paascloud.provider.model.dto.group.GroupBindUserReqDto)
2019-03-29 16:16:18.342  INFO [bootstrap,,,] [paascloud-provider-uac,,,,] 1684 --- [           main] s.w.s.m.m.a.RequestMappingHandlerMapping : Mapped "{[/group/getBindUser/{groupId}],methods=[POST],produces=[application/json;charset=UTF-8]}" onto public com.paascloud.wrapper.Wrapper<com.paascloud.provider.model.dto.group.GroupBindUserDto> com.paascloud.provider.web.admin.UacGroupBindUserController.getGroupBindUserPageInfo(java.lang.Long)
2019-03-29 16:16:18.366  INFO [bootstrap,,,] [paascloud-provider-uac,,,,] 1684 --- [           main] s.w.s.m.m.a.RequestMappingHandlerMapping : Mapped "{[/group/checkGroupName],methods=[POST],produces=[application/json;charset=UTF-8]}" onto public com.paascloud.wrapper.Wrapper<java.lang.Boolean> com.paascloud.provider.web.admin.UacGroupCommonController.checkGroupName(com.paascloud.provider.model.dto.group.CheckGroupNameDto)
2019-03-29 16:16:18.369  INFO [bootstrap,,,] [paascloud-provider-uac,,,,] 1684 --- [           main] s.w.s.m.m.a.RequestMappingHandlerMapping : Mapped "{[/group/getGroupTree/{groupId}],methods=[POST],produces=[application/json;charset=UTF-8]}" onto public com.paascloud.wrapper.Wrapper<java.util.List<com.paascloud.provider.model.vo.GroupZtreeVo>> com.paascloud.provider.web.admin.UacGroupCommonController.getGroupTreeById(java.lang.Long)
2019-03-29 16:16:18.372  INFO [bootstrap,,,] [paascloud-provider-uac,,,,] 1684 --- [           main] s.w.s.m.m.a.RequestMappingHandlerMapping : Mapped "{[/group/getGroupTree],methods=[POST],produces=[application/json;charset=UTF-8]}" onto public com.paascloud.wrapper.Wrapper<java.util.List<com.paascloud.provider.model.vo.GroupZtreeVo>> com.paascloud.provider.web.admin.UacGroupCommonController.getGroupTreeById()
2019-03-29 16:16:18.380  INFO [bootstrap,,,] [paascloud-provider-uac,,,,] 1684 --- [           main] s.w.s.m.m.a.RequestMappingHandlerMapping : Mapped "{[/group/checkGroupCode],methods=[POST],produces=[application/json;charset=UTF-8]}" onto public com.paascloud.wrapper.Wrapper<java.lang.Boolean> com.paascloud.provider.web.admin.UacGroupCommonController.checkGroupCode(com.paascloud.provider.model.dto.group.CheckGroupCodeDto)
2019-03-29 16:16:18.383  INFO [bootstrap,,,] [paascloud-provider-uac,,,,] 1684 --- [           main] s.w.s.m.m.a.RequestMappingHandlerMapping : Mapped "{[/group/queryGroupType],methods=[POST],produces=[application/json;charset=UTF-8]}" onto public com.paascloud.wrapper.Wrapper<java.util.List<java.util.Map<java.lang.String, java.lang.String>>> com.paascloud.provider.web.admin.UacGroupCommonController.queryGroupType()
2019-03-29 16:16:18.393  INFO [bootstrap,,,] [paascloud-provider-uac,,,,] 1684 --- [           main] s.w.s.m.m.a.RequestMappingHandlerMapping : Mapped "{[/group/getTree],methods=[POST],produces=[application/json;charset=UTF-8]}" onto public com.paascloud.wrapper.Wrapper<java.util.List<com.paascloud.provider.model.vo.MenuVo>> com.paascloud.provider.web.admin.UacGroupMainController.getTree()
2019-03-29 16:16:18.397  INFO [bootstrap,,,] [paascloud-provider-uac,,,,] 1684 --- [           main] s.w.s.m.m.a.RequestMappingHandlerMapping : Mapped "{[/group/queryById/{id}],methods=[POST],produces=[application/json;charset=UTF-8]}" onto public com.paascloud.wrapper.Wrapper<com.paascloud.provider.model.domain.UacGroup> com.paascloud.provider.web.admin.UacGroupMainController.getEditGroupPageInfo(java.lang.Long)
2019-03-29 16:16:18.401  INFO [bootstrap,,,] [paascloud-provider-uac,,,,] 1684 --- [           main] s.w.s.m.m.a.RequestMappingHandlerMapping : Mapped "{[/group/modifyStatus],methods=[POST],produces=[application/json;charset=UTF-8]}" onto public com.paascloud.wrapper.Wrapper com.paascloud.provider.web.admin.UacGroupMainController.modifyGroupStatus(com.paascloud.provider.model.dto.user.IdStatusDto)
2019-03-29 16:16:18.406  INFO [bootstrap,,,] [paascloud-provider-uac,,,,] 1684 --- [           main] s.w.s.m.m.a.RequestMappingHandlerMapping : Mapped "{[/group/save],methods=[POST],produces=[application/json;charset=UTF-8]}" onto public com.paascloud.wrapper.Wrapper com.paascloud.provider.web.admin.UacGroupMainController.editGroup(com.paascloud.provider.model.domain.UacGroup)
2019-03-29 16:16:18.407  INFO [bootstrap,,,] [paascloud-provider-uac,,,,] 1684 --- [           main] s.w.s.m.m.a.RequestMappingHandlerMapping : Mapped "{[/group/deleteById/{id}],methods=[POST],produces=[application/json;charset=UTF-8]}" onto public com.paascloud.wrapper.Wrapper com.paascloud.provider.web.admin.UacGroupMainController.deleteGroupById(java.lang.Long)
2019-03-29 16:16:18.410  INFO [bootstrap,,,] [paascloud-provider-uac,,,,] 1684 --- [           main] s.w.s.m.m.a.RequestMappingHandlerMapping : Mapped "{[/log/queryListWithPage],methods=[POST],produces=[application/json;charset=UTF-8]}" onto public com.paascloud.wrapper.Wrapper com.paascloud.provider.web.admin.UacLogMainController.queryLogListWithPage(com.paascloud.provider.model.dto.log.UacLogMainDto)
2019-03-29 16:16:18.413  INFO [bootstrap,,,] [paascloud-provider-uac,,,,] 1684 --- [           main] s.w.s.m.m.a.RequestMappingHandlerMapping : Mapped "{[/menu/checkMenuCode],methods=[POST],produces=[application/json;charset=UTF-8]}" onto public com.paascloud.wrapper.Wrapper<java.lang.Boolean> com.paascloud.provider.web.admin.UacMenuCommonController.checkUacMenuActionCode(com.paascloud.provider.model.dto.menu.UacMenuCheckCodeDto)
2019-03-29 16:16:18.415  INFO [bootstrap,,,] [paascloud-provider-uac,,,,] 1684 --- [           main] s.w.s.m.m.a.RequestMappingHandlerMapping : Mapped "{[/menu/checkMenuUrl],methods=[POST],produces=[application/json;charset=UTF-8]}" onto public com.paascloud.wrapper.Wrapper<java.lang.Boolean> com.paascloud.provider.web.admin.UacMenuCommonController.checkUacMenuUrl(com.paascloud.provider.model.dto.menu.UacMenuCheckUrlDto)
2019-03-29 16:16:18.418  INFO [bootstrap,,,] [paascloud-provider-uac,,,,] 1684 --- [           main] s.w.s.m.m.a.RequestMappingHandlerMapping : Mapped "{[/menu/checkMenuName],methods=[POST],produces=[application/json;charset=UTF-8]}" onto public com.paascloud.wrapper.Wrapper<java.lang.Boolean> com.paascloud.provider.web.admin.UacMenuCommonController.checkUacMenuName(com.paascloud.provider.model.dto.menu.UacMenuCheckNameDto)
2019-03-29 16:16:18.421  INFO [bootstrap,,,] [paascloud-provider-uac,,,,] 1684 --- [           main] s.w.s.m.m.a.RequestMappingHandlerMapping : Mapped "{[/menu/modifyStatus],methods=[POST],produces=[application/json;charset=UTF-8]}" onto public com.paascloud.wrapper.Wrapper com.paascloud.provider.web.admin.UacMenuMainController.updateUacMenuStatusById(com.paascloud.provider.model.dto.menu.UacMenuStatusDto)
2019-03-29 16:16:18.422  INFO [bootstrap,,,] [paascloud-provider-uac,,,,] 1684 --- [           main] s.w.s.m.m.a.RequestMappingHandlerMapping : Mapped "{[/menu/deleteById/{id}],methods=[POST],produces=[application/json;charset=UTF-8]}" onto public com.paascloud.wrapper.Wrapper<java.lang.Integer> com.paascloud.provider.web.admin.UacMenuMainController.deleteUacMenuById(java.lang.Long)
2019-03-29 16:16:18.424  INFO [bootstrap,,,] [paascloud-provider-uac,,,,] 1684 --- [           main] s.w.s.m.m.a.RequestMappingHandlerMapping : Mapped "{[/menu/getTree],methods=[POST],produces=[application/json;charset=UTF-8]}" onto public com.paascloud.wrapper.Wrapper<java.util.List<com.paascloud.provider.model.vo.MenuVo>> com.paascloud.provider.web.admin.UacMenuMainController.queryMenuTreeList()
2019-03-29 16:16:18.426  INFO [bootstrap,,,] [paascloud-provider-uac,,,,] 1684 --- [           main] s.w.s.m.m.a.RequestMappingHandlerMapping : Mapped "{[/menu/save],methods=[POST],produces=[application/json;charset=UTF-8]}" onto public com.paascloud.wrapper.Wrapper com.paascloud.provider.web.admin.UacMenuMainController.saveMenu(com.paascloud.provider.model.dto.menu.UacEditMenuDto)
2019-03-29 16:16:18.428  INFO [bootstrap,,,] [paascloud-provider-uac,,,,] 1684 --- [           main] s.w.s.m.m.a.RequestMappingHandlerMapping : Mapped "{[/menu/queryById/{id}],methods=[POST],produces=[application/json;charset=UTF-8]}" onto public com.paascloud.wrapper.Wrapper<com.paascloud.provider.model.vo.ViewMenuVo> com.paascloud.provider.web.admin.UacMenuMainController.queryMenuVoById(java.lang.Long)
2019-03-29 16:16:18.430  INFO [bootstrap,,,] [paascloud-provider-uac,,,,] 1684 --- [           main] s.w.s.m.m.a.RequestMappingHandlerMapping : Mapped "{[/role/bindUser],methods=[POST],produces=[application/json;charset=UTF-8]}" onto public com.paascloud.wrapper.Wrapper com.paascloud.provider.web.admin.UacRoleBindUserController.bindUser(com.paascloud.provider.model.dto.role.RoleBindUserReqDto)
2019-03-29 16:16:18.524  INFO [bootstrap,,,] [paascloud-provider-uac,,,,] 1684 --- [           main] s.w.s.m.m.a.RequestMappingHandlerMapping : Mapped "{[/role/getBindUser/{roleId}],methods=[POST],produces=[application/json;charset=UTF-8]}" onto public com.paascloud.wrapper.Wrapper<com.paascloud.provider.model.dto.role.RoleBindUserDto> com.paascloud.provider.web.admin.UacRoleBindUserController.getBindUser(java.lang.Long)
2019-03-29 16:16:18.532  INFO [bootstrap,,,] [paascloud-provider-uac,,,,] 1684 --- [           main] s.w.s.m.m.a.RequestMappingHandlerMapping : Mapped "{[/role/getActionTreeByRoleId/{roleId}],methods=[POST],produces=[application/json;charset=UTF-8]}" onto public com.paascloud.wrapper.Wrapper<com.paascloud.provider.model.vo.BindAuthVo> com.paascloud.provider.web.admin.UacRoleCommonController.getActionTreeByRoleId(java.lang.Long)
2019-03-29 16:16:18.535  INFO [bootstrap,,,] [paascloud-provider-uac,,,,] 1684 --- [           main] s.w.s.m.m.a.RequestMappingHandlerMapping : Mapped "{[/role/getMenuTreeByRoleId/{roleId}],methods=[POST],produces=[application/json;charset=UTF-8]}" onto public com.paascloud.wrapper.Wrapper<com.paascloud.provider.model.vo.BindAuthVo> com.paascloud.provider.web.admin.UacRoleCommonController.getMenuTreeByRoleId(java.lang.Long)
2019-03-29 16:16:18.541  INFO [bootstrap,,,] [paascloud-provider-uac,,,,] 1684 --- [           main] s.w.s.m.m.a.RequestMappingHandlerMapping : Mapped "{[/role/queryRoleInfoById/{id}],methods=[POST],produces=[application/json;charset=UTF-8]}" onto public com.paascloud.wrapper.Wrapper<com.paascloud.provider.model.domain.UacRole> com.paascloud.provider.web.admin.UacRoleCommonController.queryRoleInfo(java.lang.Long)
2019-03-29 16:16:18.545  INFO [bootstrap,,,] [paascloud-provider-uac,,,,] 1684 --- [           main] s.w.s.m.m.a.RequestMappingHandlerMapping : Mapped "{[/role/checkRoleCode],methods=[POST],produces=[application/json;charset=UTF-8]}" onto public com.paascloud.wrapper.Wrapper<java.lang.Boolean> com.paascloud.provider.web.admin.UacRoleCommonController.checkUacRoleCode(com.paascloud.provider.model.dto.role.CheckRoleCodeDto)
2019-03-29 16:16:18.553  INFO [bootstrap,,,] [paascloud-provider-uac,,,,] 1684 --- [           main] s.w.s.m.m.a.RequestMappingHandlerMapping : Mapped "{[/role/save],methods=[POST],produces=[application/json;charset=UTF-8]}" onto public com.paascloud.wrapper.Wrapper com.paascloud.provider.web.admin.UacRoleMainController.save(com.paascloud.provider.model.domain.UacRole)
2019-03-29 16:16:18.560  INFO [bootstrap,,,] [paascloud-provider-uac,,,,] 1684 --- [           main] s.w.s.m.m.a.RequestMappingHandlerMapping : Mapped "{[/role/batchDeleteByIdList],methods=[POST],produces=[application/json;charset=UTF-8]}" onto public com.paascloud.wrapper.Wrapper com.paascloud.provider.web.admin.UacRoleMainController.batchDeleteByIdList(java.util.List<java.lang.Long>)
2019-03-29 16:16:18.564  INFO [bootstrap,,,] [paascloud-provider-uac,,,,] 1684 --- [           main] s.w.s.m.m.a.RequestMappingHandlerMapping : Mapped "{[/role/deleteRoleById/{id}],methods=[POST],produces=[application/json;charset=UTF-8]}" onto public com.paascloud.wrapper.Wrapper com.paascloud.provider.web.admin.UacRoleMainController.deleteUacRoleById(java.lang.Long)
2019-03-29 16:16:18.569  INFO [bootstrap,,,] [paascloud-provider-uac,,,,] 1684 --- [           main] s.w.s.m.m.a.RequestMappingHandlerMapping : Mapped "{[/role/modifyRoleStatusById],methods=[POST],produces=[application/json;charset=UTF-8]}" onto public com.paascloud.wrapper.Wrapper com.paascloud.provider.web.admin.UacRoleMainController.modifyUacRoleStatusById(com.paascloud.provider.model.dto.base.ModifyStatusDto)
2019-03-29 16:16:18.572  INFO [bootstrap,,,] [paascloud-provider-uac,,,,] 1684 --- [           main] s.w.s.m.m.a.RequestMappingHandlerMapping : Mapped "{[/role/queryRoleListWithPage],methods=[POST],produces=[application/json;charset=UTF-8]}" onto public com.paascloud.wrapper.Wrapper<com.github.pagehelper.PageInfo<com.paascloud.provider.model.vo.RoleVo>> com.paascloud.provider.web.admin.UacRoleMainController.queryUacRoleListWithPage(com.paascloud.provider.model.domain.UacRole)
2019-03-29 16:16:18.576  INFO [bootstrap,,,] [paascloud-provider-uac,,,,] 1684 --- [           main] s.w.s.m.m.a.RequestMappingHandlerMapping : Mapped "{[/token/queryListWithPage],methods=[POST],produces=[application/json;charset=UTF-8]}" onto public com.paascloud.wrapper.Wrapper com.paascloud.provider.web.admin.UacTokenMainController.queryUacActionListWithPage(com.paascloud.provider.model.dto.token.TokenMainQueryDto)
2019-03-29 16:16:18.585  INFO [bootstrap,,,] [paascloud-provider-uac,,,,] 1684 --- [           main] s.w.s.m.m.a.RequestMappingHandlerMapping : Mapped "{[/user/getOwnAuthTree],methods=[POST],produces=[application/json;charset=UTF-8]}" onto public com.paascloud.wrapper.Wrapper<java.util.List<com.paascloud.provider.model.vo.MenuVo>> com.paascloud.provider.web.admin.UacUserCommonController.getOwnAuthTree()
2019-03-29 16:16:18.591  INFO [bootstrap,,,] [paascloud-provider-uac,,,,] 1684 --- [           main] s.w.s.m.m.a.RequestMappingHandlerMapping : Mapped "{[/user/modifyUserEmail/{email}/{emailCode}],methods=[POST],produces=[application/json;charset=UTF-8]}" onto public com.paascloud.wrapper.Wrapper<java.lang.Integer> com.paascloud.provider.web.admin.UacUserCommonController.modifyUserEmail(java.lang.String,java.lang.String)
2019-03-29 16:16:18.597  INFO [bootstrap,,,] [paascloud-provider-uac,,,,] 1684 --- [           main] s.w.s.m.m.a.RequestMappingHandlerMapping : Mapped "{[/user/checkEmail],methods=[POST],produces=[application/json;charset=UTF-8]}" onto public com.paascloud.wrapper.Wrapper<java.lang.Boolean> com.paascloud.provider.web.admin.UacUserCommonController.checkEmail(com.paascloud.provider.model.dto.user.CheckEmailDto)
2019-03-29 16:16:18.601  INFO [bootstrap,,,] [paascloud-provider-uac,,,,] 1684 --- [           main] s.w.s.m.m.a.RequestMappingHandlerMapping : Mapped "{[/user/checkLoginName],methods=[POST],produces=[application/json;charset=UTF-8]}" onto public com.paascloud.wrapper.Wrapper<java.lang.Boolean> com.paascloud.provider.web.admin.UacUserCommonController.checkLoginName(com.paascloud.provider.model.dto.user.CheckLoginNameDto)
2019-03-29 16:16:18.604  INFO [bootstrap,,,] [paascloud-provider-uac,,,,] 1684 --- [           main] s.w.s.m.m.a.RequestMappingHandlerMapping : Mapped "{[/user/checkUserName],methods=[POST],produces=[application/json;charset=UTF-8]}" onto public com.paascloud.wrapper.Wrapper<java.lang.Boolean> com.paascloud.provider.web.admin.UacUserCommonController.checkUserName(com.paascloud.provider.model.dto.user.CheckUserNameDto)
2019-03-29 16:16:18.610  INFO [bootstrap,,,] [paascloud-provider-uac,,,,] 1684 --- [           main] s.w.s.m.m.a.RequestMappingHandlerMapping : Mapped "{[/user/checkUserPhone],methods=[POST],produces=[application/json;charset=UTF-8]}" onto public com.paascloud.wrapper.Wrapper<java.lang.Boolean> com.paascloud.provider.web.admin.UacUserCommonController.checkUserPhone(com.paascloud.provider.model.dto.user.CheckUserPhoneDto)
2019-03-29 16:16:18.615  INFO [bootstrap,,,] [paascloud-provider-uac,,,,] 1684 --- [           main] s.w.s.m.m.a.RequestMappingHandlerMapping : Mapped "{[/user/checkNewPassword],methods=[POST],produces=[application/json;charset=UTF-8]}" onto public com.paascloud.wrapper.Wrapper<java.lang.Boolean> com.paascloud.provider.web.admin.UacUserCommonController.checkNewPassword(com.paascloud.provider.model.dto.user.CheckNewPasswordDto)
2019-03-29 16:16:18.619  INFO [bootstrap,,,] [paascloud-provider-uac,,,,] 1684 --- [           main] s.w.s.m.m.a.RequestMappingHandlerMapping : Mapped "{[/user/queryUserInfo/{loginName}],methods=[POST],produces=[application/json;charset=UTF-8]}" onto public com.paascloud.wrapper.Wrapper<com.paascloud.provider.model.vo.UserVo> com.paascloud.provider.web.admin.UacUserCommonController.queryUserInfo(java.lang.String)
2019-03-29 16:16:18.625  INFO [bootstrap,,,] [paascloud-provider-uac,,,,] 1684 --- [           main] s.w.s.m.m.a.RequestMappingHandlerMapping : Mapped "{[/user/loginAfter/{applicationId}],methods=[POST],produces=[application/json;charset=UTF-8]}" onto public com.paascloud.wrapper.Wrapper<com.paascloud.provider.model.dto.user.LoginRespDto> com.paascloud.provider.web.admin.UacUserLoginController.loginAfter(java.lang.Long)
2019-03-29 16:16:18.629  INFO [bootstrap,,,] [paascloud-provider-uac,,,,] 1684 --- [           main] s.w.s.m.m.a.RequestMappingHandlerMapping : Mapped "{[/user/logout],methods=[POST],produces=[application/json;charset=UTF-8]}" onto public com.paascloud.wrapper.Wrapper com.paascloud.provider.web.admin.UacUserLoginController.loginAfter(java.lang.String)
2019-03-29 16:16:18.632  INFO [bootstrap,,,] [paascloud-provider-uac,,,,] 1684 --- [           main] s.w.s.m.m.a.RequestMappingHandlerMapping : Mapped "{[/auth/user/refreshToken],methods=[GET],produces=[application/json;charset=UTF-8]}" onto public com.paascloud.wrapper.Wrapper<java.lang.String> com.paascloud.provider.web.admin.UacUserLoginController.refreshToken(javax.servlet.http.HttpServletRequest,java.lang.String,java.lang.String)
2019-03-29 16:16:18.641  INFO [bootstrap,,,] [paascloud-provider-uac,,,,] 1684 --- [           main] s.w.s.m.m.a.RequestMappingHandlerMapping : Mapped "{[/user/queryListWithPage],methods=[POST],produces=[application/json;charset=UTF-8]}" onto public com.paascloud.wrapper.Wrapper<com.github.pagehelper.PageInfo> com.paascloud.provider.web.admin.UacUserMainController.queryUserListWithPage(com.paascloud.provider.model.domain.UacUser)
2019-03-29 16:16:18.642  INFO [bootstrap,,,] [paascloud-provider-uac,,,,] 1684 --- [           main] s.w.s.m.m.a.RequestMappingHandlerMapping : Mapped "{[/user/user],methods=[GET],produces=[application/json;charset=UTF-8]}" onto public com.paascloud.security.core.SecurityUser com.paascloud.provider.web.admin.UacUserMainController.user()
2019-03-29 16:16:18.645  INFO [bootstrap,,,] [paascloud-provider-uac,,,,] 1684 --- [           main] s.w.s.m.m.a.RequestMappingHandlerMapping : Mapped "{[/user/modifyUserStatusById],methods=[POST],produces=[application/json;charset=UTF-8]}" onto public com.paascloud.wrapper.Wrapper<java.lang.Integer> com.paascloud.provider.web.admin.UacUserMainController.modifyUserStatusById(com.paascloud.provider.model.dto.user.ModifyUserStatusDto)
2019-03-29 16:16:18.648  INFO [bootstrap,,,] [paascloud-provider-uac,,,,] 1684 --- [           main] s.w.s.m.m.a.RequestMappingHandlerMapping : Mapped "{[/user/queryUserMenuDtoData],methods=[POST],produces=[application/json;charset=UTF-8]}" onto public com.paascloud.wrapper.Wrapper<java.util.List<com.paascloud.provider.model.dto.menu.UserMenuDto>> com.paascloud.provider.web.admin.UacUserMainController.queryUserMenuDtoData()
2019-03-29 16:16:18.650  INFO [bootstrap,,,] [paascloud-provider-uac,,,,] 1684 --- [           main] s.w.s.m.m.a.RequestMappingHandlerMapping : Mapped "{[/user/deleteUserById/{userId}],methods=[POST],produces=[application/json;charset=UTF-8]}" onto public com.paascloud.wrapper.Wrapper<java.lang.Integer> com.paascloud.provider.web.admin.UacUserMainController.deleteUserById(java.lang.Long)
2019-03-29 16:16:18.654  INFO [bootstrap,,,] [paascloud-provider-uac,,,,] 1684 --- [           main] s.w.s.m.m.a.RequestMappingHandlerMapping : Mapped "{[/user/resetLoginPwd/{userId}],methods=[POST],produces=[application/json;charset=UTF-8]}" onto public com.paascloud.wrapper.Wrapper<com.paascloud.provider.model.domain.UacUser> com.paascloud.provider.web.admin.UacUserMainController.resetLoginPwd(java.lang.Long)
2019-03-29 16:16:18.656  INFO [bootstrap,,,] [paascloud-provider-uac,,,,] 1684 --- [           main] s.w.s.m.m.a.RequestMappingHandlerMapping : Mapped "{[/user/bindRole],methods=[POST],produces=[application/json;charset=UTF-8]}" onto public com.paascloud.wrapper.Wrapper<java.lang.Integer> com.paascloud.provider.web.admin.UacUserMainController.bindUserRoles(com.paascloud.provider.model.dto.user.BindUserRolesDto)
2019-03-29 16:16:18.657  INFO [bootstrap,,,] [paascloud-provider-uac,,,,] 1684 --- [           main] s.w.s.m.m.a.RequestMappingHandlerMapping : Mapped "{[/user/bindUserMenus],methods=[POST],produces=[application/json;charset=UTF-8]}" onto public com.paascloud.wrapper.Wrapper<java.lang.Integer> com.paascloud.provider.web.admin.UacUserMainController.bindUserMenus(com.paascloud.provider.model.dto.user.BindUserMenusDto)
2019-03-29 16:16:18.660  INFO [bootstrap,,,] [paascloud-provider-uac,,,,] 1684 --- [           main] s.w.s.m.m.a.RequestMappingHandlerMapping : Mapped "{[/user/queryUserLogListWithPage],methods=[POST],produces=[application/json;charset=UTF-8]}" onto public com.paascloud.wrapper.Wrapper<com.github.pagehelper.PageInfo<com.paascloud.provider.model.domain.UacLog>> com.paascloud.provider.web.admin.UacUserMainController.queryUserLogListWithPage(com.paascloud.provider.model.domain.UacLog)
2019-03-29 16:16:18.661  INFO [bootstrap,,,] [paascloud-provider-uac,,,,] 1684 --- [           main] s.w.s.m.m.a.RequestMappingHandlerMapping : Mapped "{[/user/save],methods=[POST],produces=[application/json;charset=UTF-8]}" onto public com.paascloud.wrapper.Wrapper<java.lang.Integer> com.paascloud.provider.web.admin.UacUserMainController.addUacUser(com.paascloud.provider.model.domain.UacUser)
2019-03-29 16:16:18.665  INFO [bootstrap,,,] [paascloud-provider-uac,,,,] 1684 --- [           main] s.w.s.m.m.a.RequestMappingHandlerMapping : Mapped "{[/user/getBindRole/{userId}],methods=[POST],produces=[application/json;charset=UTF-8]}" onto public com.paascloud.wrapper.Wrapper<com.paascloud.provider.model.vo.UserBindRoleVo> com.paascloud.provider.web.admin.UacUserMainController.getBindRole(java.lang.Long)
2019-03-29 16:16:18.668  INFO [bootstrap,,,] [paascloud-provider-uac,,,,] 1684 --- [           main] s.w.s.m.m.a.RequestMappingHandlerMapping : Mapped "{[/user/getUacUserById/{userId}],methods=[POST],produces=[application/json;charset=UTF-8]}" onto public com.paascloud.wrapper.Wrapper<com.paascloud.provider.model.domain.UacUser> com.paascloud.provider.web.admin.UacUserMainController.getUacUserById(java.lang.Long)
2019-03-29 16:16:18.673  INFO [bootstrap,,,] [paascloud-provider-uac,,,,] 1684 --- [           main] s.w.s.m.m.a.RequestMappingHandlerMapping : Mapped "{[/user/registerUser],methods=[POST],produces=[application/json;charset=UTF-8]}" onto public com.paascloud.wrapper.Wrapper com.paascloud.provider.web.admin.UacUserPasswordController.registerUser(com.paascloud.provider.model.dto.user.UserRegisterDto)
2019-03-29 16:16:18.677  INFO [bootstrap,,,] [paascloud-provider-uac,,,,] 1684 --- [           main] s.w.s.m.m.a.RequestMappingHandlerMapping : Mapped "{[/user/modifyUserPwd],methods=[POST],produces=[application/json;charset=UTF-8]}" onto public com.paascloud.wrapper.Wrapper<java.lang.Integer> com.paascloud.provider.web.admin.UacUserPasswordController.modifyUserPwd(com.paascloud.provider.model.dto.user.UserModifyPwdDto)
2019-03-29 16:16:18.679  INFO [bootstrap,,,] [paascloud-provider-uac,,,,] 1684 --- [           main] s.w.s.m.m.a.RequestMappingHandlerMapping : Mapped "{[/email/sendRestEmailCode],methods=[POST],produces=[application/json;charset=UTF-8]}" onto public com.paascloud.wrapper.Wrapper<java.lang.String> com.paascloud.provider.web.mall.EmailController.sendRestEmailCode(com.paascloud.provider.model.dto.email.SendEmailMessage)
2019-03-29 16:16:18.680  INFO [bootstrap,,,] [paascloud-provider-uac,,,,] 1684 --- [           main] s.w.s.m.m.a.RequestMappingHandlerMapping : Mapped "{[/email/checkRestEmailCode],methods=[POST],produces=[application/json;charset=UTF-8]}" onto public com.paascloud.wrapper.Wrapper com.paascloud.provider.web.mall.EmailController.checkRestEmailCode(com.paascloud.provider.model.dto.email.SendEmailMessage)
2019-03-29 16:16:18.687  INFO [bootstrap,,,] [paascloud-provider-uac,,,,] 1684 --- [           main] s.w.s.m.m.a.RequestMappingHandlerMapping : Mapped "{[/auth/category/getProductCategoryDtoByPid/{pid}],methods=[GET],produces=[application/json;charset=UTF-8]}" onto public com.paascloud.wrapper.Wrapper<java.util.List<com.paascloud.provider.model.dto.ProductCategoryDto>> com.paascloud.provider.web.mall.MallAuthRestController.getProductCategoryDtoByPid(java.lang.Long)
2019-03-29 16:16:18.688  INFO [bootstrap,,,] [paascloud-provider-uac,,,,] 1684 --- [           main] s.w.s.m.m.a.RequestMappingHandlerMapping : Mapped "{[/auth/product/queryProductDetail/{productId}],methods=[GET],produces=[application/json;charset=UTF-8]}" onto public com.paascloud.wrapper.Wrapper<com.paascloud.provider.model.vo.ProductDetailVo> com.paascloud.provider.web.mall.MallAuthRestController.queryProductDetail(java.lang.Long)
2019-03-29 16:16:18.691  INFO [bootstrap,,,] [paascloud-provider-uac,,,,] 1684 --- [           main] s.w.s.m.m.a.RequestMappingHandlerMapping : Mapped "{[/auth/product/queryProductList],methods=[POST],produces=[application/json;charset=UTF-8]}" onto public com.paascloud.wrapper.Wrapper<com.github.pagehelper.PageInfo> com.paascloud.provider.web.mall.MallAuthRestController.queryProductList(com.paascloud.provider.model.dto.ProductReqDto)
2019-03-29 16:16:18.700  INFO [bootstrap,,,] [paascloud-provider-uac,,,,] 1684 --- [           main] s.w.s.m.m.a.RequestMappingHandlerMapping : Mapped "{[/cart/selectAllProduct],methods=[POST],produces=[application/json;charset=UTF-8]}" onto public com.paascloud.wrapper.Wrapper com.paascloud.provider.web.mall.MallCartController.selectAll()
2019-03-29 16:16:18.701  INFO [bootstrap,,,] [paascloud-provider-uac,,,,] 1684 --- [           main] s.w.s.m.m.a.RequestMappingHandlerMapping : Mapped "{[/cart/selectProduct/{productId}],methods=[POST],produces=[application/json;charset=UTF-8]}" onto public com.paascloud.wrapper.Wrapper com.paascloud.provider.web.mall.MallCartController.select(java.lang.Long)
2019-03-29 16:16:18.703  INFO [bootstrap,,,] [paascloud-provider-uac,,,,] 1684 --- [           main] s.w.s.m.m.a.RequestMappingHandlerMapping : Mapped "{[/cart/updateProduct/{productId}/{count}],methods=[POST],produces=[application/json;charset=UTF-8]}" onto public com.paascloud.wrapper.Wrapper com.paascloud.provider.web.mall.MallCartController.updateProduct(java.lang.Long,java.lang.Integer)
2019-03-29 16:16:18.742  INFO [bootstrap,,,] [paascloud-provider-uac,,,,] 1684 --- [           main] s.w.s.m.m.a.RequestMappingHandlerMapping : Mapped "{[/cart/mergeUserCart],methods=[POST],produces=[application/json;charset=UTF-8]}" onto public com.paascloud.wrapper.Wrapper<com.paascloud.provider.model.vo.CartVo> com.paascloud.provider.web.mall.MallCartController.mergeUserCart(com.paascloud.provider.model.dto.omc.CartListQuery)
2019-03-29 16:16:18.747  INFO [bootstrap,,,] [paascloud-provider-uac,,,,] 1684 --- [           main] s.w.s.m.m.a.RequestMappingHandlerMapping : Mapped "{[/cart/deleteProduct/{productIds}],methods=[POST],produces=[application/json;charset=UTF-8]}" onto public com.paascloud.wrapper.Wrapper com.paascloud.provider.web.mall.MallCartController.deleteProduct(java.lang.String)
2019-03-29 16:16:18.749  INFO [bootstrap,,,] [paascloud-provider-uac,,,,] 1684 --- [           main] s.w.s.m.m.a.RequestMappingHandlerMapping : Mapped "{[/cart/unSelectProduct/{productId}],methods=[POST],produces=[application/json;charset=UTF-8]}" onto public com.paascloud.wrapper.Wrapper com.paascloud.provider.web.mall.MallCartController.unSelect(java.lang.Long)
2019-03-29 16:16:18.758  INFO [bootstrap,,,] [paascloud-provider-uac,,,,] 1684 --- [           main] s.w.s.m.m.a.RequestMappingHandlerMapping : Mapped "{[/cart/addProduct/{productId}/{count}],methods=[POST],produces=[application/json;charset=UTF-8]}" onto public com.paascloud.wrapper.Wrapper com.paascloud.provider.web.mall.MallCartController.addProduct(java.lang.Long,java.lang.Integer)
2019-03-29 16:16:18.763  INFO [bootstrap,,,] [paascloud-provider-uac,,,,] 1684 --- [           main] s.w.s.m.m.a.RequestMappingHandlerMapping : Mapped "{[/cart/unSelectAllProduct],methods=[POST],produces=[application/json;charset=UTF-8]}" onto public com.paascloud.wrapper.Wrapper com.paascloud.provider.web.mall.MallCartController.unSelectAll()
2019-03-29 16:16:18.769  INFO [bootstrap,,,] [paascloud-provider-uac,,,,] 1684 --- [           main] s.w.s.m.m.a.RequestMappingHandlerMapping : Mapped "{[/user/updateInformation],methods=[POST],produces=[application/json;charset=UTF-8]}" onto public com.paascloud.wrapper.Wrapper<com.paascloud.provider.model.dto.user.UserInfoDto> com.paascloud.provider.web.mall.MallUserController.updateInformation(com.paascloud.provider.model.dto.user.UserInfoDto)
2019-03-29 16:16:18.774  INFO [bootstrap,,,] [paascloud-provider-uac,,,,] 1684 --- [           main] s.w.s.m.m.a.RequestMappingHandlerMapping : Mapped "{[/user/getInformation],methods=[POST],produces=[application/json;charset=UTF-8]}" onto public com.paascloud.wrapper.Wrapper<com.paascloud.provider.model.dto.user.UserInfoDto> com.paascloud.provider.web.mall.MallUserController.getInformation()
2019-03-29 16:16:18.781  INFO [bootstrap,,,] [paascloud-provider-uac,,,,] 1684 --- [           main] s.w.s.m.m.a.RequestMappingHandlerMapping : Mapped "{[/api/uac/message/queryMessageKeyList],methods=[POST]}" onto public com.paascloud.wrapper.Wrapper<java.util.List<java.lang.String>> com.paascloud.provider.web.rpc.UacMqMessageFeignClient.queryMessageKeyList(java.util.List<java.lang.String>)
2019-03-29 16:16:18.785  INFO [bootstrap,,,] [paascloud-provider-uac,,,,] 1684 --- [           main] s.w.s.m.m.a.RequestMappingHandlerMapping : Mapped "{[/api/uac/message/queryMessageListWithPage],methods=[POST]}" onto public com.paascloud.wrapper.Wrapper<com.github.pagehelper.PageInfo<com.paascloud.base.dto.MqMessageVo>> com.paascloud.provider.web.rpc.UacMqMessageFeignClient.queryMessageListWithPage(com.paascloud.base.dto.MessageQueryDto)
2019-03-29 16:16:18.790  INFO [bootstrap,,,] [paascloud-provider-uac,,,,] 1684 --- [           main] s.w.s.m.m.a.RequestMappingHandlerMapping : Mapped "{[/api/uac/token/updateTokenOffLine],methods=[POST]}" onto public com.paascloud.wrapper.Wrapper<java.lang.Integer> com.paascloud.provider.web.rpc.UacUserTokenFeignClient.updateTokenOffLine()
2019-03-29 16:16:18.798  INFO [bootstrap,,,] [paascloud-provider-uac,,,,] 1684 --- [           main] s.w.s.m.m.a.RequestMappingHandlerMapping : Mapped "{[/social/user],methods=[GET]}" onto public com.paascloud.security.core.social.support.SocialUserInfo com.paascloud.security.app.AppSecurityController.getSocialUserInfo(javax.servlet.http.HttpServletRequest)
2019-03-29 16:16:18.801  INFO [bootstrap,,,] [paascloud-provider-uac,,,,] 1684 --- [           main] s.w.s.m.m.a.RequestMappingHandlerMapping : Mapped "{[/auth/code/{type}],methods=[GET]}" onto public java.lang.Object com.paascloud.security.core.validate.code.ValidateCodeController.checkCode(javax.servlet.http.HttpServletRequest,javax.servlet.http.HttpServletResponse,java.lang.String)
2019-03-29 16:16:18.803  INFO [bootstrap,,,] [paascloud-provider-uac,,,,] 1684 --- [           main] s.w.s.m.m.a.RequestMappingHandlerMapping : Mapped "{[/auth/code/{type}],methods=[POST]}" onto public void com.paascloud.security.core.validate.code.ValidateCodeController.createCode(javax.servlet.http.HttpServletRequest,javax.servlet.http.HttpServletResponse,java.lang.String) throws java.lang.Exception
2019-03-29 16:16:18.807  INFO [bootstrap,,,] [paascloud-provider-uac,,,,] 1684 --- [           main] s.w.s.m.m.a.RequestMappingHandlerMapping : Mapped "{[/v2/api-docs],methods=[GET],produces=[application/json || application/hal+json]}" onto public org.springframework.http.ResponseEntity<springfox.documentation.spring.web.json.Json> springfox.documentation.swagger2.web.Swagger2Controller.getDocumentation(java.lang.String,javax.servlet.http.HttpServletRequest)
2019-03-29 16:16:18.813  INFO [bootstrap,,,] [paascloud-provider-uac,,,,] 1684 --- [           main] s.w.s.m.m.a.RequestMappingHandlerMapping : Mapped "{[/swagger-resources/configuration/security]}" onto org.springframework.http.ResponseEntity<springfox.documentation.swagger.web.SecurityConfiguration> springfox.documentation.swagger.web.ApiResourceController.securityConfiguration()
2019-03-29 16:16:18.817  INFO [bootstrap,,,] [paascloud-provider-uac,,,,] 1684 --- [           main] s.w.s.m.m.a.RequestMappingHandlerMapping : Mapped "{[/swagger-resources]}" onto org.springframework.http.ResponseEntity<java.util.List<springfox.documentation.swagger.web.SwaggerResource>> springfox.documentation.swagger.web.ApiResourceController.swaggerResources()
2019-03-29 16:16:18.820  INFO [bootstrap,,,] [paascloud-provider-uac,,,,] 1684 --- [           main] s.w.s.m.m.a.RequestMappingHandlerMapping : Mapped "{[/swagger-resources/configuration/ui]}" onto org.springframework.http.ResponseEntity<springfox.documentation.swagger.web.UiConfiguration> springfox.documentation.swagger.web.ApiResourceController.uiConfiguration()
2019-03-29 16:16:18.827  INFO [bootstrap,,,] [paascloud-provider-uac,,,,] 1684 --- [           main] s.w.s.m.m.a.RequestMappingHandlerMapping : Mapped "{[/error]}" onto public org.springframework.http.ResponseEntity<java.util.Map<java.lang.String, java.lang.Object>> org.springframework.boot.autoconfigure.web.BasicErrorController.error(javax.servlet.http.HttpServletRequest)
2019-03-29 16:16:18.828  INFO [bootstrap,,,] [paascloud-provider-uac,,,,] 1684 --- [           main] s.w.s.m.m.a.RequestMappingHandlerMapping : Mapped "{[/error],produces=[text/html]}" onto public org.springframework.web.servlet.ModelAndView org.springframework.boot.autoconfigure.web.BasicErrorController.errorHtml(javax.servlet.http.HttpServletRequest,javax.servlet.http.HttpServletResponse)
2019-03-29 16:16:18.849  INFO [bootstrap,,,] [paascloud-provider-uac,,,,] 1684 --- [           main] s.w.s.m.m.a.RequestMappingHandlerMapping : Mapped "{[/connect/{providerId}],methods=[POST]}" onto public org.springframework.web.servlet.view.RedirectView org.springframework.social.connect.web.ConnectController.connect(java.lang.String,org.springframework.web.context.request.NativeWebRequest)
2019-03-29 16:16:18.852  INFO [bootstrap,,,] [paascloud-provider-uac,,,,] 1684 --- [           main] s.w.s.m.m.a.RequestMappingHandlerMapping : Mapped "{[/connect/{providerId}],methods=[GET],params=[error]}" onto public org.springframework.web.servlet.view.RedirectView org.springframework.social.connect.web.ConnectController.oauth2ErrorCallback(java.lang.String,java.lang.String,java.lang.String,java.lang.String,org.springframework.web.context.request.NativeWebRequest)
2019-03-29 16:16:18.855  INFO [bootstrap,,,] [paascloud-provider-uac,,,,] 1684 --- [           main] s.w.s.m.m.a.RequestMappingHandlerMapping : Mapped "{[/connect/{providerId}],methods=[DELETE]}" onto public org.springframework.web.servlet.view.RedirectView org.springframework.social.connect.web.ConnectController.removeConnections(java.lang.String,org.springframework.web.context.request.NativeWebRequest)
2019-03-29 16:16:18.859  INFO [bootstrap,,,] [paascloud-provider-uac,,,,] 1684 --- [           main] s.w.s.m.m.a.RequestMappingHandlerMapping : Mapped "{[/connect/{providerId}],methods=[GET],params=[code]}" onto public org.springframework.web.servlet.view.RedirectView org.springframework.social.connect.web.ConnectController.oauth2Callback(java.lang.String,org.springframework.web.context.request.NativeWebRequest)
2019-03-29 16:16:18.862  INFO [bootstrap,,,] [paascloud-provider-uac,,,,] 1684 --- [           main] s.w.s.m.m.a.RequestMappingHandlerMapping : Mapped "{[/connect],methods=[GET]}" onto public java.lang.String org.springframework.social.connect.web.ConnectController.connectionStatus(org.springframework.web.context.request.NativeWebRequest,org.springframework.ui.Model)
2019-03-29 16:16:18.864  INFO [bootstrap,,,] [paascloud-provider-uac,,,,] 1684 --- [           main] s.w.s.m.m.a.RequestMappingHandlerMapping : Mapped "{[/connect/{providerId}],methods=[GET]}" onto public java.lang.String org.springframework.social.connect.web.ConnectController.connectionStatus(java.lang.String,org.springframework.web.context.request.NativeWebRequest,org.springframework.ui.Model)
2019-03-29 16:16:18.867  INFO [bootstrap,,,] [paascloud-provider-uac,,,,] 1684 --- [           main] s.w.s.m.m.a.RequestMappingHandlerMapping : Mapped "{[/connect/{providerId}/{providerUserId}],methods=[DELETE]}" onto public org.springframework.web.servlet.view.RedirectView org.springframework.social.connect.web.ConnectController.removeConnection(java.lang.String,java.lang.String,org.springframework.web.context.request.NativeWebRequest)
2019-03-29 16:16:18.872  INFO [bootstrap,,,] [paascloud-provider-uac,,,,] 1684 --- [           main] s.w.s.m.m.a.RequestMappingHandlerMapping : Mapped "{[/connect/{providerId}],methods=[GET],params=[oauth_token]}" onto public org.springframework.web.servlet.view.RedirectView org.springframework.social.connect.web.ConnectController.oauth1Callback(java.lang.String,org.springframework.web.context.request.NativeWebRequest)
2019-03-29 16:16:18.977  INFO [bootstrap,,,] [paascloud-provider-uac,,,,] 1684 --- [           main] .s.o.p.e.FrameworkEndpointHandlerMapping : Mapped "{[/oauth/authorize]}" onto public org.springframework.web.servlet.ModelAndView org.springframework.security.oauth2.provider.endpoint.AuthorizationEndpoint.authorize(java.util.Map<java.lang.String, java.lang.Object>,java.util.Map<java.lang.String, java.lang.String>,org.springframework.web.bind.support.SessionStatus,java.security.Principal)
2019-03-29 16:16:18.978  INFO [bootstrap,,,] [paascloud-provider-uac,,,,] 1684 --- [           main] .s.o.p.e.FrameworkEndpointHandlerMapping : Mapped "{[/oauth/authorize],methods=[POST],params=[user_oauth_approval]}" onto public org.springframework.web.servlet.View org.springframework.security.oauth2.provider.endpoint.AuthorizationEndpoint.approveOrDeny(java.util.Map<java.lang.String, java.lang.String>,java.util.Map<java.lang.String, ?>,org.springframework.web.bind.support.SessionStatus,java.security.Principal)
2019-03-29 16:16:18.984  INFO [bootstrap,,,] [paascloud-provider-uac,,,,] 1684 --- [           main] .s.o.p.e.FrameworkEndpointHandlerMapping : Mapped "{[/oauth/token],methods=[POST]}" onto public org.springframework.http.ResponseEntity<org.springframework.security.oauth2.common.OAuth2AccessToken> org.springframework.security.oauth2.provider.endpoint.TokenEndpoint.postAccessToken(java.security.Principal,java.util.Map<java.lang.String, java.lang.String>) throws org.springframework.web.HttpRequestMethodNotSupportedException
2019-03-29 16:16:18.986  INFO [bootstrap,,,] [paascloud-provider-uac,,,,] 1684 --- [           main] .s.o.p.e.FrameworkEndpointHandlerMapping : Mapped "{[/oauth/token],methods=[GET]}" onto public org.springframework.http.ResponseEntity<org.springframework.security.oauth2.common.OAuth2AccessToken> org.springframework.security.oauth2.provider.endpoint.TokenEndpoint.getAccessToken(java.security.Principal,java.util.Map<java.lang.String, java.lang.String>) throws org.springframework.web.HttpRequestMethodNotSupportedException
2019-03-29 16:16:18.991  INFO [bootstrap,,,] [paascloud-provider-uac,,,,] 1684 --- [           main] .s.o.p.e.FrameworkEndpointHandlerMapping : Mapped "{[/oauth/check_token]}" onto public java.util.Map<java.lang.String, ?> org.springframework.security.oauth2.provider.endpoint.CheckTokenEndpoint.checkToken(java.lang.String)
2019-03-29 16:16:18.994  INFO [bootstrap,,,] [paascloud-provider-uac,,,,] 1684 --- [           main] .s.o.p.e.FrameworkEndpointHandlerMapping : Mapped "{[/oauth/confirm_access]}" onto public org.springframework.web.servlet.ModelAndView org.springframework.security.oauth2.provider.endpoint.WhitelabelApprovalEndpoint.getAccessConfirmation(java.util.Map<java.lang.String, java.lang.Object>,javax.servlet.http.HttpServletRequest) throws java.lang.Exception
2019-03-29 16:16:18.996  INFO [bootstrap,,,] [paascloud-provider-uac,,,,] 1684 --- [           main] .s.o.p.e.FrameworkEndpointHandlerMapping : Mapped "{[/oauth/error]}" onto public org.springframework.web.servlet.ModelAndView org.springframework.security.oauth2.provider.endpoint.WhitelabelErrorEndpoint.handleError(javax.servlet.http.HttpServletRequest)
2019-03-29 16:16:19.004  INFO [bootstrap,,,] [paascloud-provider-uac,,,,] 1684 --- [           main] .s.o.p.e.FrameworkEndpointHandlerMapping : Mapped "{[/oauth/token_key],methods=[GET]}" onto public java.util.Map<java.lang.String, java.lang.String> org.springframework.security.oauth2.provider.endpoint.TokenKeyEndpoint.getKey(java.security.Principal)
2019-03-29 16:16:19.121  WARN [bootstrap,,,] [paascloud-provider-uac,,,,] 1684 --- [           main] c.n.c.sources.URLConfigurationSource     : No URLs will be polled as dynamic configuration sources.
2019-03-29 16:16:19.121  INFO [bootstrap,,,] [paascloud-provider-uac,,,,] 1684 --- [           main] c.n.c.sources.URLConfigurationSource     : To enable URLs as dynamic configuration sources, define System property archaius.configurationSource.additionalUrls or make config.properties available on classpath.
2019-03-29 16:16:19.146  INFO [bootstrap,,,] [paascloud-provider-uac,,,,] 1684 --- [           main] c.netflix.config.DynamicPropertyFactory  : DynamicPropertyFactory is initialized with configuration sources: com.netflix.config.ConcurrentCompositeConfiguration@12e4c6de
2019-03-29 16:16:29.118 ERROR [bootstrap,,,] [paascloud-provider-uac,,,,] 1684 --- [           main] com.alibaba.druid.pool.DruidDataSource   : init datasource error, url: jdbc:mysql://paascloud-db-mysql:3306/paascloud_uac?characterEncoding=utf8&useSSL=false

com.mysql.jdbc.exceptions.jdbc4.CommunicationsException: Communications link failure

The last packet sent successfully to the server was 0 milliseconds ago. The driver has not received any packets from the server.
	at sun.reflect.NativeConstructorAccessorImpl.newInstance0(Native Method)
	at sun.reflect.NativeConstructorAccessorImpl.newInstance(NativeConstructorAccessorImpl.java:62)
	at sun.reflect.DelegatingConstructorAccessorImpl.newInstance(DelegatingConstructorAccessorImpl.java:45)
	at java.lang.reflect.Constructor.newInstance(Constructor.java:422)
	at com.mysql.jdbc.Util.handleNewInstance(Util.java:404)
	at com.mysql.jdbc.SQLError.createCommunicationsException(SQLError.java:988)
	at com.mysql.jdbc.MysqlIO.<init>(MysqlIO.java:341)
	at com.mysql.jdbc.ConnectionImpl.coreConnect(ConnectionImpl.java:2251)
	at com.mysql.jdbc.ConnectionImpl.connectOneTryOnly(ConnectionImpl.java:2284)
	at com.mysql.jdbc.ConnectionImpl.createNewIO(ConnectionImpl.java:2083)
	at com.mysql.jdbc.ConnectionImpl.<init>(ConnectionImpl.java:806)
	at com.mysql.jdbc.JDBC4Connection.<init>(JDBC4Connection.java:47)
	at sun.reflect.NativeConstructorAccessorImpl.newInstance0(Native Method)
	at sun.reflect.NativeConstructorAccessorImpl.newInstance(NativeConstructorAccessorImpl.java:62)
	at sun.reflect.DelegatingConstructorAccessorImpl.newInstance(DelegatingConstructorAccessorImpl.java:45)
	at java.lang.reflect.Constructor.newInstance(Constructor.java:422)
	at com.mysql.jdbc.Util.handleNewInstance(Util.java:404)
	at com.mysql.jdbc.ConnectionImpl.getInstance(ConnectionImpl.java:410)
	at com.mysql.jdbc.NonRegisteringDriver.connect(NonRegisteringDriver.java:328)
	at com.alibaba.druid.filter.FilterChainImpl.connection_connect(FilterChainImpl.java:148)
	at com.alibaba.druid.filter.stat.StatFilter.connection_connect(StatFilter.java:220)
	at com.alibaba.druid.filter.FilterChainImpl.connection_connect(FilterChainImpl.java:142)
	at com.alibaba.druid.pool.DruidAbstractDataSource.createPhysicalConnection(DruidAbstractDataSource.java:1463)
	at com.alibaba.druid.pool.DruidAbstractDataSource.createPhysicalConnection(DruidAbstractDataSource.java:1525)
	at com.alibaba.druid.pool.DruidDataSource.init(DruidDataSource.java:734)
	at com.alibaba.druid.pool.DruidDataSource.getConnection(DruidDataSource.java:1060)
	at com.alibaba.druid.pool.DruidDataSource.getConnection(DruidDataSource.java:1056)
	at com.alibaba.druid.pool.DruidDataSource.getConnection(DruidDataSource.java:104)
	at liquibase.integration.spring.SpringLiquibase.afterPropertiesSet(SpringLiquibase.java:385)
	at org.springframework.beans.factory.support.AbstractAutowireCapableBeanFactory.invokeInitMethods(AbstractAutowireCapableBeanFactory.java:1692)
	at org.springframework.beans.factory.support.AbstractAutowireCapableBeanFactory.initializeBean(AbstractAutowireCapableBeanFactory.java:1630)
	at org.springframework.beans.factory.support.AbstractAutowireCapableBeanFactory.doCreateBean(AbstractAutowireCapableBeanFactory.java:555)
	at org.springframework.beans.factory.support.AbstractAutowireCapableBeanFactory.createBean(AbstractAutowireCapableBeanFactory.java:483)
	at org.springframework.beans.factory.support.AbstractBeanFactory$1.getObject(AbstractBeanFactory.java:312)
	at org.springframework.beans.factory.support.DefaultSingletonBeanRegistry.getSingleton(DefaultSingletonBeanRegistry.java:230)
	at org.springframework.beans.factory.support.AbstractBeanFactory.doGetBean(AbstractBeanFactory.java:308)
	at org.springframework.beans.factory.support.AbstractBeanFactory.getBean(AbstractBeanFactory.java:202)
	at org.springframework.beans.factory.config.DependencyDescriptor.resolveCandidate(DependencyDescriptor.java:208)
	at org.springframework.beans.factory.support.DefaultListableBeanFactory.addCandidateEntry(DefaultListableBeanFactory.java:1316)
	at org.springframework.beans.factory.support.DefaultListableBeanFactory.findAutowireCandidates(DefaultListableBeanFactory.java:1282)
	at org.springframework.beans.factory.support.DefaultListableBeanFactory.resolveMultipleBeans(DefaultListableBeanFactory.java:1205)
	at org.springframework.beans.factory.support.DefaultListableBeanFactory.doResolveDependency(DefaultListableBeanFactory.java:1096)
	at org.springframework.beans.factory.support.DefaultListableBeanFactory.resolveDependency(DefaultListableBeanFactory.java:1066)
	at org.springframework.beans.factory.support.ConstructorResolver.resolveAutowiredArgument(ConstructorResolver.java:835)
	at org.springframework.beans.factory.support.ConstructorResolver.createArgumentArray(ConstructorResolver.java:741)
	at org.springframework.beans.factory.support.ConstructorResolver.instantiateUsingFactoryMethod(ConstructorResolver.java:467)
	at org.springframework.beans.factory.support.AbstractAutowireCapableBeanFactory.instantiateUsingFactoryMethod(AbstractAutowireCapableBeanFactory.java:1181)
	at org.springframework.beans.factory.support.AbstractAutowireCapableBeanFactory.createBeanInstance(AbstractAutowireCapableBeanFactory.java:1075)
	at org.springframework.beans.factory.support.AbstractAutowireCapableBeanFactory.doCreateBean(AbstractAutowireCapableBeanFactory.java:513)
	at org.springframework.beans.factory.support.AbstractAutowireCapableBeanFactory.createBean(AbstractAutowireCapableBeanFactory.java:483)
	at org.springframework.beans.factory.support.AbstractBeanFactory$1.getObject(AbstractBeanFactory.java:312)
	at org.springframework.beans.factory.support.DefaultSingletonBeanRegistry.getSingleton(DefaultSingletonBeanRegistry.java:230)
	at org.springframework.beans.factory.support.AbstractBeanFactory.doGetBean(AbstractBeanFactory.java:308)
	at org.springframework.beans.factory.support.AbstractBeanFactory.getBean(AbstractBeanFactory.java:202)
	at org.springframework.beans.factory.support.DefaultListableBeanFactory.getBeansOfType(DefaultListableBeanFactory.java:519)
	at org.springframework.beans.factory.support.DefaultListableBeanFactory.getBeansOfType(DefaultListableBeanFactory.java:508)
	at org.springframework.context.support.AbstractApplicationContext.getBeansOfType(AbstractApplicationContext.java:1189)
	at org.springframework.beans.factory.BeanFactoryUtils.beansOfTypeIncludingAncestors(BeanFactoryUtils.java:240)
	at org.springframework.boot.actuate.endpoint.mvc.MvcEndpoints.afterPropertiesSet(MvcEndpoints.java:64)
	at org.springframework.beans.factory.support.AbstractAutowireCapableBeanFactory.invokeInitMethods(AbstractAutowireCapableBeanFactory.java:1692)
	at org.springframework.beans.factory.support.AbstractAutowireCapableBeanFactory.initializeBean(AbstractAutowireCapableBeanFactory.java:1630)
	at org.springframework.beans.factory.support.AbstractAutowireCapableBeanFactory.doCreateBean(AbstractAutowireCapableBeanFactory.java:555)
	at org.springframework.beans.factory.support.AbstractAutowireCapableBeanFactory.createBean(AbstractAutowireCapableBeanFactory.java:483)
	at org.springframework.beans.factory.support.AbstractBeanFactory$1.getObject(AbstractBeanFactory.java:312)
	at org.springframework.beans.factory.support.DefaultSingletonBeanRegistry.getSingleton(DefaultSingletonBeanRegistry.java:230)
	at org.springframework.beans.factory.support.AbstractBeanFactory.doGetBean(AbstractBeanFactory.java:308)
	at org.springframework.beans.factory.support.AbstractBeanFactory.getBean(AbstractBeanFactory.java:197)
	at org.springframework.context.annotation.ConfigurationClassEnhancer$BeanMethodInterceptor.obtainBeanInstanceFromFactory(ConfigurationClassEnhancer.java:389)
	at org.springframework.context.annotation.ConfigurationClassEnhancer$BeanMethodInterceptor.intercept(ConfigurationClassEnhancer.java:361)
	at org.springframework.boot.actuate.autoconfigure.EndpointWebMvcManagementContextConfiguration$$EnhancerBySpringCGLIB$$296c71c0.mvcEndpoints(<generated>)
	at org.springframework.boot.actuate.autoconfigure.EndpointWebMvcManagementContextConfiguration.endpointHandlerMapping(EndpointWebMvcManagementContextConfiguration.java:99)
	at org.springframework.boot.actuate.autoconfigure.EndpointWebMvcManagementContextConfiguration$$EnhancerBySpringCGLIB$$296c71c0.CGLIB$endpointHandlerMapping$2(<generated>)
	at org.springframework.boot.actuate.autoconfigure.EndpointWebMvcManagementContextConfiguration$$EnhancerBySpringCGLIB$$296c71c0$$FastClassBySpringCGLIB$$79d323a4.invoke(<generated>)
	at org.springframework.cglib.proxy.MethodProxy.invokeSuper(MethodProxy.java:228)
	at org.springframework.context.annotation.ConfigurationClassEnhancer$BeanMethodInterceptor.intercept(ConfigurationClassEnhancer.java:358)
	at org.springframework.boot.actuate.autoconfigure.EndpointWebMvcManagementContextConfiguration$$EnhancerBySpringCGLIB$$296c71c0.endpointHandlerMapping(<generated>)
	at sun.reflect.NativeMethodAccessorImpl.invoke0(Native Method)
	at sun.reflect.NativeMethodAccessorImpl.invoke(NativeMethodAccessorImpl.java:62)
	at sun.reflect.DelegatingMethodAccessorImpl.invoke(DelegatingMethodAccessorImpl.java:43)
	at java.lang.reflect.Method.invoke(Method.java:497)
	at org.springframework.beans.factory.support.SimpleInstantiationStrategy.instantiate(SimpleInstantiationStrategy.java:162)
	at org.springframework.beans.factory.support.ConstructorResolver.instantiateUsingFactoryMethod(ConstructorResolver.java:588)
	at org.springframework.beans.factory.support.AbstractAutowireCapableBeanFactory.instantiateUsingFactoryMethod(AbstractAutowireCapableBeanFactory.java:1181)
	at org.springframework.beans.factory.support.AbstractAutowireCapableBeanFactory.createBeanInstance(AbstractAutowireCapableBeanFactory.java:1075)
	at org.springframework.beans.factory.support.AbstractAutowireCapableBeanFactory.doCreateBean(AbstractAutowireCapableBeanFactory.java:513)
	at org.springframework.beans.factory.support.AbstractAutowireCapableBeanFactory.createBean(AbstractAutowireCapableBeanFactory.java:483)
	at org.springframework.beans.factory.support.AbstractBeanFactory$1.getObject(AbstractBeanFactory.java:312)
	at org.springframework.beans.factory.support.DefaultSingletonBeanRegistry.getSingleton(DefaultSingletonBeanRegistry.java:230)
	at org.springframework.beans.factory.support.AbstractBeanFactory.doGetBean(AbstractBeanFactory.java:308)
	at org.springframework.beans.factory.support.AbstractBeanFactory.getBean(AbstractBeanFactory.java:202)
	at org.springframework.beans.factory.config.DependencyDescriptor.resolveCandidate(DependencyDescriptor.java:208)
	at org.springframework.beans.factory.support.DefaultListableBeanFactory.addCandidateEntry(DefaultListableBeanFactory.java:1316)
	at org.springframework.beans.factory.support.DefaultListableBeanFactory.findAutowireCandidates(DefaultListableBeanFactory.java:1282)
	at org.springframework.beans.factory.support.DefaultListableBeanFactory.resolveMultipleBeans(DefaultListableBeanFactory.java:1180)
	at org.springframework.beans.factory.support.DefaultListableBeanFactory.doResolveDependency(DefaultListableBeanFactory.java:1096)
	at org.springframework.beans.factory.support.DefaultListableBeanFactory.resolveDependency(DefaultListableBeanFactory.java:1066)
	at org.springframework.beans.factory.support.ConstructorResolver.resolveAutowiredArgument(ConstructorResolver.java:835)
	at org.springframework.beans.factory.support.ConstructorResolver.createArgumentArray(ConstructorResolver.java:741)
	at org.springframework.beans.factory.support.ConstructorResolver.autowireConstructor(ConstructorResolver.java:189)
	at org.springframework.beans.factory.support.AbstractAutowireCapableBeanFactory.autowireConstructor(AbstractAutowireCapableBeanFactory.java:1201)
	at org.springframework.beans.factory.support.AbstractAutowireCapableBeanFactory.createBeanInstance(AbstractAutowireCapableBeanFactory.java:1103)
	at org.springframework.beans.factory.support.AbstractAutowireCapableBeanFactory.doCreateBean(AbstractAutowireCapableBeanFactory.java:513)
	at org.springframework.beans.factory.support.AbstractAutowireCapableBeanFactory.createBean(AbstractAutowireCapableBeanFactory.java:483)
	at org.springframework.beans.factory.support.AbstractBeanFactory$1.getObject(AbstractBeanFactory.java:312)
	at org.springframework.beans.factory.support.DefaultSingletonBeanRegistry.getSingleton(DefaultSingletonBeanRegistry.java:230)
	at org.springframework.beans.factory.support.AbstractBeanFactory.doGetBean(AbstractBeanFactory.java:308)
	at org.springframework.beans.factory.support.AbstractBeanFactory.getBean(AbstractBeanFactory.java:202)
	at org.springframework.beans.factory.config.DependencyDescriptor.resolveCandidate(DependencyDescriptor.java:208)
	at org.springframework.beans.factory.support.DefaultListableBeanFactory.addCandidateEntry(DefaultListableBeanFactory.java:1316)
	at org.springframework.beans.factory.support.DefaultListableBeanFactory.findAutowireCandidates(DefaultListableBeanFactory.java:1282)
	at org.springframework.beans.factory.support.DefaultListableBeanFactory.resolveMultipleBeans(DefaultListableBeanFactory.java:1180)
	at org.springframework.beans.factory.support.DefaultListableBeanFactory.doResolveDependency(DefaultListableBeanFactory.java:1096)
	at org.springframework.beans.factory.support.DefaultListableBeanFactory.resolveDependency(DefaultListableBeanFactory.java:1066)
	at org.springframework.beans.factory.support.ConstructorResolver.resolveAutowiredArgument(ConstructorResolver.java:835)
	at org.springframework.beans.factory.support.ConstructorResolver.createArgumentArray(ConstructorResolver.java:741)
	at org.springframework.beans.factory.support.ConstructorResolver.autowireConstructor(ConstructorResolver.java:189)
	at org.springframework.beans.factory.support.AbstractAutowireCapableBeanFactory.autowireConstructor(AbstractAutowireCapableBeanFactory.java:1201)
	at org.springframework.beans.factory.support.AbstractAutowireCapableBeanFactory.createBeanInstance(AbstractAutowireCapableBeanFactory.java:1103)
	at org.springframework.beans.factory.support.AbstractAutowireCapableBeanFactory.doCreateBean(AbstractAutowireCapableBeanFactory.java:513)
	at org.springframework.beans.factory.support.AbstractAutowireCapableBeanFactory.createBean(AbstractAutowireCapableBeanFactory.java:483)
	at org.springframework.beans.factory.support.AbstractBeanFactory$1.getObject(AbstractBeanFactory.java:312)
	at org.springframework.beans.factory.support.DefaultSingletonBeanRegistry.getSingleton(DefaultSingletonBeanRegistry.java:230)
	at org.springframework.beans.factory.support.AbstractBeanFactory.doGetBean(AbstractBeanFactory.java:308)
	at org.springframework.beans.factory.support.AbstractBeanFactory.getBean(AbstractBeanFactory.java:197)
	at org.springframework.beans.factory.support.DefaultListableBeanFactory.preInstantiateSingletons(DefaultListableBeanFactory.java:761)
	at org.springframework.context.support.AbstractApplicationContext.finishBeanFactoryInitialization(AbstractApplicationContext.java:866)
	at org.springframework.context.support.AbstractApplicationContext.refresh(AbstractApplicationContext.java:542)
	at org.springframework.boot.SpringApplication.refresh(SpringApplication.java:693)
	at org.springframework.boot.SpringApplication.refreshContext(SpringApplication.java:360)
	at org.springframework.boot.SpringApplication.run(SpringApplication.java:303)
	at org.springframework.boot.test.context.SpringBootContextLoader.loadContext(SpringBootContextLoader.java:121)
	at org.springframework.test.context.cache.DefaultCacheAwareContextLoaderDelegate.loadContextInternal(DefaultCacheAwareContextLoaderDelegate.java:98)
	at org.springframework.test.context.cache.DefaultCacheAwareContextLoaderDelegate.loadContext(DefaultCacheAwareContextLoaderDelegate.java:116)
	at org.springframework.test.context.support.DefaultTestContext.getApplicationContext(DefaultTestContext.java:83)
	at org.springframework.test.context.web.ServletTestExecutionListener.setUpRequestContextIfNecessary(ServletTestExecutionListener.java:189)
	at org.springframework.test.context.web.ServletTestExecutionListener.prepareTestInstance(ServletTestExecutionListener.java:131)
	at org.springframework.test.context.TestContextManager.prepareTestInstance(TestContextManager.java:230)
	at org.springframework.test.context.junit4.SpringJUnit4ClassRunner.createTest(SpringJUnit4ClassRunner.java:228)
	at org.springframework.test.context.junit4.SpringJUnit4ClassRunner$1.runReflectiveCall(SpringJUnit4ClassRunner.java:287)
	at org.junit.internal.runners.model.ReflectiveCallable.run(ReflectiveCallable.java:12)
	at org.springframework.test.context.junit4.SpringJUnit4ClassRunner.methodBlock(SpringJUnit4ClassRunner.java:289)
	at org.springframework.test.context.junit4.SpringJUnit4ClassRunner.runChild(SpringJUnit4ClassRunner.java:247)
	at org.springframework.test.context.junit4.SpringJUnit4ClassRunner.runChild(SpringJUnit4ClassRunner.java:94)
	at org.junit.runners.ParentRunner$3.run(ParentRunner.java:290)
	at org.junit.runners.ParentRunner$1.schedule(ParentRunner.java:71)
	at org.junit.runners.ParentRunner.runChildren(ParentRunner.java:288)
	at org.junit.runners.ParentRunner.access$000(ParentRunner.java:58)
	at org.junit.runners.ParentRunner$2.evaluate(ParentRunner.java:268)
	at org.springframework.test.context.junit4.statements.RunBeforeTestClassCallbacks.evaluate(RunBeforeTestClassCallbacks.java:61)
	at org.springframework.test.context.junit4.statements.RunAfterTestClassCallbacks.evaluate(RunAfterTestClassCallbacks.java:70)
	at org.junit.runners.ParentRunner.run(ParentRunner.java:363)
	at org.springframework.test.context.junit4.SpringJUnit4ClassRunner.run(SpringJUnit4ClassRunner.java:191)
	at org.apache.maven.surefire.junit4.JUnit4Provider.execute(JUnit4Provider.java:283)
	at org.apache.maven.surefire.junit4.JUnit4Provider.executeWithRerun(JUnit4Provider.java:173)
	at org.apache.maven.surefire.junit4.JUnit4Provider.executeTestSet(JUnit4Provider.java:153)
	at org.apache.maven.surefire.junit4.JUnit4Provider.invoke(JUnit4Provider.java:128)
	at org.apache.maven.surefire.booter.ForkedBooter.invokeProviderInSameClassLoader(ForkedBooter.java:203)
	at org.apache.maven.surefire.booter.ForkedBooter.runSuitesInProcess(ForkedBooter.java:155)
	at org.apache.maven.surefire.booter.ForkedBooter.main(ForkedBooter.java:103)
Caused by: java.net.UnknownHostException: paascloud-db-mysql
	at java.net.Inet6AddressImpl.lookupAllHostAddr(Native Method)
	at java.net.InetAddress$2.lookupAllHostAddr(InetAddress.java:928)
	at java.net.InetAddress.getAddressesFromNameService(InetAddress.java:1323)
	at java.net.InetAddress.getAllByName0(InetAddress.java:1276)
	at java.net.InetAddress.getAllByName(InetAddress.java:1192)
	at java.net.InetAddress.getAllByName(InetAddress.java:1126)
	at com.mysql.jdbc.StandardSocketFactory.connect(StandardSocketFactory.java:188)
	at com.mysql.jdbc.MysqlIO.<init>(MysqlIO.java:300)
	... 152 common frames omitted

2019-03-29 16:16:29.232 ERROR [bootstrap,,,] [paascloud-provider-uac,,,,] 1684 --- [           main] com.alibaba.druid.pool.DruidDataSource   : {dataSource-1} init error

com.mysql.jdbc.exceptions.jdbc4.CommunicationsException: Communications link failure

The last packet sent successfully to the server was 0 milliseconds ago. The driver has not received any packets from the server.
	at sun.reflect.NativeConstructorAccessorImpl.newInstance0(Native Method)
	at sun.reflect.NativeConstructorAccessorImpl.newInstance(NativeConstructorAccessorImpl.java:62)
	at sun.reflect.DelegatingConstructorAccessorImpl.newInstance(DelegatingConstructorAccessorImpl.java:45)
	at java.lang.reflect.Constructor.newInstance(Constructor.java:422)
	at com.mysql.jdbc.Util.handleNewInstance(Util.java:404)
	at com.mysql.jdbc.SQLError.createCommunicationsException(SQLError.java:988)
	at com.mysql.jdbc.MysqlIO.<init>(MysqlIO.java:341)
	at com.mysql.jdbc.ConnectionImpl.coreConnect(ConnectionImpl.java:2251)
	at com.mysql.jdbc.ConnectionImpl.connectOneTryOnly(ConnectionImpl.java:2284)
	at com.mysql.jdbc.ConnectionImpl.createNewIO(ConnectionImpl.java:2083)
	at com.mysql.jdbc.ConnectionImpl.<init>(ConnectionImpl.java:806)
	at com.mysql.jdbc.JDBC4Connection.<init>(JDBC4Connection.java:47)
	at sun.reflect.NativeConstructorAccessorImpl.newInstance0(Native Method)
	at sun.reflect.NativeConstructorAccessorImpl.newInstance(NativeConstructorAccessorImpl.java:62)
	at sun.reflect.DelegatingConstructorAccessorImpl.newInstance(DelegatingConstructorAccessorImpl.java:45)
	at java.lang.reflect.Constructor.newInstance(Constructor.java:422)
	at com.mysql.jdbc.Util.handleNewInstance(Util.java:404)
	at com.mysql.jdbc.ConnectionImpl.getInstance(ConnectionImpl.java:410)
	at com.mysql.jdbc.NonRegisteringDriver.connect(NonRegisteringDriver.java:328)
	at com.alibaba.druid.filter.FilterChainImpl.connection_connect(FilterChainImpl.java:148)
	at com.alibaba.druid.filter.stat.StatFilter.connection_connect(StatFilter.java:220)
	at com.alibaba.druid.filter.FilterChainImpl.connection_connect(FilterChainImpl.java:142)
	at com.alibaba.druid.pool.DruidAbstractDataSource.createPhysicalConnection(DruidAbstractDataSource.java:1463)
	at com.alibaba.druid.pool.DruidAbstractDataSource.createPhysicalConnection(DruidAbstractDataSource.java:1525)
	at com.alibaba.druid.pool.DruidDataSource.init(DruidDataSource.java:734)
	at com.alibaba.druid.pool.DruidDataSource.getConnection(DruidDataSource.java:1060)
	at com.alibaba.druid.pool.DruidDataSource.getConnection(DruidDataSource.java:1056)
	at com.alibaba.druid.pool.DruidDataSource.getConnection(DruidDataSource.java:104)
	at liquibase.integration.spring.SpringLiquibase.afterPropertiesSet(SpringLiquibase.java:385)
	at org.springframework.beans.factory.support.AbstractAutowireCapableBeanFactory.invokeInitMethods(AbstractAutowireCapableBeanFactory.java:1692)
	at org.springframework.beans.factory.support.AbstractAutowireCapableBeanFactory.initializeBean(AbstractAutowireCapableBeanFactory.java:1630)
	at org.springframework.beans.factory.support.AbstractAutowireCapableBeanFactory.doCreateBean(AbstractAutowireCapableBeanFactory.java:555)
	at org.springframework.beans.factory.support.AbstractAutowireCapableBeanFactory.createBean(AbstractAutowireCapableBeanFactory.java:483)
	at org.springframework.beans.factory.support.AbstractBeanFactory$1.getObject(AbstractBeanFactory.java:312)
	at org.springframework.beans.factory.support.DefaultSingletonBeanRegistry.getSingleton(DefaultSingletonBeanRegistry.java:230)
	at org.springframework.beans.factory.support.AbstractBeanFactory.doGetBean(AbstractBeanFactory.java:308)
	at org.springframework.beans.factory.support.AbstractBeanFactory.getBean(AbstractBeanFactory.java:202)
	at org.springframework.beans.factory.config.DependencyDescriptor.resolveCandidate(DependencyDescriptor.java:208)
	at org.springframework.beans.factory.support.DefaultListableBeanFactory.addCandidateEntry(DefaultListableBeanFactory.java:1316)
	at org.springframework.beans.factory.support.DefaultListableBeanFactory.findAutowireCandidates(DefaultListableBeanFactory.java:1282)
	at org.springframework.beans.factory.support.DefaultListableBeanFactory.resolveMultipleBeans(DefaultListableBeanFactory.java:1205)
	at org.springframework.beans.factory.support.DefaultListableBeanFactory.doResolveDependency(DefaultListableBeanFactory.java:1096)
	at org.springframework.beans.factory.support.DefaultListableBeanFactory.resolveDependency(DefaultListableBeanFactory.java:1066)
	at org.springframework.beans.factory.support.ConstructorResolver.resolveAutowiredArgument(ConstructorResolver.java:835)
	at org.springframework.beans.factory.support.ConstructorResolver.createArgumentArray(ConstructorResolver.java:741)
	at org.springframework.beans.factory.support.ConstructorResolver.instantiateUsingFactoryMethod(ConstructorResolver.java:467)
	at org.springframework.beans.factory.support.AbstractAutowireCapableBeanFactory.instantiateUsingFactoryMethod(AbstractAutowireCapableBeanFactory.java:1181)
	at org.springframework.beans.factory.support.AbstractAutowireCapableBeanFactory.createBeanInstance(AbstractAutowireCapableBeanFactory.java:1075)
	at org.springframework.beans.factory.support.AbstractAutowireCapableBeanFactory.doCreateBean(AbstractAutowireCapableBeanFactory.java:513)
	at org.springframework.beans.factory.support.AbstractAutowireCapableBeanFactory.createBean(AbstractAutowireCapableBeanFactory.java:483)
	at org.springframework.beans.factory.support.AbstractBeanFactory$1.getObject(AbstractBeanFactory.java:312)
	at org.springframework.beans.factory.support.DefaultSingletonBeanRegistry.getSingleton(DefaultSingletonBeanRegistry.java:230)
	at org.springframework.beans.factory.support.AbstractBeanFactory.doGetBean(AbstractBeanFactory.java:308)
	at org.springframework.beans.factory.support.AbstractBeanFactory.getBean(AbstractBeanFactory.java:202)
	at org.springframework.beans.factory.support.DefaultListableBeanFactory.getBeansOfType(DefaultListableBeanFactory.java:519)
	at org.springframework.beans.factory.support.DefaultListableBeanFactory.getBeansOfType(DefaultListableBeanFactory.java:508)
	at org.springframework.context.support.AbstractApplicationContext.getBeansOfType(AbstractApplicationContext.java:1189)
	at org.springframework.beans.factory.BeanFactoryUtils.beansOfTypeIncludingAncestors(BeanFactoryUtils.java:240)
	at org.springframework.boot.actuate.endpoint.mvc.MvcEndpoints.afterPropertiesSet(MvcEndpoints.java:64)
	at org.springframework.beans.factory.support.AbstractAutowireCapableBeanFactory.invokeInitMethods(AbstractAutowireCapableBeanFactory.java:1692)
	at org.springframework.beans.factory.support.AbstractAutowireCapableBeanFactory.initializeBean(AbstractAutowireCapableBeanFactory.java:1630)
	at org.springframework.beans.factory.support.AbstractAutowireCapableBeanFactory.doCreateBean(AbstractAutowireCapableBeanFactory.java:555)
	at org.springframework.beans.factory.support.AbstractAutowireCapableBeanFactory.createBean(AbstractAutowireCapableBeanFactory.java:483)
	at org.springframework.beans.factory.support.AbstractBeanFactory$1.getObject(AbstractBeanFactory.java:312)
	at org.springframework.beans.factory.support.DefaultSingletonBeanRegistry.getSingleton(DefaultSingletonBeanRegistry.java:230)
	at org.springframework.beans.factory.support.AbstractBeanFactory.doGetBean(AbstractBeanFactory.java:308)
	at org.springframework.beans.factory.support.AbstractBeanFactory.getBean(AbstractBeanFactory.java:197)
	at org.springframework.context.annotation.ConfigurationClassEnhancer$BeanMethodInterceptor.obtainBeanInstanceFromFactory(ConfigurationClassEnhancer.java:389)
	at org.springframework.context.annotation.ConfigurationClassEnhancer$BeanMethodInterceptor.intercept(ConfigurationClassEnhancer.java:361)
	at org.springframework.boot.actuate.autoconfigure.EndpointWebMvcManagementContextConfiguration$$EnhancerBySpringCGLIB$$296c71c0.mvcEndpoints(<generated>)
	at org.springframework.boot.actuate.autoconfigure.EndpointWebMvcManagementContextConfiguration.endpointHandlerMapping(EndpointWebMvcManagementContextConfiguration.java:99)
	at org.springframework.boot.actuate.autoconfigure.EndpointWebMvcManagementContextConfiguration$$EnhancerBySpringCGLIB$$296c71c0.CGLIB$endpointHandlerMapping$2(<generated>)
	at org.springframework.boot.actuate.autoconfigure.EndpointWebMvcManagementContextConfiguration$$EnhancerBySpringCGLIB$$296c71c0$$FastClassBySpringCGLIB$$79d323a4.invoke(<generated>)
	at org.springframework.cglib.proxy.MethodProxy.invokeSuper(MethodProxy.java:228)
	at org.springframework.context.annotation.ConfigurationClassEnhancer$BeanMethodInterceptor.intercept(ConfigurationClassEnhancer.java:358)
	at org.springframework.boot.actuate.autoconfigure.EndpointWebMvcManagementContextConfiguration$$EnhancerBySpringCGLIB$$296c71c0.endpointHandlerMapping(<generated>)
	at sun.reflect.NativeMethodAccessorImpl.invoke0(Native Method)
	at sun.reflect.NativeMethodAccessorImpl.invoke(NativeMethodAccessorImpl.java:62)
	at sun.reflect.DelegatingMethodAccessorImpl.invoke(DelegatingMethodAccessorImpl.java:43)
	at java.lang.reflect.Method.invoke(Method.java:497)
	at org.springframework.beans.factory.support.SimpleInstantiationStrategy.instantiate(SimpleInstantiationStrategy.java:162)
	at org.springframework.beans.factory.support.ConstructorResolver.instantiateUsingFactoryMethod(ConstructorResolver.java:588)
	at org.springframework.beans.factory.support.AbstractAutowireCapableBeanFactory.instantiateUsingFactoryMethod(AbstractAutowireCapableBeanFactory.java:1181)
	at org.springframework.beans.factory.support.AbstractAutowireCapableBeanFactory.createBeanInstance(AbstractAutowireCapableBeanFactory.java:1075)
	at org.springframework.beans.factory.support.AbstractAutowireCapableBeanFactory.doCreateBean(AbstractAutowireCapableBeanFactory.java:513)
	at org.springframework.beans.factory.support.AbstractAutowireCapableBeanFactory.createBean(AbstractAutowireCapableBeanFactory.java:483)
	at org.springframework.beans.factory.support.AbstractBeanFactory$1.getObject(AbstractBeanFactory.java:312)
	at org.springframework.beans.factory.support.DefaultSingletonBeanRegistry.getSingleton(DefaultSingletonBeanRegistry.java:230)
	at org.springframework.beans.factory.support.AbstractBeanFactory.doGetBean(AbstractBeanFactory.java:308)
	at org.springframework.beans.factory.support.AbstractBeanFactory.getBean(AbstractBeanFactory.java:202)
	at org.springframework.beans.factory.config.DependencyDescriptor.resolveCandidate(DependencyDescriptor.java:208)
	at org.springframework.beans.factory.support.DefaultListableBeanFactory.addCandidateEntry(DefaultListableBeanFactory.java:1316)
	at org.springframework.beans.factory.support.DefaultListableBeanFactory.findAutowireCandidates(DefaultListableBeanFactory.java:1282)
	at org.springframework.beans.factory.support.DefaultListableBeanFactory.resolveMultipleBeans(DefaultListableBeanFactory.java:1180)
	at org.springframework.beans.factory.support.DefaultListableBeanFactory.doResolveDependency(DefaultListableBeanFactory.java:1096)
	at org.springframework.beans.factory.support.DefaultListableBeanFactory.resolveDependency(DefaultListableBeanFactory.java:1066)
	at org.springframework.beans.factory.support.ConstructorResolver.resolveAutowiredArgument(ConstructorResolver.java:835)
	at org.springframework.beans.factory.support.ConstructorResolver.createArgumentArray(ConstructorResolver.java:741)
	at org.springframework.beans.factory.support.ConstructorResolver.autowireConstructor(ConstructorResolver.java:189)
	at org.springframework.beans.factory.support.AbstractAutowireCapableBeanFactory.autowireConstructor(AbstractAutowireCapableBeanFactory.java:1201)
	at org.springframework.beans.factory.support.AbstractAutowireCapableBeanFactory.createBeanInstance(AbstractAutowireCapableBeanFactory.java:1103)
	at org.springframework.beans.factory.support.AbstractAutowireCapableBeanFactory.doCreateBean(AbstractAutowireCapableBeanFactory.java:513)
	at org.springframework.beans.factory.support.AbstractAutowireCapableBeanFactory.createBean(AbstractAutowireCapableBeanFactory.java:483)
	at org.springframework.beans.factory.support.AbstractBeanFactory$1.getObject(AbstractBeanFactory.java:312)
	at org.springframework.beans.factory.support.DefaultSingletonBeanRegistry.getSingleton(DefaultSingletonBeanRegistry.java:230)
	at org.springframework.beans.factory.support.AbstractBeanFactory.doGetBean(AbstractBeanFactory.java:308)
	at org.springframework.beans.factory.support.AbstractBeanFactory.getBean(AbstractBeanFactory.java:202)
	at org.springframework.beans.factory.config.DependencyDescriptor.resolveCandidate(DependencyDescriptor.java:208)
	at org.springframework.beans.factory.support.DefaultListableBeanFactory.addCandidateEntry(DefaultListableBeanFactory.java:1316)
	at org.springframework.beans.factory.support.DefaultListableBeanFactory.findAutowireCandidates(DefaultListableBeanFactory.java:1282)
	at org.springframework.beans.factory.support.DefaultListableBeanFactory.resolveMultipleBeans(DefaultListableBeanFactory.java:1180)
	at org.springframework.beans.factory.support.DefaultListableBeanFactory.doResolveDependency(DefaultListableBeanFactory.java:1096)
	at org.springframework.beans.factory.support.DefaultListableBeanFactory.resolveDependency(DefaultListableBeanFactory.java:1066)
	at org.springframework.beans.factory.support.ConstructorResolver.resolveAutowiredArgument(ConstructorResolver.java:835)
	at org.springframework.beans.factory.support.ConstructorResolver.createArgumentArray(ConstructorResolver.java:741)
	at org.springframework.beans.factory.support.ConstructorResolver.autowireConstructor(ConstructorResolver.java:189)
	at org.springframework.beans.factory.support.AbstractAutowireCapableBeanFactory.autowireConstructor(AbstractAutowireCapableBeanFactory.java:1201)
	at org.springframework.beans.factory.support.AbstractAutowireCapableBeanFactory.createBeanInstance(AbstractAutowireCapableBeanFactory.java:1103)
	at org.springframework.beans.factory.support.AbstractAutowireCapableBeanFactory.doCreateBean(AbstractAutowireCapableBeanFactory.java:513)
	at org.springframework.beans.factory.support.AbstractAutowireCapableBeanFactory.createBean(AbstractAutowireCapableBeanFactory.java:483)
	at org.springframework.beans.factory.support.AbstractBeanFactory$1.getObject(AbstractBeanFactory.java:312)
	at org.springframework.beans.factory.support.DefaultSingletonBeanRegistry.getSingleton(DefaultSingletonBeanRegistry.java:230)
	at org.springframework.beans.factory.support.AbstractBeanFactory.doGetBean(AbstractBeanFactory.java:308)
	at org.springframework.beans.factory.support.AbstractBeanFactory.getBean(AbstractBeanFactory.java:197)
	at org.springframework.beans.factory.support.DefaultListableBeanFactory.preInstantiateSingletons(DefaultListableBeanFactory.java:761)
	at org.springframework.context.support.AbstractApplicationContext.finishBeanFactoryInitialization(AbstractApplicationContext.java:866)
	at org.springframework.context.support.AbstractApplicationContext.refresh(AbstractApplicationContext.java:542)
	at org.springframework.boot.SpringApplication.refresh(SpringApplication.java:693)
	at org.springframework.boot.SpringApplication.refreshContext(SpringApplication.java:360)
	at org.springframework.boot.SpringApplication.run(SpringApplication.java:303)
	at org.springframework.boot.test.context.SpringBootContextLoader.loadContext(SpringBootContextLoader.java:121)
	at org.springframework.test.context.cache.DefaultCacheAwareContextLoaderDelegate.loadContextInternal(DefaultCacheAwareContextLoaderDelegate.java:98)
	at org.springframework.test.context.cache.DefaultCacheAwareContextLoaderDelegate.loadContext(DefaultCacheAwareContextLoaderDelegate.java:116)
	at org.springframework.test.context.support.DefaultTestContext.getApplicationContext(DefaultTestContext.java:83)
	at org.springframework.test.context.web.ServletTestExecutionListener.setUpRequestContextIfNecessary(ServletTestExecutionListener.java:189)
	at org.springframework.test.context.web.ServletTestExecutionListener.prepareTestInstance(ServletTestExecutionListener.java:131)
	at org.springframework.test.context.TestContextManager.prepareTestInstance(TestContextManager.java:230)
	at org.springframework.test.context.junit4.SpringJUnit4ClassRunner.createTest(SpringJUnit4ClassRunner.java:228)
	at org.springframework.test.context.junit4.SpringJUnit4ClassRunner$1.runReflectiveCall(SpringJUnit4ClassRunner.java:287)
	at org.junit.internal.runners.model.ReflectiveCallable.run(ReflectiveCallable.java:12)
	at org.springframework.test.context.junit4.SpringJUnit4ClassRunner.methodBlock(SpringJUnit4ClassRunner.java:289)
	at org.springframework.test.context.junit4.SpringJUnit4ClassRunner.runChild(SpringJUnit4ClassRunner.java:247)
	at org.springframework.test.context.junit4.SpringJUnit4ClassRunner.runChild(SpringJUnit4ClassRunner.java:94)
	at org.junit.runners.ParentRunner$3.run(ParentRunner.java:290)
	at org.junit.runners.ParentRunner$1.schedule(ParentRunner.java:71)
	at org.junit.runners.ParentRunner.runChildren(ParentRunner.java:288)
	at org.junit.runners.ParentRunner.access$000(ParentRunner.java:58)
	at org.junit.runners.ParentRunner$2.evaluate(ParentRunner.java:268)
	at org.springframework.test.context.junit4.statements.RunBeforeTestClassCallbacks.evaluate(RunBeforeTestClassCallbacks.java:61)
	at org.springframework.test.context.junit4.statements.RunAfterTestClassCallbacks.evaluate(RunAfterTestClassCallbacks.java:70)
	at org.junit.runners.ParentRunner.run(ParentRunner.java:363)
	at org.springframework.test.context.junit4.SpringJUnit4ClassRunner.run(SpringJUnit4ClassRunner.java:191)
	at org.apache.maven.surefire.junit4.JUnit4Provider.execute(JUnit4Provider.java:283)
	at org.apache.maven.surefire.junit4.JUnit4Provider.executeWithRerun(JUnit4Provider.java:173)
	at org.apache.maven.surefire.junit4.JUnit4Provider.executeTestSet(JUnit4Provider.java:153)
	at org.apache.maven.surefire.junit4.JUnit4Provider.invoke(JUnit4Provider.java:128)
	at org.apache.maven.surefire.booter.ForkedBooter.invokeProviderInSameClassLoader(ForkedBooter.java:203)
	at org.apache.maven.surefire.booter.ForkedBooter.runSuitesInProcess(ForkedBooter.java:155)
	at org.apache.maven.surefire.booter.ForkedBooter.main(ForkedBooter.java:103)
Caused by: java.net.UnknownHostException: paascloud-db-mysql
	at java.net.Inet6AddressImpl.lookupAllHostAddr(Native Method)
	at java.net.InetAddress$2.lookupAllHostAddr(InetAddress.java:928)
	at java.net.InetAddress.getAddressesFromNameService(InetAddress.java:1323)
	at java.net.InetAddress.getAllByName0(InetAddress.java:1276)
	at java.net.InetAddress.getAllByName(InetAddress.java:1192)
	at java.net.InetAddress.getAllByName(InetAddress.java:1126)
	at com.mysql.jdbc.StandardSocketFactory.connect(StandardSocketFactory.java:188)
	at com.mysql.jdbc.MysqlIO.<init>(MysqlIO.java:300)
	... 152 common frames omitted

2019-03-29 16:16:29.234  INFO [bootstrap,,,] [paascloud-provider-uac,,,,] 1684 --- [           main] com.alibaba.druid.pool.DruidDataSource   : {dataSource-1} inited
2019-03-29 16:16:29.239 ERROR [bootstrap,,,] [paascloud-provider-uac,,,,] 1684 --- [eate-1205022259] com.alibaba.druid.pool.DruidDataSource   : create connection error, url: jdbc:mysql://paascloud-db-mysql:3306/paascloud_uac?characterEncoding=utf8&useSSL=false, errorCode 0, state 08S01

com.mysql.jdbc.exceptions.jdbc4.CommunicationsException: Communications link failure

The last packet sent successfully to the server was 0 milliseconds ago. The driver has not received any packets from the server.
	at sun.reflect.NativeConstructorAccessorImpl.newInstance0(Native Method)
	at sun.reflect.NativeConstructorAccessorImpl.newInstance(NativeConstructorAccessorImpl.java:62)
	at sun.reflect.DelegatingConstructorAccessorImpl.newInstance(DelegatingConstructorAccessorImpl.java:45)
	at java.lang.reflect.Constructor.newInstance(Constructor.java:422)
	at com.mysql.jdbc.Util.handleNewInstance(Util.java:404)
	at com.mysql.jdbc.SQLError.createCommunicationsException(SQLError.java:988)
	at com.mysql.jdbc.MysqlIO.<init>(MysqlIO.java:341)
	at com.mysql.jdbc.ConnectionImpl.coreConnect(ConnectionImpl.java:2251)
	at com.mysql.jdbc.ConnectionImpl.connectOneTryOnly(ConnectionImpl.java:2284)
	at com.mysql.jdbc.ConnectionImpl.createNewIO(ConnectionImpl.java:2083)
	at com.mysql.jdbc.ConnectionImpl.<init>(ConnectionImpl.java:806)
	at com.mysql.jdbc.JDBC4Connection.<init>(JDBC4Connection.java:47)
	at sun.reflect.NativeConstructorAccessorImpl.newInstance0(Native Method)
	at sun.reflect.NativeConstructorAccessorImpl.newInstance(NativeConstructorAccessorImpl.java:62)
	at sun.reflect.DelegatingConstructorAccessorImpl.newInstance(DelegatingConstructorAccessorImpl.java:45)
	at java.lang.reflect.Constructor.newInstance(Constructor.java:422)
	at com.mysql.jdbc.Util.handleNewInstance(Util.java:404)
	at com.mysql.jdbc.ConnectionImpl.getInstance(ConnectionImpl.java:410)
	at com.mysql.jdbc.NonRegisteringDriver.connect(NonRegisteringDriver.java:328)
	at com.alibaba.druid.filter.FilterChainImpl.connection_connect(FilterChainImpl.java:148)
	at com.alibaba.druid.filter.stat.StatFilter.connection_connect(StatFilter.java:220)
	at com.alibaba.druid.filter.FilterChainImpl.connection_connect(FilterChainImpl.java:142)
	at com.alibaba.druid.pool.DruidAbstractDataSource.createPhysicalConnection(DruidAbstractDataSource.java:1463)
	at com.alibaba.druid.pool.DruidAbstractDataSource.createPhysicalConnection(DruidAbstractDataSource.java:1525)
	at com.alibaba.druid.pool.DruidDataSource$CreateConnectionThread.run(DruidDataSource.java:2100)
Caused by: java.net.UnknownHostException: paascloud-db-mysql
	at java.net.InetAddress.getAllByName0(InetAddress.java:1280)
	at java.net.InetAddress.getAllByName(InetAddress.java:1192)
	at java.net.InetAddress.getAllByName(InetAddress.java:1126)
	at com.mysql.jdbc.StandardSocketFactory.connect(StandardSocketFactory.java:188)
	at com.mysql.jdbc.MysqlIO.<init>(MysqlIO.java:300)
	... 18 common frames omitted

2019-03-29 16:16:29.251  WARN [bootstrap,,,] [paascloud-provider-uac,,,,] 1684 --- [           main] o.s.w.c.s.GenericWebApplicationContext   : Exception encountered during context initialization - cancelling refresh attempt: org.springframework.beans.factory.UnsatisfiedDependencyException: Error creating bean with name 'documentationPluginsBootstrapper' defined in URL [jar:file:/D:/maven/mavenWareHouseNew/io/springfox/springfox-spring-web/2.6.1/springfox-spring-web-2.6.1.jar!/springfox/documentation/spring/web/plugins/DocumentationPluginsBootstrapper.class]: Unsatisfied dependency expressed through constructor parameter 1; nested exception is org.springframework.beans.factory.UnsatisfiedDependencyException: Error creating bean with name 'webMvcRequestHandlerProvider' defined in URL [jar:file:/D:/maven/mavenWareHouseNew/io/springfox/springfox-spring-web/2.6.1/springfox-spring-web-2.6.1.jar!/springfox/documentation/spring/web/plugins/WebMvcRequestHandlerProvider.class]: Unsatisfied dependency expressed through constructor parameter 0; nested exception is org.springframework.beans.factory.BeanCreationException: Error creating bean with name 'endpointHandlerMapping' defined in class path resource [org/springframework/boot/actuate/autoconfigure/EndpointWebMvcManagementContextConfiguration.class]: Bean instantiation via factory method failed; nested exception is org.springframework.beans.BeanInstantiationException: Failed to instantiate [org.springframework.boot.actuate.endpoint.mvc.EndpointHandlerMapping]: Factory method 'endpointHandlerMapping' threw exception; nested exception is org.springframework.beans.factory.BeanCreationException: Error creating bean with name 'mvcEndpoints' defined in class path resource [org/springframework/boot/actuate/autoconfigure/EndpointWebMvcManagementContextConfiguration.class]: Invocation of init method failed; nested exception is org.springframework.beans.factory.UnsatisfiedDependencyException: Error creating bean with name 'liquibaseEndpoint' defined in class path resource [org/springframework/boot/actuate/autoconfigure/EndpointAutoConfiguration$LiquibaseEndpointConfiguration.class]: Unsatisfied dependency expressed through method 'liquibaseEndpoint' parameter 0; nested exception is org.springframework.beans.factory.BeanCreationException: Error creating bean with name 'springLiquibase' defined in com.paascloud.PaasCloudUacApplication: Invocation of init method failed; nested exception is liquibase.exception.DatabaseException: com.mysql.jdbc.exceptions.jdbc4.CommunicationsException: Communications link failure

The last packet sent successfully to the server was 0 milliseconds ago. The driver has not received any packets from the server.
2019-03-29 16:16:29.258  WARN [bootstrap,,,] [paascloud-provider-uac,,,,] 1684 --- [           main] o.s.b.f.support.DisposableBeanAdapter    : Invocation of destroy method 'close' failed on bean with name 'eurekaRegistration': org.springframework.beans.factory.BeanCreationNotAllowedException: Error creating bean with name 'org.springframework.cloud.netflix.eureka.EurekaClientAutoConfiguration$RefreshableEurekaClientConfiguration': Singleton bean creation not allowed while singletons of this factory are in destruction (Do not request a bean from a BeanFactory in a destroy method implementation!)
2019-03-29 16:16:29.259 ERROR [bootstrap,,,] [paascloud-provider-uac,,,,] 1684 --- [eate-1205022259] com.alibaba.druid.pool.DruidDataSource   : create connection error, url: jdbc:mysql://paascloud-db-mysql:3306/paascloud_uac?characterEncoding=utf8&useSSL=false, errorCode 0, state 08S01

com.mysql.jdbc.exceptions.jdbc4.CommunicationsException: Communications link failure

The last packet sent successfully to the server was 0 milliseconds ago. The driver has not received any packets from the server.
	at sun.reflect.NativeConstructorAccessorImpl.newInstance0(Native Method)
	at sun.reflect.NativeConstructorAccessorImpl.newInstance(NativeConstructorAccessorImpl.java:62)
	at sun.reflect.DelegatingConstructorAccessorImpl.newInstance(DelegatingConstructorAccessorImpl.java:45)
	at java.lang.reflect.Constructor.newInstance(Constructor.java:422)
	at com.mysql.jdbc.Util.handleNewInstance(Util.java:404)
	at com.mysql.jdbc.SQLError.createCommunicationsException(SQLError.java:988)
	at com.mysql.jdbc.MysqlIO.<init>(MysqlIO.java:341)
	at com.mysql.jdbc.ConnectionImpl.coreConnect(ConnectionImpl.java:2251)
	at com.mysql.jdbc.ConnectionImpl.connectOneTryOnly(ConnectionImpl.java:2284)
	at com.mysql.jdbc.ConnectionImpl.createNewIO(ConnectionImpl.java:2083)
	at com.mysql.jdbc.ConnectionImpl.<init>(ConnectionImpl.java:806)
	at com.mysql.jdbc.JDBC4Connection.<init>(JDBC4Connection.java:47)
	at sun.reflect.NativeConstructorAccessorImpl.newInstance0(Native Method)
	at sun.reflect.NativeConstructorAccessorImpl.newInstance(NativeConstructorAccessorImpl.java:62)
	at sun.reflect.DelegatingConstructorAccessorImpl.newInstance(DelegatingConstructorAccessorImpl.java:45)
	at java.lang.reflect.Constructor.newInstance(Constructor.java:422)
	at com.mysql.jdbc.Util.handleNewInstance(Util.java:404)
	at com.mysql.jdbc.ConnectionImpl.getInstance(ConnectionImpl.java:410)
	at com.mysql.jdbc.NonRegisteringDriver.connect(NonRegisteringDriver.java:328)
	at com.alibaba.druid.filter.FilterChainImpl.connection_connect(FilterChainImpl.java:148)
	at com.alibaba.druid.filter.stat.StatFilter.connection_connect(StatFilter.java:220)
	at com.alibaba.druid.filter.FilterChainImpl.connection_connect(FilterChainImpl.java:142)
	at com.alibaba.druid.pool.DruidAbstractDataSource.createPhysicalConnection(DruidAbstractDataSource.java:1463)
	at com.alibaba.druid.pool.DruidAbstractDataSource.createPhysicalConnection(DruidAbstractDataSource.java:1525)
	at com.alibaba.druid.pool.DruidDataSource$CreateConnectionThread.run(DruidDataSource.java:2100)
Caused by: java.net.UnknownHostException: paascloud-db-mysql
	at java.net.InetAddress.getAllByName0(InetAddress.java:1280)
	at java.net.InetAddress.getAllByName(InetAddress.java:1192)
	at java.net.InetAddress.getAllByName(InetAddress.java:1126)
	at com.mysql.jdbc.StandardSocketFactory.connect(StandardSocketFactory.java:188)
	at com.mysql.jdbc.MysqlIO.<init>(MysqlIO.java:300)
	... 18 common frames omitted

2019-03-29 16:16:29.262 ERROR [bootstrap,,,] [paascloud-provider-uac,,,,] 1684 --- [eate-1205022259] com.alibaba.druid.pool.DruidDataSource   : create connection error, url: jdbc:mysql://paascloud-db-mysql:3306/paascloud_uac?characterEncoding=utf8&useSSL=false, errorCode 0, state 08S01

com.mysql.jdbc.exceptions.jdbc4.CommunicationsException: Communications link failure

The last packet sent successfully to the server was 0 milliseconds ago. The driver has not received any packets from the server.
	at sun.reflect.NativeConstructorAccessorImpl.newInstance0(Native Method)
	at sun.reflect.NativeConstructorAccessorImpl.newInstance(NativeConstructorAccessorImpl.java:62)
	at sun.reflect.DelegatingConstructorAccessorImpl.newInstance(DelegatingConstructorAccessorImpl.java:45)
	at java.lang.reflect.Constructor.newInstance(Constructor.java:422)
	at com.mysql.jdbc.Util.handleNewInstance(Util.java:404)
	at com.mysql.jdbc.SQLError.createCommunicationsException(SQLError.java:988)
	at com.mysql.jdbc.MysqlIO.<init>(MysqlIO.java:341)
	at com.mysql.jdbc.ConnectionImpl.coreConnect(ConnectionImpl.java:2251)
	at com.mysql.jdbc.ConnectionImpl.connectOneTryOnly(ConnectionImpl.java:2284)
	at com.mysql.jdbc.ConnectionImpl.createNewIO(ConnectionImpl.java:2083)
	at com.mysql.jdbc.ConnectionImpl.<init>(ConnectionImpl.java:806)
	at com.mysql.jdbc.JDBC4Connection.<init>(JDBC4Connection.java:47)
	at sun.reflect.NativeConstructorAccessorImpl.newInstance0(Native Method)
	at sun.reflect.NativeConstructorAccessorImpl.newInstance(NativeConstructorAccessorImpl.java:62)
	at sun.reflect.DelegatingConstructorAccessorImpl.newInstance(DelegatingConstructorAccessorImpl.java:45)
	at java.lang.reflect.Constructor.newInstance(Constructor.java:422)
	at com.mysql.jdbc.Util.handleNewInstance(Util.java:404)
	at com.mysql.jdbc.ConnectionImpl.getInstance(ConnectionImpl.java:410)
	at com.mysql.jdbc.NonRegisteringDriver.connect(NonRegisteringDriver.java:328)
	at com.alibaba.druid.filter.FilterChainImpl.connection_connect(FilterChainImpl.java:148)
	at com.alibaba.druid.filter.stat.StatFilter.connection_connect(StatFilter.java:220)
	at com.alibaba.druid.filter.FilterChainImpl.connection_connect(FilterChainImpl.java:142)
	at com.alibaba.druid.pool.DruidAbstractDataSource.createPhysicalConnection(DruidAbstractDataSource.java:1463)
	at com.alibaba.druid.pool.DruidAbstractDataSource.createPhysicalConnection(DruidAbstractDataSource.java:1525)
	at com.alibaba.druid.pool.DruidDataSource$CreateConnectionThread.run(DruidDataSource.java:2100)
Caused by: java.net.UnknownHostException: paascloud-db-mysql
	at java.net.InetAddress.getAllByName0(InetAddress.java:1280)
	at java.net.InetAddress.getAllByName(InetAddress.java:1192)
	at java.net.InetAddress.getAllByName(InetAddress.java:1126)
	at com.mysql.jdbc.StandardSocketFactory.connect(StandardSocketFactory.java:188)
	at com.mysql.jdbc.MysqlIO.<init>(MysqlIO.java:300)
	... 18 common frames omitted

2019-03-29 16:16:29.269 ERROR [bootstrap,,,] [paascloud-provider-uac,,,,] 1684 --- [eate-1205022259] com.alibaba.druid.pool.DruidDataSource   : create connection error, url: jdbc:mysql://paascloud-db-mysql:3306/paascloud_uac?characterEncoding=utf8&useSSL=false, errorCode 0, state 08S01

com.mysql.jdbc.exceptions.jdbc4.CommunicationsException: Communications link failure

The last packet sent successfully to the server was 0 milliseconds ago. The driver has not received any packets from the server.
	at sun.reflect.NativeConstructorAccessorImpl.newInstance0(Native Method)
	at sun.reflect.NativeConstructorAccessorImpl.newInstance(NativeConstructorAccessorImpl.java:62)
	at sun.reflect.DelegatingConstructorAccessorImpl.newInstance(DelegatingConstructorAccessorImpl.java:45)
	at java.lang.reflect.Constructor.newInstance(Constructor.java:422)
	at com.mysql.jdbc.Util.handleNewInstance(Util.java:404)
	at com.mysql.jdbc.SQLError.createCommunicationsException(SQLError.java:988)
	at com.mysql.jdbc.MysqlIO.<init>(MysqlIO.java:341)
	at com.mysql.jdbc.ConnectionImpl.coreConnect(ConnectionImpl.java:2251)
	at com.mysql.jdbc.ConnectionImpl.connectOneTryOnly(ConnectionImpl.java:2284)
	at com.mysql.jdbc.ConnectionImpl.createNewIO(ConnectionImpl.java:2083)
	at com.mysql.jdbc.ConnectionImpl.<init>(ConnectionImpl.java:806)
	at com.mysql.jdbc.JDBC4Connection.<init>(JDBC4Connection.java:47)
	at sun.reflect.NativeConstructorAccessorImpl.newInstance0(Native Method)
	at sun.reflect.NativeConstructorAccessorImpl.newInstance(NativeConstructorAccessorImpl.java:62)
	at sun.reflect.DelegatingConstructorAccessorImpl.newInstance(DelegatingConstructorAccessorImpl.java:45)
	at java.lang.reflect.Constructor.newInstance(Constructor.java:422)
	at com.mysql.jdbc.Util.handleNewInstance(Util.java:404)
	at com.mysql.jdbc.ConnectionImpl.getInstance(ConnectionImpl.java:410)
	at com.mysql.jdbc.NonRegisteringDriver.connect(NonRegisteringDriver.java:328)
	at com.alibaba.druid.filter.FilterChainImpl.connection_connect(FilterChainImpl.java:148)
	at com.alibaba.druid.filter.stat.StatFilter.connection_connect(StatFilter.java:220)
	at com.alibaba.druid.filter.FilterChainImpl.connection_connect(FilterChainImpl.java:142)
	at com.alibaba.druid.pool.DruidAbstractDataSource.createPhysicalConnection(DruidAbstractDataSource.java:1463)
	at com.alibaba.druid.pool.DruidAbstractDataSource.createPhysicalConnection(DruidAbstractDataSource.java:1525)
	at com.alibaba.druid.pool.DruidDataSource$CreateConnectionThread.run(DruidDataSource.java:2100)
Caused by: java.net.UnknownHostException: paascloud-db-mysql
	at java.net.InetAddress.getAllByName0(InetAddress.java:1280)
	at java.net.InetAddress.getAllByName(InetAddress.java:1192)
	at java.net.InetAddress.getAllByName(InetAddress.java:1126)
	at com.mysql.jdbc.StandardSocketFactory.connect(StandardSocketFactory.java:188)
	at com.mysql.jdbc.MysqlIO.<init>(MysqlIO.java:300)
	... 18 common frames omitted

2019-03-29 16:16:29.289 ERROR [bootstrap,,,] [paascloud-provider-uac,,,,] 1684 --- [eate-1205022259] com.alibaba.druid.pool.DruidDataSource   : create connection error, url: jdbc:mysql://paascloud-db-mysql:3306/paascloud_uac?characterEncoding=utf8&useSSL=false, errorCode 0, state 08S01

com.mysql.jdbc.exceptions.jdbc4.CommunicationsException: Communications link failure

The last packet sent successfully to the server was 0 milliseconds ago. The driver has not received any packets from the server.
	at sun.reflect.NativeConstructorAccessorImpl.newInstance0(Native Method)
	at sun.reflect.NativeConstructorAccessorImpl.newInstance(NativeConstructorAccessorImpl.java:62)
	at sun.reflect.DelegatingConstructorAccessorImpl.newInstance(DelegatingConstructorAccessorImpl.java:45)
	at java.lang.reflect.Constructor.newInstance(Constructor.java:422)
	at com.mysql.jdbc.Util.handleNewInstance(Util.java:404)
	at com.mysql.jdbc.SQLError.createCommunicationsException(SQLError.java:988)
	at com.mysql.jdbc.MysqlIO.<init>(MysqlIO.java:341)
	at com.mysql.jdbc.ConnectionImpl.coreConnect(ConnectionImpl.java:2251)
	at com.mysql.jdbc.ConnectionImpl.connectOneTryOnly(ConnectionImpl.java:2284)
	at com.mysql.jdbc.ConnectionImpl.createNewIO(ConnectionImpl.java:2083)
	at com.mysql.jdbc.ConnectionImpl.<init>(ConnectionImpl.java:806)
	at com.mysql.jdbc.JDBC4Connection.<init>(JDBC4Connection.java:47)
	at sun.reflect.NativeConstructorAccessorImpl.newInstance0(Native Method)
	at sun.reflect.NativeConstructorAccessorImpl.newInstance(NativeConstructorAccessorImpl.java:62)
	at sun.reflect.DelegatingConstructorAccessorImpl.newInstance(DelegatingConstructorAccessorImpl.java:45)
	at java.lang.reflect.Constructor.newInstance(Constructor.java:422)
	at com.mysql.jdbc.Util.handleNewInstance(Util.java:404)
	at com.mysql.jdbc.ConnectionImpl.getInstance(ConnectionImpl.java:410)
	at com.mysql.jdbc.NonRegisteringDriver.connect(NonRegisteringDriver.java:328)
	at com.alibaba.druid.filter.FilterChainImpl.connection_connect(FilterChainImpl.java:148)
	at com.alibaba.druid.filter.stat.StatFilter.connection_connect(StatFilter.java:220)
	at com.alibaba.druid.filter.FilterChainImpl.connection_connect(FilterChainImpl.java:142)
	at com.alibaba.druid.pool.DruidAbstractDataSource.createPhysicalConnection(DruidAbstractDataSource.java:1463)
	at com.alibaba.druid.pool.DruidAbstractDataSource.createPhysicalConnection(DruidAbstractDataSource.java:1525)
	at com.alibaba.druid.pool.DruidDataSource$CreateConnectionThread.run(DruidDataSource.java:2100)
Caused by: java.net.UnknownHostException: paascloud-db-mysql
	at java.net.InetAddress.getAllByName0(InetAddress.java:1280)
	at java.net.InetAddress.getAllByName(InetAddress.java:1192)
	at java.net.InetAddress.getAllByName(InetAddress.java:1126)
	at com.mysql.jdbc.StandardSocketFactory.connect(StandardSocketFactory.java:188)
	at com.mysql.jdbc.MysqlIO.<init>(MysqlIO.java:300)
	... 18 common frames omitted

2019-03-29 16:16:29.292 ERROR [bootstrap,,,] [paascloud-provider-uac,,,,] 1684 --- [eate-1205022259] com.alibaba.druid.pool.DruidDataSource   : create connection error, url: jdbc:mysql://paascloud-db-mysql:3306/paascloud_uac?characterEncoding=utf8&useSSL=false, errorCode 0, state 08S01

com.mysql.jdbc.exceptions.jdbc4.CommunicationsException: Communications link failure

The last packet sent successfully to the server was 0 milliseconds ago. The driver has not received any packets from the server.
	at sun.reflect.NativeConstructorAccessorImpl.newInstance0(Native Method)
	at sun.reflect.NativeConstructorAccessorImpl.newInstance(NativeConstructorAccessorImpl.java:62)
	at sun.reflect.DelegatingConstructorAccessorImpl.newInstance(DelegatingConstructorAccessorImpl.java:45)
	at java.lang.reflect.Constructor.newInstance(Constructor.java:422)
	at com.mysql.jdbc.Util.handleNewInstance(Util.java:404)
	at com.mysql.jdbc.SQLError.createCommunicationsException(SQLError.java:988)
	at com.mysql.jdbc.MysqlIO.<init>(MysqlIO.java:341)
	at com.mysql.jdbc.ConnectionImpl.coreConnect(ConnectionImpl.java:2251)
	at com.mysql.jdbc.ConnectionImpl.connectOneTryOnly(ConnectionImpl.java:2284)
	at com.mysql.jdbc.ConnectionImpl.createNewIO(ConnectionImpl.java:2083)
	at com.mysql.jdbc.ConnectionImpl.<init>(ConnectionImpl.java:806)
	at com.mysql.jdbc.JDBC4Connection.<init>(JDBC4Connection.java:47)
	at sun.reflect.NativeConstructorAccessorImpl.newInstance0(Native Method)
	at sun.reflect.NativeConstructorAccessorImpl.newInstance(NativeConstructorAccessorImpl.java:62)
	at sun.reflect.DelegatingConstructorAccessorImpl.newInstance(DelegatingConstructorAccessorImpl.java:45)
	at java.lang.reflect.Constructor.newInstance(Constructor.java:422)
	at com.mysql.jdbc.Util.handleNewInstance(Util.java:404)
	at com.mysql.jdbc.ConnectionImpl.getInstance(ConnectionImpl.java:410)
	at com.mysql.jdbc.NonRegisteringDriver.connect(NonRegisteringDriver.java:328)
	at com.alibaba.druid.filter.FilterChainImpl.connection_connect(FilterChainImpl.java:148)
	at com.alibaba.druid.filter.stat.StatFilter.connection_connect(StatFilter.java:220)
	at com.alibaba.druid.filter.FilterChainImpl.connection_connect(FilterChainImpl.java:142)
	at com.alibaba.druid.pool.DruidAbstractDataSource.createPhysicalConnection(DruidAbstractDataSource.java:1463)
	at com.alibaba.druid.pool.DruidAbstractDataSource.createPhysicalConnection(DruidAbstractDataSource.java:1525)
	at com.alibaba.druid.pool.DruidDataSource$CreateConnectionThread.run(DruidDataSource.java:2100)
Caused by: java.net.UnknownHostException: paascloud-db-mysql
	at java.net.InetAddress.getAllByName0(InetAddress.java:1280)
	at java.net.InetAddress.getAllByName(InetAddress.java:1192)
	at java.net.InetAddress.getAllByName(InetAddress.java:1126)
	at com.mysql.jdbc.StandardSocketFactory.connect(StandardSocketFactory.java:188)
	at com.mysql.jdbc.MysqlIO.<init>(MysqlIO.java:300)
	... 18 common frames omitted

2019-03-29 16:16:29.295 ERROR [bootstrap,,,] [paascloud-provider-uac,,,,] 1684 --- [eate-1205022259] com.alibaba.druid.pool.DruidDataSource   : create connection error, url: jdbc:mysql://paascloud-db-mysql:3306/paascloud_uac?characterEncoding=utf8&useSSL=false, errorCode 0, state 08S01

com.mysql.jdbc.exceptions.jdbc4.CommunicationsException: Communications link failure

The last packet sent successfully to the server was 0 milliseconds ago. The driver has not received any packets from the server.
	at sun.reflect.NativeConstructorAccessorImpl.newInstance0(Native Method)
	at sun.reflect.NativeConstructorAccessorImpl.newInstance(NativeConstructorAccessorImpl.java:62)
	at sun.reflect.DelegatingConstructorAccessorImpl.newInstance(DelegatingConstructorAccessorImpl.java:45)
	at java.lang.reflect.Constructor.newInstance(Constructor.java:422)
	at com.mysql.jdbc.Util.handleNewInstance(Util.java:404)
	at com.mysql.jdbc.SQLError.createCommunicationsException(SQLError.java:988)
	at com.mysql.jdbc.MysqlIO.<init>(MysqlIO.java:341)
	at com.mysql.jdbc.ConnectionImpl.coreConnect(ConnectionImpl.java:2251)
	at com.mysql.jdbc.ConnectionImpl.connectOneTryOnly(ConnectionImpl.java:2284)
	at com.mysql.jdbc.ConnectionImpl.createNewIO(ConnectionImpl.java:2083)
	at com.mysql.jdbc.ConnectionImpl.<init>(ConnectionImpl.java:806)
	at com.mysql.jdbc.JDBC4Connection.<init>(JDBC4Connection.java:47)
	at sun.reflect.NativeConstructorAccessorImpl.newInstance0(Native Method)
	at sun.reflect.NativeConstructorAccessorImpl.newInstance(NativeConstructorAccessorImpl.java:62)
	at sun.reflect.DelegatingConstructorAccessorImpl.newInstance(DelegatingConstructorAccessorImpl.java:45)
	at java.lang.reflect.Constructor.newInstance(Constructor.java:422)
	at com.mysql.jdbc.Util.handleNewInstance(Util.java:404)
	at com.mysql.jdbc.ConnectionImpl.getInstance(ConnectionImpl.java:410)
	at com.mysql.jdbc.NonRegisteringDriver.connect(NonRegisteringDriver.java:328)
	at com.alibaba.druid.filter.FilterChainImpl.connection_connect(FilterChainImpl.java:148)
	at com.alibaba.druid.filter.stat.StatFilter.connection_connect(StatFilter.java:220)
	at com.alibaba.druid.filter.FilterChainImpl.connection_connect(FilterChainImpl.java:142)
	at com.alibaba.druid.pool.DruidAbstractDataSource.createPhysicalConnection(DruidAbstractDataSource.java:1463)
	at com.alibaba.druid.pool.DruidAbstractDataSource.createPhysicalConnection(DruidAbstractDataSource.java:1525)
	at com.alibaba.druid.pool.DruidDataSource$CreateConnectionThread.run(DruidDataSource.java:2100)
Caused by: java.net.UnknownHostException: paascloud-db-mysql
	at java.net.InetAddress.getAllByName0(InetAddress.java:1280)
	at java.net.InetAddress.getAllByName(InetAddress.java:1192)
	at java.net.InetAddress.getAllByName(InetAddress.java:1126)
	at com.mysql.jdbc.StandardSocketFactory.connect(StandardSocketFactory.java:188)
	at com.mysql.jdbc.MysqlIO.<init>(MysqlIO.java:300)
	... 18 common frames omitted

2019-03-29 16:16:29.298 ERROR [bootstrap,,,] [paascloud-provider-uac,,,,] 1684 --- [eate-1205022259] com.alibaba.druid.pool.DruidDataSource   : create connection error, url: jdbc:mysql://paascloud-db-mysql:3306/paascloud_uac?characterEncoding=utf8&useSSL=false, errorCode 0, state 08S01

com.mysql.jdbc.exceptions.jdbc4.CommunicationsException: Communications link failure

The last packet sent successfully to the server was 0 milliseconds ago. The driver has not received any packets from the server.
	at sun.reflect.NativeConstructorAccessorImpl.newInstance0(Native Method)
	at sun.reflect.NativeConstructorAccessorImpl.newInstance(NativeConstructorAccessorImpl.java:62)
	at sun.reflect.DelegatingConstructorAccessorImpl.newInstance(DelegatingConstructorAccessorImpl.java:45)
	at java.lang.reflect.Constructor.newInstance(Constructor.java:422)
	at com.mysql.jdbc.Util.handleNewInstance(Util.java:404)
	at com.mysql.jdbc.SQLError.createCommunicationsException(SQLError.java:988)
	at com.mysql.jdbc.MysqlIO.<init>(MysqlIO.java:341)
	at com.mysql.jdbc.ConnectionImpl.coreConnect(ConnectionImpl.java:2251)
	at com.mysql.jdbc.ConnectionImpl.connectOneTryOnly(ConnectionImpl.java:2284)
	at com.mysql.jdbc.ConnectionImpl.createNewIO(ConnectionImpl.java:2083)
	at com.mysql.jdbc.ConnectionImpl.<init>(ConnectionImpl.java:806)
	at com.mysql.jdbc.JDBC4Connection.<init>(JDBC4Connection.java:47)
	at sun.reflect.NativeConstructorAccessorImpl.newInstance0(Native Method)
	at sun.reflect.NativeConstructorAccessorImpl.newInstance(NativeConstructorAccessorImpl.java:62)
	at sun.reflect.DelegatingConstructorAccessorImpl.newInstance(DelegatingConstructorAccessorImpl.java:45)
	at java.lang.reflect.Constructor.newInstance(Constructor.java:422)
	at com.mysql.jdbc.Util.handleNewInstance(Util.java:404)
	at com.mysql.jdbc.ConnectionImpl.getInstance(ConnectionImpl.java:410)
	at com.mysql.jdbc.NonRegisteringDriver.connect(NonRegisteringDriver.java:328)
	at com.alibaba.druid.filter.FilterChainImpl.connection_connect(FilterChainImpl.java:148)
	at com.alibaba.druid.filter.stat.StatFilter.connection_connect(StatFilter.java:220)
	at com.alibaba.druid.filter.FilterChainImpl.connection_connect(FilterChainImpl.java:142)
	at com.alibaba.druid.pool.DruidAbstractDataSource.createPhysicalConnection(DruidAbstractDataSource.java:1463)
	at com.alibaba.druid.pool.DruidAbstractDataSource.createPhysicalConnection(DruidAbstractDataSource.java:1525)
	at com.alibaba.druid.pool.DruidDataSource$CreateConnectionThread.run(DruidDataSource.java:2100)
Caused by: java.net.UnknownHostException: paascloud-db-mysql
	at java.net.InetAddress.getAllByName0(InetAddress.java:1280)
	at java.net.InetAddress.getAllByName(InetAddress.java:1192)
	at java.net.InetAddress.getAllByName(InetAddress.java:1126)
	at com.mysql.jdbc.StandardSocketFactory.connect(StandardSocketFactory.java:188)
	at com.mysql.jdbc.MysqlIO.<init>(MysqlIO.java:300)
	... 18 common frames omitted

2019-03-29 16:16:29.300 ERROR [bootstrap,,,] [paascloud-provider-uac,,,,] 1684 --- [eate-1205022259] com.alibaba.druid.pool.DruidDataSource   : create connection error, url: jdbc:mysql://paascloud-db-mysql:3306/paascloud_uac?characterEncoding=utf8&useSSL=false, errorCode 0, state 08S01

com.mysql.jdbc.exceptions.jdbc4.CommunicationsException: Communications link failure

The last packet sent successfully to the server was 0 milliseconds ago. The driver has not received any packets from the server.
	at sun.reflect.NativeConstructorAccessorImpl.newInstance0(Native Method)
	at sun.reflect.NativeConstructorAccessorImpl.newInstance(NativeConstructorAccessorImpl.java:62)
	at sun.reflect.DelegatingConstructorAccessorImpl.newInstance(DelegatingConstructorAccessorImpl.java:45)
	at java.lang.reflect.Constructor.newInstance(Constructor.java:422)
	at com.mysql.jdbc.Util.handleNewInstance(Util.java:404)
	at com.mysql.jdbc.SQLError.createCommunicationsException(SQLError.java:988)
	at com.mysql.jdbc.MysqlIO.<init>(MysqlIO.java:341)
	at com.mysql.jdbc.ConnectionImpl.coreConnect(ConnectionImpl.java:2251)
	at com.mysql.jdbc.ConnectionImpl.connectOneTryOnly(ConnectionImpl.java:2284)
	at com.mysql.jdbc.ConnectionImpl.createNewIO(ConnectionImpl.java:2083)
	at com.mysql.jdbc.ConnectionImpl.<init>(ConnectionImpl.java:806)
	at com.mysql.jdbc.JDBC4Connection.<init>(JDBC4Connection.java:47)
	at sun.reflect.NativeConstructorAccessorImpl.newInstance0(Native Method)
	at sun.reflect.NativeConstructorAccessorImpl.newInstance(NativeConstructorAccessorImpl.java:62)
	at sun.reflect.DelegatingConstructorAccessorImpl.newInstance(DelegatingConstructorAccessorImpl.java:45)
	at java.lang.reflect.Constructor.newInstance(Constructor.java:422)
	at com.mysql.jdbc.Util.handleNewInstance(Util.java:404)
	at com.mysql.jdbc.ConnectionImpl.getInstance(ConnectionImpl.java:410)
	at com.mysql.jdbc.NonRegisteringDriver.connect(NonRegisteringDriver.java:328)
	at com.alibaba.druid.filter.FilterChainImpl.connection_connect(FilterChainImpl.java:148)
	at com.alibaba.druid.filter.stat.StatFilter.connection_connect(StatFilter.java:220)
	at com.alibaba.druid.filter.FilterChainImpl.connection_connect(FilterChainImpl.java:142)
	at com.alibaba.druid.pool.DruidAbstractDataSource.createPhysicalConnection(DruidAbstractDataSource.java:1463)
	at com.alibaba.druid.pool.DruidAbstractDataSource.createPhysicalConnection(DruidAbstractDataSource.java:1525)
	at com.alibaba.druid.pool.DruidDataSource$CreateConnectionThread.run(DruidDataSource.java:2100)
Caused by: java.net.UnknownHostException: paascloud-db-mysql
	at java.net.InetAddress.getAllByName0(InetAddress.java:1280)
	at java.net.InetAddress.getAllByName(InetAddress.java:1192)
	at java.net.InetAddress.getAllByName(InetAddress.java:1126)
	at com.mysql.jdbc.StandardSocketFactory.connect(StandardSocketFactory.java:188)
	at com.mysql.jdbc.MysqlIO.<init>(MysqlIO.java:300)
	... 18 common frames omitted

2019-03-29 16:16:29.300  INFO [bootstrap,,,] [paascloud-provider-uac,,,,] 1684 --- [           main] s.c.a.AnnotationConfigApplicationContext : Closing org.springframework.context.annotation.AnnotationConfigApplicationContext@7a6cd9e0: startup date [Fri Mar 29 16:16:14 CST 2019]; parent: org.springframework.web.context.support.GenericWebApplicationContext@1cee3e05
2019-03-29 16:16:29.302 ERROR [bootstrap,,,] [paascloud-provider-uac,,,,] 1684 --- [eate-1205022259] com.alibaba.druid.pool.DruidDataSource   : create connection error, url: jdbc:mysql://paascloud-db-mysql:3306/paascloud_uac?characterEncoding=utf8&useSSL=false, errorCode 0, state 08S01

com.mysql.jdbc.exceptions.jdbc4.CommunicationsException: Communications link failure

The last packet sent successfully to the server was 0 milliseconds ago. The driver has not received any packets from the server.
	at sun.reflect.NativeConstructorAccessorImpl.newInstance0(Native Method)
	at sun.reflect.NativeConstructorAccessorImpl.newInstance(NativeConstructorAccessorImpl.java:62)
	at sun.reflect.DelegatingConstructorAccessorImpl.newInstance(DelegatingConstructorAccessorImpl.java:45)
	at java.lang.reflect.Constructor.newInstance(Constructor.java:422)
	at com.mysql.jdbc.Util.handleNewInstance(Util.java:404)
	at com.mysql.jdbc.SQLError.createCommunicationsException(SQLError.java:988)
	at com.mysql.jdbc.MysqlIO.<init>(MysqlIO.java:341)
	at com.mysql.jdbc.ConnectionImpl.coreConnect(ConnectionImpl.java:2251)
	at com.mysql.jdbc.ConnectionImpl.connectOneTryOnly(ConnectionImpl.java:2284)
	at com.mysql.jdbc.ConnectionImpl.createNewIO(ConnectionImpl.java:2083)
	at com.mysql.jdbc.ConnectionImpl.<init>(ConnectionImpl.java:806)
	at com.mysql.jdbc.JDBC4Connection.<init>(JDBC4Connection.java:47)
	at sun.reflect.NativeConstructorAccessorImpl.newInstance0(Native Method)
	at sun.reflect.NativeConstructorAccessorImpl.newInstance(NativeConstructorAccessorImpl.java:62)
	at sun.reflect.DelegatingConstructorAccessorImpl.newInstance(DelegatingConstructorAccessorImpl.java:45)
	at java.lang.reflect.Constructor.newInstance(Constructor.java:422)
	at com.mysql.jdbc.Util.handleNewInstance(Util.java:404)
	at com.mysql.jdbc.ConnectionImpl.getInstance(ConnectionImpl.java:410)
	at com.mysql.jdbc.NonRegisteringDriver.connect(NonRegisteringDriver.java:328)
	at com.alibaba.druid.filter.FilterChainImpl.connection_connect(FilterChainImpl.java:148)
	at com.alibaba.druid.filter.stat.StatFilter.connection_connect(StatFilter.java:220)
	at com.alibaba.druid.filter.FilterChainImpl.connection_connect(FilterChainImpl.java:142)
	at com.alibaba.druid.pool.DruidAbstractDataSource.createPhysicalConnection(DruidAbstractDataSource.java:1463)
	at com.alibaba.druid.pool.DruidAbstractDataSource.createPhysicalConnection(DruidAbstractDataSource.java:1525)
	at com.alibaba.druid.pool.DruidDataSource$CreateConnectionThread.run(DruidDataSource.java:2100)
Caused by: java.net.UnknownHostException: paascloud-db-mysql
	at java.net.InetAddress.getAllByName0(InetAddress.java:1280)
	at java.net.InetAddress.getAllByName(InetAddress.java:1192)
	at java.net.InetAddress.getAllByName(InetAddress.java:1126)
	at com.mysql.jdbc.StandardSocketFactory.connect(StandardSocketFactory.java:188)
	at com.mysql.jdbc.MysqlIO.<init>(MysqlIO.java:300)
	... 18 common frames omitted

2019-03-29 16:16:29.304  INFO [bootstrap,,,] [paascloud-provider-uac,,,,] 1684 --- [           main] s.c.a.AnnotationConfigApplicationContext : Closing org.springframework.context.annotation.AnnotationConfigApplicationContext@33d102c9: startup date [Fri Mar 29 16:16:15 CST 2019]; parent: org.springframework.web.context.support.GenericWebApplicationContext@1cee3e05
2019-03-29 16:16:29.305  INFO [bootstrap,,,] [paascloud-provider-uac,,,,] 1684 --- [           main] s.c.a.AnnotationConfigApplicationContext : Closing org.springframework.context.annotation.AnnotationConfigApplicationContext@1b35f06a: startup date [Fri Mar 29 16:16:04 CST 2019]; parent: org.springframework.web.context.support.GenericWebApplicationContext@1cee3e05
2019-03-29 16:16:29.305  INFO [bootstrap,,,] [paascloud-provider-uac,,,,] 1684 --- [           main] s.c.a.AnnotationConfigApplicationContext : Closing org.springframework.context.annotation.AnnotationConfigApplicationContext@7ccf845a: startup date [Fri Mar 29 16:16:11 CST 2019]; parent: org.springframework.web.context.support.GenericWebApplicationContext@1cee3e05
2019-03-29 16:16:29.308 ERROR [bootstrap,,,] [paascloud-provider-uac,,,,] 1684 --- [eate-1205022259] com.alibaba.druid.pool.DruidDataSource   : create connection error, url: jdbc:mysql://paascloud-db-mysql:3306/paascloud_uac?characterEncoding=utf8&useSSL=false, errorCode 0, state 08S01

com.mysql.jdbc.exceptions.jdbc4.CommunicationsException: Communications link failure

The last packet sent successfully to the server was 0 milliseconds ago. The driver has not received any packets from the server.
	at sun.reflect.NativeConstructorAccessorImpl.newInstance0(Native Method)
	at sun.reflect.NativeConstructorAccessorImpl.newInstance(NativeConstructorAccessorImpl.java:62)
	at sun.reflect.DelegatingConstructorAccessorImpl.newInstance(DelegatingConstructorAccessorImpl.java:45)
	at java.lang.reflect.Constructor.newInstance(Constructor.java:422)
	at com.mysql.jdbc.Util.handleNewInstance(Util.java:404)
	at com.mysql.jdbc.SQLError.createCommunicationsException(SQLError.java:988)
	at com.mysql.jdbc.MysqlIO.<init>(MysqlIO.java:341)
	at com.mysql.jdbc.ConnectionImpl.coreConnect(ConnectionImpl.java:2251)
	at com.mysql.jdbc.ConnectionImpl.connectOneTryOnly(ConnectionImpl.java:2284)
	at com.mysql.jdbc.ConnectionImpl.createNewIO(ConnectionImpl.java:2083)
	at com.mysql.jdbc.ConnectionImpl.<init>(ConnectionImpl.java:806)
	at com.mysql.jdbc.JDBC4Connection.<init>(JDBC4Connection.java:47)
	at sun.reflect.NativeConstructorAccessorImpl.newInstance0(Native Method)
	at sun.reflect.NativeConstructorAccessorImpl.newInstance(NativeConstructorAccessorImpl.java:62)
	at sun.reflect.DelegatingConstructorAccessorImpl.newInstance(DelegatingConstructorAccessorImpl.java:45)
	at java.lang.reflect.Constructor.newInstance(Constructor.java:422)
	at com.mysql.jdbc.Util.handleNewInstance(Util.java:404)
	at com.mysql.jdbc.ConnectionImpl.getInstance(ConnectionImpl.java:410)
	at com.mysql.jdbc.NonRegisteringDriver.connect(NonRegisteringDriver.java:328)
	at com.alibaba.druid.filter.FilterChainImpl.connection_connect(FilterChainImpl.java:148)
	at com.alibaba.druid.filter.stat.StatFilter.connection_connect(StatFilter.java:220)
	at com.alibaba.druid.filter.FilterChainImpl.connection_connect(FilterChainImpl.java:142)
	at com.alibaba.druid.pool.DruidAbstractDataSource.createPhysicalConnection(DruidAbstractDataSource.java:1463)
	at com.alibaba.druid.pool.DruidAbstractDataSource.createPhysicalConnection(DruidAbstractDataSource.java:1525)
	at com.alibaba.druid.pool.DruidDataSource$CreateConnectionThread.run(DruidDataSource.java:2100)
Caused by: java.net.UnknownHostException: paascloud-db-mysql
	at java.net.InetAddress.getAllByName0(InetAddress.java:1280)
	at java.net.InetAddress.getAllByName(InetAddress.java:1192)
	at java.net.InetAddress.getAllByName(InetAddress.java:1126)
	at com.mysql.jdbc.StandardSocketFactory.connect(StandardSocketFactory.java:188)
	at com.mysql.jdbc.MysqlIO.<init>(MysqlIO.java:300)
	... 18 common frames omitted

2019-03-29 16:16:29.309  INFO [bootstrap,,,] [paascloud-provider-uac,,,,] 1684 --- [           main] com.alibaba.druid.pool.DruidDataSource   : {dataSource-1} closed
2019-03-29 16:16:30.312  WARN [bootstrap,,,] [paascloud-provider-uac,,,,] 1684 --- [           main] z.r.AsyncReporter$BoundedAsyncReporter   : Timed out waiting for in-flight spans to send
2019-03-29 16:16:31.060  INFO [bootstrap,,,] [paascloud-provider-uac,,,,] 1684 --- [           main] o.s.s.concurrent.ThreadPoolTaskExecutor  : Shutting down ExecutorService
2019-03-29 16:16:31.098  INFO [bootstrap,,,] [paascloud-provider-uac,,,,] 1684 --- [           main] utoConfigurationReportLoggingInitializer : 

Error starting ApplicationContext. To display the auto-configuration report re-run your application with 'debug' enabled.
2019-03-29 16:16:31.115 ERROR [bootstrap,,,] [paascloud-provider-uac,,,,] 1684 --- [           main] o.s.boot.SpringApplication               : Application startup failed

org.springframework.beans.factory.UnsatisfiedDependencyException: Error creating bean with name 'documentationPluginsBootstrapper' defined in URL [jar:file:/D:/maven/mavenWareHouseNew/io/springfox/springfox-spring-web/2.6.1/springfox-spring-web-2.6.1.jar!/springfox/documentation/spring/web/plugins/DocumentationPluginsBootstrapper.class]: Unsatisfied dependency expressed through constructor parameter 1; nested exception is org.springframework.beans.factory.UnsatisfiedDependencyException: Error creating bean with name 'webMvcRequestHandlerProvider' defined in URL [jar:file:/D:/maven/mavenWareHouseNew/io/springfox/springfox-spring-web/2.6.1/springfox-spring-web-2.6.1.jar!/springfox/documentation/spring/web/plugins/WebMvcRequestHandlerProvider.class]: Unsatisfied dependency expressed through constructor parameter 0; nested exception is org.springframework.beans.factory.BeanCreationException: Error creating bean with name 'endpointHandlerMapping' defined in class path resource [org/springframework/boot/actuate/autoconfigure/EndpointWebMvcManagementContextConfiguration.class]: Bean instantiation via factory method failed; nested exception is org.springframework.beans.BeanInstantiationException: Failed to instantiate [org.springframework.boot.actuate.endpoint.mvc.EndpointHandlerMapping]: Factory method 'endpointHandlerMapping' threw exception; nested exception is org.springframework.beans.factory.BeanCreationException: Error creating bean with name 'mvcEndpoints' defined in class path resource [org/springframework/boot/actuate/autoconfigure/EndpointWebMvcManagementContextConfiguration.class]: Invocation of init method failed; nested exception is org.springframework.beans.factory.UnsatisfiedDependencyException: Error creating bean with name 'liquibaseEndpoint' defined in class path resource [org/springframework/boot/actuate/autoconfigure/EndpointAutoConfiguration$LiquibaseEndpointConfiguration.class]: Unsatisfied dependency expressed through method 'liquibaseEndpoint' parameter 0; nested exception is org.springframework.beans.factory.BeanCreationException: Error creating bean with name 'springLiquibase' defined in com.paascloud.PaasCloudUacApplication: Invocation of init method failed; nested exception is liquibase.exception.DatabaseException: com.mysql.jdbc.exceptions.jdbc4.CommunicationsException: Communications link failure

The last packet sent successfully to the server was 0 milliseconds ago. The driver has not received any packets from the server.
	at org.springframework.beans.factory.support.ConstructorResolver.createArgumentArray(ConstructorResolver.java:749)
	at org.springframework.beans.factory.support.ConstructorResolver.autowireConstructor(ConstructorResolver.java:189)
	at org.springframework.beans.factory.support.AbstractAutowireCapableBeanFactory.autowireConstructor(AbstractAutowireCapableBeanFactory.java:1201)
	at org.springframework.beans.factory.support.AbstractAutowireCapableBeanFactory.createBeanInstance(AbstractAutowireCapableBeanFactory.java:1103)
	at org.springframework.beans.factory.support.AbstractAutowireCapableBeanFactory.doCreateBean(AbstractAutowireCapableBeanFactory.java:513)
	at org.springframework.beans.factory.support.AbstractAutowireCapableBeanFactory.createBean(AbstractAutowireCapableBeanFactory.java:483)
	at org.springframework.beans.factory.support.AbstractBeanFactory$1.getObject(AbstractBeanFactory.java:312)
	at org.springframework.beans.factory.support.DefaultSingletonBeanRegistry.getSingleton(DefaultSingletonBeanRegistry.java:230)
	at org.springframework.beans.factory.support.AbstractBeanFactory.doGetBean(AbstractBeanFactory.java:308)
	at org.springframework.beans.factory.support.AbstractBeanFactory.getBean(AbstractBeanFactory.java:197)
	at org.springframework.beans.factory.support.DefaultListableBeanFactory.preInstantiateSingletons(DefaultListableBeanFactory.java:761)
	at org.springframework.context.support.AbstractApplicationContext.finishBeanFactoryInitialization(AbstractApplicationContext.java:866)
	at org.springframework.context.support.AbstractApplicationContext.refresh(AbstractApplicationContext.java:542)
	at org.springframework.boot.SpringApplication.refresh(SpringApplication.java:693)
	at org.springframework.boot.SpringApplication.refreshContext(SpringApplication.java:360)
	at org.springframework.boot.SpringApplication.run(SpringApplication.java:303)
	at org.springframework.boot.test.context.SpringBootContextLoader.loadContext(SpringBootContextLoader.java:121)
	at org.springframework.test.context.cache.DefaultCacheAwareContextLoaderDelegate.loadContextInternal(DefaultCacheAwareContextLoaderDelegate.java:98)
	at org.springframework.test.context.cache.DefaultCacheAwareContextLoaderDelegate.loadContext(DefaultCacheAwareContextLoaderDelegate.java:116)
	at org.springframework.test.context.support.DefaultTestContext.getApplicationContext(DefaultTestContext.java:83)
	at org.springframework.test.context.web.ServletTestExecutionListener.setUpRequestContextIfNecessary(ServletTestExecutionListener.java:189)
	at org.springframework.test.context.web.ServletTestExecutionListener.prepareTestInstance(ServletTestExecutionListener.java:131)
	at org.springframework.test.context.TestContextManager.prepareTestInstance(TestContextManager.java:230)
	at org.springframework.test.context.junit4.SpringJUnit4ClassRunner.createTest(SpringJUnit4ClassRunner.java:228)
	at org.springframework.test.context.junit4.SpringJUnit4ClassRunner$1.runReflectiveCall(SpringJUnit4ClassRunner.java:287)
	at org.junit.internal.runners.model.ReflectiveCallable.run(ReflectiveCallable.java:12)
	at org.springframework.test.context.junit4.SpringJUnit4ClassRunner.methodBlock(SpringJUnit4ClassRunner.java:289)
	at org.springframework.test.context.junit4.SpringJUnit4ClassRunner.runChild(SpringJUnit4ClassRunner.java:247)
	at org.springframework.test.context.junit4.SpringJUnit4ClassRunner.runChild(SpringJUnit4ClassRunner.java:94)
	at org.junit.runners.ParentRunner$3.run(ParentRunner.java:290)
	at org.junit.runners.ParentRunner$1.schedule(ParentRunner.java:71)
	at org.junit.runners.ParentRunner.runChildren(ParentRunner.java:288)
	at org.junit.runners.ParentRunner.access$000(ParentRunner.java:58)
	at org.junit.runners.ParentRunner$2.evaluate(ParentRunner.java:268)
	at org.springframework.test.context.junit4.statements.RunBeforeTestClassCallbacks.evaluate(RunBeforeTestClassCallbacks.java:61)
	at org.springframework.test.context.junit4.statements.RunAfterTestClassCallbacks.evaluate(RunAfterTestClassCallbacks.java:70)
	at org.junit.runners.ParentRunner.run(ParentRunner.java:363)
	at org.springframework.test.context.junit4.SpringJUnit4ClassRunner.run(SpringJUnit4ClassRunner.java:191)
	at org.apache.maven.surefire.junit4.JUnit4Provider.execute(JUnit4Provider.java:283)
	at org.apache.maven.surefire.junit4.JUnit4Provider.executeWithRerun(JUnit4Provider.java:173)
	at org.apache.maven.surefire.junit4.JUnit4Provider.executeTestSet(JUnit4Provider.java:153)
	at org.apache.maven.surefire.junit4.JUnit4Provider.invoke(JUnit4Provider.java:128)
	at org.apache.maven.surefire.booter.ForkedBooter.invokeProviderInSameClassLoader(ForkedBooter.java:203)
	at org.apache.maven.surefire.booter.ForkedBooter.runSuitesInProcess(ForkedBooter.java:155)
	at org.apache.maven.surefire.booter.ForkedBooter.main(ForkedBooter.java:103)
Caused by: org.springframework.beans.factory.UnsatisfiedDependencyException: Error creating bean with name 'webMvcRequestHandlerProvider' defined in URL [jar:file:/D:/maven/mavenWareHouseNew/io/springfox/springfox-spring-web/2.6.1/springfox-spring-web-2.6.1.jar!/springfox/documentation/spring/web/plugins/WebMvcRequestHandlerProvider.class]: Unsatisfied dependency expressed through constructor parameter 0; nested exception is org.springframework.beans.factory.BeanCreationException: Error creating bean with name 'endpointHandlerMapping' defined in class path resource [org/springframework/boot/actuate/autoconfigure/EndpointWebMvcManagementContextConfiguration.class]: Bean instantiation via factory method failed; nested exception is org.springframework.beans.BeanInstantiationException: Failed to instantiate [org.springframework.boot.actuate.endpoint.mvc.EndpointHandlerMapping]: Factory method 'endpointHandlerMapping' threw exception; nested exception is org.springframework.beans.factory.BeanCreationException: Error creating bean with name 'mvcEndpoints' defined in class path resource [org/springframework/boot/actuate/autoconfigure/EndpointWebMvcManagementContextConfiguration.class]: Invocation of init method failed; nested exception is org.springframework.beans.factory.UnsatisfiedDependencyException: Error creating bean with name 'liquibaseEndpoint' defined in class path resource [org/springframework/boot/actuate/autoconfigure/EndpointAutoConfiguration$LiquibaseEndpointConfiguration.class]: Unsatisfied dependency expressed through method 'liquibaseEndpoint' parameter 0; nested exception is org.springframework.beans.factory.BeanCreationException: Error creating bean with name 'springLiquibase' defined in com.paascloud.PaasCloudUacApplication: Invocation of init method failed; nested exception is liquibase.exception.DatabaseException: com.mysql.jdbc.exceptions.jdbc4.CommunicationsException: Communications link failure

The last packet sent successfully to the server was 0 milliseconds ago. The driver has not received any packets from the server.
	at org.springframework.beans.factory.support.ConstructorResolver.createArgumentArray(ConstructorResolver.java:749)
	at org.springframework.beans.factory.support.ConstructorResolver.autowireConstructor(ConstructorResolver.java:189)
	at org.springframework.beans.factory.support.AbstractAutowireCapableBeanFactory.autowireConstructor(AbstractAutowireCapableBeanFactory.java:1201)
	at org.springframework.beans.factory.support.AbstractAutowireCapableBeanFactory.createBeanInstance(AbstractAutowireCapableBeanFactory.java:1103)
	at org.springframework.beans.factory.support.AbstractAutowireCapableBeanFactory.doCreateBean(AbstractAutowireCapableBeanFactory.java:513)
	at org.springframework.beans.factory.support.AbstractAutowireCapableBeanFactory.createBean(AbstractAutowireCapableBeanFactory.java:483)
	at org.springframework.beans.factory.support.AbstractBeanFactory$1.getObject(AbstractBeanFactory.java:312)
	at org.springframework.beans.factory.support.DefaultSingletonBeanRegistry.getSingleton(DefaultSingletonBeanRegistry.java:230)
	at org.springframework.beans.factory.support.AbstractBeanFactory.doGetBean(AbstractBeanFactory.java:308)
	at org.springframework.beans.factory.support.AbstractBeanFactory.getBean(AbstractBeanFactory.java:202)
	at org.springframework.beans.factory.config.DependencyDescriptor.resolveCandidate(DependencyDescriptor.java:208)
	at org.springframework.beans.factory.support.DefaultListableBeanFactory.addCandidateEntry(DefaultListableBeanFactory.java:1316)
	at org.springframework.beans.factory.support.DefaultListableBeanFactory.findAutowireCandidates(DefaultListableBeanFactory.java:1282)
	at org.springframework.beans.factory.support.DefaultListableBeanFactory.resolveMultipleBeans(DefaultListableBeanFactory.java:1180)
	at org.springframework.beans.factory.support.DefaultListableBeanFactory.doResolveDependency(DefaultListableBeanFactory.java:1096)
	at org.springframework.beans.factory.support.DefaultListableBeanFactory.resolveDependency(DefaultListableBeanFactory.java:1066)
	at org.springframework.beans.factory.support.ConstructorResolver.resolveAutowiredArgument(ConstructorResolver.java:835)
	at org.springframework.beans.factory.support.ConstructorResolver.createArgumentArray(ConstructorResolver.java:741)
	... 44 common frames omitted
Caused by: org.springframework.beans.factory.BeanCreationException: Error creating bean with name 'endpointHandlerMapping' defined in class path resource [org/springframework/boot/actuate/autoconfigure/EndpointWebMvcManagementContextConfiguration.class]: Bean instantiation via factory method failed; nested exception is org.springframework.beans.BeanInstantiationException: Failed to instantiate [org.springframework.boot.actuate.endpoint.mvc.EndpointHandlerMapping]: Factory method 'endpointHandlerMapping' threw exception; nested exception is org.springframework.beans.factory.BeanCreationException: Error creating bean with name 'mvcEndpoints' defined in class path resource [org/springframework/boot/actuate/autoconfigure/EndpointWebMvcManagementContextConfiguration.class]: Invocation of init method failed; nested exception is org.springframework.beans.factory.UnsatisfiedDependencyException: Error creating bean with name 'liquibaseEndpoint' defined in class path resource [org/springframework/boot/actuate/autoconfigure/EndpointAutoConfiguration$LiquibaseEndpointConfiguration.class]: Unsatisfied dependency expressed through method 'liquibaseEndpoint' parameter 0; nested exception is org.springframework.beans.factory.BeanCreationException: Error creating bean with name 'springLiquibase' defined in com.paascloud.PaasCloudUacApplication: Invocation of init method failed; nested exception is liquibase.exception.DatabaseException: com.mysql.jdbc.exceptions.jdbc4.CommunicationsException: Communications link failure

The last packet sent successfully to the server was 0 milliseconds ago. The driver has not received any packets from the server.
	at org.springframework.beans.factory.support.ConstructorResolver.instantiateUsingFactoryMethod(ConstructorResolver.java:599)
	at org.springframework.beans.factory.support.AbstractAutowireCapableBeanFactory.instantiateUsingFactoryMethod(AbstractAutowireCapableBeanFactory.java:1181)
	at org.springframework.beans.factory.support.AbstractAutowireCapableBeanFactory.createBeanInstance(AbstractAutowireCapableBeanFactory.java:1075)
	at org.springframework.beans.factory.support.AbstractAutowireCapableBeanFactory.doCreateBean(AbstractAutowireCapableBeanFactory.java:513)
	at org.springframework.beans.factory.support.AbstractAutowireCapableBeanFactory.createBean(AbstractAutowireCapableBeanFactory.java:483)
	at org.springframework.beans.factory.support.AbstractBeanFactory$1.getObject(AbstractBeanFactory.java:312)
	at org.springframework.beans.factory.support.DefaultSingletonBeanRegistry.getSingleton(DefaultSingletonBeanRegistry.java:230)
	at org.springframework.beans.factory.support.AbstractBeanFactory.doGetBean(AbstractBeanFactory.java:308)
	at org.springframework.beans.factory.support.AbstractBeanFactory.getBean(AbstractBeanFactory.java:202)
	at org.springframework.beans.factory.config.DependencyDescriptor.resolveCandidate(DependencyDescriptor.java:208)
	at org.springframework.beans.factory.support.DefaultListableBeanFactory.addCandidateEntry(DefaultListableBeanFactory.java:1316)
	at org.springframework.beans.factory.support.DefaultListableBeanFactory.findAutowireCandidates(DefaultListableBeanFactory.java:1282)
	at org.springframework.beans.factory.support.DefaultListableBeanFactory.resolveMultipleBeans(DefaultListableBeanFactory.java:1180)
	at org.springframework.beans.factory.support.DefaultListableBeanFactory.doResolveDependency(DefaultListableBeanFactory.java:1096)
	at org.springframework.beans.factory.support.DefaultListableBeanFactory.resolveDependency(DefaultListableBeanFactory.java:1066)
	at org.springframework.beans.factory.support.ConstructorResolver.resolveAutowiredArgument(ConstructorResolver.java:835)
	at org.springframework.beans.factory.support.ConstructorResolver.createArgumentArray(ConstructorResolver.java:741)
	... 61 common frames omitted
Caused by: org.springframework.beans.BeanInstantiationException: Failed to instantiate [org.springframework.boot.actuate.endpoint.mvc.EndpointHandlerMapping]: Factory method 'endpointHandlerMapping' threw exception; nested exception is org.springframework.beans.factory.BeanCreationException: Error creating bean with name 'mvcEndpoints' defined in class path resource [org/springframework/boot/actuate/autoconfigure/EndpointWebMvcManagementContextConfiguration.class]: Invocation of init method failed; nested exception is org.springframework.beans.factory.UnsatisfiedDependencyException: Error creating bean with name 'liquibaseEndpoint' defined in class path resource [org/springframework/boot/actuate/autoconfigure/EndpointAutoConfiguration$LiquibaseEndpointConfiguration.class]: Unsatisfied dependency expressed through method 'liquibaseEndpoint' parameter 0; nested exception is org.springframework.beans.factory.BeanCreationException: Error creating bean with name 'springLiquibase' defined in com.paascloud.PaasCloudUacApplication: Invocation of init method failed; nested exception is liquibase.exception.DatabaseException: com.mysql.jdbc.exceptions.jdbc4.CommunicationsException: Communications link failure

The last packet sent successfully to the server was 0 milliseconds ago. The driver has not received any packets from the server.
	at org.springframework.beans.factory.support.SimpleInstantiationStrategy.instantiate(SimpleInstantiationStrategy.java:189)
	at org.springframework.beans.factory.support.ConstructorResolver.instantiateUsingFactoryMethod(ConstructorResolver.java:588)
	... 77 common frames omitted
Caused by: org.springframework.beans.factory.BeanCreationException: Error creating bean with name 'mvcEndpoints' defined in class path resource [org/springframework/boot/actuate/autoconfigure/EndpointWebMvcManagementContextConfiguration.class]: Invocation of init method failed; nested exception is org.springframework.beans.factory.UnsatisfiedDependencyException: Error creating bean with name 'liquibaseEndpoint' defined in class path resource [org/springframework/boot/actuate/autoconfigure/EndpointAutoConfiguration$LiquibaseEndpointConfiguration.class]: Unsatisfied dependency expressed through method 'liquibaseEndpoint' parameter 0; nested exception is org.springframework.beans.factory.BeanCreationException: Error creating bean with name 'springLiquibase' defined in com.paascloud.PaasCloudUacApplication: Invocation of init method failed; nested exception is liquibase.exception.DatabaseException: com.mysql.jdbc.exceptions.jdbc4.CommunicationsException: Communications link failure

The last packet sent successfully to the server was 0 milliseconds ago. The driver has not received any packets from the server.
	at org.springframework.beans.factory.support.AbstractAutowireCapableBeanFactory.initializeBean(AbstractAutowireCapableBeanFactory.java:1634)
	at org.springframework.beans.factory.support.AbstractAutowireCapableBeanFactory.doCreateBean(AbstractAutowireCapableBeanFactory.java:555)
	at org.springframework.beans.factory.support.AbstractAutowireCapableBeanFactory.createBean(AbstractAutowireCapableBeanFactory.java:483)
	at org.springframework.beans.factory.support.AbstractBeanFactory$1.getObject(AbstractBeanFactory.java:312)
	at org.springframework.beans.factory.support.DefaultSingletonBeanRegistry.getSingleton(DefaultSingletonBeanRegistry.java:230)
	at org.springframework.beans.factory.support.AbstractBeanFactory.doGetBean(AbstractBeanFactory.java:308)
	at org.springframework.beans.factory.support.AbstractBeanFactory.getBean(AbstractBeanFactory.java:197)
	at org.springframework.context.annotation.ConfigurationClassEnhancer$BeanMethodInterceptor.obtainBeanInstanceFromFactory(ConfigurationClassEnhancer.java:389)
	at org.springframework.context.annotation.ConfigurationClassEnhancer$BeanMethodInterceptor.intercept(ConfigurationClassEnhancer.java:361)
	at org.springframework.boot.actuate.autoconfigure.EndpointWebMvcManagementContextConfiguration$$EnhancerBySpringCGLIB$$296c71c0.mvcEndpoints(<generated>)
	at org.springframework.boot.actuate.autoconfigure.EndpointWebMvcManagementContextConfiguration.endpointHandlerMapping(EndpointWebMvcManagementContextConfiguration.java:99)
	at org.springframework.boot.actuate.autoconfigure.EndpointWebMvcManagementContextConfiguration$$EnhancerBySpringCGLIB$$296c71c0.CGLIB$endpointHandlerMapping$2(<generated>)
	at org.springframework.boot.actuate.autoconfigure.EndpointWebMvcManagementContextConfiguration$$EnhancerBySpringCGLIB$$296c71c0$$FastClassBySpringCGLIB$$79d323a4.invoke(<generated>)
	at org.springframework.cglib.proxy.MethodProxy.invokeSuper(MethodProxy.java:228)
	at org.springframework.context.annotation.ConfigurationClassEnhancer$BeanMethodInterceptor.intercept(ConfigurationClassEnhancer.java:358)
	at org.springframework.boot.actuate.autoconfigure.EndpointWebMvcManagementContextConfiguration$$EnhancerBySpringCGLIB$$296c71c0.endpointHandlerMapping(<generated>)
	at sun.reflect.NativeMethodAccessorImpl.invoke0(Native Method)
	at sun.reflect.NativeMethodAccessorImpl.invoke(NativeMethodAccessorImpl.java:62)
	at sun.reflect.DelegatingMethodAccessorImpl.invoke(DelegatingMethodAccessorImpl.java:43)
	at java.lang.reflect.Method.invoke(Method.java:497)
	at org.springframework.beans.factory.support.SimpleInstantiationStrategy.instantiate(SimpleInstantiationStrategy.java:162)
	... 78 common frames omitted
Caused by: org.springframework.beans.factory.UnsatisfiedDependencyException: Error creating bean with name 'liquibaseEndpoint' defined in class path resource [org/springframework/boot/actuate/autoconfigure/EndpointAutoConfiguration$LiquibaseEndpointConfiguration.class]: Unsatisfied dependency expressed through method 'liquibaseEndpoint' parameter 0; nested exception is org.springframework.beans.factory.BeanCreationException: Error creating bean with name 'springLiquibase' defined in com.paascloud.PaasCloudUacApplication: Invocation of init method failed; nested exception is liquibase.exception.DatabaseException: com.mysql.jdbc.exceptions.jdbc4.CommunicationsException: Communications link failure

The last packet sent successfully to the server was 0 milliseconds ago. The driver has not received any packets from the server.
	at org.springframework.beans.factory.support.ConstructorResolver.createArgumentArray(ConstructorResolver.java:749)
	at org.springframework.beans.factory.support.ConstructorResolver.instantiateUsingFactoryMethod(ConstructorResolver.java:467)
	at org.springframework.beans.factory.support.AbstractAutowireCapableBeanFactory.instantiateUsingFactoryMethod(AbstractAutowireCapableBeanFactory.java:1181)
	at org.springframework.beans.factory.support.AbstractAutowireCapableBeanFactory.createBeanInstance(AbstractAutowireCapableBeanFactory.java:1075)
	at org.springframework.beans.factory.support.AbstractAutowireCapableBeanFactory.doCreateBean(AbstractAutowireCapableBeanFactory.java:513)
	at org.springframework.beans.factory.support.AbstractAutowireCapableBeanFactory.createBean(AbstractAutowireCapableBeanFactory.java:483)
	at org.springframework.beans.factory.support.AbstractBeanFactory$1.getObject(AbstractBeanFactory.java:312)
	at org.springframework.beans.factory.support.DefaultSingletonBeanRegistry.getSingleton(DefaultSingletonBeanRegistry.java:230)
	at org.springframework.beans.factory.support.AbstractBeanFactory.doGetBean(AbstractBeanFactory.java:308)
	at org.springframework.beans.factory.support.AbstractBeanFactory.getBean(AbstractBeanFactory.java:202)
	at org.springframework.beans.factory.support.DefaultListableBeanFactory.getBeansOfType(DefaultListableBeanFactory.java:519)
	at org.springframework.beans.factory.support.DefaultListableBeanFactory.getBeansOfType(DefaultListableBeanFactory.java:508)
	at org.springframework.context.support.AbstractApplicationContext.getBeansOfType(AbstractApplicationContext.java:1189)
	at org.springframework.beans.factory.BeanFactoryUtils.beansOfTypeIncludingAncestors(BeanFactoryUtils.java:240)
	at org.springframework.boot.actuate.endpoint.mvc.MvcEndpoints.afterPropertiesSet(MvcEndpoints.java:64)
	at org.springframework.beans.factory.support.AbstractAutowireCapableBeanFactory.invokeInitMethods(AbstractAutowireCapableBeanFactory.java:1692)
	at org.springframework.beans.factory.support.AbstractAutowireCapableBeanFactory.initializeBean(AbstractAutowireCapableBeanFactory.java:1630)
	... 98 common frames omitted
Caused by: org.springframework.beans.factory.BeanCreationException: Error creating bean with name 'springLiquibase' defined in com.paascloud.PaasCloudUacApplication: Invocation of init method failed; nested exception is liquibase.exception.DatabaseException: com.mysql.jdbc.exceptions.jdbc4.CommunicationsException: Communications link failure

The last packet sent successfully to the server was 0 milliseconds ago. The driver has not received any packets from the server.
	at org.springframework.beans.factory.support.AbstractAutowireCapableBeanFactory.initializeBean(AbstractAutowireCapableBeanFactory.java:1634)
	at org.springframework.beans.factory.support.AbstractAutowireCapableBeanFactory.doCreateBean(AbstractAutowireCapableBeanFactory.java:555)
	at org.springframework.beans.factory.support.AbstractAutowireCapableBeanFactory.createBean(AbstractAutowireCapableBeanFactory.java:483)
	at org.springframework.beans.factory.support.AbstractBeanFactory$1.getObject(AbstractBeanFactory.java:312)
	at org.springframework.beans.factory.support.DefaultSingletonBeanRegistry.getSingleton(DefaultSingletonBeanRegistry.java:230)
	at org.springframework.beans.factory.support.AbstractBeanFactory.doGetBean(AbstractBeanFactory.java:308)
	at org.springframework.beans.factory.support.AbstractBeanFactory.getBean(AbstractBeanFactory.java:202)
	at org.springframework.beans.factory.config.DependencyDescriptor.resolveCandidate(DependencyDescriptor.java:208)
	at org.springframework.beans.factory.support.DefaultListableBeanFactory.addCandidateEntry(DefaultListableBeanFactory.java:1316)
	at org.springframework.beans.factory.support.DefaultListableBeanFactory.findAutowireCandidates(DefaultListableBeanFactory.java:1282)
	at org.springframework.beans.factory.support.DefaultListableBeanFactory.resolveMultipleBeans(DefaultListableBeanFactory.java:1205)
	at org.springframework.beans.factory.support.DefaultListableBeanFactory.doResolveDependency(DefaultListableBeanFactory.java:1096)
	at org.springframework.beans.factory.support.DefaultListableBeanFactory.resolveDependency(DefaultListableBeanFactory.java:1066)
	at org.springframework.beans.factory.support.ConstructorResolver.resolveAutowiredArgument(ConstructorResolver.java:835)
	at org.springframework.beans.factory.support.ConstructorResolver.createArgumentArray(ConstructorResolver.java:741)
	... 114 common frames omitted
Caused by: liquibase.exception.DatabaseException: com.mysql.jdbc.exceptions.jdbc4.CommunicationsException: Communications link failure

The last packet sent successfully to the server was 0 milliseconds ago. The driver has not received any packets from the server.
	at liquibase.integration.spring.SpringLiquibase.afterPropertiesSet(SpringLiquibase.java:390)
	at org.springframework.beans.factory.support.AbstractAutowireCapableBeanFactory.invokeInitMethods(AbstractAutowireCapableBeanFactory.java:1692)
	at org.springframework.beans.factory.support.AbstractAutowireCapableBeanFactory.initializeBean(AbstractAutowireCapableBeanFactory.java:1630)
	... 128 common frames omitted
Caused by: com.mysql.jdbc.exceptions.jdbc4.CommunicationsException: Communications link failure

The last packet sent successfully to the server was 0 milliseconds ago. The driver has not received any packets from the server.
	at sun.reflect.NativeConstructorAccessorImpl.newInstance0(Native Method)
	at sun.reflect.NativeConstructorAccessorImpl.newInstance(NativeConstructorAccessorImpl.java:62)
	at sun.reflect.DelegatingConstructorAccessorImpl.newInstance(DelegatingConstructorAccessorImpl.java:45)
	at java.lang.reflect.Constructor.newInstance(Constructor.java:422)
	at com.mysql.jdbc.Util.handleNewInstance(Util.java:404)
	at com.mysql.jdbc.SQLError.createCommunicationsException(SQLError.java:988)
	at com.mysql.jdbc.MysqlIO.<init>(MysqlIO.java:341)
	at com.mysql.jdbc.ConnectionImpl.coreConnect(ConnectionImpl.java:2251)
	at com.mysql.jdbc.ConnectionImpl.connectOneTryOnly(ConnectionImpl.java:2284)
	at com.mysql.jdbc.ConnectionImpl.createNewIO(ConnectionImpl.java:2083)
	at com.mysql.jdbc.ConnectionImpl.<init>(ConnectionImpl.java:806)
	at com.mysql.jdbc.JDBC4Connection.<init>(JDBC4Connection.java:47)
	at sun.reflect.NativeConstructorAccessorImpl.newInstance0(Native Method)
	at sun.reflect.NativeConstructorAccessorImpl.newInstance(NativeConstructorAccessorImpl.java:62)
	at sun.reflect.DelegatingConstructorAccessorImpl.newInstance(DelegatingConstructorAccessorImpl.java:45)
	at java.lang.reflect.Constructor.newInstance(Constructor.java:422)
	at com.mysql.jdbc.Util.handleNewInstance(Util.java:404)
	at com.mysql.jdbc.ConnectionImpl.getInstance(ConnectionImpl.java:410)
	at com.mysql.jdbc.NonRegisteringDriver.connect(NonRegisteringDriver.java:328)
	at com.alibaba.druid.filter.FilterChainImpl.connection_connect(FilterChainImpl.java:148)
	at com.alibaba.druid.filter.stat.StatFilter.connection_connect(StatFilter.java:220)
	at com.alibaba.druid.filter.FilterChainImpl.connection_connect(FilterChainImpl.java:142)
	at com.alibaba.druid.pool.DruidAbstractDataSource.createPhysicalConnection(DruidAbstractDataSource.java:1463)
	at com.alibaba.druid.pool.DruidAbstractDataSource.createPhysicalConnection(DruidAbstractDataSource.java:1525)
	at com.alibaba.druid.pool.DruidDataSource.init(DruidDataSource.java:734)
	at com.alibaba.druid.pool.DruidDataSource.getConnection(DruidDataSource.java:1060)
	at com.alibaba.druid.pool.DruidDataSource.getConnection(DruidDataSource.java:1056)
	at com.alibaba.druid.pool.DruidDataSource.getConnection(DruidDataSource.java:104)
	at liquibase.integration.spring.SpringLiquibase.afterPropertiesSet(SpringLiquibase.java:385)
	... 130 common frames omitted
Caused by: java.net.UnknownHostException: paascloud-db-mysql
	at java.net.Inet6AddressImpl.lookupAllHostAddr(Native Method)
	at java.net.InetAddress$2.lookupAllHostAddr(InetAddress.java:928)
	at java.net.InetAddress.getAddressesFromNameService(InetAddress.java:1323)
	at java.net.InetAddress.getAllByName0(InetAddress.java:1276)
	at java.net.InetAddress.getAllByName(InetAddress.java:1192)
	at java.net.InetAddress.getAllByName(InetAddress.java:1126)
	at com.mysql.jdbc.StandardSocketFactory.connect(StandardSocketFactory.java:188)
	at com.mysql.jdbc.MysqlIO.<init>(MysqlIO.java:300)
	... 152 common frames omitted

2019-03-29 16:16:31.120 ERROR [bootstrap,,,] [paascloud-provider-uac,,,,] 1684 --- [           main] o.s.test.context.TestContextManager      : Caught exception while allowing TestExecutionListener [org.springframework.test.context.web.ServletTestExecutionListener@8519cb4] to prepare test instance [com.paascloud.provider.PaasCloudUacApplicationTests@562058d8]

java.lang.IllegalStateException: Failed to load ApplicationContext
	at org.springframework.test.context.cache.DefaultCacheAwareContextLoaderDelegate.loadContext(DefaultCacheAwareContextLoaderDelegate.java:124)
	at org.springframework.test.context.support.DefaultTestContext.getApplicationContext(DefaultTestContext.java:83)
	at org.springframework.test.context.web.ServletTestExecutionListener.setUpRequestContextIfNecessary(ServletTestExecutionListener.java:189)
	at org.springframework.test.context.web.ServletTestExecutionListener.prepareTestInstance(ServletTestExecutionListener.java:131)
	at org.springframework.test.context.TestContextManager.prepareTestInstance(TestContextManager.java:230)
	at org.springframework.test.context.junit4.SpringJUnit4ClassRunner.createTest(SpringJUnit4ClassRunner.java:228)
	at org.springframework.test.context.junit4.SpringJUnit4ClassRunner$1.runReflectiveCall(SpringJUnit4ClassRunner.java:287)
	at org.junit.internal.runners.model.ReflectiveCallable.run(ReflectiveCallable.java:12)
	at org.springframework.test.context.junit4.SpringJUnit4ClassRunner.methodBlock(SpringJUnit4ClassRunner.java:289)
	at org.springframework.test.context.junit4.SpringJUnit4ClassRunner.runChild(SpringJUnit4ClassRunner.java:247)
	at org.springframework.test.context.junit4.SpringJUnit4ClassRunner.runChild(SpringJUnit4ClassRunner.java:94)
	at org.junit.runners.ParentRunner$3.run(ParentRunner.java:290)
	at org.junit.runners.ParentRunner$1.schedule(ParentRunner.java:71)
	at org.junit.runners.ParentRunner.runChildren(ParentRunner.java:288)
	at org.junit.runners.ParentRunner.access$000(ParentRunner.java:58)
	at org.junit.runners.ParentRunner$2.evaluate(ParentRunner.java:268)
	at org.springframework.test.context.junit4.statements.RunBeforeTestClassCallbacks.evaluate(RunBeforeTestClassCallbacks.java:61)
	at org.springframework.test.context.junit4.statements.RunAfterTestClassCallbacks.evaluate(RunAfterTestClassCallbacks.java:70)
	at org.junit.runners.ParentRunner.run(ParentRunner.java:363)
	at org.springframework.test.context.junit4.SpringJUnit4ClassRunner.run(SpringJUnit4ClassRunner.java:191)
	at org.apache.maven.surefire.junit4.JUnit4Provider.execute(JUnit4Provider.java:283)
	at org.apache.maven.surefire.junit4.JUnit4Provider.executeWithRerun(JUnit4Provider.java:173)
	at org.apache.maven.surefire.junit4.JUnit4Provider.executeTestSet(JUnit4Provider.java:153)
	at org.apache.maven.surefire.junit4.JUnit4Provider.invoke(JUnit4Provider.java:128)
	at org.apache.maven.surefire.booter.ForkedBooter.invokeProviderInSameClassLoader(ForkedBooter.java:203)
	at org.apache.maven.surefire.booter.ForkedBooter.runSuitesInProcess(ForkedBooter.java:155)
	at org.apache.maven.surefire.booter.ForkedBooter.main(ForkedBooter.java:103)
Caused by: org.springframework.beans.factory.UnsatisfiedDependencyException: Error creating bean with name 'documentationPluginsBootstrapper' defined in URL [jar:file:/D:/maven/mavenWareHouseNew/io/springfox/springfox-spring-web/2.6.1/springfox-spring-web-2.6.1.jar!/springfox/documentation/spring/web/plugins/DocumentationPluginsBootstrapper.class]: Unsatisfied dependency expressed through constructor parameter 1; nested exception is org.springframework.beans.factory.UnsatisfiedDependencyException: Error creating bean with name 'webMvcRequestHandlerProvider' defined in URL [jar:file:/D:/maven/mavenWareHouseNew/io/springfox/springfox-spring-web/2.6.1/springfox-spring-web-2.6.1.jar!/springfox/documentation/spring/web/plugins/WebMvcRequestHandlerProvider.class]: Unsatisfied dependency expressed through constructor parameter 0; nested exception is org.springframework.beans.factory.BeanCreationException: Error creating bean with name 'endpointHandlerMapping' defined in class path resource [org/springframework/boot/actuate/autoconfigure/EndpointWebMvcManagementContextConfiguration.class]: Bean instantiation via factory method failed; nested exception is org.springframework.beans.BeanInstantiationException: Failed to instantiate [org.springframework.boot.actuate.endpoint.mvc.EndpointHandlerMapping]: Factory method 'endpointHandlerMapping' threw exception; nested exception is org.springframework.beans.factory.BeanCreationException: Error creating bean with name 'mvcEndpoints' defined in class path resource [org/springframework/boot/actuate/autoconfigure/EndpointWebMvcManagementContextConfiguration.class]: Invocation of init method failed; nested exception is org.springframework.beans.factory.UnsatisfiedDependencyException: Error creating bean with name 'liquibaseEndpoint' defined in class path resource [org/springframework/boot/actuate/autoconfigure/EndpointAutoConfiguration$LiquibaseEndpointConfiguration.class]: Unsatisfied dependency expressed through method 'liquibaseEndpoint' parameter 0; nested exception is org.springframework.beans.factory.BeanCreationException: Error creating bean with name 'springLiquibase' defined in com.paascloud.PaasCloudUacApplication: Invocation of init method failed; nested exception is liquibase.exception.DatabaseException: com.mysql.jdbc.exceptions.jdbc4.CommunicationsException: Communications link failure

The last packet sent successfully to the server was 0 milliseconds ago. The driver has not received any packets from the server.
	at org.springframework.beans.factory.support.ConstructorResolver.createArgumentArray(ConstructorResolver.java:749)
	at org.springframework.beans.factory.support.ConstructorResolver.autowireConstructor(ConstructorResolver.java:189)
	at org.springframework.beans.factory.support.AbstractAutowireCapableBeanFactory.autowireConstructor(AbstractAutowireCapableBeanFactory.java:1201)
	at org.springframework.beans.factory.support.AbstractAutowireCapableBeanFactory.createBeanInstance(AbstractAutowireCapableBeanFactory.java:1103)
	at org.springframework.beans.factory.support.AbstractAutowireCapableBeanFactory.doCreateBean(AbstractAutowireCapableBeanFactory.java:513)
	at org.springframework.beans.factory.support.AbstractAutowireCapableBeanFactory.createBean(AbstractAutowireCapableBeanFactory.java:483)
	at org.springframework.beans.factory.support.AbstractBeanFactory$1.getObject(AbstractBeanFactory.java:312)
	at org.springframework.beans.factory.support.DefaultSingletonBeanRegistry.getSingleton(DefaultSingletonBeanRegistry.java:230)
	at org.springframework.beans.factory.support.AbstractBeanFactory.doGetBean(AbstractBeanFactory.java:308)
	at org.springframework.beans.factory.support.AbstractBeanFactory.getBean(AbstractBeanFactory.java:197)
	at org.springframework.beans.factory.support.DefaultListableBeanFactory.preInstantiateSingletons(DefaultListableBeanFactory.java:761)
	at org.springframework.context.support.AbstractApplicationContext.finishBeanFactoryInitialization(AbstractApplicationContext.java:866)
	at org.springframework.context.support.AbstractApplicationContext.refresh(AbstractApplicationContext.java:542)
	at org.springframework.boot.SpringApplication.refresh(SpringApplication.java:693)
	at org.springframework.boot.SpringApplication.refreshContext(SpringApplication.java:360)
	at org.springframework.boot.SpringApplication.run(SpringApplication.java:303)
	at org.springframework.boot.test.context.SpringBootContextLoader.loadContext(SpringBootContextLoader.java:121)
	at org.springframework.test.context.cache.DefaultCacheAwareContextLoaderDelegate.loadContextInternal(DefaultCacheAwareContextLoaderDelegate.java:98)
	at org.springframework.test.context.cache.DefaultCacheAwareContextLoaderDelegate.loadContext(DefaultCacheAwareContextLoaderDelegate.java:116)
	... 26 common frames omitted
Caused by: org.springframework.beans.factory.UnsatisfiedDependencyException: Error creating bean with name 'webMvcRequestHandlerProvider' defined in URL [jar:file:/D:/maven/mavenWareHouseNew/io/springfox/springfox-spring-web/2.6.1/springfox-spring-web-2.6.1.jar!/springfox/documentation/spring/web/plugins/WebMvcRequestHandlerProvider.class]: Unsatisfied dependency expressed through constructor parameter 0; nested exception is org.springframework.beans.factory.BeanCreationException: Error creating bean with name 'endpointHandlerMapping' defined in class path resource [org/springframework/boot/actuate/autoconfigure/EndpointWebMvcManagementContextConfiguration.class]: Bean instantiation via factory method failed; nested exception is org.springframework.beans.BeanInstantiationException: Failed to instantiate [org.springframework.boot.actuate.endpoint.mvc.EndpointHandlerMapping]: Factory method 'endpointHandlerMapping' threw exception; nested exception is org.springframework.beans.factory.BeanCreationException: Error creating bean with name 'mvcEndpoints' defined in class path resource [org/springframework/boot/actuate/autoconfigure/EndpointWebMvcManagementContextConfiguration.class]: Invocation of init method failed; nested exception is org.springframework.beans.factory.UnsatisfiedDependencyException: Error creating bean with name 'liquibaseEndpoint' defined in class path resource [org/springframework/boot/actuate/autoconfigure/EndpointAutoConfiguration$LiquibaseEndpointConfiguration.class]: Unsatisfied dependency expressed through method 'liquibaseEndpoint' parameter 0; nested exception is org.springframework.beans.factory.BeanCreationException: Error creating bean with name 'springLiquibase' defined in com.paascloud.PaasCloudUacApplication: Invocation of init method failed; nested exception is liquibase.exception.DatabaseException: com.mysql.jdbc.exceptions.jdbc4.CommunicationsException: Communications link failure

The last packet sent successfully to the server was 0 milliseconds ago. The driver has not received any packets from the server.
	at org.springframework.beans.factory.support.ConstructorResolver.createArgumentArray(ConstructorResolver.java:749)
	at org.springframework.beans.factory.support.ConstructorResolver.autowireConstructor(ConstructorResolver.java:189)
	at org.springframework.beans.factory.support.AbstractAutowireCapableBeanFactory.autowireConstructor(AbstractAutowireCapableBeanFactory.java:1201)
	at org.springframework.beans.factory.support.AbstractAutowireCapableBeanFactory.createBeanInstance(AbstractAutowireCapableBeanFactory.java:1103)
	at org.springframework.beans.factory.support.AbstractAutowireCapableBeanFactory.doCreateBean(AbstractAutowireCapableBeanFactory.java:513)
	at org.springframework.beans.factory.support.AbstractAutowireCapableBeanFactory.createBean(AbstractAutowireCapableBeanFactory.java:483)
	at org.springframework.beans.factory.support.AbstractBeanFactory$1.getObject(AbstractBeanFactory.java:312)
	at org.springframework.beans.factory.support.DefaultSingletonBeanRegistry.getSingleton(DefaultSingletonBeanRegistry.java:230)
	at org.springframework.beans.factory.support.AbstractBeanFactory.doGetBean(AbstractBeanFactory.java:308)
	at org.springframework.beans.factory.support.AbstractBeanFactory.getBean(AbstractBeanFactory.java:202)
	at org.springframework.beans.factory.config.DependencyDescriptor.resolveCandidate(DependencyDescriptor.java:208)
	at org.springframework.beans.factory.support.DefaultListableBeanFactory.addCandidateEntry(DefaultListableBeanFactory.java:1316)
	at org.springframework.beans.factory.support.DefaultListableBeanFactory.findAutowireCandidates(DefaultListableBeanFactory.java:1282)
	at org.springframework.beans.factory.support.DefaultListableBeanFactory.resolveMultipleBeans(DefaultListableBeanFactory.java:1180)
	at org.springframework.beans.factory.support.DefaultListableBeanFactory.doResolveDependency(DefaultListableBeanFactory.java:1096)
	at org.springframework.beans.factory.support.DefaultListableBeanFactory.resolveDependency(DefaultListableBeanFactory.java:1066)
	at org.springframework.beans.factory.support.ConstructorResolver.resolveAutowiredArgument(ConstructorResolver.java:835)
	at org.springframework.beans.factory.support.ConstructorResolver.createArgumentArray(ConstructorResolver.java:741)
	... 44 common frames omitted
Caused by: org.springframework.beans.factory.BeanCreationException: Error creating bean with name 'endpointHandlerMapping' defined in class path resource [org/springframework/boot/actuate/autoconfigure/EndpointWebMvcManagementContextConfiguration.class]: Bean instantiation via factory method failed; nested exception is org.springframework.beans.BeanInstantiationException: Failed to instantiate [org.springframework.boot.actuate.endpoint.mvc.EndpointHandlerMapping]: Factory method 'endpointHandlerMapping' threw exception; nested exception is org.springframework.beans.factory.BeanCreationException: Error creating bean with name 'mvcEndpoints' defined in class path resource [org/springframework/boot/actuate/autoconfigure/EndpointWebMvcManagementContextConfiguration.class]: Invocation of init method failed; nested exception is org.springframework.beans.factory.UnsatisfiedDependencyException: Error creating bean with name 'liquibaseEndpoint' defined in class path resource [org/springframework/boot/actuate/autoconfigure/EndpointAutoConfiguration$LiquibaseEndpointConfiguration.class]: Unsatisfied dependency expressed through method 'liquibaseEndpoint' parameter 0; nested exception is org.springframework.beans.factory.BeanCreationException: Error creating bean with name 'springLiquibase' defined in com.paascloud.PaasCloudUacApplication: Invocation of init method failed; nested exception is liquibase.exception.DatabaseException: com.mysql.jdbc.exceptions.jdbc4.CommunicationsException: Communications link failure

The last packet sent successfully to the server was 0 milliseconds ago. The driver has not received any packets from the server.
	at org.springframework.beans.factory.support.ConstructorResolver.instantiateUsingFactoryMethod(ConstructorResolver.java:599)
	at org.springframework.beans.factory.support.AbstractAutowireCapableBeanFactory.instantiateUsingFactoryMethod(AbstractAutowireCapableBeanFactory.java:1181)
	at org.springframework.beans.factory.support.AbstractAutowireCapableBeanFactory.createBeanInstance(AbstractAutowireCapableBeanFactory.java:1075)
	at org.springframework.beans.factory.support.AbstractAutowireCapableBeanFactory.doCreateBean(AbstractAutowireCapableBeanFactory.java:513)
	at org.springframework.beans.factory.support.AbstractAutowireCapableBeanFactory.createBean(AbstractAutowireCapableBeanFactory.java:483)
	at org.springframework.beans.factory.support.AbstractBeanFactory$1.getObject(AbstractBeanFactory.java:312)
	at org.springframework.beans.factory.support.DefaultSingletonBeanRegistry.getSingleton(DefaultSingletonBeanRegistry.java:230)
	at org.springframework.beans.factory.support.AbstractBeanFactory.doGetBean(AbstractBeanFactory.java:308)
	at org.springframework.beans.factory.support.AbstractBeanFactory.getBean(AbstractBeanFactory.java:202)
	at org.springframework.beans.factory.config.DependencyDescriptor.resolveCandidate(DependencyDescriptor.java:208)
	at org.springframework.beans.factory.support.DefaultListableBeanFactory.addCandidateEntry(DefaultListableBeanFactory.java:1316)
	at org.springframework.beans.factory.support.DefaultListableBeanFactory.findAutowireCandidates(DefaultListableBeanFactory.java:1282)
	at org.springframework.beans.factory.support.DefaultListableBeanFactory.resolveMultipleBeans(DefaultListableBeanFactory.java:1180)
	at org.springframework.beans.factory.support.DefaultListableBeanFactory.doResolveDependency(DefaultListableBeanFactory.java:1096)
	at org.springframework.beans.factory.support.DefaultListableBeanFactory.resolveDependency(DefaultListableBeanFactory.java:1066)
	at org.springframework.beans.factory.support.ConstructorResolver.resolveAutowiredArgument(ConstructorResolver.java:835)
	at org.springframework.beans.factory.support.ConstructorResolver.createArgumentArray(ConstructorResolver.java:741)
	... 61 common frames omitted
Caused by: org.springframework.beans.BeanInstantiationException: Failed to instantiate [org.springframework.boot.actuate.endpoint.mvc.EndpointHandlerMapping]: Factory method 'endpointHandlerMapping' threw exception; nested exception is org.springframework.beans.factory.BeanCreationException: Error creating bean with name 'mvcEndpoints' defined in class path resource [org/springframework/boot/actuate/autoconfigure/EndpointWebMvcManagementContextConfiguration.class]: Invocation of init method failed; nested exception is org.springframework.beans.factory.UnsatisfiedDependencyException: Error creating bean with name 'liquibaseEndpoint' defined in class path resource [org/springframework/boot/actuate/autoconfigure/EndpointAutoConfiguration$LiquibaseEndpointConfiguration.class]: Unsatisfied dependency expressed through method 'liquibaseEndpoint' parameter 0; nested exception is org.springframework.beans.factory.BeanCreationException: Error creating bean with name 'springLiquibase' defined in com.paascloud.PaasCloudUacApplication: Invocation of init method failed; nested exception is liquibase.exception.DatabaseException: com.mysql.jdbc.exceptions.jdbc4.CommunicationsException: Communications link failure

The last packet sent successfully to the server was 0 milliseconds ago. The driver has not received any packets from the server.
	at org.springframework.beans.factory.support.SimpleInstantiationStrategy.instantiate(SimpleInstantiationStrategy.java:189)
	at org.springframework.beans.factory.support.ConstructorResolver.instantiateUsingFactoryMethod(ConstructorResolver.java:588)
	... 77 common frames omitted
Caused by: org.springframework.beans.factory.BeanCreationException: Error creating bean with name 'mvcEndpoints' defined in class path resource [org/springframework/boot/actuate/autoconfigure/EndpointWebMvcManagementContextConfiguration.class]: Invocation of init method failed; nested exception is org.springframework.beans.factory.UnsatisfiedDependencyException: Error creating bean with name 'liquibaseEndpoint' defined in class path resource [org/springframework/boot/actuate/autoconfigure/EndpointAutoConfiguration$LiquibaseEndpointConfiguration.class]: Unsatisfied dependency expressed through method 'liquibaseEndpoint' parameter 0; nested exception is org.springframework.beans.factory.BeanCreationException: Error creating bean with name 'springLiquibase' defined in com.paascloud.PaasCloudUacApplication: Invocation of init method failed; nested exception is liquibase.exception.DatabaseException: com.mysql.jdbc.exceptions.jdbc4.CommunicationsException: Communications link failure

The last packet sent successfully to the server was 0 milliseconds ago. The driver has not received any packets from the server.
	at org.springframework.beans.factory.support.AbstractAutowireCapableBeanFactory.initializeBean(AbstractAutowireCapableBeanFactory.java:1634)
	at org.springframework.beans.factory.support.AbstractAutowireCapableBeanFactory.doCreateBean(AbstractAutowireCapableBeanFactory.java:555)
	at org.springframework.beans.factory.support.AbstractAutowireCapableBeanFactory.createBean(AbstractAutowireCapableBeanFactory.java:483)
	at org.springframework.beans.factory.support.AbstractBeanFactory$1.getObject(AbstractBeanFactory.java:312)
	at org.springframework.beans.factory.support.DefaultSingletonBeanRegistry.getSingleton(DefaultSingletonBeanRegistry.java:230)
	at org.springframework.beans.factory.support.AbstractBeanFactory.doGetBean(AbstractBeanFactory.java:308)
	at org.springframework.beans.factory.support.AbstractBeanFactory.getBean(AbstractBeanFactory.java:197)
	at org.springframework.context.annotation.ConfigurationClassEnhancer$BeanMethodInterceptor.obtainBeanInstanceFromFactory(ConfigurationClassEnhancer.java:389)
	at org.springframework.context.annotation.ConfigurationClassEnhancer$BeanMethodInterceptor.intercept(ConfigurationClassEnhancer.java:361)
	at org.springframework.boot.actuate.autoconfigure.EndpointWebMvcManagementContextConfiguration$$EnhancerBySpringCGLIB$$296c71c0.mvcEndpoints(<generated>)
	at org.springframework.boot.actuate.autoconfigure.EndpointWebMvcManagementContextConfiguration.endpointHandlerMapping(EndpointWebMvcManagementContextConfiguration.java:99)
	at org.springframework.boot.actuate.autoconfigure.EndpointWebMvcManagementContextConfiguration$$EnhancerBySpringCGLIB$$296c71c0.CGLIB$endpointHandlerMapping$2(<generated>)
	at org.springframework.boot.actuate.autoconfigure.EndpointWebMvcManagementContextConfiguration$$EnhancerBySpringCGLIB$$296c71c0$$FastClassBySpringCGLIB$$79d323a4.invoke(<generated>)
	at org.springframework.cglib.proxy.MethodProxy.invokeSuper(MethodProxy.java:228)
	at org.springframework.context.annotation.ConfigurationClassEnhancer$BeanMethodInterceptor.intercept(ConfigurationClassEnhancer.java:358)
	at org.springframework.boot.actuate.autoconfigure.EndpointWebMvcManagementContextConfiguration$$EnhancerBySpringCGLIB$$296c71c0.endpointHandlerMapping(<generated>)
	at sun.reflect.NativeMethodAccessorImpl.invoke0(Native Method)
	at sun.reflect.NativeMethodAccessorImpl.invoke(NativeMethodAccessorImpl.java:62)
	at sun.reflect.DelegatingMethodAccessorImpl.invoke(DelegatingMethodAccessorImpl.java:43)
	at java.lang.reflect.Method.invoke(Method.java:497)
	at org.springframework.beans.factory.support.SimpleInstantiationStrategy.instantiate(SimpleInstantiationStrategy.java:162)
	... 78 common frames omitted
Caused by: org.springframework.beans.factory.UnsatisfiedDependencyException: Error creating bean with name 'liquibaseEndpoint' defined in class path resource [org/springframework/boot/actuate/autoconfigure/EndpointAutoConfiguration$LiquibaseEndpointConfiguration.class]: Unsatisfied dependency expressed through method 'liquibaseEndpoint' parameter 0; nested exception is org.springframework.beans.factory.BeanCreationException: Error creating bean with name 'springLiquibase' defined in com.paascloud.PaasCloudUacApplication: Invocation of init method failed; nested exception is liquibase.exception.DatabaseException: com.mysql.jdbc.exceptions.jdbc4.CommunicationsException: Communications link failure

The last packet sent successfully to the server was 0 milliseconds ago. The driver has not received any packets from the server.
	at org.springframework.beans.factory.support.ConstructorResolver.createArgumentArray(ConstructorResolver.java:749)
	at org.springframework.beans.factory.support.ConstructorResolver.instantiateUsingFactoryMethod(ConstructorResolver.java:467)
	at org.springframework.beans.factory.support.AbstractAutowireCapableBeanFactory.instantiateUsingFactoryMethod(AbstractAutowireCapableBeanFactory.java:1181)
	at org.springframework.beans.factory.support.AbstractAutowireCapableBeanFactory.createBeanInstance(AbstractAutowireCapableBeanFactory.java:1075)
	at org.springframework.beans.factory.support.AbstractAutowireCapableBeanFactory.doCreateBean(AbstractAutowireCapableBeanFactory.java:513)
	at org.springframework.beans.factory.support.AbstractAutowireCapableBeanFactory.createBean(AbstractAutowireCapableBeanFactory.java:483)
	at org.springframework.beans.factory.support.AbstractBeanFactory$1.getObject(AbstractBeanFactory.java:312)
	at org.springframework.beans.factory.support.DefaultSingletonBeanRegistry.getSingleton(DefaultSingletonBeanRegistry.java:230)
	at org.springframework.beans.factory.support.AbstractBeanFactory.doGetBean(AbstractBeanFactory.java:308)
	at org.springframework.beans.factory.support.AbstractBeanFactory.getBean(AbstractBeanFactory.java:202)
	at org.springframework.beans.factory.support.DefaultListableBeanFactory.getBeansOfType(DefaultListableBeanFactory.java:519)
	at org.springframework.beans.factory.support.DefaultListableBeanFactory.getBeansOfType(DefaultListableBeanFactory.java:508)
	at org.springframework.context.support.AbstractApplicationContext.getBeansOfType(AbstractApplicationContext.java:1189)
	at org.springframework.beans.factory.BeanFactoryUtils.beansOfTypeIncludingAncestors(BeanFactoryUtils.java:240)
	at org.springframework.boot.actuate.endpoint.mvc.MvcEndpoints.afterPropertiesSet(MvcEndpoints.java:64)
	at org.springframework.beans.factory.support.AbstractAutowireCapableBeanFactory.invokeInitMethods(AbstractAutowireCapableBeanFactory.java:1692)
	at org.springframework.beans.factory.support.AbstractAutowireCapableBeanFactory.initializeBean(AbstractAutowireCapableBeanFactory.java:1630)
	... 98 common frames omitted
Caused by: org.springframework.beans.factory.BeanCreationException: Error creating bean with name 'springLiquibase' defined in com.paascloud.PaasCloudUacApplication: Invocation of init method failed; nested exception is liquibase.exception.DatabaseException: com.mysql.jdbc.exceptions.jdbc4.CommunicationsException: Communications link failure

The last packet sent successfully to the server was 0 milliseconds ago. The driver has not received any packets from the server.
	at org.springframework.beans.factory.support.AbstractAutowireCapableBeanFactory.initializeBean(AbstractAutowireCapableBeanFactory.java:1634)
	at org.springframework.beans.factory.support.AbstractAutowireCapableBeanFactory.doCreateBean(AbstractAutowireCapableBeanFactory.java:555)
	at org.springframework.beans.factory.support.AbstractAutowireCapableBeanFactory.createBean(AbstractAutowireCapableBeanFactory.java:483)
	at org.springframework.beans.factory.support.AbstractBeanFactory$1.getObject(AbstractBeanFactory.java:312)
	at org.springframework.beans.factory.support.DefaultSingletonBeanRegistry.getSingleton(DefaultSingletonBeanRegistry.java:230)
	at org.springframework.beans.factory.support.AbstractBeanFactory.doGetBean(AbstractBeanFactory.java:308)
	at org.springframework.beans.factory.support.AbstractBeanFactory.getBean(AbstractBeanFactory.java:202)
	at org.springframework.beans.factory.config.DependencyDescriptor.resolveCandidate(DependencyDescriptor.java:208)
	at org.springframework.beans.factory.support.DefaultListableBeanFactory.addCandidateEntry(DefaultListableBeanFactory.java:1316)
	at org.springframework.beans.factory.support.DefaultListableBeanFactory.findAutowireCandidates(DefaultListableBeanFactory.java:1282)
	at org.springframework.beans.factory.support.DefaultListableBeanFactory.resolveMultipleBeans(DefaultListableBeanFactory.java:1205)
	at org.springframework.beans.factory.support.DefaultListableBeanFactory.doResolveDependency(DefaultListableBeanFactory.java:1096)
	at org.springframework.beans.factory.support.DefaultListableBeanFactory.resolveDependency(DefaultListableBeanFactory.java:1066)
	at org.springframework.beans.factory.support.ConstructorResolver.resolveAutowiredArgument(ConstructorResolver.java:835)
	at org.springframework.beans.factory.support.ConstructorResolver.createArgumentArray(ConstructorResolver.java:741)
	... 114 common frames omitted
Caused by: liquibase.exception.DatabaseException: com.mysql.jdbc.exceptions.jdbc4.CommunicationsException: Communications link failure

The last packet sent successfully to the server was 0 milliseconds ago. The driver has not received any packets from the server.
	at liquibase.integration.spring.SpringLiquibase.afterPropertiesSet(SpringLiquibase.java:390)
	at org.springframework.beans.factory.support.AbstractAutowireCapableBeanFactory.invokeInitMethods(AbstractAutowireCapableBeanFactory.java:1692)
	at org.springframework.beans.factory.support.AbstractAutowireCapableBeanFactory.initializeBean(AbstractAutowireCapableBeanFactory.java:1630)
	... 128 common frames omitted
Caused by: com.mysql.jdbc.exceptions.jdbc4.CommunicationsException: Communications link failure

The last packet sent successfully to the server was 0 milliseconds ago. The driver has not received any packets from the server.
	at sun.reflect.NativeConstructorAccessorImpl.newInstance0(Native Method)
	at sun.reflect.NativeConstructorAccessorImpl.newInstance(NativeConstructorAccessorImpl.java:62)
	at sun.reflect.DelegatingConstructorAccessorImpl.newInstance(DelegatingConstructorAccessorImpl.java:45)
	at java.lang.reflect.Constructor.newInstance(Constructor.java:422)
	at com.mysql.jdbc.Util.handleNewInstance(Util.java:404)
	at com.mysql.jdbc.SQLError.createCommunicationsException(SQLError.java:988)
	at com.mysql.jdbc.MysqlIO.<init>(MysqlIO.java:341)
	at com.mysql.jdbc.ConnectionImpl.coreConnect(ConnectionImpl.java:2251)
	at com.mysql.jdbc.ConnectionImpl.connectOneTryOnly(ConnectionImpl.java:2284)
	at com.mysql.jdbc.ConnectionImpl.createNewIO(ConnectionImpl.java:2083)
	at com.mysql.jdbc.ConnectionImpl.<init>(ConnectionImpl.java:806)
	at com.mysql.jdbc.JDBC4Connection.<init>(JDBC4Connection.java:47)
	at sun.reflect.NativeConstructorAccessorImpl.newInstance0(Native Method)
	at sun.reflect.NativeConstructorAccessorImpl.newInstance(NativeConstructorAccessorImpl.java:62)
	at sun.reflect.DelegatingConstructorAccessorImpl.newInstance(DelegatingConstructorAccessorImpl.java:45)
	at java.lang.reflect.Constructor.newInstance(Constructor.java:422)
	at com.mysql.jdbc.Util.handleNewInstance(Util.java:404)
	at com.mysql.jdbc.ConnectionImpl.getInstance(ConnectionImpl.java:410)
	at com.mysql.jdbc.NonRegisteringDriver.connect(NonRegisteringDriver.java:328)
	at com.alibaba.druid.filter.FilterChainImpl.connection_connect(FilterChainImpl.java:148)
	at com.alibaba.druid.filter.stat.StatFilter.connection_connect(StatFilter.java:220)
	at com.alibaba.druid.filter.FilterChainImpl.connection_connect(FilterChainImpl.java:142)
	at com.alibaba.druid.pool.DruidAbstractDataSource.createPhysicalConnection(DruidAbstractDataSource.java:1463)
	at com.alibaba.druid.pool.DruidAbstractDataSource.createPhysicalConnection(DruidAbstractDataSource.java:1525)
	at com.alibaba.druid.pool.DruidDataSource.init(DruidDataSource.java:734)
	at com.alibaba.druid.pool.DruidDataSource.getConnection(DruidDataSource.java:1060)
	at com.alibaba.druid.pool.DruidDataSource.getConnection(DruidDataSource.java:1056)
	at com.alibaba.druid.pool.DruidDataSource.getConnection(DruidDataSource.java:104)
	at liquibase.integration.spring.SpringLiquibase.afterPropertiesSet(SpringLiquibase.java:385)
	... 130 common frames omitted
Caused by: java.net.UnknownHostException: paascloud-db-mysql
	at java.net.Inet6AddressImpl.lookupAllHostAddr(Native Method)
	at java.net.InetAddress$2.lookupAllHostAddr(InetAddress.java:928)
	at java.net.InetAddress.getAddressesFromNameService(InetAddress.java:1323)
	at java.net.InetAddress.getAllByName0(InetAddress.java:1276)
	at java.net.InetAddress.getAllByName(InetAddress.java:1192)
	at java.net.InetAddress.getAllByName(InetAddress.java:1126)
	at com.mysql.jdbc.StandardSocketFactory.connect(StandardSocketFactory.java:188)
	at com.mysql.jdbc.MysqlIO.<init>(MysqlIO.java:300)
	... 152 common frames omitted

]]></system-out>
    <system-err><![CDATA[Exception in thread "AsyncReporter{RabbitMQSender{addresses=[paascloud-mq-rabbit:5672], queue=zipkin}}" java.lang.IllegalStateException: Unable to establish connection to RabbitMQ server
	at zipkin2.reporter.amqp.RabbitMQSender.get(RabbitMQSender.java:190)
	at zipkin2.reporter.amqp.AutoValue_RabbitMQSender.get(AutoValue_RabbitMQSender.java:27)
	at zipkin2.reporter.amqp.RabbitMQSender$1.initialValue(RabbitMQSender.java:211)
	at zipkin2.reporter.amqp.RabbitMQSender$1.initialValue(RabbitMQSender.java:208)
	at java.lang.ThreadLocal.setInitialValue(ThreadLocal.java:180)
	at java.lang.ThreadLocal.get(ThreadLocal.java:170)
	at zipkin2.reporter.amqp.RabbitMQSender$RabbitMQCall.publish(RabbitMQSender.java:231)
	at zipkin2.reporter.amqp.RabbitMQSender$RabbitMQCall.doExecute(RabbitMQSender.java:226)
	at zipkin2.reporter.amqp.RabbitMQSender$RabbitMQCall.doExecute(RabbitMQSender.java:218)
	at zipkin2.Call$Base.execute(Call.java:379)
	at zipkin2.reporter.AsyncReporter$BoundedAsyncReporter.flush(AsyncReporter.java:272)
	at zipkin2.reporter.AsyncReporter$Builder$1.run(AsyncReporter.java:179)
Caused by: java.net.UnknownHostException: paascloud-mq-rabbit
	at java.net.Inet6AddressImpl.lookupAllHostAddr(Native Method)
	at java.net.InetAddress$2.lookupAllHostAddr(InetAddress.java:928)
	at java.net.InetAddress.getAddressesFromNameService(InetAddress.java:1323)
	at java.net.InetAddress.getAllByName0(InetAddress.java:1276)
	at java.net.InetAddress.getAllByName(InetAddress.java:1192)
	at java.net.InetAddress.getAllByName(InetAddress.java:1126)
	at com.rabbitmq.client.DnsRecordIpAddressResolver.resolveIpAddresses(DnsRecordIpAddressResolver.java:83)
	at com.rabbitmq.client.DnsRecordIpAddressResolver.getAddresses(DnsRecordIpAddressResolver.java:73)
	at com.rabbitmq.client.ConnectionFactory.newConnection(ConnectionFactory.java:903)
	at com.rabbitmq.client.ConnectionFactory.newConnection(ConnectionFactory.java:859)
	at com.rabbitmq.client.ConnectionFactory.newConnection(ConnectionFactory.java:736)
	at zipkin2.reporter.amqp.RabbitMQSender.get(RabbitMQSender.java:188)
	... 11 more
]]></system-err>
  </testcase>
</testsuite>