<?xml version="1.0" encoding="UTF-8"?>
<testsuite name="IdTest" time="0" tests="0" errors="0" skipped="0" failures="0">
  <properties>
    <property name="java.runtime.name" value="Java(TM) SE Runtime Environment"/>
    <property name="sun.boot.library.path" value="C:\workSoftware\Java\jdk1.8.0_73\jre\bin"/>
    <property name="java.vm.version" value="25.73-b02"/>
    <property name="java.vm.vendor" value="Oracle Corporation"/>
    <property name="maven.multiModuleProjectDirectory" value="C:/workproject/study/Immortalbird"/>
    <property name="java.vendor.url" value="http://java.oracle.com/"/>
    <property name="path.separator" value=";"/>
    <property name="guice.disable.misplaced.annotation.check" value="true"/>
    <property name="java.vm.name" value="Java HotSpot(TM) 64-Bit Server VM"/>
    <property name="file.encoding.pkg" value="sun.io"/>
    <property name="user.script" value=""/>
    <property name="user.country" value="CN"/>
    <property name="sun.java.launcher" value="SUN_STANDARD"/>
    <property name="sun.os.patch.level" value=""/>
    <property name="java.vm.specification.name" value="Java Virtual Machine Specification"/>
    <property name="user.dir" value="C:\workproject\study\Immortalbird"/>
    <property name="java.runtime.version" value="1.8.0_73-b02"/>
    <property name="java.awt.graphicsenv" value="sun.awt.Win32GraphicsEnvironment"/>
    <property name="java.endorsed.dirs" value="C:\workSoftware\Java\jdk1.8.0_73\jre\lib\endorsed"/>
    <property name="os.arch" value="amd64"/>
    <property name="java.io.tmpdir" value="C:\Users\18771\AppData\Local\Temp\"/>
    <property name="line.separator" value="&#10;"/>
    <property name="java.vm.specification.vendor" value="Oracle Corporation"/>
    <property name="user.variant" value=""/>
    <property name="os.name" value="Windows 10"/>
    <property name="classworlds.conf" value="C:/workSoftware/maven/apache-maven-3.2.5/bin/m2.conf"/>
    <property name="sun.jnu.encoding" value="GBK"/>
    <property name="java.library.path" value="C:\workSoftware\Java\jdk1.8.0_73\bin;C:\WINDOWS\Sun\Java\bin;C:\WINDOWS\system32;C:\WINDOWS;C:\Users\18771\bin;C:\Program Files\Git\mingw64\bin;C:\Program Files\Git\usr\local\bin;C:\Program Files\Git\usr\bin;C:\Program Files\Git\usr\bin;C:\Program Files\Git\mingw64\bin;C:\Program Files\Git\usr\bin;C:\Users\18771\bin;C:\workSoftware\Anaconda3-5;C:\workSoftware\Anaconda3-5\Library\mingw-w64\bin;C:\workSoftware\Anaconda3-5\Library\usr\bin;C:\workSoftware\Anaconda3-5\Library\bin;C:\workSoftware\Anaconda3-5\Scripts;%PYTHON_HOME%;C:\ProgramData\Oracle\Java\javapath;C:\workSoftware\gradle\gradle-4.4\bin;C:\workSoftware\mysql\mysql-5.7.17-winx64\bin;C:\workSoftware\maven\apache-maven-3.2.5\bin;%CATALINA_HOME%\bin;C:\workSoftware\Java\jdk1.8.0_73\bin;C:\workSoftware\Java\jdk1.8.0_73\jre\bin;C:\WINDOWS\system32;C:\WINDOWS;C:\WINDOWS\System32\Wbem;C:\WINDOWS\System32\WindowsPowerShell\v1.0;C:\Program Files\Git\cmd;C:\Program Files\Git\mingw64\bin;C:\Program Files\Git\usr\bin;%CATALINA_HOME%\lib;C:\workSoftware\ant\apache-ant-1.10.5\bin;C:\WINDOWS\System32\OpenSSH;C:\Program Files\Pandoc;C:\Program Files\MIT\Kerberos\bin;C:\workSoftware\apache-groovy\groovy-2.5.5\bin;C:\workSoftware\grails\grails-3.3.9\bin;C:\Ruby22-x64\bin;C:\Users\18771\AppData\Local\Microsoft\WindowsApps;C:\workSoftware\docker\Docker Toolbox;C:\Program Files\Git\usr\bin\vendor_perl;C:\Program Files\Git\usr\bin\core_perl;."/>
    <property name="maven.conf" value="C:/workSoftware/maven/apache-maven-3.2.5/conf"/>
    <property name="java.specification.name" value="Java Platform API Specification"/>
    <property name="java.class.version" value="52.0"/>
    <property name="sun.management.compiler" value="HotSpot 64-Bit Tiered Compilers"/>
    <property name="os.version" value="10.0"/>
    <property name="library.jansi.path" value="C:/workSoftware/maven/apache-maven-3.2.5/lib/jansi-native"/>
    <property name="user.home" value="C:\Users\18771"/>
    <property name="user.timezone" value="Asia/Shanghai"/>
    <property name="java.awt.printerjob" value="sun.awt.windows.WPrinterJob"/>
    <property name="java.specification.version" value="1.8"/>
    <property name="file.encoding" value="GBK"/>
    <property name="user.name" value="18771"/>
    <property name="java.class.path" value="C:/workSoftware/maven/apache-maven-3.2.5/boot/plexus-classworlds-2.5.2.jar"/>
    <property name="java.vm.specification.version" value="1.8"/>
    <property name="sun.arch.data.model" value="64"/>
    <property name="java.home" value="C:\workSoftware\Java\jdk1.8.0_73\jre"/>
    <property name="sun.java.command" value="org.codehaus.plexus.classworlds.launcher.Launcher clean install -Daven.test.skip=true"/>
    <property name="java.specification.vendor" value="Oracle Corporation"/>
    <property name="user.language" value="zh"/>
    <property name="aven.test.skip" value="true"/>
    <property name="awt.toolkit" value="sun.awt.windows.WToolkit"/>
    <property name="java.vm.info" value="mixed mode"/>
    <property name="java.version" value="1.8.0_73"/>
    <property name="java.ext.dirs" value="C:\workSoftware\Java\jdk1.8.0_73\jre\lib\ext;C:\WINDOWS\Sun\Java\lib\ext"/>
    <property name="sun.boot.class.path" value="C:\workSoftware\Java\jdk1.8.0_73\jre\lib\resources.jar;C:\workSoftware\Java\jdk1.8.0_73\jre\lib\rt.jar;C:\workSoftware\Java\jdk1.8.0_73\jre\lib\sunrsasign.jar;C:\workSoftware\Java\jdk1.8.0_73\jre\lib\jsse.jar;C:\workSoftware\Java\jdk1.8.0_73\jre\lib\jce.jar;C:\workSoftware\Java\jdk1.8.0_73\jre\lib\charsets.jar;C:\workSoftware\Java\jdk1.8.0_73\jre\lib\jfr.jar;C:\workSoftware\Java\jdk1.8.0_73\jre\classes"/>
    <property name="sun.stderr.encoding" value="ms936"/>
    <property name="java.vendor" value="Oracle Corporation"/>
    <property name="maven.home" value="C:\workSoftware\maven\apache-maven-3.2.5"/>
    <property name="file.separator" value="\"/>
    <property name="java.vendor.url.bug" value="http://bugreport.sun.com/bugreport/"/>
    <property name="sun.cpu.endian" value="little"/>
    <property name="sun.io.unicode.encoding" value="UnicodeLittle"/>
    <property name="sun.stdout.encoding" value="ms936"/>
    <property name="sun.desktop" value="windows"/>
    <property name="sun.cpu.isalist" value="amd64"/>
  </properties>
</testsuite>